2023-10-31 10:58:22.446  INFO hp-HP-EliteDesk-800-G4-DM-35W-TAA --- [  restartedMain] c.r.ResumeBuilderBackendApplication      : Starting ResumeBuilderBackendApplication using Java 17.0.6 with PID 13615 (/home/hp/Documents/Resume Builder clone2/new/Resume%20Builder%20Backend/target/classes started by hp in /home/hp/Documents/Resume Builder clone2/new/Resume%20Builder%20Backend)
2023-10-31 10:58:22.447  INFO hp-HP-EliteDesk-800-G4-DM-35W-TAA --- [  restartedMain] c.r.ResumeBuilderBackendApplication      : No active profile set, falling back to 1 default profile: "default"
2023-10-31 10:58:22.640  INFO hp-HP-EliteDesk-800-G4-DM-35W-TAA --- [  restartedMain] .s.d.r.c.RepositoryConfigurationDelegate : Bootstrapping Spring Data JPA repositories in DEFAULT mode.
2023-10-31 10:58:22.680  INFO hp-HP-EliteDesk-800-G4-DM-35W-TAA --- [  restartedMain] .s.d.r.c.RepositoryConfigurationDelegate : Finished Spring Data repository scanning in 39 ms. Found 17 JPA repository interfaces.
2023-10-31 10:58:22.889  INFO hp-HP-EliteDesk-800-G4-DM-35W-TAA --- [  restartedMain] o.s.b.w.e.t.TomcatWebServer              : Tomcat initialized with port(s): 8082 (http)
2023-10-31 10:58:22.890  INFO hp-HP-EliteDesk-800-G4-DM-35W-TAA --- [  restartedMain] o.a.c.h.Http11NioProtocol                : Initializing ProtocolHandler ["http-nio-8082"]
2023-10-31 10:58:22.890  INFO hp-HP-EliteDesk-800-G4-DM-35W-TAA --- [  restartedMain] o.a.c.c.StandardService                  : Starting service [Tomcat]
2023-10-31 10:58:22.890  INFO hp-HP-EliteDesk-800-G4-DM-35W-TAA --- [  restartedMain] o.a.c.c.StandardEngine                   : Starting Servlet engine: [Apache Tomcat/10.1.13]
2023-10-31 10:58:22.906  INFO hp-HP-EliteDesk-800-G4-DM-35W-TAA --- [  restartedMain] o.a.c.c.C.[.[.[/]                        : Initializing Spring embedded WebApplicationContext
2023-10-31 10:58:22.906  INFO hp-HP-EliteDesk-800-G4-DM-35W-TAA --- [  restartedMain] w.s.c.ServletWebServerApplicationContext : Root WebApplicationContext: initialization completed in 457 ms
2023-10-31 10:58:22.981  INFO hp-HP-EliteDesk-800-G4-DM-35W-TAA --- [  restartedMain] o.h.j.i.u.LogHelper                      : HHH000204: Processing PersistenceUnitInfo [name: default]
2023-10-31 10:58:22.992  INFO hp-HP-EliteDesk-800-G4-DM-35W-TAA --- [  restartedMain] o.h.b.i.BytecodeProviderInitiator        : HHH000021: Bytecode provider name : bytebuddy
2023-10-31 10:58:22.992  INFO hp-HP-EliteDesk-800-G4-DM-35W-TAA --- [  restartedMain] o.s.o.j.p.SpringPersistenceUnitInfo      : No LoadTimeWeaver setup: ignoring JPA class transformer
2023-10-31 10:58:22.993  INFO hp-HP-EliteDesk-800-G4-DM-35W-TAA --- [  restartedMain] c.z.h.HikariDataSource                   : HikariPool-38 - Starting...
2023-10-31 10:58:22.993  WARN hp-HP-EliteDesk-800-G4-DM-35W-TAA --- [  restartedMain] c.z.h.u.DriverDataSource                 : Registered driver with driverClassName=com.mysql.jdbc.Driver was not found, trying direct instantiation.
2023-10-31 10:58:23.004  INFO hp-HP-EliteDesk-800-G4-DM-35W-TAA --- [  restartedMain] c.z.h.p.HikariPool                       : HikariPool-38 - Added connection com.mysql.cj.jdbc.ConnectionImpl@6887e434
2023-10-31 10:58:23.004  INFO hp-HP-EliteDesk-800-G4-DM-35W-TAA --- [  restartedMain] c.z.h.HikariDataSource                   : HikariPool-38 - Start completed.
2023-10-31 10:58:23.057  INFO hp-HP-EliteDesk-800-G4-DM-35W-TAA --- [  restartedMain] o.h.b.i.BytecodeProviderInitiator        : HHH000021: Bytecode provider name : bytebuddy
2023-10-31 10:58:23.281  INFO hp-HP-EliteDesk-800-G4-DM-35W-TAA --- [  restartedMain] o.h.e.t.j.p.i.JtaPlatformInitiator       : HHH000490: Using JtaPlatform implementation: [org.hibernate.engine.transaction.jta.platform.internal.NoJtaPlatform]
2023-10-31 10:58:23.332  INFO hp-HP-EliteDesk-800-G4-DM-35W-TAA --- [  restartedMain] j.LocalContainerEntityManagerFactoryBean : Initialized JPA EntityManagerFactory for persistence unit 'default'
2023-10-31 10:58:24.091  WARN hp-HP-EliteDesk-800-G4-DM-35W-TAA --- [  restartedMain] JpaBaseConfiguration$JpaWebConfiguration : spring.jpa.open-in-view is enabled by default. Therefore, database queries may be performed during view rendering. Explicitly configure spring.jpa.open-in-view to disable this warning
2023-10-31 10:58:24.253  INFO hp-HP-EliteDesk-800-G4-DM-35W-TAA --- [  restartedMain] o.s.s.w.DefaultSecurityFilterChain       : Will secure any request with [org.springframework.security.web.session.DisableEncodeUrlFilter@70289c94, org.springframework.security.web.context.request.async.WebAsyncManagerIntegrationFilter@631b3ce3, org.springframework.security.web.context.SecurityContextHolderFilter@49eed269, org.springframework.security.web.header.HeaderWriterFilter@773f7156, org.springframework.web.filter.CorsFilter@5713da2b, org.springframework.security.web.authentication.logout.LogoutFilter@cd3ee7c, com.resumebuilder.security.jwt.AuthTokenFilter@37d79ac7, org.springframework.security.web.savedrequest.RequestCacheAwareFilter@745f1197, org.springframework.security.web.servletapi.SecurityContextHolderAwareRequestFilter@78667b8b, org.springframework.security.web.authentication.AnonymousAuthenticationFilter@7ddd70d, org.springframework.security.web.session.SessionManagementFilter@42413fbd, org.springframework.security.web.access.ExceptionTranslationFilter@7a78fe95, org.springframework.security.web.access.intercept.AuthorizationFilter@4bfd0c71]
2023-10-31 10:58:24.452  INFO hp-HP-EliteDesk-800-G4-DM-35W-TAA --- [  restartedMain] o.s.b.d.a.OptionalLiveReloadServer       : LiveReload server is running on port 35729
2023-10-31 10:58:24.469  INFO hp-HP-EliteDesk-800-G4-DM-35W-TAA --- [  restartedMain] o.a.c.h.Http11NioProtocol                : Starting ProtocolHandler ["http-nio-8082"]
2023-10-31 10:58:24.480  INFO hp-HP-EliteDesk-800-G4-DM-35W-TAA --- [  restartedMain] o.s.b.w.e.t.TomcatWebServer              : Tomcat started on port(s): 8082 (http) with context path ''
2023-10-31 10:58:24.485  INFO hp-HP-EliteDesk-800-G4-DM-35W-TAA --- [  restartedMain] c.r.ResumeBuilderBackendApplication      : Started ResumeBuilderBackendApplication in 2.091 seconds (process running for 9107.776)
2023-10-31 10:58:24.487  INFO hp-HP-EliteDesk-800-G4-DM-35W-TAA --- [  restartedMain] .ConditionEvaluationDeltaLoggingListener : Condition evaluation unchanged
2023-10-31 10:58:24.488  INFO hp-HP-EliteDesk-800-G4-DM-35W-TAA --- [  restartedMain] c.r.ResumeBuilderBackendApplication      : Project started...
2023-10-31 10:58:25.912  INFO hp-HP-EliteDesk-800-G4-DM-35W-TAA --- [(158)-127.0.0.1] inMXBeanRegistrar$SpringApplicationAdmin : Application shutdown requested.
2023-10-31 10:58:25.915  INFO hp-HP-EliteDesk-800-G4-DM-35W-TAA --- [(158)-127.0.0.1] o.a.c.h.Http11NioProtocol                : Pausing ProtocolHandler ["http-nio-8082"]
2023-10-31 10:58:25.916  INFO hp-HP-EliteDesk-800-G4-DM-35W-TAA --- [(158)-127.0.0.1] o.a.c.c.StandardService                  : Stopping service [Tomcat]
2023-10-31 10:58:25.920  WARN hp-HP-EliteDesk-800-G4-DM-35W-TAA --- [(158)-127.0.0.1] o.a.c.l.WebappClassLoaderBase            : The web application [ROOT] appears to have started a thread named [HikariPool-38 housekeeper] but has failed to stop it. This is very likely to create a memory leak. Stack trace of thread:
 java.base@17.0.6/jdk.internal.misc.Unsafe.park(Native Method)
 java.base@17.0.6/java.util.concurrent.locks.LockSupport.parkNanos(LockSupport.java:252)
 java.base@17.0.6/java.util.concurrent.locks.AbstractQueuedSynchronizer$ConditionObject.awaitNanos(AbstractQueuedSynchronizer.java:1672)
 java.base@17.0.6/java.util.concurrent.ScheduledThreadPoolExecutor$DelayedWorkQueue.take(ScheduledThreadPoolExecutor.java:1182)
 java.base@17.0.6/java.util.concurrent.ScheduledThreadPoolExecutor$DelayedWorkQueue.take(ScheduledThreadPoolExecutor.java:899)
 java.base@17.0.6/java.util.concurrent.ThreadPoolExecutor.getTask(ThreadPoolExecutor.java:1062)
 java.base@17.0.6/java.util.concurrent.ThreadPoolExecutor.runWorker(ThreadPoolExecutor.java:1122)
 java.base@17.0.6/java.util.concurrent.ThreadPoolExecutor$Worker.run(ThreadPoolExecutor.java:635)
 java.base@17.0.6/java.lang.Thread.run(Thread.java:833)
2023-10-31 10:58:25.921  WARN hp-HP-EliteDesk-800-G4-DM-35W-TAA --- [(158)-127.0.0.1] o.a.c.l.WebappClassLoaderBase            : The web application [ROOT] appears to have started a thread named [HikariPool-38 connection adder] but has failed to stop it. This is very likely to create a memory leak. Stack trace of thread:
 java.base@17.0.6/jdk.internal.misc.Unsafe.park(Native Method)
 java.base@17.0.6/java.util.concurrent.locks.LockSupport.parkNanos(LockSupport.java:252)
 java.base@17.0.6/java.util.concurrent.locks.AbstractQueuedSynchronizer$ConditionObject.awaitNanos(AbstractQueuedSynchronizer.java:1672)
 java.base@17.0.6/java.util.concurrent.LinkedBlockingQueue.poll(LinkedBlockingQueue.java:460)
 java.base@17.0.6/java.util.concurrent.ThreadPoolExecutor.getTask(ThreadPoolExecutor.java:1061)
 java.base@17.0.6/java.util.concurrent.ThreadPoolExecutor.runWorker(ThreadPoolExecutor.java:1122)
 java.base@17.0.6/java.util.concurrent.ThreadPoolExecutor$Worker.run(ThreadPoolExecutor.java:635)
 java.base@17.0.6/java.lang.Thread.run(Thread.java:833)
2023-10-31 10:58:25.922  INFO hp-HP-EliteDesk-800-G4-DM-35W-TAA --- [(158)-127.0.0.1] o.a.c.h.Http11NioProtocol                : Stopping ProtocolHandler ["http-nio-8082"]
2023-10-31 10:58:25.924  INFO hp-HP-EliteDesk-800-G4-DM-35W-TAA --- [(158)-127.0.0.1] o.a.c.h.Http11NioProtocol                : Destroying ProtocolHandler ["http-nio-8082"]
2023-10-31 10:58:25.929  INFO hp-HP-EliteDesk-800-G4-DM-35W-TAA --- [(158)-127.0.0.1] j.LocalContainerEntityManagerFactoryBean : Closing JPA EntityManagerFactory for persistence unit 'default'
2023-10-31 10:58:25.931  INFO hp-HP-EliteDesk-800-G4-DM-35W-TAA --- [(158)-127.0.0.1] c.z.h.HikariDataSource                   : HikariPool-38 - Shutdown initiated...
2023-10-31 10:58:25.936  INFO hp-HP-EliteDesk-800-G4-DM-35W-TAA --- [(158)-127.0.0.1] c.z.h.HikariDataSource                   : HikariPool-38 - Shutdown completed.
