2023-10-20 09:22:38.955  INFO dell-OptiPlex-3060 --- [kground-preinit] o.h.v.i.u.Version                        : HV000001: Hibernate Validator 8.0.1.Final
2023-10-20 09:22:39.204  INFO dell-OptiPlex-3060 --- [  restartedMain] c.r.ResumeBuilderBackendApplication      : Starting ResumeBuilderBackendApplication using Java 17.0.7 with PID 4881 (/home/dell/Myworks/Resume_Builder/Resume Builder App/Resume%20Builder%20Backend/target/classes started by dell in /home/dell/Myworks/Resume_Builder/Resume Builder App/Resume%20Builder%20Backend)
2023-10-20 09:22:39.230  INFO dell-OptiPlex-3060 --- [  restartedMain] c.r.ResumeBuilderBackendApplication      : No active profile set, falling back to 1 default profile: "default"
2023-10-20 09:22:39.547  INFO dell-OptiPlex-3060 --- [  restartedMain] o.s.b.d.r.ChangeableUrls                 : The Class-Path manifest attribute in /home/dell/.m2/repository/xalan/xalan/2.7.2/xalan-2.7.2.jar referenced one or more files that do not exist: file:/home/dell/.m2/repository/xalan/xalan/2.7.2/xercesImpl.jar,file:/home/dell/.m2/repository/xalan/xalan/2.7.2/xml-apis.jar,file:/home/dell/.m2/repository/xalan/xalan/2.7.2/serializer.jar
2023-10-20 09:22:39.549  INFO dell-OptiPlex-3060 --- [  restartedMain] o.s.b.d.r.ChangeableUrls                 : The Class-Path manifest attribute in /home/dell/.m2/repository/xalan/serializer/2.7.2/serializer-2.7.2.jar referenced one or more files that do not exist: file:/home/dell/.m2/repository/xalan/serializer/2.7.2/xml-apis.jar
2023-10-20 09:22:39.549  INFO dell-OptiPlex-3060 --- [  restartedMain] o.s.b.d.r.ChangeableUrls                 : The Class-Path manifest attribute in /home/dell/.m2/repository/org/apache/xmlgraphics/batik-rasterizer-ext/1.13/batik-rasterizer-ext-1.13.jar referenced one or more files that do not exist: file:/home/dell/.m2/repository/org/apache/xmlgraphics/batik-rasterizer-ext/1.13/batik-shared-resources-1.13.jar,file:/home/dell/.m2/repository/org/apache/xmlgraphics/batik-rasterizer-ext/1.13/batik-svgrasterizer-1.13.jar,file:/home/dell/.m2/repository/org/apache/xmlgraphics/batik-rasterizer-ext/1.13/batik-parser-1.13.jar,file:/home/dell/.m2/repository/org/apache/xmlgraphics/batik-rasterizer-ext/1.13/batik-xml-1.13.jar,file:/home/dell/.m2/repository/org/apache/xmlgraphics/batik-rasterizer-ext/1.13/batik-transcoder-1.13.jar,file:/home/dell/.m2/repository/org/apache/xmlgraphics/batik-rasterizer-ext/1.13/batik-svggen-1.13.jar,file:/home/dell/.m2/repository/org/apache/xmlgraphics/batik-rasterizer-ext/1.13/batik-util-1.13.jar,file:/home/dell/.m2/repository/org/apache/xmlgraphics/batik-rasterizer-ext/1.13/batik-constants-1.13.jar,file:/home/dell/.m2/repository/org/apache/xmlgraphics/batik-rasterizer-ext/1.13/batik-i18n-1.13.jar,file:/home/dell/.m2/repository/org/apache/xmlgraphics/batik-rasterizer-ext/1.13/batik-codec-1.13.jar,file:/home/dell/.m2/repository/org/apache/xmlgraphics/batik-rasterizer-ext/1.13/batik-extension-1.13.jar,file:/home/dell/.m2/repository/org/apache/xmlgraphics/batik-rasterizer-ext/1.13/batik-anim-1.13.jar,file:/home/dell/.m2/repository/org/apache/xmlgraphics/batik-rasterizer-ext/1.13/batik-awt-util-1.13.jar,file:/home/dell/.m2/repository/org/apache/xmlgraphics/batik-rasterizer-ext/1.13/xmlgraphics-commons-2.4.jar,file:/home/dell/.m2/repository/org/apache/xmlgraphics/batik-rasterizer-ext/1.13/commons-io-1.3.2.jar,file:/home/dell/.m2/repository/org/apache/xmlgraphics/batik-rasterizer-ext/1.13/commons-logging-1.2.jar,file:/home/dell/.m2/repository/org/apache/xmlgraphics/batik-rasterizer-ext/1.13/batik-bridge-1.13.jar,file:/home/dell/.m2/repository/org/apache/xmlgraphics/batik-rasterizer-ext/1.13/batik-script-1.13.jar,file:/home/dell/.m2/repository/org/apache/xmlgraphics/batik-rasterizer-ext/1.13/batik-css-1.13.jar,file:/home/dell/.m2/repository/org/apache/xmlgraphics/batik-rasterizer-ext/1.13/batik-dom-1.13.jar,file:/home/dell/.m2/repository/org/apache/xmlgraphics/batik-rasterizer-ext/1.13/xalan-2.7.2.jar,file:/home/dell/.m2/repository/org/apache/xmlgraphics/batik-rasterizer-ext/1.13/serializer-2.7.2.jar,file:/home/dell/.m2/repository/org/apache/xmlgraphics/batik-rasterizer-ext/1.13/xml-apis-1.4.01.jar,file:/home/dell/.m2/repository/org/apache/xmlgraphics/batik-rasterizer-ext/1.13/batik-ext-1.13.jar,file:/home/dell/.m2/repository/org/apache/xmlgraphics/batik-rasterizer-ext/1.13/batik-gvt-1.13.jar,file:/home/dell/.m2/repository/org/apache/xmlgraphics/batik-rasterizer-ext/1.13/batik-svg-dom-1.13.jar,file:/home/dell/.m2/repository/org/apache/xmlgraphics/batik-rasterizer-ext/1.13/xml-apis-ext-1.3.04.jar
2023-10-20 09:22:39.559  INFO dell-OptiPlex-3060 --- [  restartedMain] o.s.b.d.r.ChangeableUrls                 : The Class-Path manifest attribute in /home/dell/.m2/repository/org/apache/xmlgraphics/batik-rasterizer/1.13/batik-rasterizer-1.13.jar referenced one or more files that do not exist: file:/home/dell/.m2/repository/org/apache/xmlgraphics/batik-rasterizer/1.13/lib/batik-shared-resources-1.13.jar,file:/home/dell/.m2/repository/org/apache/xmlgraphics/batik-rasterizer/1.13/lib/batik-svgrasterizer-1.13.jar,file:/home/dell/.m2/repository/org/apache/xmlgraphics/batik-rasterizer/1.13/lib/batik-parser-1.13.jar,file:/home/dell/.m2/repository/org/apache/xmlgraphics/batik-rasterizer/1.13/lib/batik-awt-util-1.13.jar,file:/home/dell/.m2/repository/org/apache/xmlgraphics/batik-rasterizer/1.13/lib/xmlgraphics-commons-2.4.jar,file:/home/dell/.m2/repository/org/apache/xmlgraphics/batik-rasterizer/1.13/lib/commons-io-1.3.2.jar,file:/home/dell/.m2/repository/org/apache/xmlgraphics/batik-rasterizer/1.13/lib/commons-logging-1.2.jar,file:/home/dell/.m2/repository/org/apache/xmlgraphics/batik-rasterizer/1.13/lib/batik-xml-1.13.jar,file:/home/dell/.m2/repository/org/apache/xmlgraphics/batik-rasterizer/1.13/lib/xml-apis-ext-1.3.04.jar,file:/home/dell/.m2/repository/org/apache/xmlgraphics/batik-rasterizer/1.13/lib/batik-transcoder-1.13.jar,file:/home/dell/.m2/repository/org/apache/xmlgraphics/batik-rasterizer/1.13/lib/batik-anim-1.13.jar,file:/home/dell/.m2/repository/org/apache/xmlgraphics/batik-rasterizer/1.13/lib/batik-css-1.13.jar,file:/home/dell/.m2/repository/org/apache/xmlgraphics/batik-rasterizer/1.13/lib/batik-ext-1.13.jar,file:/home/dell/.m2/repository/org/apache/xmlgraphics/batik-rasterizer/1.13/lib/batik-svg-dom-1.13.jar,file:/home/dell/.m2/repository/org/apache/xmlgraphics/batik-rasterizer/1.13/lib/batik-bridge-1.13.jar,file:/home/dell/.m2/repository/org/apache/xmlgraphics/batik-rasterizer/1.13/lib/batik-script-1.13.jar,file:/home/dell/.m2/repository/org/apache/xmlgraphics/batik-rasterizer/1.13/lib/batik-dom-1.13.jar,file:/home/dell/.m2/repository/org/apache/xmlgraphics/batik-rasterizer/1.13/lib/xalan-2.7.2.jar,file:/home/dell/.m2/repository/org/apache/xmlgraphics/batik-rasterizer/1.13/lib/serializer-2.7.2.jar,file:/home/dell/.m2/repository/org/apache/xmlgraphics/batik-rasterizer/1.13/lib/xml-apis-1.4.01.jar,file:/home/dell/.m2/repository/org/apache/xmlgraphics/batik-rasterizer/1.13/lib/batik-gvt-1.13.jar,file:/home/dell/.m2/repository/org/apache/xmlgraphics/batik-rasterizer/1.13/lib/batik-svggen-1.13.jar,file:/home/dell/.m2/repository/org/apache/xmlgraphics/batik-rasterizer/1.13/lib/batik-util-1.13.jar,file:/home/dell/.m2/repository/org/apache/xmlgraphics/batik-rasterizer/1.13/lib/batik-constants-1.13.jar,file:/home/dell/.m2/repository/org/apache/xmlgraphics/batik-rasterizer/1.13/lib/batik-i18n-1.13.jar,file:/home/dell/.m2/repository/org/apache/xmlgraphics/batik-rasterizer/1.13/lib/batik-codec-1.13.jar,file:/home/dell/.m2/repository/org/apache/xmlgraphics/batik-rasterizer/1.13/lib/fop-transcoder-allinone-2.5.jar
2023-10-20 09:22:39.562  INFO dell-OptiPlex-3060 --- [  restartedMain] o.s.b.d.r.ChangeableUrls                 : The Class-Path manifest attribute in /home/dell/.m2/repository/org/apache/xmlgraphics/batik-slideshow/1.13/batik-slideshow-1.13.jar referenced one or more files that do not exist: file:/home/dell/.m2/repository/org/apache/xmlgraphics/batik-slideshow/1.13/lib/batik-bridge-1.13.jar,file:/home/dell/.m2/repository/org/apache/xmlgraphics/batik-slideshow/1.13/lib/batik-anim-1.13.jar,file:/home/dell/.m2/repository/org/apache/xmlgraphics/batik-slideshow/1.13/lib/batik-ext-1.13.jar,file:/home/dell/.m2/repository/org/apache/xmlgraphics/batik-slideshow/1.13/lib/batik-awt-util-1.13.jar,file:/home/dell/.m2/repository/org/apache/xmlgraphics/batik-slideshow/1.13/lib/batik-css-1.13.jar,file:/home/dell/.m2/repository/org/apache/xmlgraphics/batik-slideshow/1.13/lib/batik-dom-1.13.jar,file:/home/dell/.m2/repository/org/apache/xmlgraphics/batik-slideshow/1.13/lib/xalan-2.7.2.jar,file:/home/dell/.m2/repository/org/apache/xmlgraphics/batik-slideshow/1.13/lib/serializer-2.7.2.jar,file:/home/dell/.m2/repository/org/apache/xmlgraphics/batik-slideshow/1.13/lib/xml-apis-1.4.01.jar,file:/home/dell/.m2/repository/org/apache/xmlgraphics/batik-slideshow/1.13/lib/batik-parser-1.13.jar,file:/home/dell/.m2/repository/org/apache/xmlgraphics/batik-slideshow/1.13/lib/batik-script-1.13.jar,file:/home/dell/.m2/repository/org/apache/xmlgraphics/batik-slideshow/1.13/lib/batik-svg-dom-1.13.jar,file:/home/dell/.m2/repository/org/apache/xmlgraphics/batik-slideshow/1.13/lib/batik-util-1.13.jar,file:/home/dell/.m2/repository/org/apache/xmlgraphics/batik-slideshow/1.13/lib/batik-constants-1.13.jar,file:/home/dell/.m2/repository/org/apache/xmlgraphics/batik-slideshow/1.13/lib/batik-i18n-1.13.jar,file:/home/dell/.m2/repository/org/apache/xmlgraphics/batik-slideshow/1.13/lib/batik-xml-1.13.jar,file:/home/dell/.m2/repository/org/apache/xmlgraphics/batik-slideshow/1.13/lib/xmlgraphics-commons-2.4.jar,file:/home/dell/.m2/repository/org/apache/xmlgraphics/batik-slideshow/1.13/lib/commons-io-1.3.2.jar,file:/home/dell/.m2/repository/org/apache/xmlgraphics/batik-slideshow/1.13/lib/commons-logging-1.2.jar,file:/home/dell/.m2/repository/org/apache/xmlgraphics/batik-slideshow/1.13/lib/batik-gvt-1.13.jar,file:/home/dell/.m2/repository/org/apache/xmlgraphics/batik-slideshow/1.13/lib/batik-shared-resources-1.13.jar,file:/home/dell/.m2/repository/org/apache/xmlgraphics/batik-slideshow/1.13/lib/xml-apis-ext-1.3.04.jar
2023-10-20 09:22:39.564  INFO dell-OptiPlex-3060 --- [  restartedMain] o.s.b.d.r.ChangeableUrls                 : The Class-Path manifest attribute in /home/dell/.m2/repository/org/apache/xmlgraphics/batik-squiggle-ext/1.13/batik-squiggle-ext-1.13.jar referenced one or more files that do not exist: file:/home/dell/.m2/repository/org/apache/xmlgraphics/batik-squiggle-ext/1.13/batik-shared-resources-1.13.jar,file:/home/dell/.m2/repository/org/apache/xmlgraphics/batik-squiggle-ext/1.13/batik-svgbrowser-1.13.jar,file:/home/dell/.m2/repository/org/apache/xmlgraphics/batik-squiggle-ext/1.13/batik-anim-1.13.jar,file:/home/dell/.m2/repository/org/apache/xmlgraphics/batik-squiggle-ext/1.13/batik-bridge-1.13.jar,file:/home/dell/.m2/repository/org/apache/xmlgraphics/batik-squiggle-ext/1.13/batik-script-1.13.jar,file:/home/dell/.m2/repository/org/apache/xmlgraphics/batik-squiggle-ext/1.13/xmlgraphics-commons-2.4.jar,file:/home/dell/.m2/repository/org/apache/xmlgraphics/batik-squiggle-ext/1.13/commons-io-1.3.2.jar,file:/home/dell/.m2/repository/org/apache/xmlgraphics/batik-squiggle-ext/1.13/commons-logging-1.2.jar,file:/home/dell/.m2/repository/org/apache/xmlgraphics/batik-squiggle-ext/1.13/batik-dom-1.13.jar,file:/home/dell/.m2/repository/org/apache/xmlgraphics/batik-squiggle-ext/1.13/xalan-2.7.2.jar,file:/home/dell/.m2/repository/org/apache/xmlgraphics/batik-squiggle-ext/1.13/serializer-2.7.2.jar,file:/home/dell/.m2/repository/org/apache/xmlgraphics/batik-squiggle-ext/1.13/xml-apis-1.4.01.jar,file:/home/dell/.m2/repository/org/apache/xmlgraphics/batik-squiggle-ext/1.13/batik-gvt-1.13.jar,file:/home/dell/.m2/repository/org/apache/xmlgraphics/batik-squiggle-ext/1.13/batik-swing-1.13.jar,file:/home/dell/.m2/repository/org/apache/xmlgraphics/batik-squiggle-ext/1.13/batik-gui-util-1.13.jar,file:/home/dell/.m2/repository/org/apache/xmlgraphics/batik-squiggle-ext/1.13/batik-transcoder-1.13.jar,file:/home/dell/.m2/repository/org/apache/xmlgraphics/batik-squiggle-ext/1.13/batik-svggen-1.13.jar,file:/home/dell/.m2/repository/org/apache/xmlgraphics/batik-squiggle-ext/1.13/batik-util-1.13.jar,file:/home/dell/.m2/repository/org/apache/xmlgraphics/batik-squiggle-ext/1.13/batik-constants-1.13.jar,file:/home/dell/.m2/repository/org/apache/xmlgraphics/batik-squiggle-ext/1.13/batik-i18n-1.13.jar,file:/home/dell/.m2/repository/org/apache/xmlgraphics/batik-squiggle-ext/1.13/batik-xml-1.13.jar,file:/home/dell/.m2/repository/org/apache/xmlgraphics/batik-squiggle-ext/1.13/xml-apis-ext-1.3.04.jar,file:/home/dell/.m2/repository/org/apache/xmlgraphics/batik-squiggle-ext/1.13/batik-extension-1.13.jar,file:/home/dell/.m2/repository/org/apache/xmlgraphics/batik-squiggle-ext/1.13/batik-awt-util-1.13.jar,file:/home/dell/.m2/repository/org/apache/xmlgraphics/batik-squiggle-ext/1.13/batik-css-1.13.jar,file:/home/dell/.m2/repository/org/apache/xmlgraphics/batik-squiggle-ext/1.13/batik-ext-1.13.jar,file:/home/dell/.m2/repository/org/apache/xmlgraphics/batik-squiggle-ext/1.13/batik-parser-1.13.jar,file:/home/dell/.m2/repository/org/apache/xmlgraphics/batik-squiggle-ext/1.13/batik-svg-dom-1.13.jar
2023-10-20 09:22:39.571  INFO dell-OptiPlex-3060 --- [  restartedMain] o.s.b.d.r.ChangeableUrls                 : The Class-Path manifest attribute in /home/dell/.m2/repository/org/apache/xmlgraphics/batik-squiggle/1.13/batik-squiggle-1.13.jar referenced one or more files that do not exist: file:/home/dell/.m2/repository/org/apache/xmlgraphics/batik-squiggle/1.13/lib/batik-shared-resources-1.13.jar,file:/home/dell/.m2/repository/org/apache/xmlgraphics/batik-squiggle/1.13/lib/batik-svgbrowser-1.13.jar,file:/home/dell/.m2/repository/org/apache/xmlgraphics/batik-squiggle/1.13/lib/batik-anim-1.13.jar,file:/home/dell/.m2/repository/org/apache/xmlgraphics/batik-squiggle/1.13/lib/batik-awt-util-1.13.jar,file:/home/dell/.m2/repository/org/apache/xmlgraphics/batik-squiggle/1.13/lib/batik-css-1.13.jar,file:/home/dell/.m2/repository/org/apache/xmlgraphics/batik-squiggle/1.13/lib/batik-ext-1.13.jar,file:/home/dell/.m2/repository/org/apache/xmlgraphics/batik-squiggle/1.13/lib/batik-parser-1.13.jar,file:/home/dell/.m2/repository/org/apache/xmlgraphics/batik-squiggle/1.13/lib/batik-svg-dom-1.13.jar,file:/home/dell/.m2/repository/org/apache/xmlgraphics/batik-squiggle/1.13/lib/batik-bridge-1.13.jar,file:/home/dell/.m2/repository/org/apache/xmlgraphics/batik-squiggle/1.13/lib/batik-script-1.13.jar,file:/home/dell/.m2/repository/org/apache/xmlgraphics/batik-squiggle/1.13/lib/xmlgraphics-commons-2.4.jar,file:/home/dell/.m2/repository/org/apache/xmlgraphics/batik-squiggle/1.13/lib/commons-io-1.3.2.jar,file:/home/dell/.m2/repository/org/apache/xmlgraphics/batik-squiggle/1.13/lib/commons-logging-1.2.jar,file:/home/dell/.m2/repository/org/apache/xmlgraphics/batik-squiggle/1.13/lib/batik-dom-1.13.jar,file:/home/dell/.m2/repository/org/apache/xmlgraphics/batik-squiggle/1.13/lib/xalan-2.7.2.jar,file:/home/dell/.m2/repository/org/apache/xmlgraphics/batik-squiggle/1.13/lib/serializer-2.7.2.jar,file:/home/dell/.m2/repository/org/apache/xmlgraphics/batik-squiggle/1.13/lib/xml-apis-1.4.01.jar,file:/home/dell/.m2/repository/org/apache/xmlgraphics/batik-squiggle/1.13/lib/batik-gvt-1.13.jar,file:/home/dell/.m2/repository/org/apache/xmlgraphics/batik-squiggle/1.13/lib/batik-swing-1.13.jar,file:/home/dell/.m2/repository/org/apache/xmlgraphics/batik-squiggle/1.13/lib/batik-gui-util-1.13.jar,file:/home/dell/.m2/repository/org/apache/xmlgraphics/batik-squiggle/1.13/lib/batik-transcoder-1.13.jar,file:/home/dell/.m2/repository/org/apache/xmlgraphics/batik-squiggle/1.13/lib/batik-svggen-1.13.jar,file:/home/dell/.m2/repository/org/apache/xmlgraphics/batik-squiggle/1.13/lib/batik-util-1.13.jar,file:/home/dell/.m2/repository/org/apache/xmlgraphics/batik-squiggle/1.13/lib/batik-constants-1.13.jar,file:/home/dell/.m2/repository/org/apache/xmlgraphics/batik-squiggle/1.13/lib/batik-i18n-1.13.jar,file:/home/dell/.m2/repository/org/apache/xmlgraphics/batik-squiggle/1.13/lib/batik-xml-1.13.jar,file:/home/dell/.m2/repository/org/apache/xmlgraphics/batik-squiggle/1.13/lib/xml-apis-ext-1.3.04.jar
2023-10-20 09:22:39.573  INFO dell-OptiPlex-3060 --- [  restartedMain] o.s.b.d.r.ChangeableUrls                 : The Class-Path manifest attribute in /home/dell/.m2/repository/org/apache/xmlgraphics/batik-svgpp/1.13/batik-svgpp-1.13.jar referenced one or more files that do not exist: file:/home/dell/.m2/repository/org/apache/xmlgraphics/batik-svgpp/1.13/lib/batik-shared-resources-1.13.jar,file:/home/dell/.m2/repository/org/apache/xmlgraphics/batik-svgpp/1.13/lib/batik-transcoder-1.13.jar,file:/home/dell/.m2/repository/org/apache/xmlgraphics/batik-svgpp/1.13/lib/batik-anim-1.13.jar,file:/home/dell/.m2/repository/org/apache/xmlgraphics/batik-svgpp/1.13/lib/batik-css-1.13.jar,file:/home/dell/.m2/repository/org/apache/xmlgraphics/batik-svgpp/1.13/lib/batik-ext-1.13.jar,file:/home/dell/.m2/repository/org/apache/xmlgraphics/batik-svgpp/1.13/lib/batik-parser-1.13.jar,file:/home/dell/.m2/repository/org/apache/xmlgraphics/batik-svgpp/1.13/lib/batik-svg-dom-1.13.jar,file:/home/dell/.m2/repository/org/apache/xmlgraphics/batik-svgpp/1.13/lib/batik-awt-util-1.13.jar,file:/home/dell/.m2/repository/org/apache/xmlgraphics/batik-svgpp/1.13/lib/xmlgraphics-commons-2.4.jar,file:/home/dell/.m2/repository/org/apache/xmlgraphics/batik-svgpp/1.13/lib/commons-io-1.3.2.jar,file:/home/dell/.m2/repository/org/apache/xmlgraphics/batik-svgpp/1.13/lib/commons-logging-1.2.jar,file:/home/dell/.m2/repository/org/apache/xmlgraphics/batik-svgpp/1.13/lib/batik-bridge-1.13.jar,file:/home/dell/.m2/repository/org/apache/xmlgraphics/batik-svgpp/1.13/lib/batik-script-1.13.jar,file:/home/dell/.m2/repository/org/apache/xmlgraphics/batik-svgpp/1.13/lib/batik-dom-1.13.jar,file:/home/dell/.m2/repository/org/apache/xmlgraphics/batik-svgpp/1.13/lib/xalan-2.7.2.jar,file:/home/dell/.m2/repository/org/apache/xmlgraphics/batik-svgpp/1.13/lib/serializer-2.7.2.jar,file:/home/dell/.m2/repository/org/apache/xmlgraphics/batik-svgpp/1.13/lib/xml-apis-1.4.01.jar,file:/home/dell/.m2/repository/org/apache/xmlgraphics/batik-svgpp/1.13/lib/batik-gvt-1.13.jar,file:/home/dell/.m2/repository/org/apache/xmlgraphics/batik-svgpp/1.13/lib/batik-svggen-1.13.jar,file:/home/dell/.m2/repository/org/apache/xmlgraphics/batik-svgpp/1.13/lib/batik-xml-1.13.jar,file:/home/dell/.m2/repository/org/apache/xmlgraphics/batik-svgpp/1.13/lib/xml-apis-ext-1.3.04.jar,file:/home/dell/.m2/repository/org/apache/xmlgraphics/batik-svgpp/1.13/lib/batik-util-1.13.jar,file:/home/dell/.m2/repository/org/apache/xmlgraphics/batik-svgpp/1.13/lib/batik-constants-1.13.jar,file:/home/dell/.m2/repository/org/apache/xmlgraphics/batik-svgpp/1.13/lib/batik-i18n-1.13.jar
2023-10-20 09:22:39.574  INFO dell-OptiPlex-3060 --- [  restartedMain] o.s.b.d.r.ChangeableUrls                 : The Class-Path manifest attribute in /home/dell/.m2/repository/org/apache/xmlgraphics/batik-ttf2svg/1.13/batik-ttf2svg-1.13.jar referenced one or more files that do not exist: file:/home/dell/.m2/repository/org/apache/xmlgraphics/batik-ttf2svg/1.13/lib/batik-shared-resources-1.13.jar,file:/home/dell/.m2/repository/org/apache/xmlgraphics/batik-ttf2svg/1.13/lib/batik-svggen-1.13.jar,file:/home/dell/.m2/repository/org/apache/xmlgraphics/batik-ttf2svg/1.13/lib/batik-awt-util-1.13.jar,file:/home/dell/.m2/repository/org/apache/xmlgraphics/batik-ttf2svg/1.13/lib/xmlgraphics-commons-2.4.jar,file:/home/dell/.m2/repository/org/apache/xmlgraphics/batik-ttf2svg/1.13/lib/commons-io-1.3.2.jar,file:/home/dell/.m2/repository/org/apache/xmlgraphics/batik-ttf2svg/1.13/lib/commons-logging-1.2.jar,file:/home/dell/.m2/repository/org/apache/xmlgraphics/batik-ttf2svg/1.13/lib/batik-util-1.13.jar,file:/home/dell/.m2/repository/org/apache/xmlgraphics/batik-ttf2svg/1.13/lib/batik-constants-1.13.jar,file:/home/dell/.m2/repository/org/apache/xmlgraphics/batik-ttf2svg/1.13/lib/batik-i18n-1.13.jar
2023-10-20 09:22:39.578  INFO dell-OptiPlex-3060 --- [  restartedMain] .e.DevToolsPropertyDefaultsPostProcessor : Devtools property defaults active! Set 'spring.devtools.add-properties' to 'false' to disable
2023-10-20 09:22:39.578  INFO dell-OptiPlex-3060 --- [  restartedMain] .e.DevToolsPropertyDefaultsPostProcessor : For additional web related logging consider setting the 'logging.level.web' property to 'DEBUG'
2023-10-20 09:22:41.689  INFO dell-OptiPlex-3060 --- [  restartedMain] .s.d.r.c.RepositoryConfigurationDelegate : Bootstrapping Spring Data JPA repositories in DEFAULT mode.
2023-10-20 09:22:41.883  INFO dell-OptiPlex-3060 --- [  restartedMain] .s.d.r.c.RepositoryConfigurationDelegate : Finished Spring Data repository scanning in 181 ms. Found 9 JPA repository interfaces.
2023-10-20 09:22:43.148  INFO dell-OptiPlex-3060 --- [  restartedMain] o.s.b.w.e.t.TomcatWebServer              : Tomcat initialized with port(s): 8082 (http)
2023-10-20 09:22:43.162  INFO dell-OptiPlex-3060 --- [  restartedMain] o.a.c.h.Http11NioProtocol                : Initializing ProtocolHandler ["http-nio-8082"]
2023-10-20 09:22:43.164  INFO dell-OptiPlex-3060 --- [  restartedMain] o.a.c.c.StandardService                  : Starting service [Tomcat]
2023-10-20 09:22:43.165  INFO dell-OptiPlex-3060 --- [  restartedMain] o.a.c.c.StandardEngine                   : Starting Servlet engine: [Apache Tomcat/10.1.12]
2023-10-20 09:22:43.255  INFO dell-OptiPlex-3060 --- [  restartedMain] o.a.c.c.C.[.[.[/]                        : Initializing Spring embedded WebApplicationContext
2023-10-20 09:22:43.255  INFO dell-OptiPlex-3060 --- [  restartedMain] w.s.c.ServletWebServerApplicationContext : Root WebApplicationContext: initialization completed in 3676 ms
2023-10-20 09:22:43.466  INFO dell-OptiPlex-3060 --- [  restartedMain] o.h.j.i.u.LogHelper                      : HHH000204: Processing PersistenceUnitInfo [name: default]
2023-10-20 09:22:43.570  INFO dell-OptiPlex-3060 --- [  restartedMain] o.h.Version                              : HHH000412: Hibernate ORM core version 6.2.7.Final
2023-10-20 09:22:43.575  INFO dell-OptiPlex-3060 --- [  restartedMain] o.h.c.Environment                        : HHH000406: Using bytecode reflection optimizer
2023-10-20 09:22:43.762  INFO dell-OptiPlex-3060 --- [  restartedMain] o.h.b.i.BytecodeProviderInitiator        : HHH000021: Bytecode provider name : bytebuddy
2023-10-20 09:22:43.965  INFO dell-OptiPlex-3060 --- [  restartedMain] o.s.o.j.p.SpringPersistenceUnitInfo      : No LoadTimeWeaver setup: ignoring JPA class transformer
2023-10-20 09:22:43.997  INFO dell-OptiPlex-3060 --- [  restartedMain] c.z.h.HikariDataSource                   : HikariPool-1 - Starting...
2023-10-20 09:22:44.002  WARN dell-OptiPlex-3060 --- [  restartedMain] c.z.h.u.DriverDataSource                 : Registered driver with driverClassName=com.mysql.jdbc.Driver was not found, trying direct instantiation.
2023-10-20 09:22:44.545  INFO dell-OptiPlex-3060 --- [  restartedMain] c.z.h.p.HikariPool                       : HikariPool-1 - Added connection com.mysql.cj.jdbc.ConnectionImpl@57ee4418
2023-10-20 09:22:44.547  INFO dell-OptiPlex-3060 --- [  restartedMain] c.z.h.HikariDataSource                   : HikariPool-1 - Start completed.
2023-10-20 09:22:45.250  INFO dell-OptiPlex-3060 --- [  restartedMain] o.h.b.i.BytecodeProviderInitiator        : HHH000021: Bytecode provider name : bytebuddy
2023-10-20 09:22:47.087  INFO dell-OptiPlex-3060 --- [  restartedMain] o.h.e.t.j.p.i.JtaPlatformInitiator       : HHH000490: Using JtaPlatform implementation: [org.hibernate.engine.transaction.jta.platform.internal.NoJtaPlatform]
2023-10-20 09:22:47.358  INFO dell-OptiPlex-3060 --- [  restartedMain] j.LocalContainerEntityManagerFactoryBean : Initialized JPA EntityManagerFactory for persistence unit 'default'
2023-10-20 09:22:47.732  INFO dell-OptiPlex-3060 --- [  restartedMain] o.s.d.j.r.q.QueryEnhancerFactory         : Hibernate is in classpath; If applicable, HQL parser will be used.
2023-10-20 09:22:48.735  WARN dell-OptiPlex-3060 --- [  restartedMain] JpaBaseConfiguration$JpaWebConfiguration : spring.jpa.open-in-view is enabled by default. Therefore, database queries may be performed during view rendering. Explicitly configure spring.jpa.open-in-view to disable this warning
2023-10-20 09:22:49.067  INFO dell-OptiPlex-3060 --- [  restartedMain] o.s.s.w.DefaultSecurityFilterChain       : Will secure any request with [org.springframework.security.web.session.DisableEncodeUrlFilter@4f8ba5cd, org.springframework.security.web.context.request.async.WebAsyncManagerIntegrationFilter@2a896d4a, org.springframework.security.web.context.SecurityContextHolderFilter@4987379b, org.springframework.security.web.header.HeaderWriterFilter@63e4dd6d, org.springframework.web.filter.CorsFilter@356dcb06, org.springframework.security.web.authentication.logout.LogoutFilter@45160c83, com.resumebuilder.security.jwt.AuthTokenFilter@45b761ea, org.springframework.security.web.savedrequest.RequestCacheAwareFilter@32fa8e8e, org.springframework.security.web.servletapi.SecurityContextHolderAwareRequestFilter@5feb3ef4, org.springframework.security.web.authentication.AnonymousAuthenticationFilter@645c13c5, org.springframework.security.web.session.SessionManagementFilter@697b9833, org.springframework.security.web.access.ExceptionTranslationFilter@10be7655, org.springframework.security.web.access.intercept.AuthorizationFilter@48d5a650]
2023-10-20 09:22:49.751  INFO dell-OptiPlex-3060 --- [  restartedMain] o.s.b.d.a.OptionalLiveReloadServer       : LiveReload server is running on port 35729
2023-10-20 09:22:49.799  INFO dell-OptiPlex-3060 --- [  restartedMain] o.a.c.h.Http11NioProtocol                : Starting ProtocolHandler ["http-nio-8082"]
2023-10-20 09:22:49.865  INFO dell-OptiPlex-3060 --- [  restartedMain] o.s.b.w.e.t.TomcatWebServer              : Tomcat started on port(s): 8082 (http) with context path ''
2023-10-20 09:22:49.897  INFO dell-OptiPlex-3060 --- [  restartedMain] c.r.ResumeBuilderBackendApplication      : Started ResumeBuilderBackendApplication in 11.675 seconds (process running for 16.577)
2023-10-20 09:22:49.900  INFO dell-OptiPlex-3060 --- [  restartedMain] c.r.ResumeBuilderBackendApplication      : Project started...
2023-10-20 09:23:36.265  INFO dell-OptiPlex-3060 --- [nio-8082-exec-1] o.a.c.c.C.[.[.[/]                        : Initializing Spring DispatcherServlet 'dispatcherServlet'
2023-10-20 09:23:36.266  INFO dell-OptiPlex-3060 --- [nio-8082-exec-1] o.s.w.s.DispatcherServlet                : Initializing Servlet 'dispatcherServlet'
2023-10-20 09:23:36.269  INFO dell-OptiPlex-3060 --- [nio-8082-exec-1] o.s.w.s.DispatcherServlet                : Completed initialization in 3 ms
2023-10-20 09:24:29.953  INFO dell-OptiPlex-3060 --- [nio-8082-exec-9] r.r.ResumeTemplatesServiceImplementation : this is the getAllTemplates method
2023-10-20 09:43:32.513  INFO dell-OptiPlex-3060 --- [nio-8082-exec-1] r.r.ResumeTemplatesServiceImplementation : this is the getAllTemplates method
2023-10-20 09:47:35.563  INFO dell-OptiPlex-3060 --- [nio-8082-exec-3] r.r.ResumeTemplatesServiceImplementation : this is the getAllTemplates method
2023-10-20 09:48:07.482  INFO dell-OptiPlex-3060 --- [nio-8082-exec-6] r.r.ResumeTemplatesServiceImplementation : this is the getAllTemplates method
2023-10-20 09:48:13.523  INFO dell-OptiPlex-3060 --- [nio-8082-exec-9] r.r.ResumeTemplatesServiceImplementation : this is the getAllTemplates method
2023-10-20 09:48:43.201  INFO dell-OptiPlex-3060 --- [nio-8082-exec-2] r.r.ResumeTemplatesServiceImplementation : this is the getAllTemplates method
2023-10-20 09:50:22.751  INFO dell-OptiPlex-3060 --- [io-8082-exec-10] r.r.ResumeTemplatesServiceImplementation : this is the getAllTemplates method
2023-10-20 09:53:01.156  INFO dell-OptiPlex-3060 --- [nio-8082-exec-5] r.r.ResumeTemplatesServiceImplementation : this is the getAllTemplates method
2023-10-20 09:54:30.416  INFO dell-OptiPlex-3060 --- [io-8082-exec-10] r.r.ResumeTemplatesServiceImplementation : this is the getAllTemplates method
2023-10-20 10:08:59.773  INFO dell-OptiPlex-3060 --- [nio-8082-exec-4] r.r.ResumeTemplatesServiceImplementation : this is the getAllTemplates method
2023-10-20 10:18:12.486  INFO dell-OptiPlex-3060 --- [nio-8082-exec-6] r.r.ResumeTemplatesServiceImplementation : this is the getAllTemplates method
2023-10-20 10:18:16.629  INFO dell-OptiPlex-3060 --- [nio-8082-exec-8] r.r.ResumeTemplatesServiceImplementation : this is the getAllTemplates method
2023-10-20 10:29:06.624  INFO dell-OptiPlex-3060 --- [nio-8082-exec-3] r.r.ResumeTemplatesServiceImplementation : this is the getAllTemplates method
2023-10-20 10:30:11.117  INFO dell-OptiPlex-3060 --- [nio-8082-exec-8] r.r.ResumeTemplatesServiceImplementation : this is the getAllTemplates method
2023-10-20 10:33:34.395  INFO dell-OptiPlex-3060 --- [nio-8082-exec-3] r.r.ResumeTemplatesServiceImplementation : this is the getAllTemplates method
2023-10-20 10:36:55.466  INFO dell-OptiPlex-3060 --- [nio-8082-exec-7] r.r.ResumeTemplatesServiceImplementation : this is the getAllTemplates method
2023-10-20 10:37:18.562  INFO dell-OptiPlex-3060 --- [nio-8082-exec-8] r.r.ResumeTemplatesServiceImplementation : this is the getAllTemplates method
2023-10-20 10:43:01.572  INFO dell-OptiPlex-3060 --- [nio-8082-exec-3] r.r.ResumeTemplatesServiceImplementation : this is the getAllTemplates method
2023-10-20 10:46:44.656  INFO dell-OptiPlex-3060 --- [nio-8082-exec-8] r.r.ResumeTemplatesServiceImplementation : this is the getAllTemplates method
2023-10-20 10:47:01.969  INFO dell-OptiPlex-3060 --- [nio-8082-exec-4] r.r.ResumeTemplatesServiceImplementation : this is the getAllTemplates method
2023-10-20 10:49:28.960  INFO dell-OptiPlex-3060 --- [nio-8082-exec-9] r.r.ResumeTemplatesServiceImplementation : this is the getAllTemplates method
2023-10-20 10:53:21.781  INFO dell-OptiPlex-3060 --- [nio-8082-exec-4] r.r.ResumeTemplatesServiceImplementation : this is the getAllTemplates method
2023-10-20 10:55:13.941  INFO dell-OptiPlex-3060 --- [nio-8082-exec-9] r.r.ResumeTemplatesServiceImplementation : this is the getAllTemplates method
2023-10-20 10:55:54.930  INFO dell-OptiPlex-3060 --- [nio-8082-exec-2] r.r.ResumeTemplatesServiceImplementation : this is the getAllTemplates method
2023-10-20 10:57:12.793  INFO dell-OptiPlex-3060 --- [nio-8082-exec-7] r.r.ResumeTemplatesServiceImplementation : this is the getAllTemplates method
2023-10-20 10:59:05.283  INFO dell-OptiPlex-3060 --- [nio-8082-exec-2] r.r.ResumeTemplatesServiceImplementation : this is the getAllTemplates method
2023-10-20 10:59:43.630  INFO dell-OptiPlex-3060 --- [nio-8082-exec-3] r.r.ResumeTemplatesServiceImplementation : this is the getAllTemplates method
2023-10-20 10:59:49.760  INFO dell-OptiPlex-3060 --- [nio-8082-exec-9] r.r.ResumeTemplatesServiceImplementation : this is the getAllTemplates method
2023-10-20 11:13:51.548  INFO dell-OptiPlex-3060 --- [nio-8082-exec-1] r.r.ResumeTemplatesServiceImplementation : this is the getAllTemplates method
2023-10-20 11:18:04.458  INFO dell-OptiPlex-3060 --- [nio-8082-exec-3] r.r.ResumeTemplatesServiceImplementation : this is the getAllTemplates method
2023-10-20 11:18:11.493  INFO dell-OptiPlex-3060 --- [nio-8082-exec-6] r.r.ResumeTemplatesServiceImplementation : this is the getAllTemplates method
2023-10-20 11:18:27.953  INFO dell-OptiPlex-3060 --- [nio-8082-exec-9] r.r.ResumeTemplatesServiceImplementation : this is the getAllTemplates method
2023-10-20 11:19:01.923  INFO dell-OptiPlex-3060 --- [io-8082-exec-10] r.r.ResumeTemplatesServiceImplementation : this is the getAllTemplates method
2023-10-20 11:19:08.565  INFO dell-OptiPlex-3060 --- [nio-8082-exec-3] r.r.ResumeTemplatesServiceImplementation : this is the getAllTemplates method
2023-10-20 11:19:35.748  INFO dell-OptiPlex-3060 --- [nio-8082-exec-6] r.r.ResumeTemplatesServiceImplementation : this is the getAllTemplates method
2023-10-20 12:28:52.151  INFO dell-OptiPlex-3060 --- [nio-8082-exec-8] r.r.ResumeTemplatesServiceImplementation : this is the getAllTemplates method
2023-10-20 12:28:57.743  INFO dell-OptiPlex-3060 --- [nio-8082-exec-3] r.r.ResumeTemplatesServiceImplementation : this is the getAllTemplates method
2023-10-20 12:29:32.120  INFO dell-OptiPlex-3060 --- [nio-8082-exec-6] r.r.ResumeTemplatesServiceImplementation : this is the getAllTemplates method
2023-10-20 12:29:45.657  INFO dell-OptiPlex-3060 --- [nio-8082-exec-9] r.r.ResumeTemplatesServiceImplementation : this is the getAllTemplates method
2023-10-20 12:30:12.270  INFO dell-OptiPlex-3060 --- [io-8082-exec-10] r.r.ResumeTemplatesServiceImplementation : this is the getAllTemplates method
2023-10-20 12:36:12.525  INFO dell-OptiPlex-3060 --- [nio-8082-exec-4] r.r.ResumeTemplatesServiceImplementation : this is the getAllTemplates method
2023-10-20 12:36:42.301  INFO dell-OptiPlex-3060 --- [nio-8082-exec-5] r.r.ResumeTemplatesServiceImplementation : this is the getAllTemplates method
2023-10-20 12:36:54.064  INFO dell-OptiPlex-3060 --- [nio-8082-exec-7] r.r.ResumeTemplatesServiceImplementation : this is the getAllTemplates method
2023-10-20 12:39:42.144  INFO dell-OptiPlex-3060 --- [io-8082-exec-10] r.r.ResumeTemplatesServiceImplementation : this is the getAllTemplates method
2023-10-20 12:46:50.546  INFO dell-OptiPlex-3060 --- [nio-8082-exec-5] r.r.ResumeTemplatesServiceImplementation : this is the getAllTemplates method
2023-10-20 12:47:11.167  INFO dell-OptiPlex-3060 --- [nio-8082-exec-8] r.r.ResumeTemplatesServiceImplementation : this is the getAllTemplates method
2023-10-20 12:51:48.180  INFO dell-OptiPlex-3060 --- [nio-8082-exec-2] r.r.ResumeTemplatesServiceImplementation : this is the getAllTemplates method
2023-10-20 12:52:31.911  INFO dell-OptiPlex-3060 --- [nio-8082-exec-3] r.r.ResumeTemplatesServiceImplementation : this is the getAllTemplates method
2023-10-20 12:53:32.792  INFO dell-OptiPlex-3060 --- [nio-8082-exec-8] r.r.ResumeTemplatesServiceImplementation : this is the getAllTemplates method
2023-10-20 12:54:09.896  INFO dell-OptiPlex-3060 --- [nio-8082-exec-4] r.r.ResumeTemplatesServiceImplementation : this is the getAllTemplates method
2023-10-20 12:55:59.416  INFO dell-OptiPlex-3060 --- [nio-8082-exec-9] r.r.ResumeTemplatesServiceImplementation : this is the getAllTemplates method
2023-10-20 12:57:18.628  INFO dell-OptiPlex-3060 --- [nio-8082-exec-4] r.r.ResumeTemplatesServiceImplementation : this is the getAllTemplates method
2023-10-20 12:58:16.370  INFO dell-OptiPlex-3060 --- [nio-8082-exec-7] r.r.ResumeTemplatesServiceImplementation : this is the getAllTemplates method
2023-10-20 12:59:26.620  INFO dell-OptiPlex-3060 --- [io-8082-exec-10] r.r.ResumeTemplatesServiceImplementation : this is the getAllTemplates method
2023-10-20 13:00:22.119  INFO dell-OptiPlex-3060 --- [nio-8082-exec-2] r.r.ResumeTemplatesServiceImplementation : this is the getAllTemplates method
2023-10-20 13:00:31.358  INFO dell-OptiPlex-3060 --- [nio-8082-exec-3] r.r.ResumeTemplatesServiceImplementation : this is the getAllTemplates method
2023-10-20 13:00:38.089  INFO dell-OptiPlex-3060 --- [nio-8082-exec-9] r.r.ResumeTemplatesServiceImplementation : this is the getAllTemplates method
2023-10-20 13:00:56.729  INFO dell-OptiPlex-3060 --- [io-8082-exec-10] r.r.ResumeTemplatesServiceImplementation : this is the getAllTemplates method
2023-10-20 13:01:12.722  INFO dell-OptiPlex-3060 --- [nio-8082-exec-2] r.r.ResumeTemplatesServiceImplementation : this is the getAllTemplates method
2023-10-20 13:01:22.067  INFO dell-OptiPlex-3060 --- [nio-8082-exec-3] r.r.ResumeTemplatesServiceImplementation : this is the getAllTemplates method
2023-10-20 13:06:36.860  INFO dell-OptiPlex-3060 --- [nio-8082-exec-8] r.r.ResumeTemplatesServiceImplementation : this is the getAllTemplates method
2023-10-20 13:08:03.387  INFO dell-OptiPlex-3060 --- [nio-8082-exec-3] r.r.ResumeTemplatesServiceImplementation : this is the getAllTemplates method
2023-10-20 14:12:01.225  INFO dell-OptiPlex-3060 --- [nio-8082-exec-8] r.r.ResumeTemplatesServiceImplementation : this is the getAllTemplates method
2023-10-20 14:12:36.893  INFO dell-OptiPlex-3060 --- [nio-8082-exec-4] r.r.ResumeTemplatesServiceImplementation : this is the getAllTemplates method
2023-10-20 14:15:34.579  INFO dell-OptiPlex-3060 --- [nio-8082-exec-9] r.r.ResumeTemplatesServiceImplementation : this is the getAllTemplates method
2023-10-20 14:16:17.141  INFO dell-OptiPlex-3060 --- [nio-8082-exec-2] r.r.ResumeTemplatesServiceImplementation : this is the getAllTemplates method
2023-10-20 14:22:32.119  INFO dell-OptiPlex-3060 --- [nio-8082-exec-7] r.r.ResumeTemplatesServiceImplementation : this is the getAllTemplates method
2023-10-20 14:24:12.642  INFO dell-OptiPlex-3060 --- [nio-8082-exec-2] r.r.ResumeTemplatesServiceImplementation : this is the getAllTemplates method
2023-10-20 14:26:06.666  INFO dell-OptiPlex-3060 --- [nio-8082-exec-7] r.r.ResumeTemplatesServiceImplementation : this is the getAllTemplates method
2023-10-20 14:26:37.775  INFO dell-OptiPlex-3060 --- [nio-8082-exec-1] r.r.ResumeTemplatesServiceImplementation : this is the getAllTemplates method
2023-10-20 14:28:51.142  INFO dell-OptiPlex-3060 --- [nio-8082-exec-6] r.r.ResumeTemplatesServiceImplementation : this is the getAllTemplates method
2023-10-20 14:30:55.929  INFO dell-OptiPlex-3060 --- [nio-8082-exec-1] r.r.ResumeTemplatesServiceImplementation : this is the getAllTemplates method
2023-10-20 14:43:19.789  INFO dell-OptiPlex-3060 --- [nio-8082-exec-6] r.r.ResumeTemplatesServiceImplementation : this is the getAllTemplates method
2023-10-20 14:54:25.462  INFO dell-OptiPlex-3060 --- [nio-8082-exec-1] r.r.ResumeTemplatesServiceImplementation : this is the getAllTemplates method
2023-10-20 14:55:21.609  INFO dell-OptiPlex-3060 --- [nio-8082-exec-5] r.r.ResumeTemplatesServiceImplementation : this is the getAllTemplates method
2023-10-20 15:00:30.649  INFO dell-OptiPlex-3060 --- [io-8082-exec-10] r.r.ResumeTemplatesServiceImplementation : this is the getAllTemplates method
2023-10-20 15:04:35.575  INFO dell-OptiPlex-3060 --- [nio-8082-exec-5] r.r.ResumeTemplatesServiceImplementation : this is the getAllTemplates method
2023-10-20 15:10:31.243  INFO dell-OptiPlex-3060 --- [io-8082-exec-10] r.r.ResumeTemplatesServiceImplementation : this is the getAllTemplates method
2023-10-20 15:15:58.761  INFO dell-OptiPlex-3060 --- [nio-8082-exec-5] r.r.ResumeTemplatesServiceImplementation : this is the getAllTemplates method
2023-10-20 15:17:20.858  INFO dell-OptiPlex-3060 --- [io-8082-exec-10] r.r.ResumeTemplatesServiceImplementation : this is the getAllTemplates method
2023-10-20 15:17:31.085  INFO dell-OptiPlex-3060 --- [nio-8082-exec-3] r.r.ResumeTemplatesServiceImplementation : this is the getAllTemplates method
2023-10-20 15:19:48.298  INFO dell-OptiPlex-3060 --- [nio-8082-exec-8] r.r.ResumeTemplatesServiceImplementation : this is the getAllTemplates method
2023-10-20 15:21:06.093  INFO dell-OptiPlex-3060 --- [nio-8082-exec-2] r.r.ResumeTemplatesServiceImplementation : this is the getAllTemplates method
2023-10-20 15:21:15.315  INFO dell-OptiPlex-3060 --- [nio-8082-exec-6] r.r.ResumeTemplatesServiceImplementation : this is the getAllTemplates method
2023-10-20 15:21:34.929  INFO dell-OptiPlex-3060 --- [nio-8082-exec-9] r.r.ResumeTemplatesServiceImplementation : this is the getAllTemplates method
2023-10-20 15:21:41.053  INFO dell-OptiPlex-3060 --- [nio-8082-exec-2] r.r.ResumeTemplatesServiceImplementation : this is the getAllTemplates method
2023-10-20 15:23:03.077  INFO dell-OptiPlex-3060 --- [nio-8082-exec-5] r.r.ResumeTemplatesServiceImplementation : this is the getAllTemplates method
2023-10-20 15:23:12.077  INFO dell-OptiPlex-3060 --- [nio-8082-exec-7] r.r.ResumeTemplatesServiceImplementation : this is the getAllTemplates method
2023-10-20 15:23:34.535  INFO dell-OptiPlex-3060 --- [nio-8082-exec-8] r.r.ResumeTemplatesServiceImplementation : this is the getAllTemplates method
2023-10-20 15:23:36.220  INFO dell-OptiPlex-3060 --- [io-8082-exec-10] r.r.ResumeTemplatesServiceImplementation : this is the getAllTemplates method
2023-10-20 15:24:29.104  INFO dell-OptiPlex-3060 --- [nio-8082-exec-2] r.r.ResumeTemplatesServiceImplementation : this is the getAllTemplates method
2023-10-20 15:24:46.628  INFO dell-OptiPlex-3060 --- [nio-8082-exec-6] r.r.ResumeTemplatesServiceImplementation : this is the getAllTemplates method
2023-10-20 15:28:11.790  INFO dell-OptiPlex-3060 --- [nio-8082-exec-1] r.r.ResumeTemplatesServiceImplementation : this is the getAllTemplates method
2023-10-20 15:34:20.697  INFO dell-OptiPlex-3060 --- [nio-8082-exec-6] r.r.ResumeTemplatesServiceImplementation : this is the getAllTemplates method
2023-10-20 15:34:41.462  INFO dell-OptiPlex-3060 --- [io-8082-exec-10] r.r.ResumeTemplatesServiceImplementation : this is the getAllTemplates method
2023-10-20 15:48:08.171  INFO dell-OptiPlex-3060 --- [nio-8082-exec-4] r.r.ResumeTemplatesServiceImplementation : this is the getAllTemplates method
2023-10-20 15:48:25.723  INFO dell-OptiPlex-3060 --- [nio-8082-exec-5] r.r.ResumeTemplatesServiceImplementation : this is the getAllTemplates method
2023-10-20 15:48:38.536  INFO dell-OptiPlex-3060 --- [nio-8082-exec-7] r.r.ResumeTemplatesServiceImplementation : this is the getAllTemplates method
2023-10-20 15:58:38.241  INFO dell-OptiPlex-3060 --- [nio-8082-exec-2] r.r.ResumeTemplatesServiceImplementation : this is the getAllTemplates method
2023-10-20 15:59:11.457  INFO dell-OptiPlex-3060 --- [nio-8082-exec-6] r.r.ResumeTemplatesServiceImplementation : this is the getAllTemplates method
2023-10-20 15:59:39.544  INFO dell-OptiPlex-3060 --- [io-8082-exec-10] r.r.ResumeTemplatesServiceImplementation : this is the getAllTemplates method
2023-10-20 15:59:57.135  INFO dell-OptiPlex-3060 --- [nio-8082-exec-3] r.r.ResumeTemplatesServiceImplementation : this is the getAllTemplates method
2023-10-20 16:01:32.789  INFO dell-OptiPlex-3060 --- [nio-8082-exec-7] r.r.ResumeTemplatesServiceImplementation : this is the getAllTemplates method
2023-10-20 16:02:23.529  INFO dell-OptiPlex-3060 --- [nio-8082-exec-1] r.r.ResumeTemplatesServiceImplementation : this is the getAllTemplates method
2023-10-20 16:04:42.030  INFO dell-OptiPlex-3060 --- [nio-8082-exec-6] r.r.ResumeTemplatesServiceImplementation : this is the getAllTemplates method
2023-10-20 16:05:57.950  INFO dell-OptiPlex-3060 --- [nio-8082-exec-1] r.r.ResumeTemplatesServiceImplementation : this is the getAllTemplates method
2023-10-20 16:10:48.719  INFO dell-OptiPlex-3060 --- [nio-8082-exec-6] r.r.ResumeTemplatesServiceImplementation : this is the getAllTemplates method
2023-10-20 16:11:40.206  INFO dell-OptiPlex-3060 --- [io-8082-exec-10] r.r.ResumeTemplatesServiceImplementation : this is the getAllTemplates method
2023-10-20 16:12:43.623  INFO dell-OptiPlex-3060 --- [nio-8082-exec-5] r.r.ResumeTemplatesServiceImplementation : this is the getAllTemplates method
2023-10-20 16:21:36.298  INFO dell-OptiPlex-3060 --- [io-8082-exec-10] r.r.ResumeTemplatesServiceImplementation : this is the getAllTemplates method
2023-10-20 16:23:48.449  INFO dell-OptiPlex-3060 --- [nio-8082-exec-5] r.r.ResumeTemplatesServiceImplementation : this is the getAllTemplates method
2023-10-20 16:24:13.669  INFO dell-OptiPlex-3060 --- [nio-8082-exec-8] r.r.ResumeTemplatesServiceImplementation : this is the getAllTemplates method
2023-10-20 16:33:08.404  INFO dell-OptiPlex-3060 --- [nio-8082-exec-3] r.r.ResumeTemplatesServiceImplementation : this is the getAllTemplates method
2023-10-20 16:36:30.859  INFO dell-OptiPlex-3060 --- [nio-8082-exec-8] r.r.ResumeTemplatesServiceImplementation : this is the getAllTemplates method
2023-10-20 16:48:31.035  INFO dell-OptiPlex-3060 --- [nio-8082-exec-3] r.r.ResumeTemplatesServiceImplementation : this is the getAllTemplates method
2023-10-20 16:49:37.350  INFO dell-OptiPlex-3060 --- [nio-8082-exec-8] r.r.ResumeTemplatesServiceImplementation : this is the getAllTemplates method
2023-10-20 16:50:32.937  INFO dell-OptiPlex-3060 --- [nio-8082-exec-4] r.r.ResumeTemplatesServiceImplementation : this is the getAllTemplates method
2023-10-20 16:51:59.750  INFO dell-OptiPlex-3060 --- [nio-8082-exec-6] r.r.ResumeTemplatesServiceImplementation : this is the getAllTemplates method
2023-10-20 17:02:57.699  INFO dell-OptiPlex-3060 --- [nio-8082-exec-8] r.r.ResumeTemplatesServiceImplementation : this is the getAllTemplates method
2023-10-20 17:03:44.998  INFO dell-OptiPlex-3060 --- [nio-8082-exec-1] r.r.ResumeTemplatesServiceImplementation : this is the getAllTemplates method
2023-10-20 17:04:10.301  INFO dell-OptiPlex-3060 --- [nio-8082-exec-4] r.r.ResumeTemplatesServiceImplementation : this is the getAllTemplates method
2023-10-20 17:05:13.724  INFO dell-OptiPlex-3060 --- [nio-8082-exec-9] r.r.ResumeTemplatesServiceImplementation : this is the getAllTemplates method
2023-10-20 17:05:47.668  INFO dell-OptiPlex-3060 --- [io-8082-exec-10] r.r.ResumeTemplatesServiceImplementation : this is the getAllTemplates method
2023-10-20 17:10:09.794  INFO dell-OptiPlex-3060 --- [nio-8082-exec-5] r.r.ResumeTemplatesServiceImplementation : this is the getAllTemplates method
2023-10-20 17:22:01.908 ERROR dell-OptiPlex-3060 --- [nio-8082-exec-1] c.r.s.j.JwtUtils                         : JWT token is expired: JWT expired at 2023-10-20T04:32:41Z. Current time: 2023-10-20T11:52:01Z, a difference of 26360900 milliseconds.  Allowed clock skew: 0 milliseconds.
2023-10-20 17:53:21.193  WARN dell-OptiPlex-3060 --- [l-1 housekeeper] c.z.h.p.HikariPool                       : HikariPool-1 - Thread starvation or clock leap detected (housekeeper delta=1m6s554ms696µs128ns).
2023-10-20 17:53:57.436  WARN dell-OptiPlex-3060 --- [l-1 housekeeper] c.z.h.p.HikariPool                       : HikariPool-1 - Thread starvation or clock leap detected (housekeeper delta=4m41s416ms341µs728ns).
2023-10-20 17:54:02.253  INFO dell-OptiPlex-3060 --- [(516)-127.0.0.1] inMXBeanRegistrar$SpringApplicationAdmin : Application shutdown requested.
2023-10-20 17:54:02.260  INFO dell-OptiPlex-3060 --- [(516)-127.0.0.1] o.a.c.h.Http11NioProtocol                : Pausing ProtocolHandler ["http-nio-8082"]
2023-10-20 17:54:02.261  INFO dell-OptiPlex-3060 --- [(516)-127.0.0.1] o.a.c.c.StandardService                  : Stopping service [Tomcat]
2023-10-20 17:54:02.265  INFO dell-OptiPlex-3060 --- [(516)-127.0.0.1] o.a.c.c.C.[.[.[/]                        : Destroying Spring FrameworkServlet 'dispatcherServlet'
2023-10-20 17:54:02.270  WARN dell-OptiPlex-3060 --- [(516)-127.0.0.1] o.a.c.l.WebappClassLoaderBase            : The web application [ROOT] appears to have started a thread named [HikariPool-1 housekeeper] but has failed to stop it. This is very likely to create a memory leak. Stack trace of thread:
 java.base@17.0.7/jdk.internal.misc.Unsafe.park(Native Method)
 java.base@17.0.7/java.util.concurrent.locks.LockSupport.parkNanos(LockSupport.java:252)
 java.base@17.0.7/java.util.concurrent.locks.AbstractQueuedSynchronizer$ConditionObject.awaitNanos(AbstractQueuedSynchronizer.java:1672)
 java.base@17.0.7/java.util.concurrent.ScheduledThreadPoolExecutor$DelayedWorkQueue.take(ScheduledThreadPoolExecutor.java:1182)
 java.base@17.0.7/java.util.concurrent.ScheduledThreadPoolExecutor$DelayedWorkQueue.take(ScheduledThreadPoolExecutor.java:899)
 java.base@17.0.7/java.util.concurrent.ThreadPoolExecutor.getTask(ThreadPoolExecutor.java:1062)
 java.base@17.0.7/java.util.concurrent.ThreadPoolExecutor.runWorker(ThreadPoolExecutor.java:1122)
 java.base@17.0.7/java.util.concurrent.ThreadPoolExecutor$Worker.run(ThreadPoolExecutor.java:635)
 java.base@17.0.7/java.lang.Thread.run(Thread.java:833)
2023-10-20 17:54:02.272  INFO dell-OptiPlex-3060 --- [(516)-127.0.0.1] o.a.c.h.Http11NioProtocol                : Stopping ProtocolHandler ["http-nio-8082"]
2023-10-20 17:54:02.281  INFO dell-OptiPlex-3060 --- [(516)-127.0.0.1] o.a.c.h.Http11NioProtocol                : Destroying ProtocolHandler ["http-nio-8082"]
2023-10-20 17:54:02.288  INFO dell-OptiPlex-3060 --- [(516)-127.0.0.1] j.LocalContainerEntityManagerFactoryBean : Closing JPA EntityManagerFactory for persistence unit 'default'
2023-10-20 17:54:02.297  INFO dell-OptiPlex-3060 --- [(516)-127.0.0.1] c.z.h.HikariDataSource                   : HikariPool-1 - Shutdown initiated...
2023-10-20 17:54:02.305  INFO dell-OptiPlex-3060 --- [(516)-127.0.0.1] c.z.h.HikariDataSource                   : HikariPool-1 - Shutdown completed.
2023-10-20 18:37:56.827  INFO dell-OptiPlex-3060 --- [kground-preinit] o.h.v.i.u.Version                        : HV000001: Hibernate Validator 8.0.1.Final
2023-10-20 18:37:56.903  INFO dell-OptiPlex-3060 --- [  restartedMain] c.r.ResumeBuilderBackendApplication      : Starting ResumeBuilderBackendApplication using Java 17.0.7 with PID 24743 (/home/dell/Myworks/Resume_Builder/Resume Builder App/Resume%20Builder%20Backend/target/classes started by dell in /home/dell/Myworks/Resume_Builder/Resume Builder App/Resume%20Builder%20Backend)
2023-10-20 18:37:56.924  INFO dell-OptiPlex-3060 --- [  restartedMain] c.r.ResumeBuilderBackendApplication      : No active profile set, falling back to 1 default profile: "default"
2023-10-20 18:37:57.076  INFO dell-OptiPlex-3060 --- [  restartedMain] o.s.b.d.r.ChangeableUrls                 : The Class-Path manifest attribute in /home/dell/.m2/repository/xalan/xalan/2.7.2/xalan-2.7.2.jar referenced one or more files that do not exist: file:/home/dell/.m2/repository/xalan/xalan/2.7.2/xercesImpl.jar,file:/home/dell/.m2/repository/xalan/xalan/2.7.2/xml-apis.jar,file:/home/dell/.m2/repository/xalan/xalan/2.7.2/serializer.jar
2023-10-20 18:37:57.077  INFO dell-OptiPlex-3060 --- [  restartedMain] o.s.b.d.r.ChangeableUrls                 : The Class-Path manifest attribute in /home/dell/.m2/repository/xalan/serializer/2.7.2/serializer-2.7.2.jar referenced one or more files that do not exist: file:/home/dell/.m2/repository/xalan/serializer/2.7.2/xml-apis.jar
2023-10-20 18:37:57.080  INFO dell-OptiPlex-3060 --- [  restartedMain] o.s.b.d.r.ChangeableUrls                 : The Class-Path manifest attribute in /home/dell/.m2/repository/org/apache/xmlgraphics/batik-rasterizer-ext/1.13/batik-rasterizer-ext-1.13.jar referenced one or more files that do not exist: file:/home/dell/.m2/repository/org/apache/xmlgraphics/batik-rasterizer-ext/1.13/batik-shared-resources-1.13.jar,file:/home/dell/.m2/repository/org/apache/xmlgraphics/batik-rasterizer-ext/1.13/batik-svgrasterizer-1.13.jar,file:/home/dell/.m2/repository/org/apache/xmlgraphics/batik-rasterizer-ext/1.13/batik-parser-1.13.jar,file:/home/dell/.m2/repository/org/apache/xmlgraphics/batik-rasterizer-ext/1.13/batik-xml-1.13.jar,file:/home/dell/.m2/repository/org/apache/xmlgraphics/batik-rasterizer-ext/1.13/batik-transcoder-1.13.jar,file:/home/dell/.m2/repository/org/apache/xmlgraphics/batik-rasterizer-ext/1.13/batik-svggen-1.13.jar,file:/home/dell/.m2/repository/org/apache/xmlgraphics/batik-rasterizer-ext/1.13/batik-util-1.13.jar,file:/home/dell/.m2/repository/org/apache/xmlgraphics/batik-rasterizer-ext/1.13/batik-constants-1.13.jar,file:/home/dell/.m2/repository/org/apache/xmlgraphics/batik-rasterizer-ext/1.13/batik-i18n-1.13.jar,file:/home/dell/.m2/repository/org/apache/xmlgraphics/batik-rasterizer-ext/1.13/batik-codec-1.13.jar,file:/home/dell/.m2/repository/org/apache/xmlgraphics/batik-rasterizer-ext/1.13/batik-extension-1.13.jar,file:/home/dell/.m2/repository/org/apache/xmlgraphics/batik-rasterizer-ext/1.13/batik-anim-1.13.jar,file:/home/dell/.m2/repository/org/apache/xmlgraphics/batik-rasterizer-ext/1.13/batik-awt-util-1.13.jar,file:/home/dell/.m2/repository/org/apache/xmlgraphics/batik-rasterizer-ext/1.13/xmlgraphics-commons-2.4.jar,file:/home/dell/.m2/repository/org/apache/xmlgraphics/batik-rasterizer-ext/1.13/commons-io-1.3.2.jar,file:/home/dell/.m2/repository/org/apache/xmlgraphics/batik-rasterizer-ext/1.13/commons-logging-1.2.jar,file:/home/dell/.m2/repository/org/apache/xmlgraphics/batik-rasterizer-ext/1.13/batik-bridge-1.13.jar,file:/home/dell/.m2/repository/org/apache/xmlgraphics/batik-rasterizer-ext/1.13/batik-script-1.13.jar,file:/home/dell/.m2/repository/org/apache/xmlgraphics/batik-rasterizer-ext/1.13/batik-css-1.13.jar,file:/home/dell/.m2/repository/org/apache/xmlgraphics/batik-rasterizer-ext/1.13/batik-dom-1.13.jar,file:/home/dell/.m2/repository/org/apache/xmlgraphics/batik-rasterizer-ext/1.13/xalan-2.7.2.jar,file:/home/dell/.m2/repository/org/apache/xmlgraphics/batik-rasterizer-ext/1.13/serializer-2.7.2.jar,file:/home/dell/.m2/repository/org/apache/xmlgraphics/batik-rasterizer-ext/1.13/xml-apis-1.4.01.jar,file:/home/dell/.m2/repository/org/apache/xmlgraphics/batik-rasterizer-ext/1.13/batik-ext-1.13.jar,file:/home/dell/.m2/repository/org/apache/xmlgraphics/batik-rasterizer-ext/1.13/batik-gvt-1.13.jar,file:/home/dell/.m2/repository/org/apache/xmlgraphics/batik-rasterizer-ext/1.13/batik-svg-dom-1.13.jar,file:/home/dell/.m2/repository/org/apache/xmlgraphics/batik-rasterizer-ext/1.13/xml-apis-ext-1.3.04.jar
2023-10-20 18:37:57.087  INFO dell-OptiPlex-3060 --- [  restartedMain] o.s.b.d.r.ChangeableUrls                 : The Class-Path manifest attribute in /home/dell/.m2/repository/org/apache/xmlgraphics/batik-rasterizer/1.13/batik-rasterizer-1.13.jar referenced one or more files that do not exist: file:/home/dell/.m2/repository/org/apache/xmlgraphics/batik-rasterizer/1.13/lib/batik-shared-resources-1.13.jar,file:/home/dell/.m2/repository/org/apache/xmlgraphics/batik-rasterizer/1.13/lib/batik-svgrasterizer-1.13.jar,file:/home/dell/.m2/repository/org/apache/xmlgraphics/batik-rasterizer/1.13/lib/batik-parser-1.13.jar,file:/home/dell/.m2/repository/org/apache/xmlgraphics/batik-rasterizer/1.13/lib/batik-awt-util-1.13.jar,file:/home/dell/.m2/repository/org/apache/xmlgraphics/batik-rasterizer/1.13/lib/xmlgraphics-commons-2.4.jar,file:/home/dell/.m2/repository/org/apache/xmlgraphics/batik-rasterizer/1.13/lib/commons-io-1.3.2.jar,file:/home/dell/.m2/repository/org/apache/xmlgraphics/batik-rasterizer/1.13/lib/commons-logging-1.2.jar,file:/home/dell/.m2/repository/org/apache/xmlgraphics/batik-rasterizer/1.13/lib/batik-xml-1.13.jar,file:/home/dell/.m2/repository/org/apache/xmlgraphics/batik-rasterizer/1.13/lib/xml-apis-ext-1.3.04.jar,file:/home/dell/.m2/repository/org/apache/xmlgraphics/batik-rasterizer/1.13/lib/batik-transcoder-1.13.jar,file:/home/dell/.m2/repository/org/apache/xmlgraphics/batik-rasterizer/1.13/lib/batik-anim-1.13.jar,file:/home/dell/.m2/repository/org/apache/xmlgraphics/batik-rasterizer/1.13/lib/batik-css-1.13.jar,file:/home/dell/.m2/repository/org/apache/xmlgraphics/batik-rasterizer/1.13/lib/batik-ext-1.13.jar,file:/home/dell/.m2/repository/org/apache/xmlgraphics/batik-rasterizer/1.13/lib/batik-svg-dom-1.13.jar,file:/home/dell/.m2/repository/org/apache/xmlgraphics/batik-rasterizer/1.13/lib/batik-bridge-1.13.jar,file:/home/dell/.m2/repository/org/apache/xmlgraphics/batik-rasterizer/1.13/lib/batik-script-1.13.jar,file:/home/dell/.m2/repository/org/apache/xmlgraphics/batik-rasterizer/1.13/lib/batik-dom-1.13.jar,file:/home/dell/.m2/repository/org/apache/xmlgraphics/batik-rasterizer/1.13/lib/xalan-2.7.2.jar,file:/home/dell/.m2/repository/org/apache/xmlgraphics/batik-rasterizer/1.13/lib/serializer-2.7.2.jar,file:/home/dell/.m2/repository/org/apache/xmlgraphics/batik-rasterizer/1.13/lib/xml-apis-1.4.01.jar,file:/home/dell/.m2/repository/org/apache/xmlgraphics/batik-rasterizer/1.13/lib/batik-gvt-1.13.jar,file:/home/dell/.m2/repository/org/apache/xmlgraphics/batik-rasterizer/1.13/lib/batik-svggen-1.13.jar,file:/home/dell/.m2/repository/org/apache/xmlgraphics/batik-rasterizer/1.13/lib/batik-util-1.13.jar,file:/home/dell/.m2/repository/org/apache/xmlgraphics/batik-rasterizer/1.13/lib/batik-constants-1.13.jar,file:/home/dell/.m2/repository/org/apache/xmlgraphics/batik-rasterizer/1.13/lib/batik-i18n-1.13.jar,file:/home/dell/.m2/repository/org/apache/xmlgraphics/batik-rasterizer/1.13/lib/batik-codec-1.13.jar,file:/home/dell/.m2/repository/org/apache/xmlgraphics/batik-rasterizer/1.13/lib/fop-transcoder-allinone-2.5.jar
2023-10-20 18:37:57.091  INFO dell-OptiPlex-3060 --- [  restartedMain] o.s.b.d.r.ChangeableUrls                 : The Class-Path manifest attribute in /home/dell/.m2/repository/org/apache/xmlgraphics/batik-slideshow/1.13/batik-slideshow-1.13.jar referenced one or more files that do not exist: file:/home/dell/.m2/repository/org/apache/xmlgraphics/batik-slideshow/1.13/lib/batik-bridge-1.13.jar,file:/home/dell/.m2/repository/org/apache/xmlgraphics/batik-slideshow/1.13/lib/batik-anim-1.13.jar,file:/home/dell/.m2/repository/org/apache/xmlgraphics/batik-slideshow/1.13/lib/batik-ext-1.13.jar,file:/home/dell/.m2/repository/org/apache/xmlgraphics/batik-slideshow/1.13/lib/batik-awt-util-1.13.jar,file:/home/dell/.m2/repository/org/apache/xmlgraphics/batik-slideshow/1.13/lib/batik-css-1.13.jar,file:/home/dell/.m2/repository/org/apache/xmlgraphics/batik-slideshow/1.13/lib/batik-dom-1.13.jar,file:/home/dell/.m2/repository/org/apache/xmlgraphics/batik-slideshow/1.13/lib/xalan-2.7.2.jar,file:/home/dell/.m2/repository/org/apache/xmlgraphics/batik-slideshow/1.13/lib/serializer-2.7.2.jar,file:/home/dell/.m2/repository/org/apache/xmlgraphics/batik-slideshow/1.13/lib/xml-apis-1.4.01.jar,file:/home/dell/.m2/repository/org/apache/xmlgraphics/batik-slideshow/1.13/lib/batik-parser-1.13.jar,file:/home/dell/.m2/repository/org/apache/xmlgraphics/batik-slideshow/1.13/lib/batik-script-1.13.jar,file:/home/dell/.m2/repository/org/apache/xmlgraphics/batik-slideshow/1.13/lib/batik-svg-dom-1.13.jar,file:/home/dell/.m2/repository/org/apache/xmlgraphics/batik-slideshow/1.13/lib/batik-util-1.13.jar,file:/home/dell/.m2/repository/org/apache/xmlgraphics/batik-slideshow/1.13/lib/batik-constants-1.13.jar,file:/home/dell/.m2/repository/org/apache/xmlgraphics/batik-slideshow/1.13/lib/batik-i18n-1.13.jar,file:/home/dell/.m2/repository/org/apache/xmlgraphics/batik-slideshow/1.13/lib/batik-xml-1.13.jar,file:/home/dell/.m2/repository/org/apache/xmlgraphics/batik-slideshow/1.13/lib/xmlgraphics-commons-2.4.jar,file:/home/dell/.m2/repository/org/apache/xmlgraphics/batik-slideshow/1.13/lib/commons-io-1.3.2.jar,file:/home/dell/.m2/repository/org/apache/xmlgraphics/batik-slideshow/1.13/lib/commons-logging-1.2.jar,file:/home/dell/.m2/repository/org/apache/xmlgraphics/batik-slideshow/1.13/lib/batik-gvt-1.13.jar,file:/home/dell/.m2/repository/org/apache/xmlgraphics/batik-slideshow/1.13/lib/batik-shared-resources-1.13.jar,file:/home/dell/.m2/repository/org/apache/xmlgraphics/batik-slideshow/1.13/lib/xml-apis-ext-1.3.04.jar
2023-10-20 18:37:57.092  INFO dell-OptiPlex-3060 --- [  restartedMain] o.s.b.d.r.ChangeableUrls                 : The Class-Path manifest attribute in /home/dell/.m2/repository/org/apache/xmlgraphics/batik-squiggle-ext/1.13/batik-squiggle-ext-1.13.jar referenced one or more files that do not exist: file:/home/dell/.m2/repository/org/apache/xmlgraphics/batik-squiggle-ext/1.13/batik-shared-resources-1.13.jar,file:/home/dell/.m2/repository/org/apache/xmlgraphics/batik-squiggle-ext/1.13/batik-svgbrowser-1.13.jar,file:/home/dell/.m2/repository/org/apache/xmlgraphics/batik-squiggle-ext/1.13/batik-anim-1.13.jar,file:/home/dell/.m2/repository/org/apache/xmlgraphics/batik-squiggle-ext/1.13/batik-bridge-1.13.jar,file:/home/dell/.m2/repository/org/apache/xmlgraphics/batik-squiggle-ext/1.13/batik-script-1.13.jar,file:/home/dell/.m2/repository/org/apache/xmlgraphics/batik-squiggle-ext/1.13/xmlgraphics-commons-2.4.jar,file:/home/dell/.m2/repository/org/apache/xmlgraphics/batik-squiggle-ext/1.13/commons-io-1.3.2.jar,file:/home/dell/.m2/repository/org/apache/xmlgraphics/batik-squiggle-ext/1.13/commons-logging-1.2.jar,file:/home/dell/.m2/repository/org/apache/xmlgraphics/batik-squiggle-ext/1.13/batik-dom-1.13.jar,file:/home/dell/.m2/repository/org/apache/xmlgraphics/batik-squiggle-ext/1.13/xalan-2.7.2.jar,file:/home/dell/.m2/repository/org/apache/xmlgraphics/batik-squiggle-ext/1.13/serializer-2.7.2.jar,file:/home/dell/.m2/repository/org/apache/xmlgraphics/batik-squiggle-ext/1.13/xml-apis-1.4.01.jar,file:/home/dell/.m2/repository/org/apache/xmlgraphics/batik-squiggle-ext/1.13/batik-gvt-1.13.jar,file:/home/dell/.m2/repository/org/apache/xmlgraphics/batik-squiggle-ext/1.13/batik-swing-1.13.jar,file:/home/dell/.m2/repository/org/apache/xmlgraphics/batik-squiggle-ext/1.13/batik-gui-util-1.13.jar,file:/home/dell/.m2/repository/org/apache/xmlgraphics/batik-squiggle-ext/1.13/batik-transcoder-1.13.jar,file:/home/dell/.m2/repository/org/apache/xmlgraphics/batik-squiggle-ext/1.13/batik-svggen-1.13.jar,file:/home/dell/.m2/repository/org/apache/xmlgraphics/batik-squiggle-ext/1.13/batik-util-1.13.jar,file:/home/dell/.m2/repository/org/apache/xmlgraphics/batik-squiggle-ext/1.13/batik-constants-1.13.jar,file:/home/dell/.m2/repository/org/apache/xmlgraphics/batik-squiggle-ext/1.13/batik-i18n-1.13.jar,file:/home/dell/.m2/repository/org/apache/xmlgraphics/batik-squiggle-ext/1.13/batik-xml-1.13.jar,file:/home/dell/.m2/repository/org/apache/xmlgraphics/batik-squiggle-ext/1.13/xml-apis-ext-1.3.04.jar,file:/home/dell/.m2/repository/org/apache/xmlgraphics/batik-squiggle-ext/1.13/batik-extension-1.13.jar,file:/home/dell/.m2/repository/org/apache/xmlgraphics/batik-squiggle-ext/1.13/batik-awt-util-1.13.jar,file:/home/dell/.m2/repository/org/apache/xmlgraphics/batik-squiggle-ext/1.13/batik-css-1.13.jar,file:/home/dell/.m2/repository/org/apache/xmlgraphics/batik-squiggle-ext/1.13/batik-ext-1.13.jar,file:/home/dell/.m2/repository/org/apache/xmlgraphics/batik-squiggle-ext/1.13/batik-parser-1.13.jar,file:/home/dell/.m2/repository/org/apache/xmlgraphics/batik-squiggle-ext/1.13/batik-svg-dom-1.13.jar
2023-10-20 18:37:57.096  INFO dell-OptiPlex-3060 --- [  restartedMain] o.s.b.d.r.ChangeableUrls                 : The Class-Path manifest attribute in /home/dell/.m2/repository/org/apache/xmlgraphics/batik-squiggle/1.13/batik-squiggle-1.13.jar referenced one or more files that do not exist: file:/home/dell/.m2/repository/org/apache/xmlgraphics/batik-squiggle/1.13/lib/batik-shared-resources-1.13.jar,file:/home/dell/.m2/repository/org/apache/xmlgraphics/batik-squiggle/1.13/lib/batik-svgbrowser-1.13.jar,file:/home/dell/.m2/repository/org/apache/xmlgraphics/batik-squiggle/1.13/lib/batik-anim-1.13.jar,file:/home/dell/.m2/repository/org/apache/xmlgraphics/batik-squiggle/1.13/lib/batik-awt-util-1.13.jar,file:/home/dell/.m2/repository/org/apache/xmlgraphics/batik-squiggle/1.13/lib/batik-css-1.13.jar,file:/home/dell/.m2/repository/org/apache/xmlgraphics/batik-squiggle/1.13/lib/batik-ext-1.13.jar,file:/home/dell/.m2/repository/org/apache/xmlgraphics/batik-squiggle/1.13/lib/batik-parser-1.13.jar,file:/home/dell/.m2/repository/org/apache/xmlgraphics/batik-squiggle/1.13/lib/batik-svg-dom-1.13.jar,file:/home/dell/.m2/repository/org/apache/xmlgraphics/batik-squiggle/1.13/lib/batik-bridge-1.13.jar,file:/home/dell/.m2/repository/org/apache/xmlgraphics/batik-squiggle/1.13/lib/batik-script-1.13.jar,file:/home/dell/.m2/repository/org/apache/xmlgraphics/batik-squiggle/1.13/lib/xmlgraphics-commons-2.4.jar,file:/home/dell/.m2/repository/org/apache/xmlgraphics/batik-squiggle/1.13/lib/commons-io-1.3.2.jar,file:/home/dell/.m2/repository/org/apache/xmlgraphics/batik-squiggle/1.13/lib/commons-logging-1.2.jar,file:/home/dell/.m2/repository/org/apache/xmlgraphics/batik-squiggle/1.13/lib/batik-dom-1.13.jar,file:/home/dell/.m2/repository/org/apache/xmlgraphics/batik-squiggle/1.13/lib/xalan-2.7.2.jar,file:/home/dell/.m2/repository/org/apache/xmlgraphics/batik-squiggle/1.13/lib/serializer-2.7.2.jar,file:/home/dell/.m2/repository/org/apache/xmlgraphics/batik-squiggle/1.13/lib/xml-apis-1.4.01.jar,file:/home/dell/.m2/repository/org/apache/xmlgraphics/batik-squiggle/1.13/lib/batik-gvt-1.13.jar,file:/home/dell/.m2/repository/org/apache/xmlgraphics/batik-squiggle/1.13/lib/batik-swing-1.13.jar,file:/home/dell/.m2/repository/org/apache/xmlgraphics/batik-squiggle/1.13/lib/batik-gui-util-1.13.jar,file:/home/dell/.m2/repository/org/apache/xmlgraphics/batik-squiggle/1.13/lib/batik-transcoder-1.13.jar,file:/home/dell/.m2/repository/org/apache/xmlgraphics/batik-squiggle/1.13/lib/batik-svggen-1.13.jar,file:/home/dell/.m2/repository/org/apache/xmlgraphics/batik-squiggle/1.13/lib/batik-util-1.13.jar,file:/home/dell/.m2/repository/org/apache/xmlgraphics/batik-squiggle/1.13/lib/batik-constants-1.13.jar,file:/home/dell/.m2/repository/org/apache/xmlgraphics/batik-squiggle/1.13/lib/batik-i18n-1.13.jar,file:/home/dell/.m2/repository/org/apache/xmlgraphics/batik-squiggle/1.13/lib/batik-xml-1.13.jar,file:/home/dell/.m2/repository/org/apache/xmlgraphics/batik-squiggle/1.13/lib/xml-apis-ext-1.3.04.jar
2023-10-20 18:37:57.103  INFO dell-OptiPlex-3060 --- [  restartedMain] o.s.b.d.r.ChangeableUrls                 : The Class-Path manifest attribute in /home/dell/.m2/repository/org/apache/xmlgraphics/batik-svgpp/1.13/batik-svgpp-1.13.jar referenced one or more files that do not exist: file:/home/dell/.m2/repository/org/apache/xmlgraphics/batik-svgpp/1.13/lib/batik-shared-resources-1.13.jar,file:/home/dell/.m2/repository/org/apache/xmlgraphics/batik-svgpp/1.13/lib/batik-transcoder-1.13.jar,file:/home/dell/.m2/repository/org/apache/xmlgraphics/batik-svgpp/1.13/lib/batik-anim-1.13.jar,file:/home/dell/.m2/repository/org/apache/xmlgraphics/batik-svgpp/1.13/lib/batik-css-1.13.jar,file:/home/dell/.m2/repository/org/apache/xmlgraphics/batik-svgpp/1.13/lib/batik-ext-1.13.jar,file:/home/dell/.m2/repository/org/apache/xmlgraphics/batik-svgpp/1.13/lib/batik-parser-1.13.jar,file:/home/dell/.m2/repository/org/apache/xmlgraphics/batik-svgpp/1.13/lib/batik-svg-dom-1.13.jar,file:/home/dell/.m2/repository/org/apache/xmlgraphics/batik-svgpp/1.13/lib/batik-awt-util-1.13.jar,file:/home/dell/.m2/repository/org/apache/xmlgraphics/batik-svgpp/1.13/lib/xmlgraphics-commons-2.4.jar,file:/home/dell/.m2/repository/org/apache/xmlgraphics/batik-svgpp/1.13/lib/commons-io-1.3.2.jar,file:/home/dell/.m2/repository/org/apache/xmlgraphics/batik-svgpp/1.13/lib/commons-logging-1.2.jar,file:/home/dell/.m2/repository/org/apache/xmlgraphics/batik-svgpp/1.13/lib/batik-bridge-1.13.jar,file:/home/dell/.m2/repository/org/apache/xmlgraphics/batik-svgpp/1.13/lib/batik-script-1.13.jar,file:/home/dell/.m2/repository/org/apache/xmlgraphics/batik-svgpp/1.13/lib/batik-dom-1.13.jar,file:/home/dell/.m2/repository/org/apache/xmlgraphics/batik-svgpp/1.13/lib/xalan-2.7.2.jar,file:/home/dell/.m2/repository/org/apache/xmlgraphics/batik-svgpp/1.13/lib/serializer-2.7.2.jar,file:/home/dell/.m2/repository/org/apache/xmlgraphics/batik-svgpp/1.13/lib/xml-apis-1.4.01.jar,file:/home/dell/.m2/repository/org/apache/xmlgraphics/batik-svgpp/1.13/lib/batik-gvt-1.13.jar,file:/home/dell/.m2/repository/org/apache/xmlgraphics/batik-svgpp/1.13/lib/batik-svggen-1.13.jar,file:/home/dell/.m2/repository/org/apache/xmlgraphics/batik-svgpp/1.13/lib/batik-xml-1.13.jar,file:/home/dell/.m2/repository/org/apache/xmlgraphics/batik-svgpp/1.13/lib/xml-apis-ext-1.3.04.jar,file:/home/dell/.m2/repository/org/apache/xmlgraphics/batik-svgpp/1.13/lib/batik-util-1.13.jar,file:/home/dell/.m2/repository/org/apache/xmlgraphics/batik-svgpp/1.13/lib/batik-constants-1.13.jar,file:/home/dell/.m2/repository/org/apache/xmlgraphics/batik-svgpp/1.13/lib/batik-i18n-1.13.jar
2023-10-20 18:37:57.106  INFO dell-OptiPlex-3060 --- [  restartedMain] o.s.b.d.r.ChangeableUrls                 : The Class-Path manifest attribute in /home/dell/.m2/repository/org/apache/xmlgraphics/batik-ttf2svg/1.13/batik-ttf2svg-1.13.jar referenced one or more files that do not exist: file:/home/dell/.m2/repository/org/apache/xmlgraphics/batik-ttf2svg/1.13/lib/batik-shared-resources-1.13.jar,file:/home/dell/.m2/repository/org/apache/xmlgraphics/batik-ttf2svg/1.13/lib/batik-svggen-1.13.jar,file:/home/dell/.m2/repository/org/apache/xmlgraphics/batik-ttf2svg/1.13/lib/batik-awt-util-1.13.jar,file:/home/dell/.m2/repository/org/apache/xmlgraphics/batik-ttf2svg/1.13/lib/xmlgraphics-commons-2.4.jar,file:/home/dell/.m2/repository/org/apache/xmlgraphics/batik-ttf2svg/1.13/lib/commons-io-1.3.2.jar,file:/home/dell/.m2/repository/org/apache/xmlgraphics/batik-ttf2svg/1.13/lib/commons-logging-1.2.jar,file:/home/dell/.m2/repository/org/apache/xmlgraphics/batik-ttf2svg/1.13/lib/batik-util-1.13.jar,file:/home/dell/.m2/repository/org/apache/xmlgraphics/batik-ttf2svg/1.13/lib/batik-constants-1.13.jar,file:/home/dell/.m2/repository/org/apache/xmlgraphics/batik-ttf2svg/1.13/lib/batik-i18n-1.13.jar
2023-10-20 18:37:57.108  INFO dell-OptiPlex-3060 --- [  restartedMain] .e.DevToolsPropertyDefaultsPostProcessor : Devtools property defaults active! Set 'spring.devtools.add-properties' to 'false' to disable
2023-10-20 18:37:57.109  INFO dell-OptiPlex-3060 --- [  restartedMain] .e.DevToolsPropertyDefaultsPostProcessor : For additional web related logging consider setting the 'logging.level.web' property to 'DEBUG'
2023-10-20 18:37:58.413  INFO dell-OptiPlex-3060 --- [  restartedMain] .s.d.r.c.RepositoryConfigurationDelegate : Bootstrapping Spring Data JPA repositories in DEFAULT mode.
2023-10-20 18:37:58.524  INFO dell-OptiPlex-3060 --- [  restartedMain] .s.d.r.c.RepositoryConfigurationDelegate : Finished Spring Data repository scanning in 99 ms. Found 9 JPA repository interfaces.
2023-10-20 18:37:59.640  INFO dell-OptiPlex-3060 --- [  restartedMain] o.s.b.w.e.t.TomcatWebServer              : Tomcat initialized with port(s): 8082 (http)
2023-10-20 18:37:59.652  INFO dell-OptiPlex-3060 --- [  restartedMain] o.a.c.h.Http11NioProtocol                : Initializing ProtocolHandler ["http-nio-8082"]
2023-10-20 18:37:59.655  INFO dell-OptiPlex-3060 --- [  restartedMain] o.a.c.c.StandardService                  : Starting service [Tomcat]
2023-10-20 18:37:59.655  INFO dell-OptiPlex-3060 --- [  restartedMain] o.a.c.c.StandardEngine                   : Starting Servlet engine: [Apache Tomcat/10.1.12]
2023-10-20 18:37:59.734  INFO dell-OptiPlex-3060 --- [  restartedMain] o.a.c.c.C.[.[.[/]                        : Initializing Spring embedded WebApplicationContext
2023-10-20 18:37:59.734  INFO dell-OptiPlex-3060 --- [  restartedMain] w.s.c.ServletWebServerApplicationContext : Root WebApplicationContext: initialization completed in 2620 ms
2023-10-20 18:37:59.930  INFO dell-OptiPlex-3060 --- [  restartedMain] o.h.j.i.u.LogHelper                      : HHH000204: Processing PersistenceUnitInfo [name: default]
2023-10-20 18:38:00.035  INFO dell-OptiPlex-3060 --- [  restartedMain] o.h.Version                              : HHH000412: Hibernate ORM core version 6.2.7.Final
2023-10-20 18:38:00.040  INFO dell-OptiPlex-3060 --- [  restartedMain] o.h.c.Environment                        : HHH000406: Using bytecode reflection optimizer
2023-10-20 18:38:00.212  INFO dell-OptiPlex-3060 --- [  restartedMain] o.h.b.i.BytecodeProviderInitiator        : HHH000021: Bytecode provider name : bytebuddy
2023-10-20 18:38:00.402  INFO dell-OptiPlex-3060 --- [  restartedMain] o.s.o.j.p.SpringPersistenceUnitInfo      : No LoadTimeWeaver setup: ignoring JPA class transformer
2023-10-20 18:38:00.428  INFO dell-OptiPlex-3060 --- [  restartedMain] c.z.h.HikariDataSource                   : HikariPool-1 - Starting...
2023-10-20 18:38:00.433  WARN dell-OptiPlex-3060 --- [  restartedMain] c.z.h.u.DriverDataSource                 : Registered driver with driverClassName=com.mysql.jdbc.Driver was not found, trying direct instantiation.
2023-10-20 18:38:00.934  INFO dell-OptiPlex-3060 --- [  restartedMain] c.z.h.p.HikariPool                       : HikariPool-1 - Added connection com.mysql.cj.jdbc.ConnectionImpl@55220b1c
2023-10-20 18:38:00.938  INFO dell-OptiPlex-3060 --- [  restartedMain] c.z.h.HikariDataSource                   : HikariPool-1 - Start completed.
2023-10-20 18:38:01.535  INFO dell-OptiPlex-3060 --- [  restartedMain] o.h.b.i.BytecodeProviderInitiator        : HHH000021: Bytecode provider name : bytebuddy
2023-10-20 18:38:02.821  INFO dell-OptiPlex-3060 --- [  restartedMain] o.h.e.t.j.p.i.JtaPlatformInitiator       : HHH000490: Using JtaPlatform implementation: [org.hibernate.engine.transaction.jta.platform.internal.NoJtaPlatform]
2023-10-20 18:38:03.258  INFO dell-OptiPlex-3060 --- [  restartedMain] j.LocalContainerEntityManagerFactoryBean : Initialized JPA EntityManagerFactory for persistence unit 'default'
2023-10-20 18:38:03.676  INFO dell-OptiPlex-3060 --- [  restartedMain] o.s.d.j.r.q.QueryEnhancerFactory         : Hibernate is in classpath; If applicable, HQL parser will be used.
2023-10-20 18:38:04.682  WARN dell-OptiPlex-3060 --- [  restartedMain] JpaBaseConfiguration$JpaWebConfiguration : spring.jpa.open-in-view is enabled by default. Therefore, database queries may be performed during view rendering. Explicitly configure spring.jpa.open-in-view to disable this warning
2023-10-20 18:38:05.048  INFO dell-OptiPlex-3060 --- [  restartedMain] o.s.s.w.DefaultSecurityFilterChain       : Will secure any request with [org.springframework.security.web.session.DisableEncodeUrlFilter@49192f20, org.springframework.security.web.context.request.async.WebAsyncManagerIntegrationFilter@7bd91695, org.springframework.security.web.context.SecurityContextHolderFilter@2df0359b, org.springframework.security.web.header.HeaderWriterFilter@2c69b2fa, org.springframework.web.filter.CorsFilter@5dc6208d, org.springframework.security.web.authentication.logout.LogoutFilter@6b8428b0, com.resumebuilder.security.jwt.AuthTokenFilter@4ac4886a, org.springframework.security.web.savedrequest.RequestCacheAwareFilter@576d58c8, org.springframework.security.web.servletapi.SecurityContextHolderAwareRequestFilter@15e00f31, org.springframework.security.web.authentication.AnonymousAuthenticationFilter@68a7ecf6, org.springframework.security.web.session.SessionManagementFilter@ea86c39, org.springframework.security.web.access.ExceptionTranslationFilter@6b46c632, org.springframework.security.web.access.intercept.AuthorizationFilter@3560f244]
2023-10-20 18:38:05.516  INFO dell-OptiPlex-3060 --- [  restartedMain] o.s.b.d.a.OptionalLiveReloadServer       : LiveReload server is running on port 35729
2023-10-20 18:38:05.549  INFO dell-OptiPlex-3060 --- [  restartedMain] o.a.c.h.Http11NioProtocol                : Starting ProtocolHandler ["http-nio-8082"]
2023-10-20 18:38:05.565  INFO dell-OptiPlex-3060 --- [  restartedMain] o.s.b.w.e.t.TomcatWebServer              : Tomcat started on port(s): 8082 (http) with context path ''
2023-10-20 18:38:05.578  INFO dell-OptiPlex-3060 --- [  restartedMain] c.r.ResumeBuilderBackendApplication      : Started ResumeBuilderBackendApplication in 9.162 seconds (process running for 11.148)
2023-10-20 18:38:05.583  INFO dell-OptiPlex-3060 --- [  restartedMain] c.r.ResumeBuilderBackendApplication      : Project started...
2023-10-20 18:45:06.303  INFO dell-OptiPlex-3060 --- [nio-8082-exec-1] o.a.c.c.C.[.[.[/]                        : Initializing Spring DispatcherServlet 'dispatcherServlet'
2023-10-20 18:45:06.303  INFO dell-OptiPlex-3060 --- [nio-8082-exec-1] o.s.w.s.DispatcherServlet                : Initializing Servlet 'dispatcherServlet'
2023-10-20 18:45:06.306  INFO dell-OptiPlex-3060 --- [nio-8082-exec-1] o.s.w.s.DispatcherServlet                : Completed initialization in 3 ms
2023-10-20 18:45:07.521  INFO dell-OptiPlex-3060 --- [nio-8082-exec-6] r.r.ResumeTemplatesServiceImplementation : this is the getAllTemplates method
2023-10-20 18:48:20.132  INFO dell-OptiPlex-3060 --- [nio-8082-exec-9] r.r.ResumeTemplatesServiceImplementation : this is the getAllTemplates method
2023-10-20 18:48:45.109  INFO dell-OptiPlex-3060 --- [nio-8082-exec-1] r.r.ResumeTemplatesServiceImplementation : this is the getAllTemplates method
2023-10-20 18:48:51.174  INFO dell-OptiPlex-3060 --- [nio-8082-exec-3] r.r.ResumeTemplatesServiceImplementation : this is the getAllTemplates method
2023-10-20 18:49:20.925  INFO dell-OptiPlex-3060 --- [nio-8082-exec-7] r.r.ResumeTemplatesServiceImplementation : this is the getAllTemplates method
2023-10-20 18:49:48.774  INFO dell-OptiPlex-3060 --- [nio-8082-exec-9] r.r.ResumeTemplatesServiceImplementation : this is the getAllTemplates method
2023-10-20 18:51:00.762  INFO dell-OptiPlex-3060 --- [nio-8082-exec-4] r.r.ResumeTemplatesServiceImplementation : this is the getAllTemplates method
2023-10-20 18:51:29.044  INFO dell-OptiPlex-3060 --- [nio-8082-exec-6] r.r.ResumeTemplatesServiceImplementation : this is the getAllTemplates method
2023-10-20 18:51:35.475  INFO dell-OptiPlex-3060 --- [io-8082-exec-10] r.r.ResumeTemplatesServiceImplementation : this is the getAllTemplates method
2023-10-20 18:51:50.320  INFO dell-OptiPlex-3060 --- [nio-8082-exec-2] r.r.ResumeTemplatesServiceImplementation : this is the getAllTemplates method
2023-10-20 18:51:58.465  INFO dell-OptiPlex-3060 --- [nio-8082-exec-6] r.r.ResumeTemplatesServiceImplementation : this is the getAllTemplates method
2023-10-20 18:54:05.993  INFO dell-OptiPlex-3060 --- [nio-8082-exec-1] r.r.ResumeTemplatesServiceImplementation : this is the getAllTemplates method
2023-10-20 18:54:34.658  INFO dell-OptiPlex-3060 --- [nio-8082-exec-5] r.r.ResumeTemplatesServiceImplementation : this is the getAllTemplates method
2023-10-20 18:54:57.610  INFO dell-OptiPlex-3060 --- [nio-8082-exec-9] r.r.ResumeTemplatesServiceImplementation : this is the getAllTemplates method
2023-10-20 18:56:19.612 ERROR dell-OptiPlex-3060 --- [nio-8082-exec-2] c.r.s.j.JwtUtils                         : JWT token is expired: JWT expired at 2023-10-20T04:32:41Z. Current time: 2023-10-20T13:26:19Z, a difference of 32018611 milliseconds.  Allowed clock skew: 0 milliseconds.
2023-10-20 18:56:19.614 ERROR dell-OptiPlex-3060 --- [nio-8082-exec-2] c.r.s.j.AuthEntryPointJwt                : Unauthorized error: Full authentication is required to access this resource
2023-10-20 18:58:31.058  INFO dell-OptiPlex-3060 --- [n(29)-127.0.0.1] inMXBeanRegistrar$SpringApplicationAdmin : Application shutdown requested.
2023-10-20 18:58:31.063  INFO dell-OptiPlex-3060 --- [n(29)-127.0.0.1] o.a.c.h.Http11NioProtocol                : Pausing ProtocolHandler ["http-nio-8082"]
2023-10-20 18:58:31.064  INFO dell-OptiPlex-3060 --- [n(29)-127.0.0.1] o.a.c.c.StandardService                  : Stopping service [Tomcat]
2023-10-20 18:58:31.066  INFO dell-OptiPlex-3060 --- [n(29)-127.0.0.1] o.a.c.c.C.[.[.[/]                        : Destroying Spring FrameworkServlet 'dispatcherServlet'
2023-10-20 18:58:31.070  WARN dell-OptiPlex-3060 --- [n(29)-127.0.0.1] o.a.c.l.WebappClassLoaderBase            : The web application [ROOT] appears to have started a thread named [HikariPool-1 housekeeper] but has failed to stop it. This is very likely to create a memory leak. Stack trace of thread:
 java.base@17.0.7/jdk.internal.misc.Unsafe.park(Native Method)
 java.base@17.0.7/java.util.concurrent.locks.LockSupport.parkNanos(LockSupport.java:252)
 java.base@17.0.7/java.util.concurrent.locks.AbstractQueuedSynchronizer$ConditionObject.awaitNanos(AbstractQueuedSynchronizer.java:1672)
 java.base@17.0.7/java.util.concurrent.ScheduledThreadPoolExecutor$DelayedWorkQueue.take(ScheduledThreadPoolExecutor.java:1182)
 java.base@17.0.7/java.util.concurrent.ScheduledThreadPoolExecutor$DelayedWorkQueue.take(ScheduledThreadPoolExecutor.java:899)
 java.base@17.0.7/java.util.concurrent.ThreadPoolExecutor.getTask(ThreadPoolExecutor.java:1062)
 java.base@17.0.7/java.util.concurrent.ThreadPoolExecutor.runWorker(ThreadPoolExecutor.java:1122)
 java.base@17.0.7/java.util.concurrent.ThreadPoolExecutor$Worker.run(ThreadPoolExecutor.java:635)
 java.base@17.0.7/java.lang.Thread.run(Thread.java:833)
2023-10-20 18:58:31.073  INFO dell-OptiPlex-3060 --- [n(29)-127.0.0.1] o.a.c.h.Http11NioProtocol                : Stopping ProtocolHandler ["http-nio-8082"]
2023-10-20 18:58:31.079  INFO dell-OptiPlex-3060 --- [n(29)-127.0.0.1] o.a.c.h.Http11NioProtocol                : Destroying ProtocolHandler ["http-nio-8082"]
2023-10-20 18:58:31.086  INFO dell-OptiPlex-3060 --- [n(29)-127.0.0.1] j.LocalContainerEntityManagerFactoryBean : Closing JPA EntityManagerFactory for persistence unit 'default'
2023-10-20 18:58:31.093  INFO dell-OptiPlex-3060 --- [n(29)-127.0.0.1] c.z.h.HikariDataSource                   : HikariPool-1 - Shutdown initiated...
2023-10-20 18:58:31.103  INFO dell-OptiPlex-3060 --- [n(29)-127.0.0.1] c.z.h.HikariDataSource                   : HikariPool-1 - Shutdown completed.
