2023-10-25 11:15:35.908  INFO dell-OptiPlex-3060 --- [  restartedMain] c.r.ResumeBuilderBackendApplication      : Starting ResumeBuilderBackendApplication using Java 17.0.7 with PID 10958 (/home/dell/Myworks/Resume_Builder/Resume Builder App/Resume%20Builder%20Backend/target/classes started by dell in /home/dell/Myworks/Resume_Builder/Resume Builder App/Resume%20Builder%20Backend)
2023-10-25 11:15:35.910  INFO dell-OptiPlex-3060 --- [  restartedMain] c.r.ResumeBuilderBackendApplication      : No active profile set, falling back to 1 default profile: "default"
2023-10-25 11:15:36.206  INFO dell-OptiPlex-3060 --- [  restartedMain] .s.d.r.c.RepositoryConfigurationDelegate : Bootstrapping Spring Data JPA repositories in DEFAULT mode.
2023-10-25 11:15:36.252  INFO dell-OptiPlex-3060 --- [  restartedMain] .s.d.r.c.RepositoryConfigurationDelegate : Finished Spring Data repository scanning in 45 ms. Found 9 JPA repository interfaces.
2023-10-25 11:15:36.488  INFO dell-OptiPlex-3060 --- [  restartedMain] o.s.b.w.e.t.TomcatWebServer              : Tomcat initialized with port(s): 8082 (http)
2023-10-25 11:15:36.490  INFO dell-OptiPlex-3060 --- [  restartedMain] o.a.c.c.StandardService                  : Starting service [Tomcat]
2023-10-25 11:15:36.490  INFO dell-OptiPlex-3060 --- [  restartedMain] o.a.c.c.StandardEngine                   : Starting Servlet engine: [Apache Tomcat/10.1.12]
2023-10-25 11:15:36.513  INFO dell-OptiPlex-3060 --- [  restartedMain] o.a.c.c.C.[.[.[/]                        : Initializing Spring embedded WebApplicationContext
2023-10-25 11:15:36.514  INFO dell-OptiPlex-3060 --- [  restartedMain] w.s.c.ServletWebServerApplicationContext : Root WebApplicationContext: initialization completed in 600 ms
2023-10-25 11:15:36.616  INFO dell-OptiPlex-3060 --- [  restartedMain] o.h.j.i.u.LogHelper                      : HHH000204: Processing PersistenceUnitInfo [name: default]
2023-10-25 11:15:36.628  INFO dell-OptiPlex-3060 --- [  restartedMain] o.h.b.i.BytecodeProviderInitiator        : HHH000021: Bytecode provider name : bytebuddy
2023-10-25 11:15:36.628  INFO dell-OptiPlex-3060 --- [  restartedMain] o.s.o.j.p.SpringPersistenceUnitInfo      : No LoadTimeWeaver setup: ignoring JPA class transformer
2023-10-25 11:15:36.630  INFO dell-OptiPlex-3060 --- [  restartedMain] c.z.h.HikariDataSource                   : HikariPool-2 - Starting...
2023-10-25 11:15:36.630  WARN dell-OptiPlex-3060 --- [  restartedMain] c.z.h.u.DriverDataSource                 : Registered driver with driverClassName=com.mysql.jdbc.Driver was not found, trying direct instantiation.
2023-10-25 11:15:36.648  INFO dell-OptiPlex-3060 --- [  restartedMain] c.z.h.p.HikariPool                       : HikariPool-2 - Added connection com.mysql.cj.jdbc.ConnectionImpl@7d9b0432
2023-10-25 11:15:36.649  INFO dell-OptiPlex-3060 --- [  restartedMain] c.z.h.HikariDataSource                   : HikariPool-2 - Start completed.
2023-10-25 11:15:36.745  INFO dell-OptiPlex-3060 --- [  restartedMain] o.h.b.i.BytecodeProviderInitiator        : HHH000021: Bytecode provider name : bytebuddy
2023-10-25 11:15:37.043  INFO dell-OptiPlex-3060 --- [  restartedMain] o.h.e.t.j.p.i.JtaPlatformInitiator       : HHH000490: Using JtaPlatform implementation: [org.hibernate.engine.transaction.jta.platform.internal.NoJtaPlatform]
2023-10-25 11:15:37.166  INFO dell-OptiPlex-3060 --- [  restartedMain] j.LocalContainerEntityManagerFactoryBean : Initialized JPA EntityManagerFactory for persistence unit 'default'
2023-10-25 11:15:37.620  WARN dell-OptiPlex-3060 --- [  restartedMain] JpaBaseConfiguration$JpaWebConfiguration : spring.jpa.open-in-view is enabled by default. Therefore, database queries may be performed during view rendering. Explicitly configure spring.jpa.open-in-view to disable this warning
2023-10-25 11:15:37.787  INFO dell-OptiPlex-3060 --- [  restartedMain] o.s.s.w.DefaultSecurityFilterChain       : Will secure any request with [org.springframework.security.web.session.DisableEncodeUrlFilter@5ff5c0c7, org.springframework.security.web.context.request.async.WebAsyncManagerIntegrationFilter@49281521, org.springframework.security.web.context.SecurityContextHolderFilter@28aedea7, org.springframework.security.web.header.HeaderWriterFilter@d4b4818, org.springframework.web.filter.CorsFilter@7fc95c06, org.springframework.security.web.authentication.logout.LogoutFilter@9a3ed1d, com.resumebuilder.security.jwt.AuthTokenFilter@6ab4eb08, org.springframework.security.web.savedrequest.RequestCacheAwareFilter@33ab0462, org.springframework.security.web.servletapi.SecurityContextHolderAwareRequestFilter@64f79187, org.springframework.security.web.authentication.AnonymousAuthenticationFilter@288bc6d3, org.springframework.security.web.session.SessionManagementFilter@434e1584, org.springframework.security.web.access.ExceptionTranslationFilter@dd2c991, org.springframework.security.web.access.intercept.AuthorizationFilter@3ae3be29]
2023-10-25 11:15:38.018  INFO dell-OptiPlex-3060 --- [  restartedMain] o.s.b.d.a.OptionalLiveReloadServer       : LiveReload server is running on port 35729
2023-10-25 11:15:38.036  INFO dell-OptiPlex-3060 --- [  restartedMain] o.a.c.h.Http11NioProtocol                : Starting ProtocolHandler ["http-nio-8082"]
2023-10-25 11:15:38.040  INFO dell-OptiPlex-3060 --- [  restartedMain] o.s.b.w.e.t.TomcatWebServer              : Tomcat started on port(s): 8082 (http) with context path ''
2023-10-25 11:15:38.048  INFO dell-OptiPlex-3060 --- [  restartedMain] c.r.ResumeBuilderBackendApplication      : Started ResumeBuilderBackendApplication in 2.383 seconds (process running for 2821.645)
2023-10-25 11:15:38.052  INFO dell-OptiPlex-3060 --- [  restartedMain] .ConditionEvaluationDeltaLoggingListener : Condition evaluation unchanged
2023-10-25 11:15:38.053  INFO dell-OptiPlex-3060 --- [  restartedMain] c.r.ResumeBuilderBackendApplication      : Project started...
2023-10-25 11:15:58.738  INFO dell-OptiPlex-3060 --- [   File Watcher] rtingClassPathChangeChangedEventListener : Restarting due to 1 class path change (0 additions, 0 deletions, 1 modification)
2023-10-25 11:15:58.743  INFO dell-OptiPlex-3060 --- [       Thread-7] o.a.c.h.Http11NioProtocol                : Pausing ProtocolHandler ["http-nio-8082"]
2023-10-25 11:15:58.744  INFO dell-OptiPlex-3060 --- [       Thread-7] o.a.c.c.StandardService                  : Stopping service [Tomcat]
2023-10-25 11:15:58.747  WARN dell-OptiPlex-3060 --- [       Thread-7] o.a.c.l.WebappClassLoaderBase            : The web application [ROOT] appears to have started a thread named [HikariPool-2 housekeeper] but has failed to stop it. This is very likely to create a memory leak. Stack trace of thread:
 java.base@17.0.7/jdk.internal.misc.Unsafe.park(Native Method)
 java.base@17.0.7/java.util.concurrent.locks.LockSupport.parkNanos(LockSupport.java:252)
 java.base@17.0.7/java.util.concurrent.locks.AbstractQueuedSynchronizer$ConditionObject.awaitNanos(AbstractQueuedSynchronizer.java:1672)
 java.base@17.0.7/java.util.concurrent.ScheduledThreadPoolExecutor$DelayedWorkQueue.take(ScheduledThreadPoolExecutor.java:1182)
 java.base@17.0.7/java.util.concurrent.ScheduledThreadPoolExecutor$DelayedWorkQueue.take(ScheduledThreadPoolExecutor.java:899)
 java.base@17.0.7/java.util.concurrent.ThreadPoolExecutor.getTask(ThreadPoolExecutor.java:1062)
 java.base@17.0.7/java.util.concurrent.ThreadPoolExecutor.runWorker(ThreadPoolExecutor.java:1122)
 java.base@17.0.7/java.util.concurrent.ThreadPoolExecutor$Worker.run(ThreadPoolExecutor.java:635)
 java.base@17.0.7/java.lang.Thread.run(Thread.java:833)
2023-10-25 11:15:58.747  INFO dell-OptiPlex-3060 --- [       Thread-7] o.a.c.h.Http11NioProtocol                : Stopping ProtocolHandler ["http-nio-8082"]
2023-10-25 11:15:58.749  INFO dell-OptiPlex-3060 --- [       Thread-7] o.a.c.h.Http11NioProtocol                : Destroying ProtocolHandler ["http-nio-8082"]
2023-10-25 11:15:58.754  INFO dell-OptiPlex-3060 --- [       Thread-7] j.LocalContainerEntityManagerFactoryBean : Closing JPA EntityManagerFactory for persistence unit 'default'
2023-10-25 11:15:58.755  INFO dell-OptiPlex-3060 --- [       Thread-7] c.z.h.HikariDataSource                   : HikariPool-2 - Shutdown initiated...
2023-10-25 11:15:58.760  INFO dell-OptiPlex-3060 --- [       Thread-7] c.z.h.HikariDataSource                   : HikariPool-2 - Shutdown completed.
2023-10-25 11:15:58.981  INFO dell-OptiPlex-3060 --- [  restartedMain] c.r.ResumeBuilderBackendApplication      : Starting ResumeBuilderBackendApplication using Java 17.0.7 with PID 10958 (/home/dell/Myworks/Resume_Builder/Resume Builder App/Resume%20Builder%20Backend/target/classes started by dell in /home/dell/Myworks/Resume_Builder/Resume Builder App/Resume%20Builder%20Backend)
2023-10-25 11:15:58.982  INFO dell-OptiPlex-3060 --- [  restartedMain] c.r.ResumeBuilderBackendApplication      : No active profile set, falling back to 1 default profile: "default"
2023-10-25 11:15:59.276  INFO dell-OptiPlex-3060 --- [  restartedMain] .s.d.r.c.RepositoryConfigurationDelegate : Bootstrapping Spring Data JPA repositories in DEFAULT mode.
2023-10-25 11:15:59.319  INFO dell-OptiPlex-3060 --- [  restartedMain] .s.d.r.c.RepositoryConfigurationDelegate : Finished Spring Data repository scanning in 42 ms. Found 9 JPA repository interfaces.
2023-10-25 11:15:59.579  INFO dell-OptiPlex-3060 --- [  restartedMain] o.s.b.w.e.t.TomcatWebServer              : Tomcat initialized with port(s): 8082 (http)
2023-10-25 11:15:59.580  INFO dell-OptiPlex-3060 --- [  restartedMain] o.a.c.h.Http11NioProtocol                : Initializing ProtocolHandler ["http-nio-8082"]
2023-10-25 11:15:59.581  INFO dell-OptiPlex-3060 --- [  restartedMain] o.a.c.c.StandardService                  : Starting service [Tomcat]
2023-10-25 11:15:59.581  INFO dell-OptiPlex-3060 --- [  restartedMain] o.a.c.c.StandardEngine                   : Starting Servlet engine: [Apache Tomcat/10.1.12]
2023-10-25 11:15:59.599  INFO dell-OptiPlex-3060 --- [  restartedMain] o.a.c.c.C.[.[.[/]                        : Initializing Spring embedded WebApplicationContext
2023-10-25 11:15:59.599  INFO dell-OptiPlex-3060 --- [  restartedMain] w.s.c.ServletWebServerApplicationContext : Root WebApplicationContext: initialization completed in 613 ms
2023-10-25 11:15:59.677  INFO dell-OptiPlex-3060 --- [  restartedMain] o.h.j.i.u.LogHelper                      : HHH000204: Processing PersistenceUnitInfo [name: default]
2023-10-25 11:15:59.687  INFO dell-OptiPlex-3060 --- [  restartedMain] o.h.b.i.BytecodeProviderInitiator        : HHH000021: Bytecode provider name : bytebuddy
2023-10-25 11:15:59.688  INFO dell-OptiPlex-3060 --- [  restartedMain] o.s.o.j.p.SpringPersistenceUnitInfo      : No LoadTimeWeaver setup: ignoring JPA class transformer
2023-10-25 11:15:59.689  INFO dell-OptiPlex-3060 --- [  restartedMain] c.z.h.HikariDataSource                   : HikariPool-3 - Starting...
2023-10-25 11:15:59.689  WARN dell-OptiPlex-3060 --- [  restartedMain] c.z.h.u.DriverDataSource                 : Registered driver with driverClassName=com.mysql.jdbc.Driver was not found, trying direct instantiation.
2023-10-25 11:15:59.704  INFO dell-OptiPlex-3060 --- [  restartedMain] c.z.h.p.HikariPool                       : HikariPool-3 - Added connection com.mysql.cj.jdbc.ConnectionImpl@30bf7a40
2023-10-25 11:15:59.705  INFO dell-OptiPlex-3060 --- [  restartedMain] c.z.h.HikariDataSource                   : HikariPool-3 - Start completed.
2023-10-25 11:15:59.760  INFO dell-OptiPlex-3060 --- [  restartedMain] o.h.b.i.BytecodeProviderInitiator        : HHH000021: Bytecode provider name : bytebuddy
2023-10-25 11:16:00.016  INFO dell-OptiPlex-3060 --- [  restartedMain] o.h.e.t.j.p.i.JtaPlatformInitiator       : HHH000490: Using JtaPlatform implementation: [org.hibernate.engine.transaction.jta.platform.internal.NoJtaPlatform]
2023-10-25 11:16:00.141  INFO dell-OptiPlex-3060 --- [  restartedMain] j.LocalContainerEntityManagerFactoryBean : Initialized JPA EntityManagerFactory for persistence unit 'default'
2023-10-25 11:16:00.584  WARN dell-OptiPlex-3060 --- [  restartedMain] JpaBaseConfiguration$JpaWebConfiguration : spring.jpa.open-in-view is enabled by default. Therefore, database queries may be performed during view rendering. Explicitly configure spring.jpa.open-in-view to disable this warning
2023-10-25 11:16:00.814  INFO dell-OptiPlex-3060 --- [  restartedMain] o.s.s.w.DefaultSecurityFilterChain       : Will secure any request with [org.springframework.security.web.session.DisableEncodeUrlFilter@331527a8, org.springframework.security.web.context.request.async.WebAsyncManagerIntegrationFilter@198d3001, org.springframework.security.web.context.SecurityContextHolderFilter@7544616b, org.springframework.security.web.header.HeaderWriterFilter@531f259e, org.springframework.web.filter.CorsFilter@2966dd6e, org.springframework.security.web.authentication.logout.LogoutFilter@61297378, com.resumebuilder.security.jwt.AuthTokenFilter@234e697b, org.springframework.security.web.savedrequest.RequestCacheAwareFilter@6b677ca5, org.springframework.security.web.servletapi.SecurityContextHolderAwareRequestFilter@41fe9782, org.springframework.security.web.authentication.AnonymousAuthenticationFilter@75d75c55, org.springframework.security.web.session.SessionManagementFilter@2de9cc5, org.springframework.security.web.access.ExceptionTranslationFilter@654f6e48, org.springframework.security.web.access.intercept.AuthorizationFilter@48c6a96]
2023-10-25 11:16:01.072  INFO dell-OptiPlex-3060 --- [  restartedMain] o.s.b.d.a.OptionalLiveReloadServer       : LiveReload server is running on port 35729
2023-10-25 11:16:01.084  INFO dell-OptiPlex-3060 --- [  restartedMain] o.a.c.h.Http11NioProtocol                : Starting ProtocolHandler ["http-nio-8082"]
2023-10-25 11:16:01.087  INFO dell-OptiPlex-3060 --- [  restartedMain] o.s.b.w.e.t.TomcatWebServer              : Tomcat started on port(s): 8082 (http) with context path ''
2023-10-25 11:16:01.095  INFO dell-OptiPlex-3060 --- [  restartedMain] c.r.ResumeBuilderBackendApplication      : Started ResumeBuilderBackendApplication in 2.197 seconds (process running for 2844.692)
2023-10-25 11:16:01.098  INFO dell-OptiPlex-3060 --- [  restartedMain] .ConditionEvaluationDeltaLoggingListener : Condition evaluation unchanged
2023-10-25 11:16:01.099  INFO dell-OptiPlex-3060 --- [  restartedMain] c.r.ResumeBuilderBackendApplication      : Project started...
2023-10-25 11:16:32.891  INFO dell-OptiPlex-3060 --- [   File Watcher] rtingClassPathChangeChangedEventListener : Restarting due to 1 class path change (0 additions, 0 deletions, 1 modification)
2023-10-25 11:16:32.899  INFO dell-OptiPlex-3060 --- [      Thread-11] o.a.c.h.Http11NioProtocol                : Pausing ProtocolHandler ["http-nio-8082"]
2023-10-25 11:16:32.900  INFO dell-OptiPlex-3060 --- [      Thread-11] o.a.c.c.StandardService                  : Stopping service [Tomcat]
2023-10-25 11:16:32.907  WARN dell-OptiPlex-3060 --- [      Thread-11] o.a.c.l.WebappClassLoaderBase            : The web application [ROOT] appears to have started a thread named [HikariPool-3 housekeeper] but has failed to stop it. This is very likely to create a memory leak. Stack trace of thread:
 java.base@17.0.7/jdk.internal.misc.Unsafe.park(Native Method)
 java.base@17.0.7/java.util.concurrent.locks.LockSupport.parkNanos(LockSupport.java:252)
 java.base@17.0.7/java.util.concurrent.locks.AbstractQueuedSynchronizer$ConditionObject.awaitNanos(AbstractQueuedSynchronizer.java:1672)
 java.base@17.0.7/java.util.concurrent.ScheduledThreadPoolExecutor$DelayedWorkQueue.take(ScheduledThreadPoolExecutor.java:1182)
 java.base@17.0.7/java.util.concurrent.ScheduledThreadPoolExecutor$DelayedWorkQueue.take(ScheduledThreadPoolExecutor.java:899)
 java.base@17.0.7/java.util.concurrent.ThreadPoolExecutor.getTask(ThreadPoolExecutor.java:1062)
 java.base@17.0.7/java.util.concurrent.ThreadPoolExecutor.runWorker(ThreadPoolExecutor.java:1122)
 java.base@17.0.7/java.util.concurrent.ThreadPoolExecutor$Worker.run(ThreadPoolExecutor.java:635)
 java.base@17.0.7/java.lang.Thread.run(Thread.java:833)
2023-10-25 11:16:32.909  INFO dell-OptiPlex-3060 --- [      Thread-11] o.a.c.h.Http11NioProtocol                : Stopping ProtocolHandler ["http-nio-8082"]
2023-10-25 11:16:32.912  INFO dell-OptiPlex-3060 --- [      Thread-11] o.a.c.h.Http11NioProtocol                : Destroying ProtocolHandler ["http-nio-8082"]
2023-10-25 11:16:32.918  INFO dell-OptiPlex-3060 --- [      Thread-11] j.LocalContainerEntityManagerFactoryBean : Closing JPA EntityManagerFactory for persistence unit 'default'
2023-10-25 11:16:32.920  INFO dell-OptiPlex-3060 --- [      Thread-11] c.z.h.HikariDataSource                   : HikariPool-3 - Shutdown initiated...
2023-10-25 11:16:32.927  INFO dell-OptiPlex-3060 --- [      Thread-11] c.z.h.HikariDataSource                   : HikariPool-3 - Shutdown completed.
2023-10-25 11:16:33.100  INFO dell-OptiPlex-3060 --- [  restartedMain] c.r.ResumeBuilderBackendApplication      : Starting ResumeBuilderBackendApplication using Java 17.0.7 with PID 10958 (/home/dell/Myworks/Resume_Builder/Resume Builder App/Resume%20Builder%20Backend/target/classes started by dell in /home/dell/Myworks/Resume_Builder/Resume Builder App/Resume%20Builder%20Backend)
2023-10-25 11:16:33.101  INFO dell-OptiPlex-3060 --- [  restartedMain] c.r.ResumeBuilderBackendApplication      : No active profile set, falling back to 1 default profile: "default"
2023-10-25 11:16:33.304  INFO dell-OptiPlex-3060 --- [  restartedMain] .s.d.r.c.RepositoryConfigurationDelegate : Bootstrapping Spring Data JPA repositories in DEFAULT mode.
2023-10-25 11:16:33.339  INFO dell-OptiPlex-3060 --- [  restartedMain] .s.d.r.c.RepositoryConfigurationDelegate : Finished Spring Data repository scanning in 34 ms. Found 9 JPA repository interfaces.
2023-10-25 11:16:33.570  INFO dell-OptiPlex-3060 --- [  restartedMain] o.s.b.w.e.t.TomcatWebServer              : Tomcat initialized with port(s): 8082 (http)
2023-10-25 11:16:33.571  INFO dell-OptiPlex-3060 --- [  restartedMain] o.a.c.h.Http11NioProtocol                : Initializing ProtocolHandler ["http-nio-8082"]
2023-10-25 11:16:33.572  INFO dell-OptiPlex-3060 --- [  restartedMain] o.a.c.c.StandardService                  : Starting service [Tomcat]
2023-10-25 11:16:33.572  INFO dell-OptiPlex-3060 --- [  restartedMain] o.a.c.c.StandardEngine                   : Starting Servlet engine: [Apache Tomcat/10.1.12]
2023-10-25 11:16:33.589  INFO dell-OptiPlex-3060 --- [  restartedMain] o.a.c.c.C.[.[.[/]                        : Initializing Spring embedded WebApplicationContext
2023-10-25 11:16:33.590  INFO dell-OptiPlex-3060 --- [  restartedMain] w.s.c.ServletWebServerApplicationContext : Root WebApplicationContext: initialization completed in 486 ms
2023-10-25 11:16:33.657  INFO dell-OptiPlex-3060 --- [  restartedMain] o.h.j.i.u.LogHelper                      : HHH000204: Processing PersistenceUnitInfo [name: default]
2023-10-25 11:16:33.667  INFO dell-OptiPlex-3060 --- [  restartedMain] o.h.b.i.BytecodeProviderInitiator        : HHH000021: Bytecode provider name : bytebuddy
2023-10-25 11:16:33.668  INFO dell-OptiPlex-3060 --- [  restartedMain] o.s.o.j.p.SpringPersistenceUnitInfo      : No LoadTimeWeaver setup: ignoring JPA class transformer
2023-10-25 11:16:33.669  INFO dell-OptiPlex-3060 --- [  restartedMain] c.z.h.HikariDataSource                   : HikariPool-4 - Starting...
2023-10-25 11:16:33.669  WARN dell-OptiPlex-3060 --- [  restartedMain] c.z.h.u.DriverDataSource                 : Registered driver with driverClassName=com.mysql.jdbc.Driver was not found, trying direct instantiation.
2023-10-25 11:16:33.685  INFO dell-OptiPlex-3060 --- [  restartedMain] c.z.h.p.HikariPool                       : HikariPool-4 - Added connection com.mysql.cj.jdbc.ConnectionImpl@754aa92d
2023-10-25 11:16:33.685  INFO dell-OptiPlex-3060 --- [  restartedMain] c.z.h.HikariDataSource                   : HikariPool-4 - Start completed.
2023-10-25 11:16:33.748  INFO dell-OptiPlex-3060 --- [  restartedMain] o.h.b.i.BytecodeProviderInitiator        : HHH000021: Bytecode provider name : bytebuddy
2023-10-25 11:16:33.963  INFO dell-OptiPlex-3060 --- [  restartedMain] o.h.e.t.j.p.i.JtaPlatformInitiator       : HHH000490: Using JtaPlatform implementation: [org.hibernate.engine.transaction.jta.platform.internal.NoJtaPlatform]
2023-10-25 11:16:34.156  INFO dell-OptiPlex-3060 --- [  restartedMain] j.LocalContainerEntityManagerFactoryBean : Initialized JPA EntityManagerFactory for persistence unit 'default'
2023-10-25 11:16:34.637  WARN dell-OptiPlex-3060 --- [  restartedMain] JpaBaseConfiguration$JpaWebConfiguration : spring.jpa.open-in-view is enabled by default. Therefore, database queries may be performed during view rendering. Explicitly configure spring.jpa.open-in-view to disable this warning
2023-10-25 11:16:34.797  INFO dell-OptiPlex-3060 --- [  restartedMain] o.s.s.w.DefaultSecurityFilterChain       : Will secure any request with [org.springframework.security.web.session.DisableEncodeUrlFilter@27c5dc84, org.springframework.security.web.context.request.async.WebAsyncManagerIntegrationFilter@2f40bf6a, org.springframework.security.web.context.SecurityContextHolderFilter@5e275f53, org.springframework.security.web.header.HeaderWriterFilter@67209205, org.springframework.web.filter.CorsFilter@17c87609, org.springframework.security.web.authentication.logout.LogoutFilter@78de1a6c, com.resumebuilder.security.jwt.AuthTokenFilter@2b398ba5, org.springframework.security.web.savedrequest.RequestCacheAwareFilter@3e4b42a0, org.springframework.security.web.servletapi.SecurityContextHolderAwareRequestFilter@5d984fd6, org.springframework.security.web.authentication.AnonymousAuthenticationFilter@13d4b3b6, org.springframework.security.web.session.SessionManagementFilter@4c71b9e8, org.springframework.security.web.access.ExceptionTranslationFilter@b9d722d, org.springframework.security.web.access.intercept.AuthorizationFilter@39d1320]
2023-10-25 11:16:35.023  INFO dell-OptiPlex-3060 --- [  restartedMain] o.s.b.d.a.OptionalLiveReloadServer       : LiveReload server is running on port 35729
2023-10-25 11:16:35.040  INFO dell-OptiPlex-3060 --- [  restartedMain] o.a.c.h.Http11NioProtocol                : Starting ProtocolHandler ["http-nio-8082"]
2023-10-25 11:16:35.048  INFO dell-OptiPlex-3060 --- [  restartedMain] o.s.b.w.e.t.TomcatWebServer              : Tomcat started on port(s): 8082 (http) with context path ''
2023-10-25 11:16:35.060  INFO dell-OptiPlex-3060 --- [  restartedMain] c.r.ResumeBuilderBackendApplication      : Started ResumeBuilderBackendApplication in 2.026 seconds (process running for 2878.657)
2023-10-25 11:16:35.064  INFO dell-OptiPlex-3060 --- [  restartedMain] .ConditionEvaluationDeltaLoggingListener : Condition evaluation unchanged
2023-10-25 11:16:35.065  INFO dell-OptiPlex-3060 --- [  restartedMain] c.r.ResumeBuilderBackendApplication      : Project started...
2023-10-25 11:16:55.713  INFO dell-OptiPlex-3060 --- [   File Watcher] rtingClassPathChangeChangedEventListener : Restarting due to 1 class path change (0 additions, 0 deletions, 1 modification)
2023-10-25 11:16:55.717  INFO dell-OptiPlex-3060 --- [      Thread-15] o.a.c.h.Http11NioProtocol                : Pausing ProtocolHandler ["http-nio-8082"]
2023-10-25 11:16:55.717  INFO dell-OptiPlex-3060 --- [      Thread-15] o.a.c.c.StandardService                  : Stopping service [Tomcat]
2023-10-25 11:16:55.720  WARN dell-OptiPlex-3060 --- [      Thread-15] o.a.c.l.WebappClassLoaderBase            : The web application [ROOT] appears to have started a thread named [HikariPool-4 housekeeper] but has failed to stop it. This is very likely to create a memory leak. Stack trace of thread:
 java.base@17.0.7/jdk.internal.misc.Unsafe.park(Native Method)
 java.base@17.0.7/java.util.concurrent.locks.LockSupport.parkNanos(LockSupport.java:252)
 java.base@17.0.7/java.util.concurrent.locks.AbstractQueuedSynchronizer$ConditionObject.awaitNanos(AbstractQueuedSynchronizer.java:1672)
 java.base@17.0.7/java.util.concurrent.ScheduledThreadPoolExecutor$DelayedWorkQueue.take(ScheduledThreadPoolExecutor.java:1182)
 java.base@17.0.7/java.util.concurrent.ScheduledThreadPoolExecutor$DelayedWorkQueue.take(ScheduledThreadPoolExecutor.java:899)
 java.base@17.0.7/java.util.concurrent.ThreadPoolExecutor.getTask(ThreadPoolExecutor.java:1062)
 java.base@17.0.7/java.util.concurrent.ThreadPoolExecutor.runWorker(ThreadPoolExecutor.java:1122)
 java.base@17.0.7/java.util.concurrent.ThreadPoolExecutor$Worker.run(ThreadPoolExecutor.java:635)
 java.base@17.0.7/java.lang.Thread.run(Thread.java:833)
2023-10-25 11:16:55.721  INFO dell-OptiPlex-3060 --- [      Thread-15] o.a.c.h.Http11NioProtocol                : Stopping ProtocolHandler ["http-nio-8082"]
2023-10-25 11:16:55.722  INFO dell-OptiPlex-3060 --- [      Thread-15] o.a.c.h.Http11NioProtocol                : Destroying ProtocolHandler ["http-nio-8082"]
2023-10-25 11:16:55.747  INFO dell-OptiPlex-3060 --- [      Thread-15] j.LocalContainerEntityManagerFactoryBean : Closing JPA EntityManagerFactory for persistence unit 'default'
2023-10-25 11:16:55.748  INFO dell-OptiPlex-3060 --- [      Thread-15] c.z.h.HikariDataSource                   : HikariPool-4 - Shutdown initiated...
2023-10-25 11:16:55.753  INFO dell-OptiPlex-3060 --- [      Thread-15] c.z.h.HikariDataSource                   : HikariPool-4 - Shutdown completed.
2023-10-25 11:16:56.017  INFO dell-OptiPlex-3060 --- [  restartedMain] c.r.ResumeBuilderBackendApplication      : Starting ResumeBuilderBackendApplication using Java 17.0.7 with PID 10958 (/home/dell/Myworks/Resume_Builder/Resume Builder App/Resume%20Builder%20Backend/target/classes started by dell in /home/dell/Myworks/Resume_Builder/Resume Builder App/Resume%20Builder%20Backend)
2023-10-25 11:16:56.017  INFO dell-OptiPlex-3060 --- [  restartedMain] c.r.ResumeBuilderBackendApplication      : No active profile set, falling back to 1 default profile: "default"
2023-10-25 11:16:56.242  INFO dell-OptiPlex-3060 --- [  restartedMain] .s.d.r.c.RepositoryConfigurationDelegate : Bootstrapping Spring Data JPA repositories in DEFAULT mode.
2023-10-25 11:16:56.278  INFO dell-OptiPlex-3060 --- [  restartedMain] .s.d.r.c.RepositoryConfigurationDelegate : Finished Spring Data repository scanning in 35 ms. Found 9 JPA repository interfaces.
2023-10-25 11:16:56.549  INFO dell-OptiPlex-3060 --- [  restartedMain] o.s.b.w.e.t.TomcatWebServer              : Tomcat initialized with port(s): 8082 (http)
2023-10-25 11:16:56.550  INFO dell-OptiPlex-3060 --- [  restartedMain] o.a.c.h.Http11NioProtocol                : Initializing ProtocolHandler ["http-nio-8082"]
2023-10-25 11:16:56.550  INFO dell-OptiPlex-3060 --- [  restartedMain] o.a.c.c.StandardService                  : Starting service [Tomcat]
2023-10-25 11:16:56.551  INFO dell-OptiPlex-3060 --- [  restartedMain] o.a.c.c.StandardEngine                   : Starting Servlet engine: [Apache Tomcat/10.1.12]
2023-10-25 11:16:56.569  INFO dell-OptiPlex-3060 --- [  restartedMain] o.a.c.c.C.[.[.[/]                        : Initializing Spring embedded WebApplicationContext
2023-10-25 11:16:56.570  INFO dell-OptiPlex-3060 --- [  restartedMain] w.s.c.ServletWebServerApplicationContext : Root WebApplicationContext: initialization completed in 551 ms
2023-10-25 11:16:56.643  INFO dell-OptiPlex-3060 --- [  restartedMain] o.h.j.i.u.LogHelper                      : HHH000204: Processing PersistenceUnitInfo [name: default]
2023-10-25 11:16:56.653  INFO dell-OptiPlex-3060 --- [  restartedMain] o.h.b.i.BytecodeProviderInitiator        : HHH000021: Bytecode provider name : bytebuddy
2023-10-25 11:16:56.653  INFO dell-OptiPlex-3060 --- [  restartedMain] o.s.o.j.p.SpringPersistenceUnitInfo      : No LoadTimeWeaver setup: ignoring JPA class transformer
2023-10-25 11:16:56.655  INFO dell-OptiPlex-3060 --- [  restartedMain] c.z.h.HikariDataSource                   : HikariPool-5 - Starting...
2023-10-25 11:16:56.656  WARN dell-OptiPlex-3060 --- [  restartedMain] c.z.h.u.DriverDataSource                 : Registered driver with driverClassName=com.mysql.jdbc.Driver was not found, trying direct instantiation.
2023-10-25 11:16:56.670  INFO dell-OptiPlex-3060 --- [  restartedMain] c.z.h.p.HikariPool                       : HikariPool-5 - Added connection com.mysql.cj.jdbc.ConnectionImpl@5a489f07
2023-10-25 11:16:56.670  INFO dell-OptiPlex-3060 --- [  restartedMain] c.z.h.HikariDataSource                   : HikariPool-5 - Start completed.
2023-10-25 11:16:56.730  INFO dell-OptiPlex-3060 --- [  restartedMain] o.h.b.i.BytecodeProviderInitiator        : HHH000021: Bytecode provider name : bytebuddy
2023-10-25 11:16:56.945  INFO dell-OptiPlex-3060 --- [  restartedMain] o.h.e.t.j.p.i.JtaPlatformInitiator       : HHH000490: Using JtaPlatform implementation: [org.hibernate.engine.transaction.jta.platform.internal.NoJtaPlatform]
2023-10-25 11:16:57.063  INFO dell-OptiPlex-3060 --- [  restartedMain] j.LocalContainerEntityManagerFactoryBean : Initialized JPA EntityManagerFactory for persistence unit 'default'
2023-10-25 11:16:57.501  WARN dell-OptiPlex-3060 --- [  restartedMain] JpaBaseConfiguration$JpaWebConfiguration : spring.jpa.open-in-view is enabled by default. Therefore, database queries may be performed during view rendering. Explicitly configure spring.jpa.open-in-view to disable this warning
2023-10-25 11:16:57.669  INFO dell-OptiPlex-3060 --- [  restartedMain] o.s.s.w.DefaultSecurityFilterChain       : Will secure any request with [org.springframework.security.web.session.DisableEncodeUrlFilter@36de5cf, org.springframework.security.web.context.request.async.WebAsyncManagerIntegrationFilter@6bace1d9, org.springframework.security.web.context.SecurityContextHolderFilter@5b45ffaa, org.springframework.security.web.header.HeaderWriterFilter@62efdc26, org.springframework.web.filter.CorsFilter@38fe0b31, org.springframework.security.web.authentication.logout.LogoutFilter@74c39d56, com.resumebuilder.security.jwt.AuthTokenFilter@7ca8284e, org.springframework.security.web.savedrequest.RequestCacheAwareFilter@6c6c7, org.springframework.security.web.servletapi.SecurityContextHolderAwareRequestFilter@1c14340d, org.springframework.security.web.authentication.AnonymousAuthenticationFilter@3ee23ae, org.springframework.security.web.session.SessionManagementFilter@38949267, org.springframework.security.web.access.ExceptionTranslationFilter@1509c23f, org.springframework.security.web.access.intercept.AuthorizationFilter@7fccadee]
2023-10-25 11:16:57.928  INFO dell-OptiPlex-3060 --- [  restartedMain] o.s.b.d.a.OptionalLiveReloadServer       : LiveReload server is running on port 35729
2023-10-25 11:16:57.944  INFO dell-OptiPlex-3060 --- [  restartedMain] o.a.c.h.Http11NioProtocol                : Starting ProtocolHandler ["http-nio-8082"]
2023-10-25 11:16:57.948  INFO dell-OptiPlex-3060 --- [  restartedMain] o.s.b.w.e.t.TomcatWebServer              : Tomcat started on port(s): 8082 (http) with context path ''
2023-10-25 11:16:57.955  INFO dell-OptiPlex-3060 --- [  restartedMain] c.r.ResumeBuilderBackendApplication      : Started ResumeBuilderBackendApplication in 2.019 seconds (process running for 2901.552)
2023-10-25 11:16:57.960  INFO dell-OptiPlex-3060 --- [  restartedMain] .ConditionEvaluationDeltaLoggingListener : Condition evaluation unchanged
2023-10-25 11:16:57.960  INFO dell-OptiPlex-3060 --- [  restartedMain] c.r.ResumeBuilderBackendApplication      : Project started...
2023-10-25 11:18:47.900  INFO dell-OptiPlex-3060 --- [nio-8082-exec-1] o.a.c.c.C.[.[.[/]                        : Initializing Spring DispatcherServlet 'dispatcherServlet'
2023-10-25 11:18:47.900  INFO dell-OptiPlex-3060 --- [nio-8082-exec-1] o.s.w.s.DispatcherServlet                : Initializing Servlet 'dispatcherServlet'
2023-10-25 11:18:47.903  INFO dell-OptiPlex-3060 --- [nio-8082-exec-1] o.s.w.s.DispatcherServlet                : Completed initialization in 3 ms
2023-10-25 11:18:47.928  INFO dell-OptiPlex-3060 --- [nio-8082-exec-2] r.r.ResumeTemplatesServiceImplementation : this is the getAllTemplates method
2023-10-25 11:19:16.610  INFO dell-OptiPlex-3060 --- [nio-8082-exec-4] r.r.ResumeTemplatesServiceImplementation : this is the getAllTemplates method
2023-10-25 11:19:57.920  INFO dell-OptiPlex-3060 --- [nio-8082-exec-6] r.r.ResumeTemplatesServiceImplementation : this is the getAllTemplates method
2023-10-25 11:20:06.485  INFO dell-OptiPlex-3060 --- [nio-8082-exec-8] r.r.ResumeTemplatesServiceImplementation : this is the getAllTemplates method
2023-10-25 11:23:11.045  INFO dell-OptiPlex-3060 --- [nio-8082-exec-1] r.r.ResumeTemplatesServiceImplementation : this is the getAllTemplates method
2023-10-25 11:23:15.792  INFO dell-OptiPlex-3060 --- [nio-8082-exec-2] r.r.ResumeTemplatesServiceImplementation : this is the getAllTemplates method
2023-10-25 11:23:28.148  INFO dell-OptiPlex-3060 --- [nio-8082-exec-4] r.r.ResumeTemplatesServiceImplementation : this is the getAllTemplates method
2023-10-25 11:23:51.570  INFO dell-OptiPlex-3060 --- [nio-8082-exec-6] r.r.ResumeTemplatesServiceImplementation : this is the getAllTemplates method
2023-10-25 11:24:03.243  INFO dell-OptiPlex-3060 --- [io-8082-exec-10] r.r.ResumeTemplatesServiceImplementation : this is the getAllTemplates method
2023-10-25 11:24:24.451  INFO dell-OptiPlex-3060 --- [nio-8082-exec-2] r.r.ResumeTemplatesServiceImplementation : this is the getAllTemplates method
2023-10-25 11:26:55.030  INFO dell-OptiPlex-3060 --- [nio-8082-exec-7] r.r.ResumeTemplatesServiceImplementation : this is the getAllTemplates method
2023-10-25 11:28:27.073  INFO dell-OptiPlex-3060 --- [nio-8082-exec-2] r.r.ResumeTemplatesServiceImplementation : this is the getAllTemplates method
2023-10-25 11:28:46.238  INFO dell-OptiPlex-3060 --- [nio-8082-exec-6] r.r.ResumeTemplatesServiceImplementation : this is the getAllTemplates method
2023-10-25 11:31:21.697  INFO dell-OptiPlex-3060 --- [nio-8082-exec-1] r.r.ResumeTemplatesServiceImplementation : this is the getAllTemplates method
2023-10-25 11:32:25.907  INFO dell-OptiPlex-3060 --- [nio-8082-exec-6] r.r.ResumeTemplatesServiceImplementation : this is the getAllTemplates method
2023-10-25 11:32:44.879  INFO dell-OptiPlex-3060 --- [nio-8082-exec-8] r.r.ResumeTemplatesServiceImplementation : this is the getAllTemplates method
2023-10-25 11:32:52.718  INFO dell-OptiPlex-3060 --- [nio-8082-exec-2] r.r.ResumeTemplatesServiceImplementation : this is the getAllTemplates method
2023-10-25 11:33:24.503  INFO dell-OptiPlex-3060 --- [nio-8082-exec-6] r.r.ResumeTemplatesServiceImplementation : this is the getAllTemplates method
2023-10-25 11:33:44.427  INFO dell-OptiPlex-3060 --- [nio-8082-exec-8] r.r.ResumeTemplatesServiceImplementation : this is the getAllTemplates method
2023-10-25 11:33:50.444  INFO dell-OptiPlex-3060 --- [nio-8082-exec-2] r.r.ResumeTemplatesServiceImplementation : this is the getAllTemplates method
2023-10-25 11:34:02.231  INFO dell-OptiPlex-3060 --- [nio-8082-exec-4] r.r.ResumeTemplatesServiceImplementation : this is the getAllTemplates method
2023-10-25 11:34:18.528  INFO dell-OptiPlex-3060 --- [nio-8082-exec-8] r.r.ResumeTemplatesServiceImplementation : this is the getAllTemplates method
2023-10-25 11:43:10.570  INFO dell-OptiPlex-3060 --- [nio-8082-exec-3] r.r.ResumeTemplatesServiceImplementation : this is the getAllTemplates method
2023-10-25 11:45:48.521  INFO dell-OptiPlex-3060 --- [nio-8082-exec-8] r.r.ResumeTemplatesServiceImplementation : this is the getAllTemplates method
2023-10-25 11:46:09.287  INFO dell-OptiPlex-3060 --- [nio-8082-exec-2] r.r.ResumeTemplatesServiceImplementation : this is the getAllTemplates method
2023-10-25 11:46:56.011  INFO dell-OptiPlex-3060 --- [nio-8082-exec-4] r.r.ResumeTemplatesServiceImplementation : this is the getAllTemplates method
2023-10-25 11:47:25.693  INFO dell-OptiPlex-3060 --- [nio-8082-exec-6] r.r.ResumeTemplatesServiceImplementation : this is the getAllTemplates method
2023-10-25 11:57:13.397  INFO dell-OptiPlex-3060 --- [nio-8082-exec-9] r.r.ResumeTemplatesServiceImplementation : this is the getAllTemplates method
2023-10-25 11:57:28.400  INFO dell-OptiPlex-3060 --- [nio-8082-exec-1] r.r.ResumeTemplatesServiceImplementation : this is the getAllTemplates method
2023-10-25 11:57:32.938  INFO dell-OptiPlex-3060 --- [nio-8082-exec-4] r.r.ResumeTemplatesServiceImplementation : this is the getAllTemplates method
2023-10-25 12:02:34.427  INFO dell-OptiPlex-3060 --- [nio-8082-exec-9] r.r.ResumeTemplatesServiceImplementation : this is the getAllTemplates method
2023-10-25 12:04:45.081  INFO dell-OptiPlex-3060 --- [nio-8082-exec-4] r.r.ResumeTemplatesServiceImplementation : this is the getAllTemplates method
2023-10-25 12:12:27.740  INFO dell-OptiPlex-3060 --- [nio-8082-exec-9] r.r.ResumeTemplatesServiceImplementation : this is the getAllTemplates method
2023-10-25 12:29:48.655  INFO dell-OptiPlex-3060 --- [nio-8082-exec-4] r.r.ResumeTemplatesServiceImplementation : this is the getAllTemplates method
2023-10-25 12:31:19.338  INFO dell-OptiPlex-3060 --- [nio-8082-exec-9] r.r.ResumeTemplatesServiceImplementation : this is the getAllTemplates method
2023-10-25 12:40:24.601  INFO dell-OptiPlex-3060 --- [nio-8082-exec-4] r.r.ResumeTemplatesServiceImplementation : this is the getAllTemplates method
2023-10-25 12:40:45.287  INFO dell-OptiPlex-3060 --- [nio-8082-exec-8] r.r.ResumeTemplatesServiceImplementation : this is the getAllTemplates method
2023-10-25 12:41:20.373  INFO dell-OptiPlex-3060 --- [nio-8082-exec-2] r.r.ResumeTemplatesServiceImplementation : this is the getAllTemplates method
2023-10-25 12:47:02.191  INFO dell-OptiPlex-3060 --- [nio-8082-exec-7] r.r.ResumeTemplatesServiceImplementation : this is the getAllTemplates method
2023-10-25 12:54:19.047  INFO dell-OptiPlex-3060 --- [nio-8082-exec-2] r.r.ResumeTemplatesServiceImplementation : this is the getAllTemplates method
2023-10-25 12:54:53.696  INFO dell-OptiPlex-3060 --- [nio-8082-exec-6] r.r.ResumeTemplatesServiceImplementation : this is the getAllTemplates method
2023-10-25 12:57:33.579  INFO dell-OptiPlex-3060 --- [nio-8082-exec-1] r.r.ResumeTemplatesServiceImplementation : this is the getAllTemplates method
2023-10-25 12:57:44.175  INFO dell-OptiPlex-3060 --- [nio-8082-exec-5] r.r.ResumeTemplatesServiceImplementation : this is the getAllTemplates method
2023-10-25 12:58:04.097  INFO dell-OptiPlex-3060 --- [nio-8082-exec-9] r.r.ResumeTemplatesServiceImplementation : this is the getAllTemplates method
2023-10-25 13:02:58.594  INFO dell-OptiPlex-3060 --- [nio-8082-exec-2] r.r.ResumeTemplatesServiceImplementation : this is the getAllTemplates method
2023-10-25 13:03:09.739  INFO dell-OptiPlex-3060 --- [nio-8082-exec-6] r.r.ResumeTemplatesServiceImplementation : this is the getAllTemplates method
2023-10-25 13:04:14.249  INFO dell-OptiPlex-3060 --- [nio-8082-exec-1] r.r.ResumeTemplatesServiceImplementation : this is the getAllTemplates method
2023-10-25 13:04:37.911  INFO dell-OptiPlex-3060 --- [nio-8082-exec-5] r.r.ResumeTemplatesServiceImplementation : this is the getAllTemplates method
2023-10-25 13:04:51.599  INFO dell-OptiPlex-3060 --- [nio-8082-exec-9] r.r.ResumeTemplatesServiceImplementation : this is the getAllTemplates method
2023-10-25 13:05:08.383  INFO dell-OptiPlex-3060 --- [nio-8082-exec-1] r.r.ResumeTemplatesServiceImplementation : this is the getAllTemplates method
2023-10-25 13:05:21.386  INFO dell-OptiPlex-3060 --- [nio-8082-exec-5] r.r.ResumeTemplatesServiceImplementation : this is the getAllTemplates method
2023-10-25 15:10:52.232  WARN dell-OptiPlex-3060 --- [(286)-127.0.0.1] j.m.r.misc                               : The server has decided to close this client connection.
2023-10-25 16:10:55.375  INFO dell-OptiPlex-3060 --- [(350)-127.0.0.1] inMXBeanRegistrar$SpringApplicationAdmin : Application shutdown requested.
2023-10-25 16:10:55.425  INFO dell-OptiPlex-3060 --- [(350)-127.0.0.1] o.a.c.h.Http11NioProtocol                : Pausing ProtocolHandler ["http-nio-8082"]
2023-10-25 16:10:55.427  INFO dell-OptiPlex-3060 --- [(350)-127.0.0.1] o.a.c.c.StandardService                  : Stopping service [Tomcat]
2023-10-25 16:10:55.429  INFO dell-OptiPlex-3060 --- [(350)-127.0.0.1] o.a.c.c.C.[.[.[/]                        : Destroying Spring FrameworkServlet 'dispatcherServlet'
2023-10-25 16:10:55.443  WARN dell-OptiPlex-3060 --- [(350)-127.0.0.1] o.a.c.l.WebappClassLoaderBase            : The web application [ROOT] appears to have started a thread named [HikariPool-5 housekeeper] but has failed to stop it. This is very likely to create a memory leak. Stack trace of thread:
 java.base@17.0.7/jdk.internal.misc.Unsafe.park(Native Method)
 java.base@17.0.7/java.util.concurrent.locks.LockSupport.parkNanos(LockSupport.java:252)
 java.base@17.0.7/java.util.concurrent.locks.AbstractQueuedSynchronizer$ConditionObject.awaitNanos(AbstractQueuedSynchronizer.java:1672)
 java.base@17.0.7/java.util.concurrent.ScheduledThreadPoolExecutor$DelayedWorkQueue.take(ScheduledThreadPoolExecutor.java:1182)
 java.base@17.0.7/java.util.concurrent.ScheduledThreadPoolExecutor$DelayedWorkQueue.take(ScheduledThreadPoolExecutor.java:899)
 java.base@17.0.7/java.util.concurrent.ThreadPoolExecutor.getTask(ThreadPoolExecutor.java:1062)
 java.base@17.0.7/java.util.concurrent.ThreadPoolExecutor.runWorker(ThreadPoolExecutor.java:1122)
 java.base@17.0.7/java.util.concurrent.ThreadPoolExecutor$Worker.run(ThreadPoolExecutor.java:635)
 java.base@17.0.7/java.lang.Thread.run(Thread.java:833)
2023-10-25 16:10:55.444  INFO dell-OptiPlex-3060 --- [(350)-127.0.0.1] o.a.c.h.Http11NioProtocol                : Stopping ProtocolHandler ["http-nio-8082"]
2023-10-25 16:10:55.456  INFO dell-OptiPlex-3060 --- [(350)-127.0.0.1] o.a.c.h.Http11NioProtocol                : Destroying ProtocolHandler ["http-nio-8082"]
2023-10-25 16:10:55.481  INFO dell-OptiPlex-3060 --- [(350)-127.0.0.1] j.LocalContainerEntityManagerFactoryBean : Closing JPA EntityManagerFactory for persistence unit 'default'
2023-10-25 16:10:55.489  INFO dell-OptiPlex-3060 --- [(350)-127.0.0.1] c.z.h.HikariDataSource                   : HikariPool-5 - Shutdown initiated...
2023-10-25 16:10:55.514  INFO dell-OptiPlex-3060 --- [(350)-127.0.0.1] c.z.h.HikariDataSource                   : HikariPool-5 - Shutdown completed.
2023-10-25 16:11:16.605  INFO dell-OptiPlex-3060 --- [kground-preinit] o.h.v.i.u.Version                        : HV000001: Hibernate Validator 8.0.1.Final
2023-10-25 16:11:16.684  INFO dell-OptiPlex-3060 --- [  restartedMain] c.r.ResumeBuilderBackendApplication      : Starting ResumeBuilderBackendApplication using Java 17.0.7 with PID 5373 (/home/dell/Myworks/Resume_Builder/Resume Builder App/Resume%20Builder%20Backend/target/classes started by dell in /home/dell/Myworks/Resume_Builder/Resume Builder App/Resume%20Builder%20Backend)
2023-10-25 16:11:16.694  INFO dell-OptiPlex-3060 --- [  restartedMain] c.r.ResumeBuilderBackendApplication      : No active profile set, falling back to 1 default profile: "default"
2023-10-25 16:11:16.843  INFO dell-OptiPlex-3060 --- [  restartedMain] o.s.b.d.r.ChangeableUrls                 : The Class-Path manifest attribute in /home/dell/.m2/repository/xalan/xalan/2.7.2/xalan-2.7.2.jar referenced one or more files that do not exist: file:/home/dell/.m2/repository/xalan/xalan/2.7.2/xercesImpl.jar,file:/home/dell/.m2/repository/xalan/xalan/2.7.2/xml-apis.jar,file:/home/dell/.m2/repository/xalan/xalan/2.7.2/serializer.jar
2023-10-25 16:11:16.845  INFO dell-OptiPlex-3060 --- [  restartedMain] o.s.b.d.r.ChangeableUrls                 : The Class-Path manifest attribute in /home/dell/.m2/repository/xalan/serializer/2.7.2/serializer-2.7.2.jar referenced one or more files that do not exist: file:/home/dell/.m2/repository/xalan/serializer/2.7.2/xml-apis.jar
2023-10-25 16:11:16.846  INFO dell-OptiPlex-3060 --- [  restartedMain] o.s.b.d.r.ChangeableUrls                 : The Class-Path manifest attribute in /home/dell/.m2/repository/org/apache/xmlgraphics/batik-rasterizer-ext/1.13/batik-rasterizer-ext-1.13.jar referenced one or more files that do not exist: file:/home/dell/.m2/repository/org/apache/xmlgraphics/batik-rasterizer-ext/1.13/batik-shared-resources-1.13.jar,file:/home/dell/.m2/repository/org/apache/xmlgraphics/batik-rasterizer-ext/1.13/batik-svgrasterizer-1.13.jar,file:/home/dell/.m2/repository/org/apache/xmlgraphics/batik-rasterizer-ext/1.13/batik-parser-1.13.jar,file:/home/dell/.m2/repository/org/apache/xmlgraphics/batik-rasterizer-ext/1.13/batik-xml-1.13.jar,file:/home/dell/.m2/repository/org/apache/xmlgraphics/batik-rasterizer-ext/1.13/batik-transcoder-1.13.jar,file:/home/dell/.m2/repository/org/apache/xmlgraphics/batik-rasterizer-ext/1.13/batik-svggen-1.13.jar,file:/home/dell/.m2/repository/org/apache/xmlgraphics/batik-rasterizer-ext/1.13/batik-util-1.13.jar,file:/home/dell/.m2/repository/org/apache/xmlgraphics/batik-rasterizer-ext/1.13/batik-constants-1.13.jar,file:/home/dell/.m2/repository/org/apache/xmlgraphics/batik-rasterizer-ext/1.13/batik-i18n-1.13.jar,file:/home/dell/.m2/repository/org/apache/xmlgraphics/batik-rasterizer-ext/1.13/batik-codec-1.13.jar,file:/home/dell/.m2/repository/org/apache/xmlgraphics/batik-rasterizer-ext/1.13/batik-extension-1.13.jar,file:/home/dell/.m2/repository/org/apache/xmlgraphics/batik-rasterizer-ext/1.13/batik-anim-1.13.jar,file:/home/dell/.m2/repository/org/apache/xmlgraphics/batik-rasterizer-ext/1.13/batik-awt-util-1.13.jar,file:/home/dell/.m2/repository/org/apache/xmlgraphics/batik-rasterizer-ext/1.13/xmlgraphics-commons-2.4.jar,file:/home/dell/.m2/repository/org/apache/xmlgraphics/batik-rasterizer-ext/1.13/commons-io-1.3.2.jar,file:/home/dell/.m2/repository/org/apache/xmlgraphics/batik-rasterizer-ext/1.13/commons-logging-1.2.jar,file:/home/dell/.m2/repository/org/apache/xmlgraphics/batik-rasterizer-ext/1.13/batik-bridge-1.13.jar,file:/home/dell/.m2/repository/org/apache/xmlgraphics/batik-rasterizer-ext/1.13/batik-script-1.13.jar,file:/home/dell/.m2/repository/org/apache/xmlgraphics/batik-rasterizer-ext/1.13/batik-css-1.13.jar,file:/home/dell/.m2/repository/org/apache/xmlgraphics/batik-rasterizer-ext/1.13/batik-dom-1.13.jar,file:/home/dell/.m2/repository/org/apache/xmlgraphics/batik-rasterizer-ext/1.13/xalan-2.7.2.jar,file:/home/dell/.m2/repository/org/apache/xmlgraphics/batik-rasterizer-ext/1.13/serializer-2.7.2.jar,file:/home/dell/.m2/repository/org/apache/xmlgraphics/batik-rasterizer-ext/1.13/xml-apis-1.4.01.jar,file:/home/dell/.m2/repository/org/apache/xmlgraphics/batik-rasterizer-ext/1.13/batik-ext-1.13.jar,file:/home/dell/.m2/repository/org/apache/xmlgraphics/batik-rasterizer-ext/1.13/batik-gvt-1.13.jar,file:/home/dell/.m2/repository/org/apache/xmlgraphics/batik-rasterizer-ext/1.13/batik-svg-dom-1.13.jar,file:/home/dell/.m2/repository/org/apache/xmlgraphics/batik-rasterizer-ext/1.13/xml-apis-ext-1.3.04.jar
2023-10-25 16:11:16.849  INFO dell-OptiPlex-3060 --- [  restartedMain] o.s.b.d.r.ChangeableUrls                 : The Class-Path manifest attribute in /home/dell/.m2/repository/org/apache/xmlgraphics/batik-rasterizer/1.13/batik-rasterizer-1.13.jar referenced one or more files that do not exist: file:/home/dell/.m2/repository/org/apache/xmlgraphics/batik-rasterizer/1.13/lib/batik-shared-resources-1.13.jar,file:/home/dell/.m2/repository/org/apache/xmlgraphics/batik-rasterizer/1.13/lib/batik-svgrasterizer-1.13.jar,file:/home/dell/.m2/repository/org/apache/xmlgraphics/batik-rasterizer/1.13/lib/batik-parser-1.13.jar,file:/home/dell/.m2/repository/org/apache/xmlgraphics/batik-rasterizer/1.13/lib/batik-awt-util-1.13.jar,file:/home/dell/.m2/repository/org/apache/xmlgraphics/batik-rasterizer/1.13/lib/xmlgraphics-commons-2.4.jar,file:/home/dell/.m2/repository/org/apache/xmlgraphics/batik-rasterizer/1.13/lib/commons-io-1.3.2.jar,file:/home/dell/.m2/repository/org/apache/xmlgraphics/batik-rasterizer/1.13/lib/commons-logging-1.2.jar,file:/home/dell/.m2/repository/org/apache/xmlgraphics/batik-rasterizer/1.13/lib/batik-xml-1.13.jar,file:/home/dell/.m2/repository/org/apache/xmlgraphics/batik-rasterizer/1.13/lib/xml-apis-ext-1.3.04.jar,file:/home/dell/.m2/repository/org/apache/xmlgraphics/batik-rasterizer/1.13/lib/batik-transcoder-1.13.jar,file:/home/dell/.m2/repository/org/apache/xmlgraphics/batik-rasterizer/1.13/lib/batik-anim-1.13.jar,file:/home/dell/.m2/repository/org/apache/xmlgraphics/batik-rasterizer/1.13/lib/batik-css-1.13.jar,file:/home/dell/.m2/repository/org/apache/xmlgraphics/batik-rasterizer/1.13/lib/batik-ext-1.13.jar,file:/home/dell/.m2/repository/org/apache/xmlgraphics/batik-rasterizer/1.13/lib/batik-svg-dom-1.13.jar,file:/home/dell/.m2/repository/org/apache/xmlgraphics/batik-rasterizer/1.13/lib/batik-bridge-1.13.jar,file:/home/dell/.m2/repository/org/apache/xmlgraphics/batik-rasterizer/1.13/lib/batik-script-1.13.jar,file:/home/dell/.m2/repository/org/apache/xmlgraphics/batik-rasterizer/1.13/lib/batik-dom-1.13.jar,file:/home/dell/.m2/repository/org/apache/xmlgraphics/batik-rasterizer/1.13/lib/xalan-2.7.2.jar,file:/home/dell/.m2/repository/org/apache/xmlgraphics/batik-rasterizer/1.13/lib/serializer-2.7.2.jar,file:/home/dell/.m2/repository/org/apache/xmlgraphics/batik-rasterizer/1.13/lib/xml-apis-1.4.01.jar,file:/home/dell/.m2/repository/org/apache/xmlgraphics/batik-rasterizer/1.13/lib/batik-gvt-1.13.jar,file:/home/dell/.m2/repository/org/apache/xmlgraphics/batik-rasterizer/1.13/lib/batik-svggen-1.13.jar,file:/home/dell/.m2/repository/org/apache/xmlgraphics/batik-rasterizer/1.13/lib/batik-util-1.13.jar,file:/home/dell/.m2/repository/org/apache/xmlgraphics/batik-rasterizer/1.13/lib/batik-constants-1.13.jar,file:/home/dell/.m2/repository/org/apache/xmlgraphics/batik-rasterizer/1.13/lib/batik-i18n-1.13.jar,file:/home/dell/.m2/repository/org/apache/xmlgraphics/batik-rasterizer/1.13/lib/batik-codec-1.13.jar,file:/home/dell/.m2/repository/org/apache/xmlgraphics/batik-rasterizer/1.13/lib/fop-transcoder-allinone-2.5.jar
2023-10-25 16:11:16.853  INFO dell-OptiPlex-3060 --- [  restartedMain] o.s.b.d.r.ChangeableUrls                 : The Class-Path manifest attribute in /home/dell/.m2/repository/org/apache/xmlgraphics/batik-slideshow/1.13/batik-slideshow-1.13.jar referenced one or more files that do not exist: file:/home/dell/.m2/repository/org/apache/xmlgraphics/batik-slideshow/1.13/lib/batik-bridge-1.13.jar,file:/home/dell/.m2/repository/org/apache/xmlgraphics/batik-slideshow/1.13/lib/batik-anim-1.13.jar,file:/home/dell/.m2/repository/org/apache/xmlgraphics/batik-slideshow/1.13/lib/batik-ext-1.13.jar,file:/home/dell/.m2/repository/org/apache/xmlgraphics/batik-slideshow/1.13/lib/batik-awt-util-1.13.jar,file:/home/dell/.m2/repository/org/apache/xmlgraphics/batik-slideshow/1.13/lib/batik-css-1.13.jar,file:/home/dell/.m2/repository/org/apache/xmlgraphics/batik-slideshow/1.13/lib/batik-dom-1.13.jar,file:/home/dell/.m2/repository/org/apache/xmlgraphics/batik-slideshow/1.13/lib/xalan-2.7.2.jar,file:/home/dell/.m2/repository/org/apache/xmlgraphics/batik-slideshow/1.13/lib/serializer-2.7.2.jar,file:/home/dell/.m2/repository/org/apache/xmlgraphics/batik-slideshow/1.13/lib/xml-apis-1.4.01.jar,file:/home/dell/.m2/repository/org/apache/xmlgraphics/batik-slideshow/1.13/lib/batik-parser-1.13.jar,file:/home/dell/.m2/repository/org/apache/xmlgraphics/batik-slideshow/1.13/lib/batik-script-1.13.jar,file:/home/dell/.m2/repository/org/apache/xmlgraphics/batik-slideshow/1.13/lib/batik-svg-dom-1.13.jar,file:/home/dell/.m2/repository/org/apache/xmlgraphics/batik-slideshow/1.13/lib/batik-util-1.13.jar,file:/home/dell/.m2/repository/org/apache/xmlgraphics/batik-slideshow/1.13/lib/batik-constants-1.13.jar,file:/home/dell/.m2/repository/org/apache/xmlgraphics/batik-slideshow/1.13/lib/batik-i18n-1.13.jar,file:/home/dell/.m2/repository/org/apache/xmlgraphics/batik-slideshow/1.13/lib/batik-xml-1.13.jar,file:/home/dell/.m2/repository/org/apache/xmlgraphics/batik-slideshow/1.13/lib/xmlgraphics-commons-2.4.jar,file:/home/dell/.m2/repository/org/apache/xmlgraphics/batik-slideshow/1.13/lib/commons-io-1.3.2.jar,file:/home/dell/.m2/repository/org/apache/xmlgraphics/batik-slideshow/1.13/lib/commons-logging-1.2.jar,file:/home/dell/.m2/repository/org/apache/xmlgraphics/batik-slideshow/1.13/lib/batik-gvt-1.13.jar,file:/home/dell/.m2/repository/org/apache/xmlgraphics/batik-slideshow/1.13/lib/batik-shared-resources-1.13.jar,file:/home/dell/.m2/repository/org/apache/xmlgraphics/batik-slideshow/1.13/lib/xml-apis-ext-1.3.04.jar
2023-10-25 16:11:16.854  INFO dell-OptiPlex-3060 --- [  restartedMain] o.s.b.d.r.ChangeableUrls                 : The Class-Path manifest attribute in /home/dell/.m2/repository/org/apache/xmlgraphics/batik-squiggle-ext/1.13/batik-squiggle-ext-1.13.jar referenced one or more files that do not exist: file:/home/dell/.m2/repository/org/apache/xmlgraphics/batik-squiggle-ext/1.13/batik-shared-resources-1.13.jar,file:/home/dell/.m2/repository/org/apache/xmlgraphics/batik-squiggle-ext/1.13/batik-svgbrowser-1.13.jar,file:/home/dell/.m2/repository/org/apache/xmlgraphics/batik-squiggle-ext/1.13/batik-anim-1.13.jar,file:/home/dell/.m2/repository/org/apache/xmlgraphics/batik-squiggle-ext/1.13/batik-bridge-1.13.jar,file:/home/dell/.m2/repository/org/apache/xmlgraphics/batik-squiggle-ext/1.13/batik-script-1.13.jar,file:/home/dell/.m2/repository/org/apache/xmlgraphics/batik-squiggle-ext/1.13/xmlgraphics-commons-2.4.jar,file:/home/dell/.m2/repository/org/apache/xmlgraphics/batik-squiggle-ext/1.13/commons-io-1.3.2.jar,file:/home/dell/.m2/repository/org/apache/xmlgraphics/batik-squiggle-ext/1.13/commons-logging-1.2.jar,file:/home/dell/.m2/repository/org/apache/xmlgraphics/batik-squiggle-ext/1.13/batik-dom-1.13.jar,file:/home/dell/.m2/repository/org/apache/xmlgraphics/batik-squiggle-ext/1.13/xalan-2.7.2.jar,file:/home/dell/.m2/repository/org/apache/xmlgraphics/batik-squiggle-ext/1.13/serializer-2.7.2.jar,file:/home/dell/.m2/repository/org/apache/xmlgraphics/batik-squiggle-ext/1.13/xml-apis-1.4.01.jar,file:/home/dell/.m2/repository/org/apache/xmlgraphics/batik-squiggle-ext/1.13/batik-gvt-1.13.jar,file:/home/dell/.m2/repository/org/apache/xmlgraphics/batik-squiggle-ext/1.13/batik-swing-1.13.jar,file:/home/dell/.m2/repository/org/apache/xmlgraphics/batik-squiggle-ext/1.13/batik-gui-util-1.13.jar,file:/home/dell/.m2/repository/org/apache/xmlgraphics/batik-squiggle-ext/1.13/batik-transcoder-1.13.jar,file:/home/dell/.m2/repository/org/apache/xmlgraphics/batik-squiggle-ext/1.13/batik-svggen-1.13.jar,file:/home/dell/.m2/repository/org/apache/xmlgraphics/batik-squiggle-ext/1.13/batik-util-1.13.jar,file:/home/dell/.m2/repository/org/apache/xmlgraphics/batik-squiggle-ext/1.13/batik-constants-1.13.jar,file:/home/dell/.m2/repository/org/apache/xmlgraphics/batik-squiggle-ext/1.13/batik-i18n-1.13.jar,file:/home/dell/.m2/repository/org/apache/xmlgraphics/batik-squiggle-ext/1.13/batik-xml-1.13.jar,file:/home/dell/.m2/repository/org/apache/xmlgraphics/batik-squiggle-ext/1.13/xml-apis-ext-1.3.04.jar,file:/home/dell/.m2/repository/org/apache/xmlgraphics/batik-squiggle-ext/1.13/batik-extension-1.13.jar,file:/home/dell/.m2/repository/org/apache/xmlgraphics/batik-squiggle-ext/1.13/batik-awt-util-1.13.jar,file:/home/dell/.m2/repository/org/apache/xmlgraphics/batik-squiggle-ext/1.13/batik-css-1.13.jar,file:/home/dell/.m2/repository/org/apache/xmlgraphics/batik-squiggle-ext/1.13/batik-ext-1.13.jar,file:/home/dell/.m2/repository/org/apache/xmlgraphics/batik-squiggle-ext/1.13/batik-parser-1.13.jar,file:/home/dell/.m2/repository/org/apache/xmlgraphics/batik-squiggle-ext/1.13/batik-svg-dom-1.13.jar
2023-10-25 16:11:16.855  INFO dell-OptiPlex-3060 --- [  restartedMain] o.s.b.d.r.ChangeableUrls                 : The Class-Path manifest attribute in /home/dell/.m2/repository/org/apache/xmlgraphics/batik-squiggle/1.13/batik-squiggle-1.13.jar referenced one or more files that do not exist: file:/home/dell/.m2/repository/org/apache/xmlgraphics/batik-squiggle/1.13/lib/batik-shared-resources-1.13.jar,file:/home/dell/.m2/repository/org/apache/xmlgraphics/batik-squiggle/1.13/lib/batik-svgbrowser-1.13.jar,file:/home/dell/.m2/repository/org/apache/xmlgraphics/batik-squiggle/1.13/lib/batik-anim-1.13.jar,file:/home/dell/.m2/repository/org/apache/xmlgraphics/batik-squiggle/1.13/lib/batik-awt-util-1.13.jar,file:/home/dell/.m2/repository/org/apache/xmlgraphics/batik-squiggle/1.13/lib/batik-css-1.13.jar,file:/home/dell/.m2/repository/org/apache/xmlgraphics/batik-squiggle/1.13/lib/batik-ext-1.13.jar,file:/home/dell/.m2/repository/org/apache/xmlgraphics/batik-squiggle/1.13/lib/batik-parser-1.13.jar,file:/home/dell/.m2/repository/org/apache/xmlgraphics/batik-squiggle/1.13/lib/batik-svg-dom-1.13.jar,file:/home/dell/.m2/repository/org/apache/xmlgraphics/batik-squiggle/1.13/lib/batik-bridge-1.13.jar,file:/home/dell/.m2/repository/org/apache/xmlgraphics/batik-squiggle/1.13/lib/batik-script-1.13.jar,file:/home/dell/.m2/repository/org/apache/xmlgraphics/batik-squiggle/1.13/lib/xmlgraphics-commons-2.4.jar,file:/home/dell/.m2/repository/org/apache/xmlgraphics/batik-squiggle/1.13/lib/commons-io-1.3.2.jar,file:/home/dell/.m2/repository/org/apache/xmlgraphics/batik-squiggle/1.13/lib/commons-logging-1.2.jar,file:/home/dell/.m2/repository/org/apache/xmlgraphics/batik-squiggle/1.13/lib/batik-dom-1.13.jar,file:/home/dell/.m2/repository/org/apache/xmlgraphics/batik-squiggle/1.13/lib/xalan-2.7.2.jar,file:/home/dell/.m2/repository/org/apache/xmlgraphics/batik-squiggle/1.13/lib/serializer-2.7.2.jar,file:/home/dell/.m2/repository/org/apache/xmlgraphics/batik-squiggle/1.13/lib/xml-apis-1.4.01.jar,file:/home/dell/.m2/repository/org/apache/xmlgraphics/batik-squiggle/1.13/lib/batik-gvt-1.13.jar,file:/home/dell/.m2/repository/org/apache/xmlgraphics/batik-squiggle/1.13/lib/batik-swing-1.13.jar,file:/home/dell/.m2/repository/org/apache/xmlgraphics/batik-squiggle/1.13/lib/batik-gui-util-1.13.jar,file:/home/dell/.m2/repository/org/apache/xmlgraphics/batik-squiggle/1.13/lib/batik-transcoder-1.13.jar,file:/home/dell/.m2/repository/org/apache/xmlgraphics/batik-squiggle/1.13/lib/batik-svggen-1.13.jar,file:/home/dell/.m2/repository/org/apache/xmlgraphics/batik-squiggle/1.13/lib/batik-util-1.13.jar,file:/home/dell/.m2/repository/org/apache/xmlgraphics/batik-squiggle/1.13/lib/batik-constants-1.13.jar,file:/home/dell/.m2/repository/org/apache/xmlgraphics/batik-squiggle/1.13/lib/batik-i18n-1.13.jar,file:/home/dell/.m2/repository/org/apache/xmlgraphics/batik-squiggle/1.13/lib/batik-xml-1.13.jar,file:/home/dell/.m2/repository/org/apache/xmlgraphics/batik-squiggle/1.13/lib/xml-apis-ext-1.3.04.jar
2023-10-25 16:11:16.857  INFO dell-OptiPlex-3060 --- [  restartedMain] o.s.b.d.r.ChangeableUrls                 : The Class-Path manifest attribute in /home/dell/.m2/repository/org/apache/xmlgraphics/batik-svgpp/1.13/batik-svgpp-1.13.jar referenced one or more files that do not exist: file:/home/dell/.m2/repository/org/apache/xmlgraphics/batik-svgpp/1.13/lib/batik-shared-resources-1.13.jar,file:/home/dell/.m2/repository/org/apache/xmlgraphics/batik-svgpp/1.13/lib/batik-transcoder-1.13.jar,file:/home/dell/.m2/repository/org/apache/xmlgraphics/batik-svgpp/1.13/lib/batik-anim-1.13.jar,file:/home/dell/.m2/repository/org/apache/xmlgraphics/batik-svgpp/1.13/lib/batik-css-1.13.jar,file:/home/dell/.m2/repository/org/apache/xmlgraphics/batik-svgpp/1.13/lib/batik-ext-1.13.jar,file:/home/dell/.m2/repository/org/apache/xmlgraphics/batik-svgpp/1.13/lib/batik-parser-1.13.jar,file:/home/dell/.m2/repository/org/apache/xmlgraphics/batik-svgpp/1.13/lib/batik-svg-dom-1.13.jar,file:/home/dell/.m2/repository/org/apache/xmlgraphics/batik-svgpp/1.13/lib/batik-awt-util-1.13.jar,file:/home/dell/.m2/repository/org/apache/xmlgraphics/batik-svgpp/1.13/lib/xmlgraphics-commons-2.4.jar,file:/home/dell/.m2/repository/org/apache/xmlgraphics/batik-svgpp/1.13/lib/commons-io-1.3.2.jar,file:/home/dell/.m2/repository/org/apache/xmlgraphics/batik-svgpp/1.13/lib/commons-logging-1.2.jar,file:/home/dell/.m2/repository/org/apache/xmlgraphics/batik-svgpp/1.13/lib/batik-bridge-1.13.jar,file:/home/dell/.m2/repository/org/apache/xmlgraphics/batik-svgpp/1.13/lib/batik-script-1.13.jar,file:/home/dell/.m2/repository/org/apache/xmlgraphics/batik-svgpp/1.13/lib/batik-dom-1.13.jar,file:/home/dell/.m2/repository/org/apache/xmlgraphics/batik-svgpp/1.13/lib/xalan-2.7.2.jar,file:/home/dell/.m2/repository/org/apache/xmlgraphics/batik-svgpp/1.13/lib/serializer-2.7.2.jar,file:/home/dell/.m2/repository/org/apache/xmlgraphics/batik-svgpp/1.13/lib/xml-apis-1.4.01.jar,file:/home/dell/.m2/repository/org/apache/xmlgraphics/batik-svgpp/1.13/lib/batik-gvt-1.13.jar,file:/home/dell/.m2/repository/org/apache/xmlgraphics/batik-svgpp/1.13/lib/batik-svggen-1.13.jar,file:/home/dell/.m2/repository/org/apache/xmlgraphics/batik-svgpp/1.13/lib/batik-xml-1.13.jar,file:/home/dell/.m2/repository/org/apache/xmlgraphics/batik-svgpp/1.13/lib/xml-apis-ext-1.3.04.jar,file:/home/dell/.m2/repository/org/apache/xmlgraphics/batik-svgpp/1.13/lib/batik-util-1.13.jar,file:/home/dell/.m2/repository/org/apache/xmlgraphics/batik-svgpp/1.13/lib/batik-constants-1.13.jar,file:/home/dell/.m2/repository/org/apache/xmlgraphics/batik-svgpp/1.13/lib/batik-i18n-1.13.jar
2023-10-25 16:11:16.858  INFO dell-OptiPlex-3060 --- [  restartedMain] o.s.b.d.r.ChangeableUrls                 : The Class-Path manifest attribute in /home/dell/.m2/repository/org/apache/xmlgraphics/batik-ttf2svg/1.13/batik-ttf2svg-1.13.jar referenced one or more files that do not exist: file:/home/dell/.m2/repository/org/apache/xmlgraphics/batik-ttf2svg/1.13/lib/batik-shared-resources-1.13.jar,file:/home/dell/.m2/repository/org/apache/xmlgraphics/batik-ttf2svg/1.13/lib/batik-svggen-1.13.jar,file:/home/dell/.m2/repository/org/apache/xmlgraphics/batik-ttf2svg/1.13/lib/batik-awt-util-1.13.jar,file:/home/dell/.m2/repository/org/apache/xmlgraphics/batik-ttf2svg/1.13/lib/xmlgraphics-commons-2.4.jar,file:/home/dell/.m2/repository/org/apache/xmlgraphics/batik-ttf2svg/1.13/lib/commons-io-1.3.2.jar,file:/home/dell/.m2/repository/org/apache/xmlgraphics/batik-ttf2svg/1.13/lib/commons-logging-1.2.jar,file:/home/dell/.m2/repository/org/apache/xmlgraphics/batik-ttf2svg/1.13/lib/batik-util-1.13.jar,file:/home/dell/.m2/repository/org/apache/xmlgraphics/batik-ttf2svg/1.13/lib/batik-constants-1.13.jar,file:/home/dell/.m2/repository/org/apache/xmlgraphics/batik-ttf2svg/1.13/lib/batik-i18n-1.13.jar
2023-10-25 16:11:16.860  INFO dell-OptiPlex-3060 --- [  restartedMain] .e.DevToolsPropertyDefaultsPostProcessor : Devtools property defaults active! Set 'spring.devtools.add-properties' to 'false' to disable
2023-10-25 16:11:16.861  INFO dell-OptiPlex-3060 --- [  restartedMain] .e.DevToolsPropertyDefaultsPostProcessor : For additional web related logging consider setting the 'logging.level.web' property to 'DEBUG'
2023-10-25 16:11:18.238  INFO dell-OptiPlex-3060 --- [  restartedMain] .s.d.r.c.RepositoryConfigurationDelegate : Bootstrapping Spring Data JPA repositories in DEFAULT mode.
2023-10-25 16:11:18.372  INFO dell-OptiPlex-3060 --- [  restartedMain] .s.d.r.c.RepositoryConfigurationDelegate : Finished Spring Data repository scanning in 122 ms. Found 9 JPA repository interfaces.
2023-10-25 16:11:19.791  INFO dell-OptiPlex-3060 --- [  restartedMain] o.s.b.w.e.t.TomcatWebServer              : Tomcat initialized with port(s): 8082 (http)
2023-10-25 16:11:19.808  INFO dell-OptiPlex-3060 --- [  restartedMain] o.a.c.h.Http11NioProtocol                : Initializing ProtocolHandler ["http-nio-8082"]
2023-10-25 16:11:19.812  INFO dell-OptiPlex-3060 --- [  restartedMain] o.a.c.c.StandardService                  : Starting service [Tomcat]
2023-10-25 16:11:19.813  INFO dell-OptiPlex-3060 --- [  restartedMain] o.a.c.c.StandardEngine                   : Starting Servlet engine: [Apache Tomcat/10.1.12]
2023-10-25 16:11:19.913  INFO dell-OptiPlex-3060 --- [  restartedMain] o.a.c.c.C.[.[.[/]                        : Initializing Spring embedded WebApplicationContext
2023-10-25 16:11:19.913  INFO dell-OptiPlex-3060 --- [  restartedMain] w.s.c.ServletWebServerApplicationContext : Root WebApplicationContext: initialization completed in 3051 ms
2023-10-25 16:11:20.169  INFO dell-OptiPlex-3060 --- [  restartedMain] o.h.j.i.u.LogHelper                      : HHH000204: Processing PersistenceUnitInfo [name: default]
2023-10-25 16:11:20.359  INFO dell-OptiPlex-3060 --- [  restartedMain] o.h.Version                              : HHH000412: Hibernate ORM core version 6.2.7.Final
2023-10-25 16:11:20.371  INFO dell-OptiPlex-3060 --- [  restartedMain] o.h.c.Environment                        : HHH000406: Using bytecode reflection optimizer
2023-10-25 16:11:20.687  INFO dell-OptiPlex-3060 --- [  restartedMain] o.h.b.i.BytecodeProviderInitiator        : HHH000021: Bytecode provider name : bytebuddy
2023-10-25 16:11:20.901  INFO dell-OptiPlex-3060 --- [  restartedMain] o.s.o.j.p.SpringPersistenceUnitInfo      : No LoadTimeWeaver setup: ignoring JPA class transformer
2023-10-25 16:11:20.949  INFO dell-OptiPlex-3060 --- [  restartedMain] c.z.h.HikariDataSource                   : HikariPool-1 - Starting...
2023-10-25 16:11:20.954  WARN dell-OptiPlex-3060 --- [  restartedMain] c.z.h.u.DriverDataSource                 : Registered driver with driverClassName=com.mysql.jdbc.Driver was not found, trying direct instantiation.
2023-10-25 16:11:21.484  INFO dell-OptiPlex-3060 --- [  restartedMain] c.z.h.p.HikariPool                       : HikariPool-1 - Added connection com.mysql.cj.jdbc.ConnectionImpl@d9665d8
2023-10-25 16:11:21.487  INFO dell-OptiPlex-3060 --- [  restartedMain] c.z.h.HikariDataSource                   : HikariPool-1 - Start completed.
2023-10-25 16:11:22.258  INFO dell-OptiPlex-3060 --- [  restartedMain] o.h.b.i.BytecodeProviderInitiator        : HHH000021: Bytecode provider name : bytebuddy
2023-10-25 16:11:23.768  INFO dell-OptiPlex-3060 --- [  restartedMain] o.h.e.t.j.p.i.JtaPlatformInitiator       : HHH000490: Using JtaPlatform implementation: [org.hibernate.engine.transaction.jta.platform.internal.NoJtaPlatform]
2023-10-25 16:11:24.266  INFO dell-OptiPlex-3060 --- [  restartedMain] j.LocalContainerEntityManagerFactoryBean : Initialized JPA EntityManagerFactory for persistence unit 'default'
2023-10-25 16:11:24.843  INFO dell-OptiPlex-3060 --- [  restartedMain] o.s.d.j.r.q.QueryEnhancerFactory         : Hibernate is in classpath; If applicable, HQL parser will be used.
2023-10-25 16:11:26.046  WARN dell-OptiPlex-3060 --- [  restartedMain] JpaBaseConfiguration$JpaWebConfiguration : spring.jpa.open-in-view is enabled by default. Therefore, database queries may be performed during view rendering. Explicitly configure spring.jpa.open-in-view to disable this warning
2023-10-25 16:11:26.497  INFO dell-OptiPlex-3060 --- [  restartedMain] o.s.s.w.DefaultSecurityFilterChain       : Will secure any request with [org.springframework.security.web.session.DisableEncodeUrlFilter@73c1455a, org.springframework.security.web.context.request.async.WebAsyncManagerIntegrationFilter@291531ef, org.springframework.security.web.context.SecurityContextHolderFilter@2c71d7ae, org.springframework.security.web.header.HeaderWriterFilter@14bd3297, org.springframework.web.filter.CorsFilter@75548782, org.springframework.security.web.authentication.logout.LogoutFilter@469040aa, com.resumebuilder.security.jwt.AuthTokenFilter@20f470e4, org.springframework.security.web.savedrequest.RequestCacheAwareFilter@2902e965, org.springframework.security.web.servletapi.SecurityContextHolderAwareRequestFilter@73808cdb, org.springframework.security.web.authentication.AnonymousAuthenticationFilter@6ca2a353, org.springframework.security.web.session.SessionManagementFilter@31c2922b, org.springframework.security.web.access.ExceptionTranslationFilter@1f826056, org.springframework.security.web.access.intercept.AuthorizationFilter@27efac29]
2023-10-25 16:11:27.076  INFO dell-OptiPlex-3060 --- [  restartedMain] o.s.b.d.a.OptionalLiveReloadServer       : LiveReload server is running on port 35729
2023-10-25 16:11:27.118  INFO dell-OptiPlex-3060 --- [  restartedMain] o.a.c.h.Http11NioProtocol                : Starting ProtocolHandler ["http-nio-8082"]
2023-10-25 16:11:27.142  INFO dell-OptiPlex-3060 --- [  restartedMain] o.s.b.w.e.t.TomcatWebServer              : Tomcat started on port(s): 8082 (http) with context path ''
2023-10-25 16:11:27.159  INFO dell-OptiPlex-3060 --- [  restartedMain] c.r.ResumeBuilderBackendApplication      : Started ResumeBuilderBackendApplication in 11.053 seconds (process running for 13.909)
2023-10-25 16:11:27.167  INFO dell-OptiPlex-3060 --- [  restartedMain] c.r.ResumeBuilderBackendApplication      : Project started...
2023-10-25 18:51:57.988  INFO dell-OptiPlex-3060 --- [(169)-127.0.0.1] inMXBeanRegistrar$SpringApplicationAdmin : Application shutdown requested.
2023-10-25 18:51:58.004  INFO dell-OptiPlex-3060 --- [(169)-127.0.0.1] o.a.c.h.Http11NioProtocol                : Pausing ProtocolHandler ["http-nio-8082"]
2023-10-25 18:51:58.005  INFO dell-OptiPlex-3060 --- [(169)-127.0.0.1] o.a.c.c.StandardService                  : Stopping service [Tomcat]
2023-10-25 18:51:58.011  WARN dell-OptiPlex-3060 --- [(169)-127.0.0.1] o.a.c.l.WebappClassLoaderBase            : The web application [ROOT] appears to have started a thread named [HikariPool-1 housekeeper] but has failed to stop it. This is very likely to create a memory leak. Stack trace of thread:
 java.base@17.0.7/jdk.internal.misc.Unsafe.park(Native Method)
 java.base@17.0.7/java.util.concurrent.locks.LockSupport.parkNanos(LockSupport.java:252)
 java.base@17.0.7/java.util.concurrent.locks.AbstractQueuedSynchronizer$ConditionObject.awaitNanos(AbstractQueuedSynchronizer.java:1672)
 java.base@17.0.7/java.util.concurrent.ScheduledThreadPoolExecutor$DelayedWorkQueue.take(ScheduledThreadPoolExecutor.java:1182)
 java.base@17.0.7/java.util.concurrent.ScheduledThreadPoolExecutor$DelayedWorkQueue.take(ScheduledThreadPoolExecutor.java:899)
 java.base@17.0.7/java.util.concurrent.ThreadPoolExecutor.getTask(ThreadPoolExecutor.java:1062)
 java.base@17.0.7/java.util.concurrent.ThreadPoolExecutor.runWorker(ThreadPoolExecutor.java:1122)
 java.base@17.0.7/java.util.concurrent.ThreadPoolExecutor$Worker.run(ThreadPoolExecutor.java:635)
 java.base@17.0.7/java.lang.Thread.run(Thread.java:833)
2023-10-25 18:51:58.013  INFO dell-OptiPlex-3060 --- [(169)-127.0.0.1] o.a.c.h.Http11NioProtocol                : Stopping ProtocolHandler ["http-nio-8082"]
2023-10-25 18:51:58.016  INFO dell-OptiPlex-3060 --- [(169)-127.0.0.1] o.a.c.h.Http11NioProtocol                : Destroying ProtocolHandler ["http-nio-8082"]
2023-10-25 18:51:58.022  INFO dell-OptiPlex-3060 --- [(169)-127.0.0.1] j.LocalContainerEntityManagerFactoryBean : Closing JPA EntityManagerFactory for persistence unit 'default'
2023-10-25 18:51:58.027  INFO dell-OptiPlex-3060 --- [(169)-127.0.0.1] c.z.h.HikariDataSource                   : HikariPool-1 - Shutdown initiated...
2023-10-25 18:51:58.032  INFO dell-OptiPlex-3060 --- [(169)-127.0.0.1] c.z.h.HikariDataSource                   : HikariPool-1 - Shutdown completed.
