2023-11-21 09:49:07.290 ERROR hp-HP-EliteDesk-800-G4-DM-35W-TAA --- [nio-8082-exec-8] c.r.s.j.AuthEntryPointJwt                : Unauthorized error: Full authentication is required to access this resource
2023-11-21 09:49:14.199  INFO hp-HP-EliteDesk-800-G4-DM-35W-TAA --- [nio-8082-exec-2] c.r.u.UserServiceImplementation          : Finding user by ID: 2
2023-11-21 09:50:51.300  INFO hp-HP-EliteDesk-800-G4-DM-35W-TAA --- [nio-8082-exec-5] c.r.u.UserServiceImplementation          : Finding user by ID: 2
2023-11-21 09:50:57.080  INFO hp-HP-EliteDesk-800-G4-DM-35W-TAA --- [nio-8082-exec-7] c.r.u.UserServiceImplementation          : Finding user by username: manager@quadwave.com
2023-11-21 09:50:57.312  INFO hp-HP-EliteDesk-800-G4-DM-35W-TAA --- [nio-8082-exec-9] c.r.u.UserServiceImplementation          : Finding user by ID: 2
2023-11-21 09:51:08.075  INFO hp-HP-EliteDesk-800-G4-DM-35W-TAA --- [nio-8082-exec-1] c.r.u.UserServiceImplementation          : Finding user by ID: 2
2023-11-21 09:51:19.116  INFO hp-HP-EliteDesk-800-G4-DM-35W-TAA --- [nio-8082-exec-3] c.r.u.UserServiceImplementation          : Finding user by ID: 2
2023-11-21 09:51:39.332  INFO hp-HP-EliteDesk-800-G4-DM-35W-TAA --- [nio-8082-exec-5] c.r.u.UserServiceImplementation          : Finding user by ID: 2
2023-11-21 10:06:21.776  INFO hp-HP-EliteDesk-800-G4-DM-35W-TAA --- [io-8082-exec-10] c.r.u.UserServiceImplementation          : Finding user by username: manager@quadwave.com
2023-11-21 10:11:19.543  INFO hp-HP-EliteDesk-800-G4-DM-35W-TAA --- [nio-8082-exec-6] c.r.u.UserServiceImplementation          : Finding user by username: manager@quadwave.com
2023-11-21 10:11:30.331  INFO hp-HP-EliteDesk-800-G4-DM-35W-TAA --- [nio-8082-exec-8] c.r.u.UserServiceImplementation          : Finding user by username: manager@quadwave.com
2023-11-21 10:13:05.255 ERROR hp-HP-EliteDesk-800-G4-DM-35W-TAA --- [nio-8082-exec-1] c.r.s.j.AuthEntryPointJwt                : Unauthorized error: Full authentication is required to access this resource
2023-11-21 10:24:42.341  INFO hp-HP-EliteDesk-800-G4-DM-35W-TAA --- [nio-8082-exec-4] c.r.u.UserServiceImplementation          : Finding user by username: manager@quadwave.com
2023-11-21 10:32:02.746  INFO hp-HP-EliteDesk-800-G4-DM-35W-TAA --- [nio-8082-exec-7] c.r.u.UserServiceImplementation          : Users found for email {}
2023-11-21 10:32:02.770  INFO hp-HP-EliteDesk-800-G4-DM-35W-TAA --- [nio-8082-exec-9] c.r.u.UserServiceImplementation          : Finding user by username: admin@quadwave.com
2023-11-21 10:37:27.437  INFO hp-HP-EliteDesk-800-G4-DM-35W-TAA --- [   File Watcher] rtingClassPathChangeChangedEventListener : Restarting due to 1 class path change (0 additions, 0 deletions, 1 modification)
2023-11-21 10:37:27.448  INFO hp-HP-EliteDesk-800-G4-DM-35W-TAA --- [      Thread-46] o.a.c.h.Http11NioProtocol                : Pausing ProtocolHandler ["http-nio-8082"]
2023-11-21 10:37:27.448  INFO hp-HP-EliteDesk-800-G4-DM-35W-TAA --- [      Thread-46] o.a.c.c.StandardService                  : Stopping service [Tomcat]
2023-11-21 10:37:27.449  INFO hp-HP-EliteDesk-800-G4-DM-35W-TAA --- [      Thread-46] o.a.c.c.C.[.[.[/]                        : Destroying Spring FrameworkServlet 'dispatcherServlet'
2023-11-21 10:37:27.452  WARN hp-HP-EliteDesk-800-G4-DM-35W-TAA --- [      Thread-46] o.a.c.l.WebappClassLoaderBase            : The web application [ROOT] appears to have started a thread named [HikariPool-12 housekeeper] but has failed to stop it. This is very likely to create a memory leak. Stack trace of thread:
 java.base@17.0.6/jdk.internal.misc.Unsafe.park(Native Method)
 java.base@17.0.6/java.util.concurrent.locks.LockSupport.parkNanos(LockSupport.java:252)
 java.base@17.0.6/java.util.concurrent.locks.AbstractQueuedSynchronizer$ConditionObject.awaitNanos(AbstractQueuedSynchronizer.java:1672)
 java.base@17.0.6/java.util.concurrent.ScheduledThreadPoolExecutor$DelayedWorkQueue.take(ScheduledThreadPoolExecutor.java:1182)
 java.base@17.0.6/java.util.concurrent.ScheduledThreadPoolExecutor$DelayedWorkQueue.take(ScheduledThreadPoolExecutor.java:899)
 java.base@17.0.6/java.util.concurrent.ThreadPoolExecutor.getTask(ThreadPoolExecutor.java:1062)
 java.base@17.0.6/java.util.concurrent.ThreadPoolExecutor.runWorker(ThreadPoolExecutor.java:1122)
 java.base@17.0.6/java.util.concurrent.ThreadPoolExecutor$Worker.run(ThreadPoolExecutor.java:635)
 java.base@17.0.6/java.lang.Thread.run(Thread.java:833)
2023-11-21 10:37:27.453  INFO hp-HP-EliteDesk-800-G4-DM-35W-TAA --- [      Thread-46] o.a.c.h.Http11NioProtocol                : Stopping ProtocolHandler ["http-nio-8082"]
2023-11-21 10:37:27.456  INFO hp-HP-EliteDesk-800-G4-DM-35W-TAA --- [      Thread-46] o.a.c.h.Http11NioProtocol                : Destroying ProtocolHandler ["http-nio-8082"]
2023-11-21 10:37:27.464  INFO hp-HP-EliteDesk-800-G4-DM-35W-TAA --- [      Thread-46] j.LocalContainerEntityManagerFactoryBean : Closing JPA EntityManagerFactory for persistence unit 'default'
2023-11-21 10:37:27.465  INFO hp-HP-EliteDesk-800-G4-DM-35W-TAA --- [      Thread-46] c.z.h.HikariDataSource                   : HikariPool-12 - Shutdown initiated...
2023-11-21 10:37:27.470  INFO hp-HP-EliteDesk-800-G4-DM-35W-TAA --- [      Thread-46] c.z.h.HikariDataSource                   : HikariPool-12 - Shutdown completed.
