2023-10-26 09:18:23.239  INFO hp-HP-EliteDesk-800-G4-DM-35W-TAA --- [  restartedMain] c.r.ResumeBuilderBackendApplication      : Starting ResumeBuilderBackendApplication using Java 17.0.6 with PID 5108 (/home/hp/Documents/Resume Builder clone2/new/Resume%20Builder%20Backend/target/classes started by hp in /home/hp/Documents/Resume Builder clone2/new/Resume%20Builder%20Backend)
2023-10-26 09:18:23.240  INFO hp-HP-EliteDesk-800-G4-DM-35W-TAA --- [  restartedMain] c.r.ResumeBuilderBackendApplication      : No active profile set, falling back to 1 default profile: "default"
2023-10-26 09:18:23.406  INFO hp-HP-EliteDesk-800-G4-DM-35W-TAA --- [  restartedMain] .s.d.r.c.RepositoryConfigurationDelegate : Bootstrapping Spring Data JPA repositories in DEFAULT mode.
2023-10-26 09:18:23.438  INFO hp-HP-EliteDesk-800-G4-DM-35W-TAA --- [  restartedMain] .s.d.r.c.RepositoryConfigurationDelegate : Finished Spring Data repository scanning in 32 ms. Found 14 JPA repository interfaces.
2023-10-26 09:18:23.603  INFO hp-HP-EliteDesk-800-G4-DM-35W-TAA --- [  restartedMain] o.s.b.w.e.t.TomcatWebServer              : Tomcat initialized with port(s): 8082 (http)
2023-10-26 09:18:23.604  INFO hp-HP-EliteDesk-800-G4-DM-35W-TAA --- [  restartedMain] o.a.c.h.Http11NioProtocol                : Initializing ProtocolHandler ["http-nio-8082"]
2023-10-26 09:18:23.604  INFO hp-HP-EliteDesk-800-G4-DM-35W-TAA --- [  restartedMain] o.a.c.c.StandardService                  : Starting service [Tomcat]
2023-10-26 09:18:23.605  INFO hp-HP-EliteDesk-800-G4-DM-35W-TAA --- [  restartedMain] o.a.c.c.StandardEngine                   : Starting Servlet engine: [Apache Tomcat/10.1.12]
2023-10-26 09:18:23.622  INFO hp-HP-EliteDesk-800-G4-DM-35W-TAA --- [  restartedMain] o.a.c.c.C.[.[.[/]                        : Initializing Spring embedded WebApplicationContext
2023-10-26 09:18:23.623  INFO hp-HP-EliteDesk-800-G4-DM-35W-TAA --- [  restartedMain] w.s.c.ServletWebServerApplicationContext : Root WebApplicationContext: initialization completed in 381 ms
2023-10-26 09:18:23.686  INFO hp-HP-EliteDesk-800-G4-DM-35W-TAA --- [  restartedMain] o.h.j.i.u.LogHelper                      : HHH000204: Processing PersistenceUnitInfo [name: default]
2023-10-26 09:18:23.693  INFO hp-HP-EliteDesk-800-G4-DM-35W-TAA --- [  restartedMain] o.h.b.i.BytecodeProviderInitiator        : HHH000021: Bytecode provider name : bytebuddy
2023-10-26 09:18:23.693  INFO hp-HP-EliteDesk-800-G4-DM-35W-TAA --- [  restartedMain] o.s.o.j.p.SpringPersistenceUnitInfo      : No LoadTimeWeaver setup: ignoring JPA class transformer
2023-10-26 09:18:23.694  INFO hp-HP-EliteDesk-800-G4-DM-35W-TAA --- [  restartedMain] c.z.h.HikariDataSource                   : HikariPool-7 - Starting...
2023-10-26 09:18:23.707  INFO hp-HP-EliteDesk-800-G4-DM-35W-TAA --- [  restartedMain] c.z.h.p.HikariPool                       : HikariPool-7 - Added connection com.mysql.cj.jdbc.ConnectionImpl@6f5cf7aa
2023-10-26 09:18:23.708  INFO hp-HP-EliteDesk-800-G4-DM-35W-TAA --- [  restartedMain] c.z.h.HikariDataSource                   : HikariPool-7 - Start completed.
2023-10-26 09:18:23.760  INFO hp-HP-EliteDesk-800-G4-DM-35W-TAA --- [  restartedMain] o.h.b.i.BytecodeProviderInitiator        : HHH000021: Bytecode provider name : bytebuddy
2023-10-26 09:18:23.960  INFO hp-HP-EliteDesk-800-G4-DM-35W-TAA --- [  restartedMain] o.h.e.t.j.p.i.JtaPlatformInitiator       : HHH000490: Using JtaPlatform implementation: [org.hibernate.engine.transaction.jta.platform.internal.NoJtaPlatform]
2023-10-26 09:18:24.170  INFO hp-HP-EliteDesk-800-G4-DM-35W-TAA --- [  restartedMain] j.LocalContainerEntityManagerFactoryBean : Initialized JPA EntityManagerFactory for persistence unit 'default'
2023-10-26 09:18:24.877  WARN hp-HP-EliteDesk-800-G4-DM-35W-TAA --- [  restartedMain] JpaBaseConfiguration$JpaWebConfiguration : spring.jpa.open-in-view is enabled by default. Therefore, database queries may be performed during view rendering. Explicitly configure spring.jpa.open-in-view to disable this warning
2023-10-26 09:18:25.063  INFO hp-HP-EliteDesk-800-G4-DM-35W-TAA --- [  restartedMain] o.s.s.w.DefaultSecurityFilterChain       : Will secure any request with [org.springframework.security.web.session.DisableEncodeUrlFilter@4ea5f87e, org.springframework.security.web.context.request.async.WebAsyncManagerIntegrationFilter@29b55aaf, org.springframework.security.web.context.SecurityContextHolderFilter@4ffb395c, org.springframework.security.web.header.HeaderWriterFilter@5bba15b2, org.springframework.web.filter.CorsFilter@5690a3ca, org.springframework.security.web.authentication.logout.LogoutFilter@6fd114d9, com.resumebuilder.security.jwt.AuthTokenFilter@61aca9c5, org.springframework.security.web.savedrequest.RequestCacheAwareFilter@35f0cb4e, org.springframework.security.web.servletapi.SecurityContextHolderAwareRequestFilter@3eec4fc7, org.springframework.security.web.authentication.AnonymousAuthenticationFilter@35a779e7, org.springframework.security.web.session.SessionManagementFilter@fe9169e, org.springframework.security.web.access.ExceptionTranslationFilter@6b622277, org.springframework.security.web.access.intercept.AuthorizationFilter@6e6ef]
2023-10-26 09:18:25.323  INFO hp-HP-EliteDesk-800-G4-DM-35W-TAA --- [  restartedMain] o.s.b.d.a.OptionalLiveReloadServer       : LiveReload server is running on port 35729
2023-10-26 09:18:25.340  INFO hp-HP-EliteDesk-800-G4-DM-35W-TAA --- [  restartedMain] o.a.c.h.Http11NioProtocol                : Starting ProtocolHandler ["http-nio-8082"]
2023-10-26 09:18:25.344  INFO hp-HP-EliteDesk-800-G4-DM-35W-TAA --- [  restartedMain] o.s.b.w.e.t.TomcatWebServer              : Tomcat started on port(s): 8082 (http) with context path ''
2023-10-26 09:18:25.351  INFO hp-HP-EliteDesk-800-G4-DM-35W-TAA --- [  restartedMain] c.r.ResumeBuilderBackendApplication      : Started ResumeBuilderBackendApplication in 2.171 seconds (process running for 3678.962)
2023-10-26 09:18:25.353  INFO hp-HP-EliteDesk-800-G4-DM-35W-TAA --- [  restartedMain] .ConditionEvaluationDeltaLoggingListener : Condition evaluation unchanged
2023-10-26 09:18:25.353  INFO hp-HP-EliteDesk-800-G4-DM-35W-TAA --- [  restartedMain] c.r.ResumeBuilderBackendApplication      : Project started...
2023-10-26 09:18:36.856  INFO hp-HP-EliteDesk-800-G4-DM-35W-TAA --- [   File Watcher] rtingClassPathChangeChangedEventListener : Restarting due to 1 class path change (0 additions, 0 deletions, 1 modification)
2023-10-26 09:18:36.861  INFO hp-HP-EliteDesk-800-G4-DM-35W-TAA --- [      Thread-27] o.a.c.h.Http11NioProtocol                : Pausing ProtocolHandler ["http-nio-8082"]
2023-10-26 09:18:36.862  INFO hp-HP-EliteDesk-800-G4-DM-35W-TAA --- [      Thread-27] o.a.c.c.StandardService                  : Stopping service [Tomcat]
2023-10-26 09:18:36.866  WARN hp-HP-EliteDesk-800-G4-DM-35W-TAA --- [      Thread-27] o.a.c.l.WebappClassLoaderBase            : The web application [ROOT] appears to have started a thread named [HikariPool-7 housekeeper] but has failed to stop it. This is very likely to create a memory leak. Stack trace of thread:
 java.base@17.0.6/jdk.internal.misc.Unsafe.park(Native Method)
 java.base@17.0.6/java.util.concurrent.locks.LockSupport.parkNanos(LockSupport.java:252)
 java.base@17.0.6/java.util.concurrent.locks.AbstractQueuedSynchronizer$ConditionObject.awaitNanos(AbstractQueuedSynchronizer.java:1672)
 java.base@17.0.6/java.util.concurrent.ScheduledThreadPoolExecutor$DelayedWorkQueue.take(ScheduledThreadPoolExecutor.java:1182)
 java.base@17.0.6/java.util.concurrent.ScheduledThreadPoolExecutor$DelayedWorkQueue.take(ScheduledThreadPoolExecutor.java:899)
 java.base@17.0.6/java.util.concurrent.ThreadPoolExecutor.getTask(ThreadPoolExecutor.java:1062)
 java.base@17.0.6/java.util.concurrent.ThreadPoolExecutor.runWorker(ThreadPoolExecutor.java:1122)
 java.base@17.0.6/java.util.concurrent.ThreadPoolExecutor$Worker.run(ThreadPoolExecutor.java:635)
 java.base@17.0.6/java.lang.Thread.run(Thread.java:833)
2023-10-26 09:18:36.868  INFO hp-HP-EliteDesk-800-G4-DM-35W-TAA --- [      Thread-27] o.a.c.h.Http11NioProtocol                : Stopping ProtocolHandler ["http-nio-8082"]
2023-10-26 09:18:36.871  INFO hp-HP-EliteDesk-800-G4-DM-35W-TAA --- [      Thread-27] o.a.c.h.Http11NioProtocol                : Destroying ProtocolHandler ["http-nio-8082"]
2023-10-26 09:18:36.879  INFO hp-HP-EliteDesk-800-G4-DM-35W-TAA --- [      Thread-27] j.LocalContainerEntityManagerFactoryBean : Closing JPA EntityManagerFactory for persistence unit 'default'
2023-10-26 09:18:36.881  INFO hp-HP-EliteDesk-800-G4-DM-35W-TAA --- [      Thread-27] c.z.h.HikariDataSource                   : HikariPool-7 - Shutdown initiated...
2023-10-26 09:18:36.891  INFO hp-HP-EliteDesk-800-G4-DM-35W-TAA --- [      Thread-27] c.z.h.HikariDataSource                   : HikariPool-7 - Shutdown completed.
2023-10-26 09:18:37.071  INFO hp-HP-EliteDesk-800-G4-DM-35W-TAA --- [  restartedMain] c.r.ResumeBuilderBackendApplication      : Starting ResumeBuilderBackendApplication using Java 17.0.6 with PID 5108 (/home/hp/Documents/Resume Builder clone2/new/Resume%20Builder%20Backend/target/classes started by hp in /home/hp/Documents/Resume Builder clone2/new/Resume%20Builder%20Backend)
2023-10-26 09:18:37.072  INFO hp-HP-EliteDesk-800-G4-DM-35W-TAA --- [  restartedMain] c.r.ResumeBuilderBackendApplication      : No active profile set, falling back to 1 default profile: "default"
2023-10-26 09:18:37.245  INFO hp-HP-EliteDesk-800-G4-DM-35W-TAA --- [  restartedMain] .s.d.r.c.RepositoryConfigurationDelegate : Bootstrapping Spring Data JPA repositories in DEFAULT mode.
2023-10-26 09:18:37.279  INFO hp-HP-EliteDesk-800-G4-DM-35W-TAA --- [  restartedMain] .s.d.r.c.RepositoryConfigurationDelegate : Finished Spring Data repository scanning in 33 ms. Found 14 JPA repository interfaces.
2023-10-26 09:18:37.449  INFO hp-HP-EliteDesk-800-G4-DM-35W-TAA --- [  restartedMain] o.s.b.w.e.t.TomcatWebServer              : Tomcat initialized with port(s): 8082 (http)
2023-10-26 09:18:37.450  INFO hp-HP-EliteDesk-800-G4-DM-35W-TAA --- [  restartedMain] o.a.c.h.Http11NioProtocol                : Initializing ProtocolHandler ["http-nio-8082"]
2023-10-26 09:18:37.450  INFO hp-HP-EliteDesk-800-G4-DM-35W-TAA --- [  restartedMain] o.a.c.c.StandardService                  : Starting service [Tomcat]
2023-10-26 09:18:37.450  INFO hp-HP-EliteDesk-800-G4-DM-35W-TAA --- [  restartedMain] o.a.c.c.StandardEngine                   : Starting Servlet engine: [Apache Tomcat/10.1.12]
2023-10-26 09:18:37.467  INFO hp-HP-EliteDesk-800-G4-DM-35W-TAA --- [  restartedMain] o.a.c.c.C.[.[.[/]                        : Initializing Spring embedded WebApplicationContext
2023-10-26 09:18:37.467  INFO hp-HP-EliteDesk-800-G4-DM-35W-TAA --- [  restartedMain] w.s.c.ServletWebServerApplicationContext : Root WebApplicationContext: initialization completed in 393 ms
2023-10-26 09:18:37.536  INFO hp-HP-EliteDesk-800-G4-DM-35W-TAA --- [  restartedMain] o.h.j.i.u.LogHelper                      : HHH000204: Processing PersistenceUnitInfo [name: default]
2023-10-26 09:18:37.543  INFO hp-HP-EliteDesk-800-G4-DM-35W-TAA --- [  restartedMain] o.h.b.i.BytecodeProviderInitiator        : HHH000021: Bytecode provider name : bytebuddy
2023-10-26 09:18:37.543  INFO hp-HP-EliteDesk-800-G4-DM-35W-TAA --- [  restartedMain] o.s.o.j.p.SpringPersistenceUnitInfo      : No LoadTimeWeaver setup: ignoring JPA class transformer
2023-10-26 09:18:37.545  INFO hp-HP-EliteDesk-800-G4-DM-35W-TAA --- [  restartedMain] c.z.h.HikariDataSource                   : HikariPool-8 - Starting...
2023-10-26 09:18:37.556  INFO hp-HP-EliteDesk-800-G4-DM-35W-TAA --- [  restartedMain] c.z.h.p.HikariPool                       : HikariPool-8 - Added connection com.mysql.cj.jdbc.ConnectionImpl@2626105e
2023-10-26 09:18:37.556  INFO hp-HP-EliteDesk-800-G4-DM-35W-TAA --- [  restartedMain] c.z.h.HikariDataSource                   : HikariPool-8 - Start completed.
2023-10-26 09:18:37.609  INFO hp-HP-EliteDesk-800-G4-DM-35W-TAA --- [  restartedMain] o.h.b.i.BytecodeProviderInitiator        : HHH000021: Bytecode provider name : bytebuddy
2023-10-26 09:18:37.846  INFO hp-HP-EliteDesk-800-G4-DM-35W-TAA --- [  restartedMain] o.h.e.t.j.p.i.JtaPlatformInitiator       : HHH000490: Using JtaPlatform implementation: [org.hibernate.engine.transaction.jta.platform.internal.NoJtaPlatform]
2023-10-26 09:18:38.088  INFO hp-HP-EliteDesk-800-G4-DM-35W-TAA --- [  restartedMain] j.LocalContainerEntityManagerFactoryBean : Initialized JPA EntityManagerFactory for persistence unit 'default'
2023-10-26 09:18:38.800  WARN hp-HP-EliteDesk-800-G4-DM-35W-TAA --- [  restartedMain] JpaBaseConfiguration$JpaWebConfiguration : spring.jpa.open-in-view is enabled by default. Therefore, database queries may be performed during view rendering. Explicitly configure spring.jpa.open-in-view to disable this warning
2023-10-26 09:18:38.945  INFO hp-HP-EliteDesk-800-G4-DM-35W-TAA --- [  restartedMain] o.s.s.w.DefaultSecurityFilterChain       : Will secure any request with [org.springframework.security.web.session.DisableEncodeUrlFilter@207f21bd, org.springframework.security.web.context.request.async.WebAsyncManagerIntegrationFilter@2d371168, org.springframework.security.web.context.SecurityContextHolderFilter@1baabdf8, org.springframework.security.web.header.HeaderWriterFilter@67f074dd, org.springframework.web.filter.CorsFilter@307f7374, org.springframework.security.web.authentication.logout.LogoutFilter@4888b9bb, com.resumebuilder.security.jwt.AuthTokenFilter@3e16b446, org.springframework.security.web.savedrequest.RequestCacheAwareFilter@73237423, org.springframework.security.web.servletapi.SecurityContextHolderAwareRequestFilter@1791b006, org.springframework.security.web.authentication.AnonymousAuthenticationFilter@1f90e75d, org.springframework.security.web.session.SessionManagementFilter@228660ba, org.springframework.security.web.access.ExceptionTranslationFilter@20f91315, org.springframework.security.web.access.intercept.AuthorizationFilter@3a69cb6f]
2023-10-26 09:18:39.163  INFO hp-HP-EliteDesk-800-G4-DM-35W-TAA --- [  restartedMain] o.s.b.d.a.OptionalLiveReloadServer       : LiveReload server is running on port 35729
2023-10-26 09:18:39.176  INFO hp-HP-EliteDesk-800-G4-DM-35W-TAA --- [  restartedMain] o.a.c.h.Http11NioProtocol                : Starting ProtocolHandler ["http-nio-8082"]
2023-10-26 09:18:39.179  INFO hp-HP-EliteDesk-800-G4-DM-35W-TAA --- [  restartedMain] o.s.b.w.e.t.TomcatWebServer              : Tomcat started on port(s): 8082 (http) with context path ''
2023-10-26 09:18:39.184  INFO hp-HP-EliteDesk-800-G4-DM-35W-TAA --- [  restartedMain] c.r.ResumeBuilderBackendApplication      : Started ResumeBuilderBackendApplication in 2.164 seconds (process running for 3692.795)
2023-10-26 09:18:39.186  INFO hp-HP-EliteDesk-800-G4-DM-35W-TAA --- [  restartedMain] .ConditionEvaluationDeltaLoggingListener : Condition evaluation unchanged
2023-10-26 09:18:39.186  INFO hp-HP-EliteDesk-800-G4-DM-35W-TAA --- [  restartedMain] c.r.ResumeBuilderBackendApplication      : Project started...
2023-10-26 09:19:00.844  INFO hp-HP-EliteDesk-800-G4-DM-35W-TAA --- [   File Watcher] rtingClassPathChangeChangedEventListener : Restarting due to 1 class path change (0 additions, 0 deletions, 1 modification)
2023-10-26 09:19:00.852  INFO hp-HP-EliteDesk-800-G4-DM-35W-TAA --- [      Thread-31] o.a.c.h.Http11NioProtocol                : Pausing ProtocolHandler ["http-nio-8082"]
2023-10-26 09:19:00.853  INFO hp-HP-EliteDesk-800-G4-DM-35W-TAA --- [      Thread-31] o.a.c.c.StandardService                  : Stopping service [Tomcat]
2023-10-26 09:19:00.860  WARN hp-HP-EliteDesk-800-G4-DM-35W-TAA --- [      Thread-31] o.a.c.l.WebappClassLoaderBase            : The web application [ROOT] appears to have started a thread named [HikariPool-8 housekeeper] but has failed to stop it. This is very likely to create a memory leak. Stack trace of thread:
 java.base@17.0.6/jdk.internal.misc.Unsafe.park(Native Method)
 java.base@17.0.6/java.util.concurrent.locks.LockSupport.parkNanos(LockSupport.java:252)
 java.base@17.0.6/java.util.concurrent.locks.AbstractQueuedSynchronizer$ConditionObject.awaitNanos(AbstractQueuedSynchronizer.java:1672)
 java.base@17.0.6/java.util.concurrent.ScheduledThreadPoolExecutor$DelayedWorkQueue.take(ScheduledThreadPoolExecutor.java:1182)
 java.base@17.0.6/java.util.concurrent.ScheduledThreadPoolExecutor$DelayedWorkQueue.take(ScheduledThreadPoolExecutor.java:899)
 java.base@17.0.6/java.util.concurrent.ThreadPoolExecutor.getTask(ThreadPoolExecutor.java:1062)
 java.base@17.0.6/java.util.concurrent.ThreadPoolExecutor.runWorker(ThreadPoolExecutor.java:1122)
 java.base@17.0.6/java.util.concurrent.ThreadPoolExecutor$Worker.run(ThreadPoolExecutor.java:635)
 java.base@17.0.6/java.lang.Thread.run(Thread.java:833)
2023-10-26 09:19:00.862  INFO hp-HP-EliteDesk-800-G4-DM-35W-TAA --- [      Thread-31] o.a.c.h.Http11NioProtocol                : Stopping ProtocolHandler ["http-nio-8082"]
2023-10-26 09:19:00.869  INFO hp-HP-EliteDesk-800-G4-DM-35W-TAA --- [      Thread-31] o.a.c.h.Http11NioProtocol                : Destroying ProtocolHandler ["http-nio-8082"]
2023-10-26 09:19:00.879  INFO hp-HP-EliteDesk-800-G4-DM-35W-TAA --- [      Thread-31] j.LocalContainerEntityManagerFactoryBean : Closing JPA EntityManagerFactory for persistence unit 'default'
2023-10-26 09:19:00.882  INFO hp-HP-EliteDesk-800-G4-DM-35W-TAA --- [      Thread-31] c.z.h.HikariDataSource                   : HikariPool-8 - Shutdown initiated...
2023-10-26 09:19:00.892  INFO hp-HP-EliteDesk-800-G4-DM-35W-TAA --- [      Thread-31] c.z.h.HikariDataSource                   : HikariPool-8 - Shutdown completed.
2023-10-26 09:19:01.068  INFO hp-HP-EliteDesk-800-G4-DM-35W-TAA --- [  restartedMain] c.r.ResumeBuilderBackendApplication      : Starting ResumeBuilderBackendApplication using Java 17.0.6 with PID 5108 (/home/hp/Documents/Resume Builder clone2/new/Resume%20Builder%20Backend/target/classes started by hp in /home/hp/Documents/Resume Builder clone2/new/Resume%20Builder%20Backend)
2023-10-26 09:19:01.068  INFO hp-HP-EliteDesk-800-G4-DM-35W-TAA --- [  restartedMain] c.r.ResumeBuilderBackendApplication      : No active profile set, falling back to 1 default profile: "default"
2023-10-26 09:19:01.246  INFO hp-HP-EliteDesk-800-G4-DM-35W-TAA --- [  restartedMain] .s.d.r.c.RepositoryConfigurationDelegate : Bootstrapping Spring Data JPA repositories in DEFAULT mode.
2023-10-26 09:19:01.281  INFO hp-HP-EliteDesk-800-G4-DM-35W-TAA --- [  restartedMain] .s.d.r.c.RepositoryConfigurationDelegate : Finished Spring Data repository scanning in 35 ms. Found 14 JPA repository interfaces.
2023-10-26 09:19:01.455  INFO hp-HP-EliteDesk-800-G4-DM-35W-TAA --- [  restartedMain] o.s.b.w.e.t.TomcatWebServer              : Tomcat initialized with port(s): 8082 (http)
2023-10-26 09:19:01.455  INFO hp-HP-EliteDesk-800-G4-DM-35W-TAA --- [  restartedMain] o.a.c.h.Http11NioProtocol                : Initializing ProtocolHandler ["http-nio-8082"]
2023-10-26 09:19:01.456  INFO hp-HP-EliteDesk-800-G4-DM-35W-TAA --- [  restartedMain] o.a.c.c.StandardService                  : Starting service [Tomcat]
2023-10-26 09:19:01.456  INFO hp-HP-EliteDesk-800-G4-DM-35W-TAA --- [  restartedMain] o.a.c.c.StandardEngine                   : Starting Servlet engine: [Apache Tomcat/10.1.12]
2023-10-26 09:19:01.473  INFO hp-HP-EliteDesk-800-G4-DM-35W-TAA --- [  restartedMain] o.a.c.c.C.[.[.[/]                        : Initializing Spring embedded WebApplicationContext
2023-10-26 09:19:01.473  INFO hp-HP-EliteDesk-800-G4-DM-35W-TAA --- [  restartedMain] w.s.c.ServletWebServerApplicationContext : Root WebApplicationContext: initialization completed in 402 ms
2023-10-26 09:19:01.544  INFO hp-HP-EliteDesk-800-G4-DM-35W-TAA --- [  restartedMain] o.h.j.i.u.LogHelper                      : HHH000204: Processing PersistenceUnitInfo [name: default]
2023-10-26 09:19:01.553  INFO hp-HP-EliteDesk-800-G4-DM-35W-TAA --- [  restartedMain] o.h.b.i.BytecodeProviderInitiator        : HHH000021: Bytecode provider name : bytebuddy
2023-10-26 09:19:01.553  INFO hp-HP-EliteDesk-800-G4-DM-35W-TAA --- [  restartedMain] o.s.o.j.p.SpringPersistenceUnitInfo      : No LoadTimeWeaver setup: ignoring JPA class transformer
2023-10-26 09:19:01.554  INFO hp-HP-EliteDesk-800-G4-DM-35W-TAA --- [  restartedMain] c.z.h.HikariDataSource                   : HikariPool-9 - Starting...
2023-10-26 09:19:01.564  INFO hp-HP-EliteDesk-800-G4-DM-35W-TAA --- [  restartedMain] c.z.h.p.HikariPool                       : HikariPool-9 - Added connection com.mysql.cj.jdbc.ConnectionImpl@4c27c406
2023-10-26 09:19:01.564  INFO hp-HP-EliteDesk-800-G4-DM-35W-TAA --- [  restartedMain] c.z.h.HikariDataSource                   : HikariPool-9 - Start completed.
2023-10-26 09:19:01.613  INFO hp-HP-EliteDesk-800-G4-DM-35W-TAA --- [  restartedMain] o.h.b.i.BytecodeProviderInitiator        : HHH000021: Bytecode provider name : bytebuddy
2023-10-26 09:19:01.805  INFO hp-HP-EliteDesk-800-G4-DM-35W-TAA --- [  restartedMain] o.h.e.t.j.p.i.JtaPlatformInitiator       : HHH000490: Using JtaPlatform implementation: [org.hibernate.engine.transaction.jta.platform.internal.NoJtaPlatform]
2023-10-26 09:19:02.023  INFO hp-HP-EliteDesk-800-G4-DM-35W-TAA --- [  restartedMain] j.LocalContainerEntityManagerFactoryBean : Initialized JPA EntityManagerFactory for persistence unit 'default'
2023-10-26 09:19:02.667  WARN hp-HP-EliteDesk-800-G4-DM-35W-TAA --- [  restartedMain] JpaBaseConfiguration$JpaWebConfiguration : spring.jpa.open-in-view is enabled by default. Therefore, database queries may be performed during view rendering. Explicitly configure spring.jpa.open-in-view to disable this warning
2023-10-26 09:19:02.843  INFO hp-HP-EliteDesk-800-G4-DM-35W-TAA --- [  restartedMain] o.s.s.w.DefaultSecurityFilterChain       : Will secure any request with [org.springframework.security.web.session.DisableEncodeUrlFilter@58c870ee, org.springframework.security.web.context.request.async.WebAsyncManagerIntegrationFilter@4ac94e33, org.springframework.security.web.context.SecurityContextHolderFilter@b596789, org.springframework.security.web.header.HeaderWriterFilter@333fddba, org.springframework.web.filter.CorsFilter@4ee1730e, org.springframework.security.web.authentication.logout.LogoutFilter@13a02672, com.resumebuilder.security.jwt.AuthTokenFilter@5d0211e9, org.springframework.security.web.savedrequest.RequestCacheAwareFilter@7148fe82, org.springframework.security.web.servletapi.SecurityContextHolderAwareRequestFilter@3cd72f1c, org.springframework.security.web.authentication.AnonymousAuthenticationFilter@3c266836, org.springframework.security.web.session.SessionManagementFilter@70e3ebc1, org.springframework.security.web.access.ExceptionTranslationFilter@61337b03, org.springframework.security.web.access.intercept.AuthorizationFilter@2000121c]
2023-10-26 09:19:03.079  INFO hp-HP-EliteDesk-800-G4-DM-35W-TAA --- [  restartedMain] o.s.b.d.a.OptionalLiveReloadServer       : LiveReload server is running on port 35729
2023-10-26 09:19:03.096  INFO hp-HP-EliteDesk-800-G4-DM-35W-TAA --- [  restartedMain] o.a.c.h.Http11NioProtocol                : Starting ProtocolHandler ["http-nio-8082"]
2023-10-26 09:19:03.103  INFO hp-HP-EliteDesk-800-G4-DM-35W-TAA --- [  restartedMain] o.s.b.w.e.t.TomcatWebServer              : Tomcat started on port(s): 8082 (http) with context path ''
2023-10-26 09:19:03.109  INFO hp-HP-EliteDesk-800-G4-DM-35W-TAA --- [  restartedMain] c.r.ResumeBuilderBackendApplication      : Started ResumeBuilderBackendApplication in 2.092 seconds (process running for 3716.72)
2023-10-26 09:19:03.111  INFO hp-HP-EliteDesk-800-G4-DM-35W-TAA --- [  restartedMain] .ConditionEvaluationDeltaLoggingListener : Condition evaluation unchanged
2023-10-26 09:19:03.111  INFO hp-HP-EliteDesk-800-G4-DM-35W-TAA --- [  restartedMain] c.r.ResumeBuilderBackendApplication      : Project started...
2023-10-26 09:20:05.453  INFO hp-HP-EliteDesk-800-G4-DM-35W-TAA --- [n(68)-127.0.0.1] inMXBeanRegistrar$SpringApplicationAdmin : Application shutdown requested.
2023-10-26 09:20:05.455  INFO hp-HP-EliteDesk-800-G4-DM-35W-TAA --- [n(68)-127.0.0.1] o.a.c.h.Http11NioProtocol                : Pausing ProtocolHandler ["http-nio-8082"]
2023-10-26 09:20:05.455  INFO hp-HP-EliteDesk-800-G4-DM-35W-TAA --- [n(68)-127.0.0.1] o.a.c.c.StandardService                  : Stopping service [Tomcat]
2023-10-26 09:20:05.457  WARN hp-HP-EliteDesk-800-G4-DM-35W-TAA --- [n(68)-127.0.0.1] o.a.c.l.WebappClassLoaderBase            : The web application [ROOT] appears to have started a thread named [HikariPool-9 housekeeper] but has failed to stop it. This is very likely to create a memory leak. Stack trace of thread:
 java.base@17.0.6/jdk.internal.misc.Unsafe.park(Native Method)
 java.base@17.0.6/java.util.concurrent.locks.LockSupport.parkNanos(LockSupport.java:252)
 java.base@17.0.6/java.util.concurrent.locks.AbstractQueuedSynchronizer$ConditionObject.awaitNanos(AbstractQueuedSynchronizer.java:1672)
 java.base@17.0.6/java.util.concurrent.ScheduledThreadPoolExecutor$DelayedWorkQueue.take(ScheduledThreadPoolExecutor.java:1182)
 java.base@17.0.6/java.util.concurrent.ScheduledThreadPoolExecutor$DelayedWorkQueue.take(ScheduledThreadPoolExecutor.java:899)
 java.base@17.0.6/java.util.concurrent.ThreadPoolExecutor.getTask(ThreadPoolExecutor.java:1062)
 java.base@17.0.6/java.util.concurrent.ThreadPoolExecutor.runWorker(ThreadPoolExecutor.java:1122)
 java.base@17.0.6/java.util.concurrent.ThreadPoolExecutor$Worker.run(ThreadPoolExecutor.java:635)
 java.base@17.0.6/java.lang.Thread.run(Thread.java:833)
2023-10-26 09:20:05.457  INFO hp-HP-EliteDesk-800-G4-DM-35W-TAA --- [n(68)-127.0.0.1] o.a.c.h.Http11NioProtocol                : Stopping ProtocolHandler ["http-nio-8082"]
2023-10-26 09:20:05.459  INFO hp-HP-EliteDesk-800-G4-DM-35W-TAA --- [n(68)-127.0.0.1] o.a.c.h.Http11NioProtocol                : Destroying ProtocolHandler ["http-nio-8082"]
2023-10-26 09:20:05.462  INFO hp-HP-EliteDesk-800-G4-DM-35W-TAA --- [n(68)-127.0.0.1] j.LocalContainerEntityManagerFactoryBean : Closing JPA EntityManagerFactory for persistence unit 'default'
2023-10-26 09:20:05.463  INFO hp-HP-EliteDesk-800-G4-DM-35W-TAA --- [n(68)-127.0.0.1] c.z.h.HikariDataSource                   : HikariPool-9 - Shutdown initiated...
2023-10-26 09:20:05.466  INFO hp-HP-EliteDesk-800-G4-DM-35W-TAA --- [n(68)-127.0.0.1] c.z.h.HikariDataSource                   : HikariPool-9 - Shutdown completed.
2023-10-26 09:20:07.983  INFO hp-HP-EliteDesk-800-G4-DM-35W-TAA --- [kground-preinit] o.h.v.i.u.Version                        : HV000001: Hibernate Validator 8.0.1.Final
2023-10-26 09:20:08.026  INFO hp-HP-EliteDesk-800-G4-DM-35W-TAA --- [  restartedMain] c.r.ResumeBuilderBackendApplication      : Starting ResumeBuilderBackendApplication using Java 17.0.6 with PID 11996 (/home/hp/Documents/Resume Builder clone2/new/Resume%20Builder%20Backend/target/classes started by hp in /home/hp/Documents/Resume Builder clone2/new/Resume%20Builder%20Backend)
2023-10-26 09:20:08.032  INFO hp-HP-EliteDesk-800-G4-DM-35W-TAA --- [  restartedMain] c.r.ResumeBuilderBackendApplication      : No active profile set, falling back to 1 default profile: "default"
2023-10-26 09:20:08.090  INFO hp-HP-EliteDesk-800-G4-DM-35W-TAA --- [  restartedMain] o.s.b.d.r.ChangeableUrls                 : The Class-Path manifest attribute in /home/hp/.m2/repository/xalan/xalan/2.7.2/xalan-2.7.2.jar referenced one or more files that do not exist: file:/home/hp/.m2/repository/xalan/xalan/2.7.2/xercesImpl.jar,file:/home/hp/.m2/repository/xalan/xalan/2.7.2/xml-apis.jar,file:/home/hp/.m2/repository/xalan/xalan/2.7.2/serializer.jar
2023-10-26 09:20:08.091  INFO hp-HP-EliteDesk-800-G4-DM-35W-TAA --- [  restartedMain] o.s.b.d.r.ChangeableUrls                 : The Class-Path manifest attribute in /home/hp/.m2/repository/xalan/serializer/2.7.2/serializer-2.7.2.jar referenced one or more files that do not exist: file:/home/hp/.m2/repository/xalan/serializer/2.7.2/xml-apis.jar
2023-10-26 09:20:08.092  INFO hp-HP-EliteDesk-800-G4-DM-35W-TAA --- [  restartedMain] o.s.b.d.r.ChangeableUrls                 : The Class-Path manifest attribute in /home/hp/.m2/repository/org/apache/xmlgraphics/batik-rasterizer-ext/1.13/batik-rasterizer-ext-1.13.jar referenced one or more files that do not exist: file:/home/hp/.m2/repository/org/apache/xmlgraphics/batik-rasterizer-ext/1.13/batik-shared-resources-1.13.jar,file:/home/hp/.m2/repository/org/apache/xmlgraphics/batik-rasterizer-ext/1.13/batik-svgrasterizer-1.13.jar,file:/home/hp/.m2/repository/org/apache/xmlgraphics/batik-rasterizer-ext/1.13/batik-parser-1.13.jar,file:/home/hp/.m2/repository/org/apache/xmlgraphics/batik-rasterizer-ext/1.13/batik-xml-1.13.jar,file:/home/hp/.m2/repository/org/apache/xmlgraphics/batik-rasterizer-ext/1.13/batik-transcoder-1.13.jar,file:/home/hp/.m2/repository/org/apache/xmlgraphics/batik-rasterizer-ext/1.13/batik-svggen-1.13.jar,file:/home/hp/.m2/repository/org/apache/xmlgraphics/batik-rasterizer-ext/1.13/batik-util-1.13.jar,file:/home/hp/.m2/repository/org/apache/xmlgraphics/batik-rasterizer-ext/1.13/batik-constants-1.13.jar,file:/home/hp/.m2/repository/org/apache/xmlgraphics/batik-rasterizer-ext/1.13/batik-i18n-1.13.jar,file:/home/hp/.m2/repository/org/apache/xmlgraphics/batik-rasterizer-ext/1.13/batik-codec-1.13.jar,file:/home/hp/.m2/repository/org/apache/xmlgraphics/batik-rasterizer-ext/1.13/batik-extension-1.13.jar,file:/home/hp/.m2/repository/org/apache/xmlgraphics/batik-rasterizer-ext/1.13/batik-anim-1.13.jar,file:/home/hp/.m2/repository/org/apache/xmlgraphics/batik-rasterizer-ext/1.13/batik-awt-util-1.13.jar,file:/home/hp/.m2/repository/org/apache/xmlgraphics/batik-rasterizer-ext/1.13/xmlgraphics-commons-2.4.jar,file:/home/hp/.m2/repository/org/apache/xmlgraphics/batik-rasterizer-ext/1.13/commons-io-1.3.2.jar,file:/home/hp/.m2/repository/org/apache/xmlgraphics/batik-rasterizer-ext/1.13/commons-logging-1.2.jar,file:/home/hp/.m2/repository/org/apache/xmlgraphics/batik-rasterizer-ext/1.13/batik-bridge-1.13.jar,file:/home/hp/.m2/repository/org/apache/xmlgraphics/batik-rasterizer-ext/1.13/batik-script-1.13.jar,file:/home/hp/.m2/repository/org/apache/xmlgraphics/batik-rasterizer-ext/1.13/batik-css-1.13.jar,file:/home/hp/.m2/repository/org/apache/xmlgraphics/batik-rasterizer-ext/1.13/batik-dom-1.13.jar,file:/home/hp/.m2/repository/org/apache/xmlgraphics/batik-rasterizer-ext/1.13/xalan-2.7.2.jar,file:/home/hp/.m2/repository/org/apache/xmlgraphics/batik-rasterizer-ext/1.13/serializer-2.7.2.jar,file:/home/hp/.m2/repository/org/apache/xmlgraphics/batik-rasterizer-ext/1.13/xml-apis-1.4.01.jar,file:/home/hp/.m2/repository/org/apache/xmlgraphics/batik-rasterizer-ext/1.13/batik-ext-1.13.jar,file:/home/hp/.m2/repository/org/apache/xmlgraphics/batik-rasterizer-ext/1.13/batik-gvt-1.13.jar,file:/home/hp/.m2/repository/org/apache/xmlgraphics/batik-rasterizer-ext/1.13/batik-svg-dom-1.13.jar,file:/home/hp/.m2/repository/org/apache/xmlgraphics/batik-rasterizer-ext/1.13/xml-apis-ext-1.3.04.jar
2023-10-26 09:20:08.094  INFO hp-HP-EliteDesk-800-G4-DM-35W-TAA --- [  restartedMain] o.s.b.d.r.ChangeableUrls                 : The Class-Path manifest attribute in /home/hp/.m2/repository/org/apache/xmlgraphics/batik-rasterizer/1.13/batik-rasterizer-1.13.jar referenced one or more files that do not exist: file:/home/hp/.m2/repository/org/apache/xmlgraphics/batik-rasterizer/1.13/lib/batik-shared-resources-1.13.jar,file:/home/hp/.m2/repository/org/apache/xmlgraphics/batik-rasterizer/1.13/lib/batik-svgrasterizer-1.13.jar,file:/home/hp/.m2/repository/org/apache/xmlgraphics/batik-rasterizer/1.13/lib/batik-parser-1.13.jar,file:/home/hp/.m2/repository/org/apache/xmlgraphics/batik-rasterizer/1.13/lib/batik-awt-util-1.13.jar,file:/home/hp/.m2/repository/org/apache/xmlgraphics/batik-rasterizer/1.13/lib/xmlgraphics-commons-2.4.jar,file:/home/hp/.m2/repository/org/apache/xmlgraphics/batik-rasterizer/1.13/lib/commons-io-1.3.2.jar,file:/home/hp/.m2/repository/org/apache/xmlgraphics/batik-rasterizer/1.13/lib/commons-logging-1.2.jar,file:/home/hp/.m2/repository/org/apache/xmlgraphics/batik-rasterizer/1.13/lib/batik-xml-1.13.jar,file:/home/hp/.m2/repository/org/apache/xmlgraphics/batik-rasterizer/1.13/lib/xml-apis-ext-1.3.04.jar,file:/home/hp/.m2/repository/org/apache/xmlgraphics/batik-rasterizer/1.13/lib/batik-transcoder-1.13.jar,file:/home/hp/.m2/repository/org/apache/xmlgraphics/batik-rasterizer/1.13/lib/batik-anim-1.13.jar,file:/home/hp/.m2/repository/org/apache/xmlgraphics/batik-rasterizer/1.13/lib/batik-css-1.13.jar,file:/home/hp/.m2/repository/org/apache/xmlgraphics/batik-rasterizer/1.13/lib/batik-ext-1.13.jar,file:/home/hp/.m2/repository/org/apache/xmlgraphics/batik-rasterizer/1.13/lib/batik-svg-dom-1.13.jar,file:/home/hp/.m2/repository/org/apache/xmlgraphics/batik-rasterizer/1.13/lib/batik-bridge-1.13.jar,file:/home/hp/.m2/repository/org/apache/xmlgraphics/batik-rasterizer/1.13/lib/batik-script-1.13.jar,file:/home/hp/.m2/repository/org/apache/xmlgraphics/batik-rasterizer/1.13/lib/batik-dom-1.13.jar,file:/home/hp/.m2/repository/org/apache/xmlgraphics/batik-rasterizer/1.13/lib/xalan-2.7.2.jar,file:/home/hp/.m2/repository/org/apache/xmlgraphics/batik-rasterizer/1.13/lib/serializer-2.7.2.jar,file:/home/hp/.m2/repository/org/apache/xmlgraphics/batik-rasterizer/1.13/lib/xml-apis-1.4.01.jar,file:/home/hp/.m2/repository/org/apache/xmlgraphics/batik-rasterizer/1.13/lib/batik-gvt-1.13.jar,file:/home/hp/.m2/repository/org/apache/xmlgraphics/batik-rasterizer/1.13/lib/batik-svggen-1.13.jar,file:/home/hp/.m2/repository/org/apache/xmlgraphics/batik-rasterizer/1.13/lib/batik-util-1.13.jar,file:/home/hp/.m2/repository/org/apache/xmlgraphics/batik-rasterizer/1.13/lib/batik-constants-1.13.jar,file:/home/hp/.m2/repository/org/apache/xmlgraphics/batik-rasterizer/1.13/lib/batik-i18n-1.13.jar,file:/home/hp/.m2/repository/org/apache/xmlgraphics/batik-rasterizer/1.13/lib/batik-codec-1.13.jar,file:/home/hp/.m2/repository/org/apache/xmlgraphics/batik-rasterizer/1.13/lib/fop-transcoder-allinone-2.5.jar
2023-10-26 09:20:08.096  INFO hp-HP-EliteDesk-800-G4-DM-35W-TAA --- [  restartedMain] o.s.b.d.r.ChangeableUrls                 : The Class-Path manifest attribute in /home/hp/.m2/repository/org/apache/xmlgraphics/batik-slideshow/1.13/batik-slideshow-1.13.jar referenced one or more files that do not exist: file:/home/hp/.m2/repository/org/apache/xmlgraphics/batik-slideshow/1.13/lib/batik-bridge-1.13.jar,file:/home/hp/.m2/repository/org/apache/xmlgraphics/batik-slideshow/1.13/lib/batik-anim-1.13.jar,file:/home/hp/.m2/repository/org/apache/xmlgraphics/batik-slideshow/1.13/lib/batik-ext-1.13.jar,file:/home/hp/.m2/repository/org/apache/xmlgraphics/batik-slideshow/1.13/lib/batik-awt-util-1.13.jar,file:/home/hp/.m2/repository/org/apache/xmlgraphics/batik-slideshow/1.13/lib/batik-css-1.13.jar,file:/home/hp/.m2/repository/org/apache/xmlgraphics/batik-slideshow/1.13/lib/batik-dom-1.13.jar,file:/home/hp/.m2/repository/org/apache/xmlgraphics/batik-slideshow/1.13/lib/xalan-2.7.2.jar,file:/home/hp/.m2/repository/org/apache/xmlgraphics/batik-slideshow/1.13/lib/serializer-2.7.2.jar,file:/home/hp/.m2/repository/org/apache/xmlgraphics/batik-slideshow/1.13/lib/xml-apis-1.4.01.jar,file:/home/hp/.m2/repository/org/apache/xmlgraphics/batik-slideshow/1.13/lib/batik-parser-1.13.jar,file:/home/hp/.m2/repository/org/apache/xmlgraphics/batik-slideshow/1.13/lib/batik-script-1.13.jar,file:/home/hp/.m2/repository/org/apache/xmlgraphics/batik-slideshow/1.13/lib/batik-svg-dom-1.13.jar,file:/home/hp/.m2/repository/org/apache/xmlgraphics/batik-slideshow/1.13/lib/batik-util-1.13.jar,file:/home/hp/.m2/repository/org/apache/xmlgraphics/batik-slideshow/1.13/lib/batik-constants-1.13.jar,file:/home/hp/.m2/repository/org/apache/xmlgraphics/batik-slideshow/1.13/lib/batik-i18n-1.13.jar,file:/home/hp/.m2/repository/org/apache/xmlgraphics/batik-slideshow/1.13/lib/batik-xml-1.13.jar,file:/home/hp/.m2/repository/org/apache/xmlgraphics/batik-slideshow/1.13/lib/xmlgraphics-commons-2.4.jar,file:/home/hp/.m2/repository/org/apache/xmlgraphics/batik-slideshow/1.13/lib/commons-io-1.3.2.jar,file:/home/hp/.m2/repository/org/apache/xmlgraphics/batik-slideshow/1.13/lib/commons-logging-1.2.jar,file:/home/hp/.m2/repository/org/apache/xmlgraphics/batik-slideshow/1.13/lib/batik-gvt-1.13.jar,file:/home/hp/.m2/repository/org/apache/xmlgraphics/batik-slideshow/1.13/lib/batik-shared-resources-1.13.jar,file:/home/hp/.m2/repository/org/apache/xmlgraphics/batik-slideshow/1.13/lib/xml-apis-ext-1.3.04.jar
2023-10-26 09:20:08.097  INFO hp-HP-EliteDesk-800-G4-DM-35W-TAA --- [  restartedMain] o.s.b.d.r.ChangeableUrls                 : The Class-Path manifest attribute in /home/hp/.m2/repository/org/apache/xmlgraphics/batik-squiggle-ext/1.13/batik-squiggle-ext-1.13.jar referenced one or more files that do not exist: file:/home/hp/.m2/repository/org/apache/xmlgraphics/batik-squiggle-ext/1.13/batik-shared-resources-1.13.jar,file:/home/hp/.m2/repository/org/apache/xmlgraphics/batik-squiggle-ext/1.13/batik-svgbrowser-1.13.jar,file:/home/hp/.m2/repository/org/apache/xmlgraphics/batik-squiggle-ext/1.13/batik-anim-1.13.jar,file:/home/hp/.m2/repository/org/apache/xmlgraphics/batik-squiggle-ext/1.13/batik-bridge-1.13.jar,file:/home/hp/.m2/repository/org/apache/xmlgraphics/batik-squiggle-ext/1.13/batik-script-1.13.jar,file:/home/hp/.m2/repository/org/apache/xmlgraphics/batik-squiggle-ext/1.13/xmlgraphics-commons-2.4.jar,file:/home/hp/.m2/repository/org/apache/xmlgraphics/batik-squiggle-ext/1.13/commons-io-1.3.2.jar,file:/home/hp/.m2/repository/org/apache/xmlgraphics/batik-squiggle-ext/1.13/commons-logging-1.2.jar,file:/home/hp/.m2/repository/org/apache/xmlgraphics/batik-squiggle-ext/1.13/batik-dom-1.13.jar,file:/home/hp/.m2/repository/org/apache/xmlgraphics/batik-squiggle-ext/1.13/xalan-2.7.2.jar,file:/home/hp/.m2/repository/org/apache/xmlgraphics/batik-squiggle-ext/1.13/serializer-2.7.2.jar,file:/home/hp/.m2/repository/org/apache/xmlgraphics/batik-squiggle-ext/1.13/xml-apis-1.4.01.jar,file:/home/hp/.m2/repository/org/apache/xmlgraphics/batik-squiggle-ext/1.13/batik-gvt-1.13.jar,file:/home/hp/.m2/repository/org/apache/xmlgraphics/batik-squiggle-ext/1.13/batik-swing-1.13.jar,file:/home/hp/.m2/repository/org/apache/xmlgraphics/batik-squiggle-ext/1.13/batik-gui-util-1.13.jar,file:/home/hp/.m2/repository/org/apache/xmlgraphics/batik-squiggle-ext/1.13/batik-transcoder-1.13.jar,file:/home/hp/.m2/repository/org/apache/xmlgraphics/batik-squiggle-ext/1.13/batik-svggen-1.13.jar,file:/home/hp/.m2/repository/org/apache/xmlgraphics/batik-squiggle-ext/1.13/batik-util-1.13.jar,file:/home/hp/.m2/repository/org/apache/xmlgraphics/batik-squiggle-ext/1.13/batik-constants-1.13.jar,file:/home/hp/.m2/repository/org/apache/xmlgraphics/batik-squiggle-ext/1.13/batik-i18n-1.13.jar,file:/home/hp/.m2/repository/org/apache/xmlgraphics/batik-squiggle-ext/1.13/batik-xml-1.13.jar,file:/home/hp/.m2/repository/org/apache/xmlgraphics/batik-squiggle-ext/1.13/xml-apis-ext-1.3.04.jar,file:/home/hp/.m2/repository/org/apache/xmlgraphics/batik-squiggle-ext/1.13/batik-extension-1.13.jar,file:/home/hp/.m2/repository/org/apache/xmlgraphics/batik-squiggle-ext/1.13/batik-awt-util-1.13.jar,file:/home/hp/.m2/repository/org/apache/xmlgraphics/batik-squiggle-ext/1.13/batik-css-1.13.jar,file:/home/hp/.m2/repository/org/apache/xmlgraphics/batik-squiggle-ext/1.13/batik-ext-1.13.jar,file:/home/hp/.m2/repository/org/apache/xmlgraphics/batik-squiggle-ext/1.13/batik-parser-1.13.jar,file:/home/hp/.m2/repository/org/apache/xmlgraphics/batik-squiggle-ext/1.13/batik-svg-dom-1.13.jar
2023-10-26 09:20:08.105  INFO hp-HP-EliteDesk-800-G4-DM-35W-TAA --- [  restartedMain] o.s.b.d.r.ChangeableUrls                 : The Class-Path manifest attribute in /home/hp/.m2/repository/org/apache/xmlgraphics/batik-squiggle/1.13/batik-squiggle-1.13.jar referenced one or more files that do not exist: file:/home/hp/.m2/repository/org/apache/xmlgraphics/batik-squiggle/1.13/lib/batik-shared-resources-1.13.jar,file:/home/hp/.m2/repository/org/apache/xmlgraphics/batik-squiggle/1.13/lib/batik-svgbrowser-1.13.jar,file:/home/hp/.m2/repository/org/apache/xmlgraphics/batik-squiggle/1.13/lib/batik-anim-1.13.jar,file:/home/hp/.m2/repository/org/apache/xmlgraphics/batik-squiggle/1.13/lib/batik-awt-util-1.13.jar,file:/home/hp/.m2/repository/org/apache/xmlgraphics/batik-squiggle/1.13/lib/batik-css-1.13.jar,file:/home/hp/.m2/repository/org/apache/xmlgraphics/batik-squiggle/1.13/lib/batik-ext-1.13.jar,file:/home/hp/.m2/repository/org/apache/xmlgraphics/batik-squiggle/1.13/lib/batik-parser-1.13.jar,file:/home/hp/.m2/repository/org/apache/xmlgraphics/batik-squiggle/1.13/lib/batik-svg-dom-1.13.jar,file:/home/hp/.m2/repository/org/apache/xmlgraphics/batik-squiggle/1.13/lib/batik-bridge-1.13.jar,file:/home/hp/.m2/repository/org/apache/xmlgraphics/batik-squiggle/1.13/lib/batik-script-1.13.jar,file:/home/hp/.m2/repository/org/apache/xmlgraphics/batik-squiggle/1.13/lib/xmlgraphics-commons-2.4.jar,file:/home/hp/.m2/repository/org/apache/xmlgraphics/batik-squiggle/1.13/lib/commons-io-1.3.2.jar,file:/home/hp/.m2/repository/org/apache/xmlgraphics/batik-squiggle/1.13/lib/commons-logging-1.2.jar,file:/home/hp/.m2/repository/org/apache/xmlgraphics/batik-squiggle/1.13/lib/batik-dom-1.13.jar,file:/home/hp/.m2/repository/org/apache/xmlgraphics/batik-squiggle/1.13/lib/xalan-2.7.2.jar,file:/home/hp/.m2/repository/org/apache/xmlgraphics/batik-squiggle/1.13/lib/serializer-2.7.2.jar,file:/home/hp/.m2/repository/org/apache/xmlgraphics/batik-squiggle/1.13/lib/xml-apis-1.4.01.jar,file:/home/hp/.m2/repository/org/apache/xmlgraphics/batik-squiggle/1.13/lib/batik-gvt-1.13.jar,file:/home/hp/.m2/repository/org/apache/xmlgraphics/batik-squiggle/1.13/lib/batik-swing-1.13.jar,file:/home/hp/.m2/repository/org/apache/xmlgraphics/batik-squiggle/1.13/lib/batik-gui-util-1.13.jar,file:/home/hp/.m2/repository/org/apache/xmlgraphics/batik-squiggle/1.13/lib/batik-transcoder-1.13.jar,file:/home/hp/.m2/repository/org/apache/xmlgraphics/batik-squiggle/1.13/lib/batik-svggen-1.13.jar,file:/home/hp/.m2/repository/org/apache/xmlgraphics/batik-squiggle/1.13/lib/batik-util-1.13.jar,file:/home/hp/.m2/repository/org/apache/xmlgraphics/batik-squiggle/1.13/lib/batik-constants-1.13.jar,file:/home/hp/.m2/repository/org/apache/xmlgraphics/batik-squiggle/1.13/lib/batik-i18n-1.13.jar,file:/home/hp/.m2/repository/org/apache/xmlgraphics/batik-squiggle/1.13/lib/batik-xml-1.13.jar,file:/home/hp/.m2/repository/org/apache/xmlgraphics/batik-squiggle/1.13/lib/xml-apis-ext-1.3.04.jar
2023-10-26 09:20:08.107  INFO hp-HP-EliteDesk-800-G4-DM-35W-TAA --- [  restartedMain] o.s.b.d.r.ChangeableUrls                 : The Class-Path manifest attribute in /home/hp/.m2/repository/org/apache/xmlgraphics/batik-svgpp/1.13/batik-svgpp-1.13.jar referenced one or more files that do not exist: file:/home/hp/.m2/repository/org/apache/xmlgraphics/batik-svgpp/1.13/lib/batik-shared-resources-1.13.jar,file:/home/hp/.m2/repository/org/apache/xmlgraphics/batik-svgpp/1.13/lib/batik-transcoder-1.13.jar,file:/home/hp/.m2/repository/org/apache/xmlgraphics/batik-svgpp/1.13/lib/batik-anim-1.13.jar,file:/home/hp/.m2/repository/org/apache/xmlgraphics/batik-svgpp/1.13/lib/batik-css-1.13.jar,file:/home/hp/.m2/repository/org/apache/xmlgraphics/batik-svgpp/1.13/lib/batik-ext-1.13.jar,file:/home/hp/.m2/repository/org/apache/xmlgraphics/batik-svgpp/1.13/lib/batik-parser-1.13.jar,file:/home/hp/.m2/repository/org/apache/xmlgraphics/batik-svgpp/1.13/lib/batik-svg-dom-1.13.jar,file:/home/hp/.m2/repository/org/apache/xmlgraphics/batik-svgpp/1.13/lib/batik-awt-util-1.13.jar,file:/home/hp/.m2/repository/org/apache/xmlgraphics/batik-svgpp/1.13/lib/xmlgraphics-commons-2.4.jar,file:/home/hp/.m2/repository/org/apache/xmlgraphics/batik-svgpp/1.13/lib/commons-io-1.3.2.jar,file:/home/hp/.m2/repository/org/apache/xmlgraphics/batik-svgpp/1.13/lib/commons-logging-1.2.jar,file:/home/hp/.m2/repository/org/apache/xmlgraphics/batik-svgpp/1.13/lib/batik-bridge-1.13.jar,file:/home/hp/.m2/repository/org/apache/xmlgraphics/batik-svgpp/1.13/lib/batik-script-1.13.jar,file:/home/hp/.m2/repository/org/apache/xmlgraphics/batik-svgpp/1.13/lib/batik-dom-1.13.jar,file:/home/hp/.m2/repository/org/apache/xmlgraphics/batik-svgpp/1.13/lib/xalan-2.7.2.jar,file:/home/hp/.m2/repository/org/apache/xmlgraphics/batik-svgpp/1.13/lib/serializer-2.7.2.jar,file:/home/hp/.m2/repository/org/apache/xmlgraphics/batik-svgpp/1.13/lib/xml-apis-1.4.01.jar,file:/home/hp/.m2/repository/org/apache/xmlgraphics/batik-svgpp/1.13/lib/batik-gvt-1.13.jar,file:/home/hp/.m2/repository/org/apache/xmlgraphics/batik-svgpp/1.13/lib/batik-svggen-1.13.jar,file:/home/hp/.m2/repository/org/apache/xmlgraphics/batik-svgpp/1.13/lib/batik-xml-1.13.jar,file:/home/hp/.m2/repository/org/apache/xmlgraphics/batik-svgpp/1.13/lib/xml-apis-ext-1.3.04.jar,file:/home/hp/.m2/repository/org/apache/xmlgraphics/batik-svgpp/1.13/lib/batik-util-1.13.jar,file:/home/hp/.m2/repository/org/apache/xmlgraphics/batik-svgpp/1.13/lib/batik-constants-1.13.jar,file:/home/hp/.m2/repository/org/apache/xmlgraphics/batik-svgpp/1.13/lib/batik-i18n-1.13.jar
2023-10-26 09:20:08.108  INFO hp-HP-EliteDesk-800-G4-DM-35W-TAA --- [  restartedMain] o.s.b.d.r.ChangeableUrls                 : The Class-Path manifest attribute in /home/hp/.m2/repository/org/apache/xmlgraphics/batik-ttf2svg/1.13/batik-ttf2svg-1.13.jar referenced one or more files that do not exist: file:/home/hp/.m2/repository/org/apache/xmlgraphics/batik-ttf2svg/1.13/lib/batik-shared-resources-1.13.jar,file:/home/hp/.m2/repository/org/apache/xmlgraphics/batik-ttf2svg/1.13/lib/batik-svggen-1.13.jar,file:/home/hp/.m2/repository/org/apache/xmlgraphics/batik-ttf2svg/1.13/lib/batik-awt-util-1.13.jar,file:/home/hp/.m2/repository/org/apache/xmlgraphics/batik-ttf2svg/1.13/lib/xmlgraphics-commons-2.4.jar,file:/home/hp/.m2/repository/org/apache/xmlgraphics/batik-ttf2svg/1.13/lib/commons-io-1.3.2.jar,file:/home/hp/.m2/repository/org/apache/xmlgraphics/batik-ttf2svg/1.13/lib/commons-logging-1.2.jar,file:/home/hp/.m2/repository/org/apache/xmlgraphics/batik-ttf2svg/1.13/lib/batik-util-1.13.jar,file:/home/hp/.m2/repository/org/apache/xmlgraphics/batik-ttf2svg/1.13/lib/batik-constants-1.13.jar,file:/home/hp/.m2/repository/org/apache/xmlgraphics/batik-ttf2svg/1.13/lib/batik-i18n-1.13.jar
2023-10-26 09:20:08.109  INFO hp-HP-EliteDesk-800-G4-DM-35W-TAA --- [  restartedMain] .e.DevToolsPropertyDefaultsPostProcessor : Devtools property defaults active! Set 'spring.devtools.add-properties' to 'false' to disable
2023-10-26 09:20:08.110  INFO hp-HP-EliteDesk-800-G4-DM-35W-TAA --- [  restartedMain] .e.DevToolsPropertyDefaultsPostProcessor : For additional web related logging consider setting the 'logging.level.web' property to 'DEBUG'
2023-10-26 09:20:09.003  INFO hp-HP-EliteDesk-800-G4-DM-35W-TAA --- [  restartedMain] .s.d.r.c.RepositoryConfigurationDelegate : Bootstrapping Spring Data JPA repositories in DEFAULT mode.
2023-10-26 09:20:09.128  INFO hp-HP-EliteDesk-800-G4-DM-35W-TAA --- [  restartedMain] .s.d.r.c.RepositoryConfigurationDelegate : Finished Spring Data repository scanning in 115 ms. Found 14 JPA repository interfaces.
2023-10-26 09:20:10.077  INFO hp-HP-EliteDesk-800-G4-DM-35W-TAA --- [  restartedMain] o.s.b.w.e.t.TomcatWebServer              : Tomcat initialized with port(s): 8082 (http)
2023-10-26 09:20:10.091  INFO hp-HP-EliteDesk-800-G4-DM-35W-TAA --- [  restartedMain] o.a.c.h.Http11NioProtocol                : Initializing ProtocolHandler ["http-nio-8082"]
2023-10-26 09:20:10.094  INFO hp-HP-EliteDesk-800-G4-DM-35W-TAA --- [  restartedMain] o.a.c.c.StandardService                  : Starting service [Tomcat]
2023-10-26 09:20:10.094  INFO hp-HP-EliteDesk-800-G4-DM-35W-TAA --- [  restartedMain] o.a.c.c.StandardEngine                   : Starting Servlet engine: [Apache Tomcat/10.1.12]
2023-10-26 09:20:10.164  INFO hp-HP-EliteDesk-800-G4-DM-35W-TAA --- [  restartedMain] o.a.c.c.C.[.[.[/]                        : Initializing Spring embedded WebApplicationContext
2023-10-26 09:20:10.165  INFO hp-HP-EliteDesk-800-G4-DM-35W-TAA --- [  restartedMain] w.s.c.ServletWebServerApplicationContext : Root WebApplicationContext: initialization completed in 2053 ms
2023-10-26 09:20:10.331  INFO hp-HP-EliteDesk-800-G4-DM-35W-TAA --- [  restartedMain] o.h.j.i.u.LogHelper                      : HHH000204: Processing PersistenceUnitInfo [name: default]
2023-10-26 09:20:10.381  INFO hp-HP-EliteDesk-800-G4-DM-35W-TAA --- [  restartedMain] o.h.Version                              : HHH000412: Hibernate ORM core version 6.2.7.Final
2023-10-26 09:20:10.384  INFO hp-HP-EliteDesk-800-G4-DM-35W-TAA --- [  restartedMain] o.h.c.Environment                        : HHH000406: Using bytecode reflection optimizer
2023-10-26 09:20:10.520  INFO hp-HP-EliteDesk-800-G4-DM-35W-TAA --- [  restartedMain] o.h.b.i.BytecodeProviderInitiator        : HHH000021: Bytecode provider name : bytebuddy
2023-10-26 09:20:10.655  INFO hp-HP-EliteDesk-800-G4-DM-35W-TAA --- [  restartedMain] o.s.o.j.p.SpringPersistenceUnitInfo      : No LoadTimeWeaver setup: ignoring JPA class transformer
2023-10-26 09:20:10.678  INFO hp-HP-EliteDesk-800-G4-DM-35W-TAA --- [  restartedMain] c.z.h.HikariDataSource                   : HikariPool-1 - Starting...
2023-10-26 09:20:11.020  INFO hp-HP-EliteDesk-800-G4-DM-35W-TAA --- [  restartedMain] c.z.h.p.HikariPool                       : HikariPool-1 - Added connection com.mysql.cj.jdbc.ConnectionImpl@8dcda3b
2023-10-26 09:20:11.022  INFO hp-HP-EliteDesk-800-G4-DM-35W-TAA --- [  restartedMain] c.z.h.HikariDataSource                   : HikariPool-1 - Start completed.
2023-10-26 09:20:11.452  INFO hp-HP-EliteDesk-800-G4-DM-35W-TAA --- [  restartedMain] o.h.b.i.BytecodeProviderInitiator        : HHH000021: Bytecode provider name : bytebuddy
2023-10-26 09:20:12.543  INFO hp-HP-EliteDesk-800-G4-DM-35W-TAA --- [  restartedMain] o.h.e.t.j.p.i.JtaPlatformInitiator       : HHH000490: Using JtaPlatform implementation: [org.hibernate.engine.transaction.jta.platform.internal.NoJtaPlatform]
2023-10-26 09:20:12.879  INFO hp-HP-EliteDesk-800-G4-DM-35W-TAA --- [  restartedMain] j.LocalContainerEntityManagerFactoryBean : Initialized JPA EntityManagerFactory for persistence unit 'default'
2023-10-26 09:20:13.218  INFO hp-HP-EliteDesk-800-G4-DM-35W-TAA --- [  restartedMain] o.s.d.j.r.q.QueryEnhancerFactory         : Hibernate is in classpath; If applicable, HQL parser will be used.
2023-10-26 09:20:14.260  WARN hp-HP-EliteDesk-800-G4-DM-35W-TAA --- [  restartedMain] JpaBaseConfiguration$JpaWebConfiguration : spring.jpa.open-in-view is enabled by default. Therefore, database queries may be performed during view rendering. Explicitly configure spring.jpa.open-in-view to disable this warning
2023-10-26 09:20:14.578  INFO hp-HP-EliteDesk-800-G4-DM-35W-TAA --- [  restartedMain] o.s.s.w.DefaultSecurityFilterChain       : Will secure any request with [org.springframework.security.web.session.DisableEncodeUrlFilter@622c67d8, org.springframework.security.web.context.request.async.WebAsyncManagerIntegrationFilter@5b19cbb2, org.springframework.security.web.context.SecurityContextHolderFilter@5d9d3745, org.springframework.security.web.header.HeaderWriterFilter@167a618b, org.springframework.web.filter.CorsFilter@6afb9b06, org.springframework.security.web.authentication.logout.LogoutFilter@733f7a64, com.resumebuilder.security.jwt.AuthTokenFilter@3864c07, org.springframework.security.web.savedrequest.RequestCacheAwareFilter@746a304, org.springframework.security.web.servletapi.SecurityContextHolderAwareRequestFilter@de74beb, org.springframework.security.web.authentication.AnonymousAuthenticationFilter@14cf3f3e, org.springframework.security.web.session.SessionManagementFilter@c727a58, org.springframework.security.web.access.ExceptionTranslationFilter@13116d64, org.springframework.security.web.access.intercept.AuthorizationFilter@5caca413]
2023-10-26 09:20:14.986  INFO hp-HP-EliteDesk-800-G4-DM-35W-TAA --- [  restartedMain] o.s.b.d.a.OptionalLiveReloadServer       : LiveReload server is running on port 35729
2023-10-26 09:20:15.014  INFO hp-HP-EliteDesk-800-G4-DM-35W-TAA --- [  restartedMain] o.a.c.h.Http11NioProtocol                : Starting ProtocolHandler ["http-nio-8082"]
2023-10-26 09:20:15.032  INFO hp-HP-EliteDesk-800-G4-DM-35W-TAA --- [  restartedMain] o.s.b.w.e.t.TomcatWebServer              : Tomcat started on port(s): 8082 (http) with context path ''
2023-10-26 09:20:15.045  INFO hp-HP-EliteDesk-800-G4-DM-35W-TAA --- [  restartedMain] c.r.ResumeBuilderBackendApplication      : Started ResumeBuilderBackendApplication in 7.445 seconds (process running for 8.836)
2023-10-26 09:20:15.049  INFO hp-HP-EliteDesk-800-G4-DM-35W-TAA --- [  restartedMain] c.r.ResumeBuilderBackendApplication      : Project started...
2023-10-26 09:20:47.736  INFO hp-HP-EliteDesk-800-G4-DM-35W-TAA --- [   File Watcher] rtingClassPathChangeChangedEventListener : Restarting due to 1 class path change (0 additions, 0 deletions, 1 modification)
2023-10-26 09:20:47.760  INFO hp-HP-EliteDesk-800-G4-DM-35W-TAA --- [       Thread-5] o.a.c.h.Http11NioProtocol                : Pausing ProtocolHandler ["http-nio-8082"]
2023-10-26 09:20:47.761  INFO hp-HP-EliteDesk-800-G4-DM-35W-TAA --- [       Thread-5] o.a.c.c.StandardService                  : Stopping service [Tomcat]
2023-10-26 09:20:47.767  WARN hp-HP-EliteDesk-800-G4-DM-35W-TAA --- [       Thread-5] o.a.c.l.WebappClassLoaderBase            : The web application [ROOT] appears to have started a thread named [HikariPool-1 housekeeper] but has failed to stop it. This is very likely to create a memory leak. Stack trace of thread:
 java.base@17.0.6/jdk.internal.misc.Unsafe.park(Native Method)
 java.base@17.0.6/java.util.concurrent.locks.LockSupport.parkNanos(LockSupport.java:252)
 java.base@17.0.6/java.util.concurrent.locks.AbstractQueuedSynchronizer$ConditionObject.awaitNanos(AbstractQueuedSynchronizer.java:1672)
 java.base@17.0.6/java.util.concurrent.ScheduledThreadPoolExecutor$DelayedWorkQueue.take(ScheduledThreadPoolExecutor.java:1182)
 java.base@17.0.6/java.util.concurrent.ScheduledThreadPoolExecutor$DelayedWorkQueue.take(ScheduledThreadPoolExecutor.java:899)
 java.base@17.0.6/java.util.concurrent.ThreadPoolExecutor.getTask(ThreadPoolExecutor.java:1062)
 java.base@17.0.6/java.util.concurrent.ThreadPoolExecutor.runWorker(ThreadPoolExecutor.java:1122)
 java.base@17.0.6/java.util.concurrent.ThreadPoolExecutor$Worker.run(ThreadPoolExecutor.java:635)
 java.base@17.0.6/java.lang.Thread.run(Thread.java:833)
2023-10-26 09:20:47.769  INFO hp-HP-EliteDesk-800-G4-DM-35W-TAA --- [       Thread-5] o.a.c.h.Http11NioProtocol                : Stopping ProtocolHandler ["http-nio-8082"]
2023-10-26 09:20:47.772  INFO hp-HP-EliteDesk-800-G4-DM-35W-TAA --- [       Thread-5] o.a.c.h.Http11NioProtocol                : Destroying ProtocolHandler ["http-nio-8082"]
2023-10-26 09:20:47.779  INFO hp-HP-EliteDesk-800-G4-DM-35W-TAA --- [       Thread-5] j.LocalContainerEntityManagerFactoryBean : Closing JPA EntityManagerFactory for persistence unit 'default'
2023-10-26 09:20:47.783  INFO hp-HP-EliteDesk-800-G4-DM-35W-TAA --- [       Thread-5] c.z.h.HikariDataSource                   : HikariPool-1 - Shutdown initiated...
2023-10-26 09:20:47.792  INFO hp-HP-EliteDesk-800-G4-DM-35W-TAA --- [       Thread-5] c.z.h.HikariDataSource                   : HikariPool-1 - Shutdown completed.
2023-10-26 09:20:47.975  INFO hp-HP-EliteDesk-800-G4-DM-35W-TAA --- [  restartedMain] c.r.ResumeBuilderBackendApplication      : Starting ResumeBuilderBackendApplication using Java 17.0.6 with PID 11996 (/home/hp/Documents/Resume Builder clone2/new/Resume%20Builder%20Backend/target/classes started by hp in /home/hp/Documents/Resume Builder clone2/new/Resume%20Builder%20Backend)
2023-10-26 09:20:47.976  INFO hp-HP-EliteDesk-800-G4-DM-35W-TAA --- [  restartedMain] c.r.ResumeBuilderBackendApplication      : No active profile set, falling back to 1 default profile: "default"
2023-10-26 09:20:48.208  INFO hp-HP-EliteDesk-800-G4-DM-35W-TAA --- [  restartedMain] .s.d.r.c.RepositoryConfigurationDelegate : Bootstrapping Spring Data JPA repositories in DEFAULT mode.
2023-10-26 09:20:48.256  INFO hp-HP-EliteDesk-800-G4-DM-35W-TAA --- [  restartedMain] .s.d.r.c.RepositoryConfigurationDelegate : Finished Spring Data repository scanning in 48 ms. Found 14 JPA repository interfaces.
2023-10-26 09:20:48.458  INFO hp-HP-EliteDesk-800-G4-DM-35W-TAA --- [  restartedMain] o.s.b.w.e.t.TomcatWebServer              : Tomcat initialized with port(s): 8082 (http)
2023-10-26 09:20:48.459  INFO hp-HP-EliteDesk-800-G4-DM-35W-TAA --- [  restartedMain] o.a.c.h.Http11NioProtocol                : Initializing ProtocolHandler ["http-nio-8082"]
2023-10-26 09:20:48.460  INFO hp-HP-EliteDesk-800-G4-DM-35W-TAA --- [  restartedMain] o.a.c.c.StandardService                  : Starting service [Tomcat]
2023-10-26 09:20:48.460  INFO hp-HP-EliteDesk-800-G4-DM-35W-TAA --- [  restartedMain] o.a.c.c.StandardEngine                   : Starting Servlet engine: [Apache Tomcat/10.1.12]
2023-10-26 09:20:48.479  INFO hp-HP-EliteDesk-800-G4-DM-35W-TAA --- [  restartedMain] o.a.c.c.C.[.[.[/]                        : Initializing Spring embedded WebApplicationContext
2023-10-26 09:20:48.479  INFO hp-HP-EliteDesk-800-G4-DM-35W-TAA --- [  restartedMain] w.s.c.ServletWebServerApplicationContext : Root WebApplicationContext: initialization completed in 500 ms
2023-10-26 09:20:48.555  INFO hp-HP-EliteDesk-800-G4-DM-35W-TAA --- [  restartedMain] o.h.j.i.u.LogHelper                      : HHH000204: Processing PersistenceUnitInfo [name: default]
2023-10-26 09:20:48.564  INFO hp-HP-EliteDesk-800-G4-DM-35W-TAA --- [  restartedMain] o.h.b.i.BytecodeProviderInitiator        : HHH000021: Bytecode provider name : bytebuddy
2023-10-26 09:20:48.565  INFO hp-HP-EliteDesk-800-G4-DM-35W-TAA --- [  restartedMain] o.s.o.j.p.SpringPersistenceUnitInfo      : No LoadTimeWeaver setup: ignoring JPA class transformer
2023-10-26 09:20:48.566  INFO hp-HP-EliteDesk-800-G4-DM-35W-TAA --- [  restartedMain] c.z.h.HikariDataSource                   : HikariPool-2 - Starting...
2023-10-26 09:20:48.587  INFO hp-HP-EliteDesk-800-G4-DM-35W-TAA --- [  restartedMain] c.z.h.p.HikariPool                       : HikariPool-2 - Added connection com.mysql.cj.jdbc.ConnectionImpl@5bb2d32d
2023-10-26 09:20:48.588  INFO hp-HP-EliteDesk-800-G4-DM-35W-TAA --- [  restartedMain] c.z.h.HikariDataSource                   : HikariPool-2 - Start completed.
2023-10-26 09:20:48.690  INFO hp-HP-EliteDesk-800-G4-DM-35W-TAA --- [  restartedMain] o.h.b.i.BytecodeProviderInitiator        : HHH000021: Bytecode provider name : bytebuddy
2023-10-26 09:20:49.001  INFO hp-HP-EliteDesk-800-G4-DM-35W-TAA --- [  restartedMain] o.h.e.t.j.p.i.JtaPlatformInitiator       : HHH000490: Using JtaPlatform implementation: [org.hibernate.engine.transaction.jta.platform.internal.NoJtaPlatform]
2023-10-26 09:20:49.223  INFO hp-HP-EliteDesk-800-G4-DM-35W-TAA --- [  restartedMain] j.LocalContainerEntityManagerFactoryBean : Initialized JPA EntityManagerFactory for persistence unit 'default'
2023-10-26 09:20:49.819  WARN hp-HP-EliteDesk-800-G4-DM-35W-TAA --- [  restartedMain] JpaBaseConfiguration$JpaWebConfiguration : spring.jpa.open-in-view is enabled by default. Therefore, database queries may be performed during view rendering. Explicitly configure spring.jpa.open-in-view to disable this warning
2023-10-26 09:20:49.988  INFO hp-HP-EliteDesk-800-G4-DM-35W-TAA --- [  restartedMain] o.s.s.w.DefaultSecurityFilterChain       : Will secure any request with [org.springframework.security.web.session.DisableEncodeUrlFilter@5618f9d6, org.springframework.security.web.context.request.async.WebAsyncManagerIntegrationFilter@78d43bfd, org.springframework.security.web.context.SecurityContextHolderFilter@46a18a64, org.springframework.security.web.header.HeaderWriterFilter@4e890297, org.springframework.web.filter.CorsFilter@378ea8f, org.springframework.security.web.authentication.logout.LogoutFilter@2f302a52, com.resumebuilder.security.jwt.AuthTokenFilter@7bed015d, org.springframework.security.web.savedrequest.RequestCacheAwareFilter@ad580f6, org.springframework.security.web.servletapi.SecurityContextHolderAwareRequestFilter@cceb681, org.springframework.security.web.authentication.AnonymousAuthenticationFilter@5754c6c8, org.springframework.security.web.session.SessionManagementFilter@22596ed3, org.springframework.security.web.access.ExceptionTranslationFilter@166b4a6c, org.springframework.security.web.access.intercept.AuthorizationFilter@70c70875]
2023-10-26 09:20:50.302  INFO hp-HP-EliteDesk-800-G4-DM-35W-TAA --- [  restartedMain] o.s.b.d.a.OptionalLiveReloadServer       : LiveReload server is running on port 35729
2023-10-26 09:20:50.322  INFO hp-HP-EliteDesk-800-G4-DM-35W-TAA --- [  restartedMain] o.a.c.h.Http11NioProtocol                : Starting ProtocolHandler ["http-nio-8082"]
2023-10-26 09:20:50.333  INFO hp-HP-EliteDesk-800-G4-DM-35W-TAA --- [  restartedMain] o.s.b.w.e.t.TomcatWebServer              : Tomcat started on port(s): 8082 (http) with context path ''
2023-10-26 09:20:50.340  INFO hp-HP-EliteDesk-800-G4-DM-35W-TAA --- [  restartedMain] c.r.ResumeBuilderBackendApplication      : Started ResumeBuilderBackendApplication in 2.44 seconds (process running for 44.13)
2023-10-26 09:20:50.346  INFO hp-HP-EliteDesk-800-G4-DM-35W-TAA --- [  restartedMain] .ConditionEvaluationDeltaLoggingListener : Condition evaluation unchanged
2023-10-26 09:20:50.346  INFO hp-HP-EliteDesk-800-G4-DM-35W-TAA --- [  restartedMain] c.r.ResumeBuilderBackendApplication      : Project started...
2023-10-26 09:21:10.824  INFO hp-HP-EliteDesk-800-G4-DM-35W-TAA --- [on(3)-127.0.0.1] inMXBeanRegistrar$SpringApplicationAdmin : Application shutdown requested.
2023-10-26 09:21:10.826  INFO hp-HP-EliteDesk-800-G4-DM-35W-TAA --- [on(3)-127.0.0.1] o.a.c.h.Http11NioProtocol                : Pausing ProtocolHandler ["http-nio-8082"]
2023-10-26 09:21:10.827  INFO hp-HP-EliteDesk-800-G4-DM-35W-TAA --- [on(3)-127.0.0.1] o.a.c.c.StandardService                  : Stopping service [Tomcat]
2023-10-26 09:21:10.828  WARN hp-HP-EliteDesk-800-G4-DM-35W-TAA --- [on(3)-127.0.0.1] o.a.c.l.WebappClassLoaderBase            : The web application [ROOT] appears to have started a thread named [HikariPool-2 housekeeper] but has failed to stop it. This is very likely to create a memory leak. Stack trace of thread:
 java.base@17.0.6/jdk.internal.misc.Unsafe.park(Native Method)
 java.base@17.0.6/java.util.concurrent.locks.LockSupport.parkNanos(LockSupport.java:252)
 java.base@17.0.6/java.util.concurrent.locks.AbstractQueuedSynchronizer$ConditionObject.awaitNanos(AbstractQueuedSynchronizer.java:1672)
 java.base@17.0.6/java.util.concurrent.ScheduledThreadPoolExecutor$DelayedWorkQueue.take(ScheduledThreadPoolExecutor.java:1182)
 java.base@17.0.6/java.util.concurrent.ScheduledThreadPoolExecutor$DelayedWorkQueue.take(ScheduledThreadPoolExecutor.java:899)
 java.base@17.0.6/java.util.concurrent.ThreadPoolExecutor.getTask(ThreadPoolExecutor.java:1062)
 java.base@17.0.6/java.util.concurrent.ThreadPoolExecutor.runWorker(ThreadPoolExecutor.java:1122)
 java.base@17.0.6/java.util.concurrent.ThreadPoolExecutor$Worker.run(ThreadPoolExecutor.java:635)
 java.base@17.0.6/java.lang.Thread.run(Thread.java:833)
2023-10-26 09:21:10.829  INFO hp-HP-EliteDesk-800-G4-DM-35W-TAA --- [on(3)-127.0.0.1] o.a.c.h.Http11NioProtocol                : Stopping ProtocolHandler ["http-nio-8082"]
2023-10-26 09:21:10.831  INFO hp-HP-EliteDesk-800-G4-DM-35W-TAA --- [on(3)-127.0.0.1] o.a.c.h.Http11NioProtocol                : Destroying ProtocolHandler ["http-nio-8082"]
2023-10-26 09:21:10.842  INFO hp-HP-EliteDesk-800-G4-DM-35W-TAA --- [on(3)-127.0.0.1] j.LocalContainerEntityManagerFactoryBean : Closing JPA EntityManagerFactory for persistence unit 'default'
2023-10-26 09:21:10.842  INFO hp-HP-EliteDesk-800-G4-DM-35W-TAA --- [on(3)-127.0.0.1] c.z.h.HikariDataSource                   : HikariPool-2 - Shutdown initiated...
2023-10-26 09:21:10.846  INFO hp-HP-EliteDesk-800-G4-DM-35W-TAA --- [on(3)-127.0.0.1] c.z.h.HikariDataSource                   : HikariPool-2 - Shutdown completed.
2023-10-26 09:21:13.454  INFO hp-HP-EliteDesk-800-G4-DM-35W-TAA --- [kground-preinit] o.h.v.i.u.Version                        : HV000001: Hibernate Validator 8.0.1.Final
2023-10-26 09:21:13.494  INFO hp-HP-EliteDesk-800-G4-DM-35W-TAA --- [  restartedMain] c.r.ResumeBuilderBackendApplication      : Starting ResumeBuilderBackendApplication using Java 17.0.6 with PID 12150 (/home/hp/Documents/Resume Builder clone2/new/Resume%20Builder%20Backend/target/classes started by hp in /home/hp/Documents/Resume Builder clone2/new/Resume%20Builder%20Backend)
2023-10-26 09:21:13.499  INFO hp-HP-EliteDesk-800-G4-DM-35W-TAA --- [  restartedMain] c.r.ResumeBuilderBackendApplication      : No active profile set, falling back to 1 default profile: "default"
2023-10-26 09:21:13.559  INFO hp-HP-EliteDesk-800-G4-DM-35W-TAA --- [  restartedMain] o.s.b.d.r.ChangeableUrls                 : The Class-Path manifest attribute in /home/hp/.m2/repository/xalan/xalan/2.7.2/xalan-2.7.2.jar referenced one or more files that do not exist: file:/home/hp/.m2/repository/xalan/xalan/2.7.2/xercesImpl.jar,file:/home/hp/.m2/repository/xalan/xalan/2.7.2/xml-apis.jar,file:/home/hp/.m2/repository/xalan/xalan/2.7.2/serializer.jar
2023-10-26 09:21:13.559  INFO hp-HP-EliteDesk-800-G4-DM-35W-TAA --- [  restartedMain] o.s.b.d.r.ChangeableUrls                 : The Class-Path manifest attribute in /home/hp/.m2/repository/xalan/serializer/2.7.2/serializer-2.7.2.jar referenced one or more files that do not exist: file:/home/hp/.m2/repository/xalan/serializer/2.7.2/xml-apis.jar
2023-10-26 09:21:13.560  INFO hp-HP-EliteDesk-800-G4-DM-35W-TAA --- [  restartedMain] o.s.b.d.r.ChangeableUrls                 : The Class-Path manifest attribute in /home/hp/.m2/repository/org/apache/xmlgraphics/batik-rasterizer-ext/1.13/batik-rasterizer-ext-1.13.jar referenced one or more files that do not exist: file:/home/hp/.m2/repository/org/apache/xmlgraphics/batik-rasterizer-ext/1.13/batik-shared-resources-1.13.jar,file:/home/hp/.m2/repository/org/apache/xmlgraphics/batik-rasterizer-ext/1.13/batik-svgrasterizer-1.13.jar,file:/home/hp/.m2/repository/org/apache/xmlgraphics/batik-rasterizer-ext/1.13/batik-parser-1.13.jar,file:/home/hp/.m2/repository/org/apache/xmlgraphics/batik-rasterizer-ext/1.13/batik-xml-1.13.jar,file:/home/hp/.m2/repository/org/apache/xmlgraphics/batik-rasterizer-ext/1.13/batik-transcoder-1.13.jar,file:/home/hp/.m2/repository/org/apache/xmlgraphics/batik-rasterizer-ext/1.13/batik-svggen-1.13.jar,file:/home/hp/.m2/repository/org/apache/xmlgraphics/batik-rasterizer-ext/1.13/batik-util-1.13.jar,file:/home/hp/.m2/repository/org/apache/xmlgraphics/batik-rasterizer-ext/1.13/batik-constants-1.13.jar,file:/home/hp/.m2/repository/org/apache/xmlgraphics/batik-rasterizer-ext/1.13/batik-i18n-1.13.jar,file:/home/hp/.m2/repository/org/apache/xmlgraphics/batik-rasterizer-ext/1.13/batik-codec-1.13.jar,file:/home/hp/.m2/repository/org/apache/xmlgraphics/batik-rasterizer-ext/1.13/batik-extension-1.13.jar,file:/home/hp/.m2/repository/org/apache/xmlgraphics/batik-rasterizer-ext/1.13/batik-anim-1.13.jar,file:/home/hp/.m2/repository/org/apache/xmlgraphics/batik-rasterizer-ext/1.13/batik-awt-util-1.13.jar,file:/home/hp/.m2/repository/org/apache/xmlgraphics/batik-rasterizer-ext/1.13/xmlgraphics-commons-2.4.jar,file:/home/hp/.m2/repository/org/apache/xmlgraphics/batik-rasterizer-ext/1.13/commons-io-1.3.2.jar,file:/home/hp/.m2/repository/org/apache/xmlgraphics/batik-rasterizer-ext/1.13/commons-logging-1.2.jar,file:/home/hp/.m2/repository/org/apache/xmlgraphics/batik-rasterizer-ext/1.13/batik-bridge-1.13.jar,file:/home/hp/.m2/repository/org/apache/xmlgraphics/batik-rasterizer-ext/1.13/batik-script-1.13.jar,file:/home/hp/.m2/repository/org/apache/xmlgraphics/batik-rasterizer-ext/1.13/batik-css-1.13.jar,file:/home/hp/.m2/repository/org/apache/xmlgraphics/batik-rasterizer-ext/1.13/batik-dom-1.13.jar,file:/home/hp/.m2/repository/org/apache/xmlgraphics/batik-rasterizer-ext/1.13/xalan-2.7.2.jar,file:/home/hp/.m2/repository/org/apache/xmlgraphics/batik-rasterizer-ext/1.13/serializer-2.7.2.jar,file:/home/hp/.m2/repository/org/apache/xmlgraphics/batik-rasterizer-ext/1.13/xml-apis-1.4.01.jar,file:/home/hp/.m2/repository/org/apache/xmlgraphics/batik-rasterizer-ext/1.13/batik-ext-1.13.jar,file:/home/hp/.m2/repository/org/apache/xmlgraphics/batik-rasterizer-ext/1.13/batik-gvt-1.13.jar,file:/home/hp/.m2/repository/org/apache/xmlgraphics/batik-rasterizer-ext/1.13/batik-svg-dom-1.13.jar,file:/home/hp/.m2/repository/org/apache/xmlgraphics/batik-rasterizer-ext/1.13/xml-apis-ext-1.3.04.jar
2023-10-26 09:21:13.560  INFO hp-HP-EliteDesk-800-G4-DM-35W-TAA --- [  restartedMain] o.s.b.d.r.ChangeableUrls                 : The Class-Path manifest attribute in /home/hp/.m2/repository/org/apache/xmlgraphics/batik-rasterizer/1.13/batik-rasterizer-1.13.jar referenced one or more files that do not exist: file:/home/hp/.m2/repository/org/apache/xmlgraphics/batik-rasterizer/1.13/lib/batik-shared-resources-1.13.jar,file:/home/hp/.m2/repository/org/apache/xmlgraphics/batik-rasterizer/1.13/lib/batik-svgrasterizer-1.13.jar,file:/home/hp/.m2/repository/org/apache/xmlgraphics/batik-rasterizer/1.13/lib/batik-parser-1.13.jar,file:/home/hp/.m2/repository/org/apache/xmlgraphics/batik-rasterizer/1.13/lib/batik-awt-util-1.13.jar,file:/home/hp/.m2/repository/org/apache/xmlgraphics/batik-rasterizer/1.13/lib/xmlgraphics-commons-2.4.jar,file:/home/hp/.m2/repository/org/apache/xmlgraphics/batik-rasterizer/1.13/lib/commons-io-1.3.2.jar,file:/home/hp/.m2/repository/org/apache/xmlgraphics/batik-rasterizer/1.13/lib/commons-logging-1.2.jar,file:/home/hp/.m2/repository/org/apache/xmlgraphics/batik-rasterizer/1.13/lib/batik-xml-1.13.jar,file:/home/hp/.m2/repository/org/apache/xmlgraphics/batik-rasterizer/1.13/lib/xml-apis-ext-1.3.04.jar,file:/home/hp/.m2/repository/org/apache/xmlgraphics/batik-rasterizer/1.13/lib/batik-transcoder-1.13.jar,file:/home/hp/.m2/repository/org/apache/xmlgraphics/batik-rasterizer/1.13/lib/batik-anim-1.13.jar,file:/home/hp/.m2/repository/org/apache/xmlgraphics/batik-rasterizer/1.13/lib/batik-css-1.13.jar,file:/home/hp/.m2/repository/org/apache/xmlgraphics/batik-rasterizer/1.13/lib/batik-ext-1.13.jar,file:/home/hp/.m2/repository/org/apache/xmlgraphics/batik-rasterizer/1.13/lib/batik-svg-dom-1.13.jar,file:/home/hp/.m2/repository/org/apache/xmlgraphics/batik-rasterizer/1.13/lib/batik-bridge-1.13.jar,file:/home/hp/.m2/repository/org/apache/xmlgraphics/batik-rasterizer/1.13/lib/batik-script-1.13.jar,file:/home/hp/.m2/repository/org/apache/xmlgraphics/batik-rasterizer/1.13/lib/batik-dom-1.13.jar,file:/home/hp/.m2/repository/org/apache/xmlgraphics/batik-rasterizer/1.13/lib/xalan-2.7.2.jar,file:/home/hp/.m2/repository/org/apache/xmlgraphics/batik-rasterizer/1.13/lib/serializer-2.7.2.jar,file:/home/hp/.m2/repository/org/apache/xmlgraphics/batik-rasterizer/1.13/lib/xml-apis-1.4.01.jar,file:/home/hp/.m2/repository/org/apache/xmlgraphics/batik-rasterizer/1.13/lib/batik-gvt-1.13.jar,file:/home/hp/.m2/repository/org/apache/xmlgraphics/batik-rasterizer/1.13/lib/batik-svggen-1.13.jar,file:/home/hp/.m2/repository/org/apache/xmlgraphics/batik-rasterizer/1.13/lib/batik-util-1.13.jar,file:/home/hp/.m2/repository/org/apache/xmlgraphics/batik-rasterizer/1.13/lib/batik-constants-1.13.jar,file:/home/hp/.m2/repository/org/apache/xmlgraphics/batik-rasterizer/1.13/lib/batik-i18n-1.13.jar,file:/home/hp/.m2/repository/org/apache/xmlgraphics/batik-rasterizer/1.13/lib/batik-codec-1.13.jar,file:/home/hp/.m2/repository/org/apache/xmlgraphics/batik-rasterizer/1.13/lib/fop-transcoder-allinone-2.5.jar
2023-10-26 09:21:13.562  INFO hp-HP-EliteDesk-800-G4-DM-35W-TAA --- [  restartedMain] o.s.b.d.r.ChangeableUrls                 : The Class-Path manifest attribute in /home/hp/.m2/repository/org/apache/xmlgraphics/batik-slideshow/1.13/batik-slideshow-1.13.jar referenced one or more files that do not exist: file:/home/hp/.m2/repository/org/apache/xmlgraphics/batik-slideshow/1.13/lib/batik-bridge-1.13.jar,file:/home/hp/.m2/repository/org/apache/xmlgraphics/batik-slideshow/1.13/lib/batik-anim-1.13.jar,file:/home/hp/.m2/repository/org/apache/xmlgraphics/batik-slideshow/1.13/lib/batik-ext-1.13.jar,file:/home/hp/.m2/repository/org/apache/xmlgraphics/batik-slideshow/1.13/lib/batik-awt-util-1.13.jar,file:/home/hp/.m2/repository/org/apache/xmlgraphics/batik-slideshow/1.13/lib/batik-css-1.13.jar,file:/home/hp/.m2/repository/org/apache/xmlgraphics/batik-slideshow/1.13/lib/batik-dom-1.13.jar,file:/home/hp/.m2/repository/org/apache/xmlgraphics/batik-slideshow/1.13/lib/xalan-2.7.2.jar,file:/home/hp/.m2/repository/org/apache/xmlgraphics/batik-slideshow/1.13/lib/serializer-2.7.2.jar,file:/home/hp/.m2/repository/org/apache/xmlgraphics/batik-slideshow/1.13/lib/xml-apis-1.4.01.jar,file:/home/hp/.m2/repository/org/apache/xmlgraphics/batik-slideshow/1.13/lib/batik-parser-1.13.jar,file:/home/hp/.m2/repository/org/apache/xmlgraphics/batik-slideshow/1.13/lib/batik-script-1.13.jar,file:/home/hp/.m2/repository/org/apache/xmlgraphics/batik-slideshow/1.13/lib/batik-svg-dom-1.13.jar,file:/home/hp/.m2/repository/org/apache/xmlgraphics/batik-slideshow/1.13/lib/batik-util-1.13.jar,file:/home/hp/.m2/repository/org/apache/xmlgraphics/batik-slideshow/1.13/lib/batik-constants-1.13.jar,file:/home/hp/.m2/repository/org/apache/xmlgraphics/batik-slideshow/1.13/lib/batik-i18n-1.13.jar,file:/home/hp/.m2/repository/org/apache/xmlgraphics/batik-slideshow/1.13/lib/batik-xml-1.13.jar,file:/home/hp/.m2/repository/org/apache/xmlgraphics/batik-slideshow/1.13/lib/xmlgraphics-commons-2.4.jar,file:/home/hp/.m2/repository/org/apache/xmlgraphics/batik-slideshow/1.13/lib/commons-io-1.3.2.jar,file:/home/hp/.m2/repository/org/apache/xmlgraphics/batik-slideshow/1.13/lib/commons-logging-1.2.jar,file:/home/hp/.m2/repository/org/apache/xmlgraphics/batik-slideshow/1.13/lib/batik-gvt-1.13.jar,file:/home/hp/.m2/repository/org/apache/xmlgraphics/batik-slideshow/1.13/lib/batik-shared-resources-1.13.jar,file:/home/hp/.m2/repository/org/apache/xmlgraphics/batik-slideshow/1.13/lib/xml-apis-ext-1.3.04.jar
2023-10-26 09:21:13.563  INFO hp-HP-EliteDesk-800-G4-DM-35W-TAA --- [  restartedMain] o.s.b.d.r.ChangeableUrls                 : The Class-Path manifest attribute in /home/hp/.m2/repository/org/apache/xmlgraphics/batik-squiggle-ext/1.13/batik-squiggle-ext-1.13.jar referenced one or more files that do not exist: file:/home/hp/.m2/repository/org/apache/xmlgraphics/batik-squiggle-ext/1.13/batik-shared-resources-1.13.jar,file:/home/hp/.m2/repository/org/apache/xmlgraphics/batik-squiggle-ext/1.13/batik-svgbrowser-1.13.jar,file:/home/hp/.m2/repository/org/apache/xmlgraphics/batik-squiggle-ext/1.13/batik-anim-1.13.jar,file:/home/hp/.m2/repository/org/apache/xmlgraphics/batik-squiggle-ext/1.13/batik-bridge-1.13.jar,file:/home/hp/.m2/repository/org/apache/xmlgraphics/batik-squiggle-ext/1.13/batik-script-1.13.jar,file:/home/hp/.m2/repository/org/apache/xmlgraphics/batik-squiggle-ext/1.13/xmlgraphics-commons-2.4.jar,file:/home/hp/.m2/repository/org/apache/xmlgraphics/batik-squiggle-ext/1.13/commons-io-1.3.2.jar,file:/home/hp/.m2/repository/org/apache/xmlgraphics/batik-squiggle-ext/1.13/commons-logging-1.2.jar,file:/home/hp/.m2/repository/org/apache/xmlgraphics/batik-squiggle-ext/1.13/batik-dom-1.13.jar,file:/home/hp/.m2/repository/org/apache/xmlgraphics/batik-squiggle-ext/1.13/xalan-2.7.2.jar,file:/home/hp/.m2/repository/org/apache/xmlgraphics/batik-squiggle-ext/1.13/serializer-2.7.2.jar,file:/home/hp/.m2/repository/org/apache/xmlgraphics/batik-squiggle-ext/1.13/xml-apis-1.4.01.jar,file:/home/hp/.m2/repository/org/apache/xmlgraphics/batik-squiggle-ext/1.13/batik-gvt-1.13.jar,file:/home/hp/.m2/repository/org/apache/xmlgraphics/batik-squiggle-ext/1.13/batik-swing-1.13.jar,file:/home/hp/.m2/repository/org/apache/xmlgraphics/batik-squiggle-ext/1.13/batik-gui-util-1.13.jar,file:/home/hp/.m2/repository/org/apache/xmlgraphics/batik-squiggle-ext/1.13/batik-transcoder-1.13.jar,file:/home/hp/.m2/repository/org/apache/xmlgraphics/batik-squiggle-ext/1.13/batik-svggen-1.13.jar,file:/home/hp/.m2/repository/org/apache/xmlgraphics/batik-squiggle-ext/1.13/batik-util-1.13.jar,file:/home/hp/.m2/repository/org/apache/xmlgraphics/batik-squiggle-ext/1.13/batik-constants-1.13.jar,file:/home/hp/.m2/repository/org/apache/xmlgraphics/batik-squiggle-ext/1.13/batik-i18n-1.13.jar,file:/home/hp/.m2/repository/org/apache/xmlgraphics/batik-squiggle-ext/1.13/batik-xml-1.13.jar,file:/home/hp/.m2/repository/org/apache/xmlgraphics/batik-squiggle-ext/1.13/xml-apis-ext-1.3.04.jar,file:/home/hp/.m2/repository/org/apache/xmlgraphics/batik-squiggle-ext/1.13/batik-extension-1.13.jar,file:/home/hp/.m2/repository/org/apache/xmlgraphics/batik-squiggle-ext/1.13/batik-awt-util-1.13.jar,file:/home/hp/.m2/repository/org/apache/xmlgraphics/batik-squiggle-ext/1.13/batik-css-1.13.jar,file:/home/hp/.m2/repository/org/apache/xmlgraphics/batik-squiggle-ext/1.13/batik-ext-1.13.jar,file:/home/hp/.m2/repository/org/apache/xmlgraphics/batik-squiggle-ext/1.13/batik-parser-1.13.jar,file:/home/hp/.m2/repository/org/apache/xmlgraphics/batik-squiggle-ext/1.13/batik-svg-dom-1.13.jar
2023-10-26 09:21:13.567  INFO hp-HP-EliteDesk-800-G4-DM-35W-TAA --- [  restartedMain] o.s.b.d.r.ChangeableUrls                 : The Class-Path manifest attribute in /home/hp/.m2/repository/org/apache/xmlgraphics/batik-squiggle/1.13/batik-squiggle-1.13.jar referenced one or more files that do not exist: file:/home/hp/.m2/repository/org/apache/xmlgraphics/batik-squiggle/1.13/lib/batik-shared-resources-1.13.jar,file:/home/hp/.m2/repository/org/apache/xmlgraphics/batik-squiggle/1.13/lib/batik-svgbrowser-1.13.jar,file:/home/hp/.m2/repository/org/apache/xmlgraphics/batik-squiggle/1.13/lib/batik-anim-1.13.jar,file:/home/hp/.m2/repository/org/apache/xmlgraphics/batik-squiggle/1.13/lib/batik-awt-util-1.13.jar,file:/home/hp/.m2/repository/org/apache/xmlgraphics/batik-squiggle/1.13/lib/batik-css-1.13.jar,file:/home/hp/.m2/repository/org/apache/xmlgraphics/batik-squiggle/1.13/lib/batik-ext-1.13.jar,file:/home/hp/.m2/repository/org/apache/xmlgraphics/batik-squiggle/1.13/lib/batik-parser-1.13.jar,file:/home/hp/.m2/repository/org/apache/xmlgraphics/batik-squiggle/1.13/lib/batik-svg-dom-1.13.jar,file:/home/hp/.m2/repository/org/apache/xmlgraphics/batik-squiggle/1.13/lib/batik-bridge-1.13.jar,file:/home/hp/.m2/repository/org/apache/xmlgraphics/batik-squiggle/1.13/lib/batik-script-1.13.jar,file:/home/hp/.m2/repository/org/apache/xmlgraphics/batik-squiggle/1.13/lib/xmlgraphics-commons-2.4.jar,file:/home/hp/.m2/repository/org/apache/xmlgraphics/batik-squiggle/1.13/lib/commons-io-1.3.2.jar,file:/home/hp/.m2/repository/org/apache/xmlgraphics/batik-squiggle/1.13/lib/commons-logging-1.2.jar,file:/home/hp/.m2/repository/org/apache/xmlgraphics/batik-squiggle/1.13/lib/batik-dom-1.13.jar,file:/home/hp/.m2/repository/org/apache/xmlgraphics/batik-squiggle/1.13/lib/xalan-2.7.2.jar,file:/home/hp/.m2/repository/org/apache/xmlgraphics/batik-squiggle/1.13/lib/serializer-2.7.2.jar,file:/home/hp/.m2/repository/org/apache/xmlgraphics/batik-squiggle/1.13/lib/xml-apis-1.4.01.jar,file:/home/hp/.m2/repository/org/apache/xmlgraphics/batik-squiggle/1.13/lib/batik-gvt-1.13.jar,file:/home/hp/.m2/repository/org/apache/xmlgraphics/batik-squiggle/1.13/lib/batik-swing-1.13.jar,file:/home/hp/.m2/repository/org/apache/xmlgraphics/batik-squiggle/1.13/lib/batik-gui-util-1.13.jar,file:/home/hp/.m2/repository/org/apache/xmlgraphics/batik-squiggle/1.13/lib/batik-transcoder-1.13.jar,file:/home/hp/.m2/repository/org/apache/xmlgraphics/batik-squiggle/1.13/lib/batik-svggen-1.13.jar,file:/home/hp/.m2/repository/org/apache/xmlgraphics/batik-squiggle/1.13/lib/batik-util-1.13.jar,file:/home/hp/.m2/repository/org/apache/xmlgraphics/batik-squiggle/1.13/lib/batik-constants-1.13.jar,file:/home/hp/.m2/repository/org/apache/xmlgraphics/batik-squiggle/1.13/lib/batik-i18n-1.13.jar,file:/home/hp/.m2/repository/org/apache/xmlgraphics/batik-squiggle/1.13/lib/batik-xml-1.13.jar,file:/home/hp/.m2/repository/org/apache/xmlgraphics/batik-squiggle/1.13/lib/xml-apis-ext-1.3.04.jar
2023-10-26 09:21:13.568  INFO hp-HP-EliteDesk-800-G4-DM-35W-TAA --- [  restartedMain] o.s.b.d.r.ChangeableUrls                 : The Class-Path manifest attribute in /home/hp/.m2/repository/org/apache/xmlgraphics/batik-svgpp/1.13/batik-svgpp-1.13.jar referenced one or more files that do not exist: file:/home/hp/.m2/repository/org/apache/xmlgraphics/batik-svgpp/1.13/lib/batik-shared-resources-1.13.jar,file:/home/hp/.m2/repository/org/apache/xmlgraphics/batik-svgpp/1.13/lib/batik-transcoder-1.13.jar,file:/home/hp/.m2/repository/org/apache/xmlgraphics/batik-svgpp/1.13/lib/batik-anim-1.13.jar,file:/home/hp/.m2/repository/org/apache/xmlgraphics/batik-svgpp/1.13/lib/batik-css-1.13.jar,file:/home/hp/.m2/repository/org/apache/xmlgraphics/batik-svgpp/1.13/lib/batik-ext-1.13.jar,file:/home/hp/.m2/repository/org/apache/xmlgraphics/batik-svgpp/1.13/lib/batik-parser-1.13.jar,file:/home/hp/.m2/repository/org/apache/xmlgraphics/batik-svgpp/1.13/lib/batik-svg-dom-1.13.jar,file:/home/hp/.m2/repository/org/apache/xmlgraphics/batik-svgpp/1.13/lib/batik-awt-util-1.13.jar,file:/home/hp/.m2/repository/org/apache/xmlgraphics/batik-svgpp/1.13/lib/xmlgraphics-commons-2.4.jar,file:/home/hp/.m2/repository/org/apache/xmlgraphics/batik-svgpp/1.13/lib/commons-io-1.3.2.jar,file:/home/hp/.m2/repository/org/apache/xmlgraphics/batik-svgpp/1.13/lib/commons-logging-1.2.jar,file:/home/hp/.m2/repository/org/apache/xmlgraphics/batik-svgpp/1.13/lib/batik-bridge-1.13.jar,file:/home/hp/.m2/repository/org/apache/xmlgraphics/batik-svgpp/1.13/lib/batik-script-1.13.jar,file:/home/hp/.m2/repository/org/apache/xmlgraphics/batik-svgpp/1.13/lib/batik-dom-1.13.jar,file:/home/hp/.m2/repository/org/apache/xmlgraphics/batik-svgpp/1.13/lib/xalan-2.7.2.jar,file:/home/hp/.m2/repository/org/apache/xmlgraphics/batik-svgpp/1.13/lib/serializer-2.7.2.jar,file:/home/hp/.m2/repository/org/apache/xmlgraphics/batik-svgpp/1.13/lib/xml-apis-1.4.01.jar,file:/home/hp/.m2/repository/org/apache/xmlgraphics/batik-svgpp/1.13/lib/batik-gvt-1.13.jar,file:/home/hp/.m2/repository/org/apache/xmlgraphics/batik-svgpp/1.13/lib/batik-svggen-1.13.jar,file:/home/hp/.m2/repository/org/apache/xmlgraphics/batik-svgpp/1.13/lib/batik-xml-1.13.jar,file:/home/hp/.m2/repository/org/apache/xmlgraphics/batik-svgpp/1.13/lib/xml-apis-ext-1.3.04.jar,file:/home/hp/.m2/repository/org/apache/xmlgraphics/batik-svgpp/1.13/lib/batik-util-1.13.jar,file:/home/hp/.m2/repository/org/apache/xmlgraphics/batik-svgpp/1.13/lib/batik-constants-1.13.jar,file:/home/hp/.m2/repository/org/apache/xmlgraphics/batik-svgpp/1.13/lib/batik-i18n-1.13.jar
2023-10-26 09:21:13.570  INFO hp-HP-EliteDesk-800-G4-DM-35W-TAA --- [  restartedMain] o.s.b.d.r.ChangeableUrls                 : The Class-Path manifest attribute in /home/hp/.m2/repository/org/apache/xmlgraphics/batik-ttf2svg/1.13/batik-ttf2svg-1.13.jar referenced one or more files that do not exist: file:/home/hp/.m2/repository/org/apache/xmlgraphics/batik-ttf2svg/1.13/lib/batik-shared-resources-1.13.jar,file:/home/hp/.m2/repository/org/apache/xmlgraphics/batik-ttf2svg/1.13/lib/batik-svggen-1.13.jar,file:/home/hp/.m2/repository/org/apache/xmlgraphics/batik-ttf2svg/1.13/lib/batik-awt-util-1.13.jar,file:/home/hp/.m2/repository/org/apache/xmlgraphics/batik-ttf2svg/1.13/lib/xmlgraphics-commons-2.4.jar,file:/home/hp/.m2/repository/org/apache/xmlgraphics/batik-ttf2svg/1.13/lib/commons-io-1.3.2.jar,file:/home/hp/.m2/repository/org/apache/xmlgraphics/batik-ttf2svg/1.13/lib/commons-logging-1.2.jar,file:/home/hp/.m2/repository/org/apache/xmlgraphics/batik-ttf2svg/1.13/lib/batik-util-1.13.jar,file:/home/hp/.m2/repository/org/apache/xmlgraphics/batik-ttf2svg/1.13/lib/batik-constants-1.13.jar,file:/home/hp/.m2/repository/org/apache/xmlgraphics/batik-ttf2svg/1.13/lib/batik-i18n-1.13.jar
2023-10-26 09:21:13.570  INFO hp-HP-EliteDesk-800-G4-DM-35W-TAA --- [  restartedMain] .e.DevToolsPropertyDefaultsPostProcessor : Devtools property defaults active! Set 'spring.devtools.add-properties' to 'false' to disable
2023-10-26 09:21:13.571  INFO hp-HP-EliteDesk-800-G4-DM-35W-TAA --- [  restartedMain] .e.DevToolsPropertyDefaultsPostProcessor : For additional web related logging consider setting the 'logging.level.web' property to 'DEBUG'
2023-10-26 09:21:14.501  INFO hp-HP-EliteDesk-800-G4-DM-35W-TAA --- [  restartedMain] .s.d.r.c.RepositoryConfigurationDelegate : Bootstrapping Spring Data JPA repositories in DEFAULT mode.
2023-10-26 09:21:14.625  INFO hp-HP-EliteDesk-800-G4-DM-35W-TAA --- [  restartedMain] .s.d.r.c.RepositoryConfigurationDelegate : Finished Spring Data repository scanning in 117 ms. Found 14 JPA repository interfaces.
2023-10-26 09:21:15.555  INFO hp-HP-EliteDesk-800-G4-DM-35W-TAA --- [  restartedMain] o.s.b.w.e.t.TomcatWebServer              : Tomcat initialized with port(s): 8082 (http)
2023-10-26 09:21:15.567  INFO hp-HP-EliteDesk-800-G4-DM-35W-TAA --- [  restartedMain] o.a.c.h.Http11NioProtocol                : Initializing ProtocolHandler ["http-nio-8082"]
2023-10-26 09:21:15.570  INFO hp-HP-EliteDesk-800-G4-DM-35W-TAA --- [  restartedMain] o.a.c.c.StandardService                  : Starting service [Tomcat]
2023-10-26 09:21:15.570  INFO hp-HP-EliteDesk-800-G4-DM-35W-TAA --- [  restartedMain] o.a.c.c.StandardEngine                   : Starting Servlet engine: [Apache Tomcat/10.1.12]
2023-10-26 09:21:15.646  INFO hp-HP-EliteDesk-800-G4-DM-35W-TAA --- [  restartedMain] o.a.c.c.C.[.[.[/]                        : Initializing Spring embedded WebApplicationContext
2023-10-26 09:21:15.647  INFO hp-HP-EliteDesk-800-G4-DM-35W-TAA --- [  restartedMain] w.s.c.ServletWebServerApplicationContext : Root WebApplicationContext: initialization completed in 2074 ms
2023-10-26 09:21:15.803  INFO hp-HP-EliteDesk-800-G4-DM-35W-TAA --- [  restartedMain] o.h.j.i.u.LogHelper                      : HHH000204: Processing PersistenceUnitInfo [name: default]
2023-10-26 09:21:15.856  INFO hp-HP-EliteDesk-800-G4-DM-35W-TAA --- [  restartedMain] o.h.Version                              : HHH000412: Hibernate ORM core version 6.2.7.Final
2023-10-26 09:21:15.861  INFO hp-HP-EliteDesk-800-G4-DM-35W-TAA --- [  restartedMain] o.h.c.Environment                        : HHH000406: Using bytecode reflection optimizer
2023-10-26 09:21:15.996  INFO hp-HP-EliteDesk-800-G4-DM-35W-TAA --- [  restartedMain] o.h.b.i.BytecodeProviderInitiator        : HHH000021: Bytecode provider name : bytebuddy
2023-10-26 09:21:16.131  INFO hp-HP-EliteDesk-800-G4-DM-35W-TAA --- [  restartedMain] o.s.o.j.p.SpringPersistenceUnitInfo      : No LoadTimeWeaver setup: ignoring JPA class transformer
2023-10-26 09:21:16.153  INFO hp-HP-EliteDesk-800-G4-DM-35W-TAA --- [  restartedMain] c.z.h.HikariDataSource                   : HikariPool-1 - Starting...
2023-10-26 09:21:16.480  INFO hp-HP-EliteDesk-800-G4-DM-35W-TAA --- [  restartedMain] c.z.h.p.HikariPool                       : HikariPool-1 - Added connection com.mysql.cj.jdbc.ConnectionImpl@8dcda3b
2023-10-26 09:21:16.483  INFO hp-HP-EliteDesk-800-G4-DM-35W-TAA --- [  restartedMain] c.z.h.HikariDataSource                   : HikariPool-1 - Start completed.
2023-10-26 09:21:16.922  INFO hp-HP-EliteDesk-800-G4-DM-35W-TAA --- [  restartedMain] o.h.b.i.BytecodeProviderInitiator        : HHH000021: Bytecode provider name : bytebuddy
2023-10-26 09:21:18.011  INFO hp-HP-EliteDesk-800-G4-DM-35W-TAA --- [  restartedMain] o.h.e.t.j.p.i.JtaPlatformInitiator       : HHH000490: Using JtaPlatform implementation: [org.hibernate.engine.transaction.jta.platform.internal.NoJtaPlatform]
2023-10-26 09:21:18.273  INFO hp-HP-EliteDesk-800-G4-DM-35W-TAA --- [  restartedMain] j.LocalContainerEntityManagerFactoryBean : Initialized JPA EntityManagerFactory for persistence unit 'default'
2023-10-26 09:21:18.612  INFO hp-HP-EliteDesk-800-G4-DM-35W-TAA --- [  restartedMain] o.s.d.j.r.q.QueryEnhancerFactory         : Hibernate is in classpath; If applicable, HQL parser will be used.
2023-10-26 09:21:19.587  WARN hp-HP-EliteDesk-800-G4-DM-35W-TAA --- [  restartedMain] JpaBaseConfiguration$JpaWebConfiguration : spring.jpa.open-in-view is enabled by default. Therefore, database queries may be performed during view rendering. Explicitly configure spring.jpa.open-in-view to disable this warning
2023-10-26 09:21:19.890  INFO hp-HP-EliteDesk-800-G4-DM-35W-TAA --- [  restartedMain] o.s.s.w.DefaultSecurityFilterChain       : Will secure any request with [org.springframework.security.web.session.DisableEncodeUrlFilter@75e03df3, org.springframework.security.web.context.request.async.WebAsyncManagerIntegrationFilter@60312ca6, org.springframework.security.web.context.SecurityContextHolderFilter@3974620d, org.springframework.security.web.header.HeaderWriterFilter@5e381c9d, org.springframework.web.filter.CorsFilter@2fcc9064, org.springframework.security.web.authentication.logout.LogoutFilter@2aaa0225, com.resumebuilder.security.jwt.AuthTokenFilter@7e682346, org.springframework.security.web.savedrequest.RequestCacheAwareFilter@58592170, org.springframework.security.web.servletapi.SecurityContextHolderAwareRequestFilter@6f568183, org.springframework.security.web.authentication.AnonymousAuthenticationFilter@d6ac951, org.springframework.security.web.session.SessionManagementFilter@42222614, org.springframework.security.web.access.ExceptionTranslationFilter@36576d53, org.springframework.security.web.access.intercept.AuthorizationFilter@5b19cbb2]
2023-10-26 09:21:20.309  INFO hp-HP-EliteDesk-800-G4-DM-35W-TAA --- [  restartedMain] o.s.b.d.a.OptionalLiveReloadServer       : LiveReload server is running on port 35729
2023-10-26 09:21:20.336  INFO hp-HP-EliteDesk-800-G4-DM-35W-TAA --- [  restartedMain] o.a.c.h.Http11NioProtocol                : Starting ProtocolHandler ["http-nio-8082"]
2023-10-26 09:21:20.372  INFO hp-HP-EliteDesk-800-G4-DM-35W-TAA --- [  restartedMain] o.s.b.w.e.t.TomcatWebServer              : Tomcat started on port(s): 8082 (http) with context path ''
2023-10-26 09:21:20.384  INFO hp-HP-EliteDesk-800-G4-DM-35W-TAA --- [  restartedMain] c.r.ResumeBuilderBackendApplication      : Started ResumeBuilderBackendApplication in 7.333 seconds (process running for 8.774)
2023-10-26 09:21:20.388  INFO hp-HP-EliteDesk-800-G4-DM-35W-TAA --- [  restartedMain] c.r.ResumeBuilderBackendApplication      : Project started...
2023-10-26 09:21:52.537  INFO hp-HP-EliteDesk-800-G4-DM-35W-TAA --- [nio-8082-exec-2] o.a.c.c.C.[.[.[/]                        : Initializing Spring DispatcherServlet 'dispatcherServlet'
2023-10-26 09:21:52.537  INFO hp-HP-EliteDesk-800-G4-DM-35W-TAA --- [nio-8082-exec-2] o.s.w.s.DispatcherServlet                : Initializing Servlet 'dispatcherServlet'
2023-10-26 09:21:52.540  INFO hp-HP-EliteDesk-800-G4-DM-35W-TAA --- [nio-8082-exec-2] o.s.w.s.DispatcherServlet                : Completed initialization in 3 ms
