2023-11-24 09:37:48.013  INFO hp-HP-EliteDesk-800-G4-DM-35W-TAA --- [nio-8082-exec-8] c.r.u.UserServiceImplementation          : Finding user by username: manager1@gmail.com
2023-11-24 09:38:21.111  INFO hp-HP-EliteDesk-800-G4-DM-35W-TAA --- [nio-8082-exec-2] c.r.u.UserServiceImplementation          : Finding user by username: manager1@gmail.com
2023-11-24 09:39:56.151  WARN hp-HP-EliteDesk-800-G4-DM-35W-TAA --- [nio-8082-exec-5] .w.s.m.s.DefaultHandlerExceptionResolver : Resolved [org.springframework.web.HttpMediaTypeNotSupportedException: Content-Type 'application/x-www-form-urlencoded' is not supported]
2023-11-24 09:39:56.154 ERROR hp-HP-EliteDesk-800-G4-DM-35W-TAA --- [nio-8082-exec-5] c.r.s.j.AuthEntryPointJwt                : Unauthorized error: Full authentication is required to access this resource
2023-11-24 09:40:01.248  INFO hp-HP-EliteDesk-800-G4-DM-35W-TAA --- [nio-8082-exec-7] c.r.u.UserServiceImplementation          : Finding user by username: manager1@gmail.com
2023-11-24 09:40:49.482  INFO hp-HP-EliteDesk-800-G4-DM-35W-TAA --- [nio-8082-exec-9] c.r.u.UserServiceImplementation          : Finding user by username: manager1@gmail.com
2023-11-24 09:40:51.628  WARN hp-HP-EliteDesk-800-G4-DM-35W-TAA --- [nio-8082-exec-1] .w.s.m.s.DefaultHandlerExceptionResolver : Resolved [org.springframework.web.HttpMediaTypeNotSupportedException: Content-Type 'application/x-www-form-urlencoded' is not supported]
2023-11-24 09:40:51.631 ERROR hp-HP-EliteDesk-800-G4-DM-35W-TAA --- [nio-8082-exec-1] c.r.s.j.AuthEntryPointJwt                : Unauthorized error: Full authentication is required to access this resource
2023-11-24 09:40:54.172  WARN hp-HP-EliteDesk-800-G4-DM-35W-TAA --- [nio-8082-exec-2] .w.s.m.s.DefaultHandlerExceptionResolver : Resolved [org.springframework.web.HttpMediaTypeNotSupportedException: Content-Type 'application/x-www-form-urlencoded' is not supported]
2023-11-24 09:40:54.174 ERROR hp-HP-EliteDesk-800-G4-DM-35W-TAA --- [nio-8082-exec-2] c.r.s.j.AuthEntryPointJwt                : Unauthorized error: Full authentication is required to access this resource
2023-11-24 09:46:16.123  INFO hp-HP-EliteDesk-800-G4-DM-35W-TAA --- [nio-8082-exec-5] c.r.u.UserServiceImplementation          : Finding user by username: manager1@gmail.com
2023-11-24 10:21:53.712  INFO hp-HP-EliteDesk-800-G4-DM-35W-TAA --- [nio-8082-exec-8] c.r.u.UserServiceImplementation          : Finding user by username: manager1@gmail.com
2023-11-24 10:24:45.981  INFO hp-HP-EliteDesk-800-G4-DM-35W-TAA --- [nio-8082-exec-1] c.r.u.UserServiceImplementation          : Finding user by username: manager1@gmail.com
2023-11-24 10:24:59.596  INFO hp-HP-EliteDesk-800-G4-DM-35W-TAA --- [nio-8082-exec-3] c.r.u.UserServiceImplementation          : Finding user by username: manager1@gmail.com
2023-11-24 10:26:19.258  INFO hp-HP-EliteDesk-800-G4-DM-35W-TAA --- [nio-8082-exec-6] c.r.u.UserServiceImplementation          : Finding user by username: manager1@gmail.com
2023-11-24 10:35:46.863  INFO hp-HP-EliteDesk-800-G4-DM-35W-TAA --- [nio-8082-exec-9] c.r.u.UserServiceImplementation          : Finding user by username: manager1@gmail.com
2023-11-24 10:38:06.231  INFO hp-HP-EliteDesk-800-G4-DM-35W-TAA --- [nio-8082-exec-2] c.r.u.UserServiceImplementation          : Finding user by username: manager1@gmail.com
2023-11-24 10:40:32.154  INFO hp-HP-EliteDesk-800-G4-DM-35W-TAA --- [nio-8082-exec-5] c.r.u.UserServiceImplementation          : Finding user by username: manager1@gmail.com
2023-11-24 10:52:12.683  INFO hp-HP-EliteDesk-800-G4-DM-35W-TAA --- [nio-8082-exec-8] c.r.u.UserServiceImplementation          : Finding user by username: manager1@gmail.com
2023-11-24 11:11:07.602 ERROR hp-HP-EliteDesk-800-G4-DM-35W-TAA --- [nio-8082-exec-1] c.r.s.j.JwtUtils                         : JWT token is expired: JWT expired at 2023-11-21T06:01:25Z. Current time: 2023-11-24T05:41:07Z, a difference of 257982601 milliseconds.  Allowed clock skew: 0 milliseconds.
2023-11-24 11:11:07.606 ERROR hp-HP-EliteDesk-800-G4-DM-35W-TAA --- [nio-8082-exec-1] c.r.s.j.AuthEntryPointJwt                : Unauthorized error: Full authentication is required to access this resource
2023-11-24 11:13:13.433  INFO hp-HP-EliteDesk-800-G4-DM-35W-TAA --- [nio-8082-exec-4] c.r.u.UserServiceImplementation          : Users found for email {}
2023-11-24 11:13:13.460  INFO hp-HP-EliteDesk-800-G4-DM-35W-TAA --- [nio-8082-exec-6] c.r.u.UserServiceImplementation          : Finding user by username: manager1@gmail.com
2023-11-24 11:13:37.473  INFO hp-HP-EliteDesk-800-G4-DM-35W-TAA --- [nio-8082-exec-2] c.r.u.UserServiceImplementation          : Finding user by ID: 1
2023-11-24 12:28:34.291  INFO hp-HP-EliteDesk-800-G4-DM-35W-TAA --- [nio-8082-exec-5] c.r.u.UserServiceImplementation          : Users found for email {}
2023-11-24 12:28:34.317  INFO hp-HP-EliteDesk-800-G4-DM-35W-TAA --- [nio-8082-exec-7] c.r.u.UserServiceImplementation          : Finding user by username: admin1@gmail.com
2023-11-24 12:29:00.887  INFO hp-HP-EliteDesk-800-G4-DM-35W-TAA --- [nio-8082-exec-1] r.r.ResumeTemplatesServiceImplementation : this is the getAllTemplates method
2023-11-24 12:29:00.890  INFO hp-HP-EliteDesk-800-G4-DM-35W-TAA --- [nio-8082-exec-1] c.r.u.UserServiceImplementation          : Finding user by ID: 16
2023-11-24 12:29:00.900  INFO hp-HP-EliteDesk-800-G4-DM-35W-TAA --- [nio-8082-exec-1] c.r.u.UserServiceImplementation          : Finding user by ID: 16
2023-11-24 12:29:00.903  INFO hp-HP-EliteDesk-800-G4-DM-35W-TAA --- [nio-8082-exec-1] c.r.u.UserServiceImplementation          : Finding user by ID: 16
2023-11-24 12:29:00.916  INFO hp-HP-EliteDesk-800-G4-DM-35W-TAA --- [nio-8082-exec-1] c.r.u.UserServiceImplementation          : Finding user by ID: 16
2023-11-24 12:29:00.921  INFO hp-HP-EliteDesk-800-G4-DM-35W-TAA --- [nio-8082-exec-1] c.r.u.UserServiceImplementation          : Finding user by ID: 16
2023-11-24 12:29:00.924  INFO hp-HP-EliteDesk-800-G4-DM-35W-TAA --- [nio-8082-exec-1] c.r.u.UserServiceImplementation          : Finding user by ID: 16
2023-11-24 12:29:00.929  INFO hp-HP-EliteDesk-800-G4-DM-35W-TAA --- [nio-8082-exec-1] c.r.u.UserServiceImplementation          : Finding user by ID: 16
2023-11-24 12:29:00.937  INFO hp-HP-EliteDesk-800-G4-DM-35W-TAA --- [nio-8082-exec-1] c.r.u.UserServiceImplementation          : Finding user by ID: 16
2023-11-24 12:29:00.941  INFO hp-HP-EliteDesk-800-G4-DM-35W-TAA --- [nio-8082-exec-1] c.r.u.UserServiceImplementation          : Finding user by ID: 2
2023-11-24 12:29:00.949  INFO hp-HP-EliteDesk-800-G4-DM-35W-TAA --- [nio-8082-exec-1] c.r.u.UserServiceImplementation          : Finding user by ID: 16
2023-11-24 12:29:00.953  INFO hp-HP-EliteDesk-800-G4-DM-35W-TAA --- [nio-8082-exec-1] c.r.u.UserServiceImplementation          : Finding user by ID: 16
2023-11-24 12:29:00.956  INFO hp-HP-EliteDesk-800-G4-DM-35W-TAA --- [nio-8082-exec-1] c.r.u.UserServiceImplementation          : Finding user by ID: 16
2023-11-24 12:29:00.959  INFO hp-HP-EliteDesk-800-G4-DM-35W-TAA --- [nio-8082-exec-1] c.r.u.UserServiceImplementation          : Finding user by ID: 16
2023-11-24 12:29:00.966  INFO hp-HP-EliteDesk-800-G4-DM-35W-TAA --- [nio-8082-exec-1] c.r.u.UserServiceImplementation          : Finding user by ID: 16
2023-11-24 12:29:00.968  INFO hp-HP-EliteDesk-800-G4-DM-35W-TAA --- [nio-8082-exec-1] c.r.u.UserServiceImplementation          : Finding user by ID: 16
2023-11-24 12:29:00.973  INFO hp-HP-EliteDesk-800-G4-DM-35W-TAA --- [nio-8082-exec-1] c.r.u.UserServiceImplementation          : Finding user by ID: 16
2023-11-24 12:29:00.975  INFO hp-HP-EliteDesk-800-G4-DM-35W-TAA --- [nio-8082-exec-1] c.r.u.UserServiceImplementation          : Finding user by ID: 16
2023-11-24 12:29:00.976  INFO hp-HP-EliteDesk-800-G4-DM-35W-TAA --- [nio-8082-exec-1] c.r.u.UserServiceImplementation          : Finding user by ID: 16
2023-11-24 12:29:00.978  INFO hp-HP-EliteDesk-800-G4-DM-35W-TAA --- [nio-8082-exec-1] c.r.u.UserServiceImplementation          : Finding user by ID: 16
2023-11-24 12:29:00.980  INFO hp-HP-EliteDesk-800-G4-DM-35W-TAA --- [nio-8082-exec-1] c.r.u.UserServiceImplementation          : Finding user by ID: 16
2023-11-24 12:29:00.981  INFO hp-HP-EliteDesk-800-G4-DM-35W-TAA --- [nio-8082-exec-1] c.r.u.UserServiceImplementation          : Finding user by ID: 16
2023-11-24 12:29:00.983  INFO hp-HP-EliteDesk-800-G4-DM-35W-TAA --- [nio-8082-exec-1] c.r.u.UserServiceImplementation          : Finding user by ID: 16
2023-11-24 12:29:00.985  INFO hp-HP-EliteDesk-800-G4-DM-35W-TAA --- [nio-8082-exec-1] c.r.u.UserServiceImplementation          : Finding user by ID: 16
2023-11-24 12:29:00.986  INFO hp-HP-EliteDesk-800-G4-DM-35W-TAA --- [nio-8082-exec-1] c.r.u.UserServiceImplementation          : Finding user by ID: 16
2023-11-24 12:29:00.988  INFO hp-HP-EliteDesk-800-G4-DM-35W-TAA --- [nio-8082-exec-1] c.r.u.UserServiceImplementation          : Finding user by ID: 16
2023-11-24 12:29:00.990  INFO hp-HP-EliteDesk-800-G4-DM-35W-TAA --- [nio-8082-exec-1] c.r.u.UserServiceImplementation          : Finding user by ID: 16
2023-11-24 12:29:00.993  INFO hp-HP-EliteDesk-800-G4-DM-35W-TAA --- [nio-8082-exec-1] c.r.u.UserServiceImplementation          : Finding user by ID: 16
2023-11-24 12:29:00.996  INFO hp-HP-EliteDesk-800-G4-DM-35W-TAA --- [nio-8082-exec-1] c.r.u.UserServiceImplementation          : Finding user by ID: 16
2023-11-24 12:29:00.998  INFO hp-HP-EliteDesk-800-G4-DM-35W-TAA --- [nio-8082-exec-1] c.r.u.UserServiceImplementation          : Finding user by ID: 16
2023-11-24 12:29:01.000  INFO hp-HP-EliteDesk-800-G4-DM-35W-TAA --- [nio-8082-exec-1] c.r.u.UserServiceImplementation          : Finding user by ID: 16
2023-11-24 12:29:01.002  INFO hp-HP-EliteDesk-800-G4-DM-35W-TAA --- [nio-8082-exec-1] c.r.u.UserServiceImplementation          : Finding user by ID: 16
2023-11-24 12:29:01.003  INFO hp-HP-EliteDesk-800-G4-DM-35W-TAA --- [nio-8082-exec-1] c.r.u.UserServiceImplementation          : Finding user by ID: 16
2023-11-24 12:29:01.005  INFO hp-HP-EliteDesk-800-G4-DM-35W-TAA --- [nio-8082-exec-1] c.r.u.UserServiceImplementation          : Finding user by ID: 16
2023-11-24 12:29:01.006  INFO hp-HP-EliteDesk-800-G4-DM-35W-TAA --- [nio-8082-exec-1] c.r.u.UserServiceImplementation          : Finding user by ID: 16
2023-11-24 12:29:01.008  INFO hp-HP-EliteDesk-800-G4-DM-35W-TAA --- [nio-8082-exec-1] c.r.u.UserServiceImplementation          : Finding user by ID: 16
2023-11-24 12:29:01.010  INFO hp-HP-EliteDesk-800-G4-DM-35W-TAA --- [nio-8082-exec-1] c.r.u.UserServiceImplementation          : Finding user by ID: 16
2023-11-24 12:29:01.012  INFO hp-HP-EliteDesk-800-G4-DM-35W-TAA --- [nio-8082-exec-1] c.r.u.UserServiceImplementation          : Finding user by ID: 16
2023-11-24 12:29:01.015  INFO hp-HP-EliteDesk-800-G4-DM-35W-TAA --- [nio-8082-exec-1] c.r.u.UserServiceImplementation          : Finding user by ID: 16
2023-11-24 12:29:01.017  INFO hp-HP-EliteDesk-800-G4-DM-35W-TAA --- [nio-8082-exec-1] c.r.u.UserServiceImplementation          : Finding user by ID: 16
2023-11-24 12:29:01.019  INFO hp-HP-EliteDesk-800-G4-DM-35W-TAA --- [nio-8082-exec-1] c.r.u.UserServiceImplementation          : Finding user by ID: 16
2023-11-24 12:29:01.020  INFO hp-HP-EliteDesk-800-G4-DM-35W-TAA --- [nio-8082-exec-1] c.r.u.UserServiceImplementation          : Finding user by ID: 16
2023-11-24 12:29:01.022  INFO hp-HP-EliteDesk-800-G4-DM-35W-TAA --- [nio-8082-exec-1] c.r.u.UserServiceImplementation          : Finding user by ID: 16
2023-11-24 12:29:01.023  INFO hp-HP-EliteDesk-800-G4-DM-35W-TAA --- [nio-8082-exec-1] c.r.u.UserServiceImplementation          : Finding user by ID: 16
2023-11-24 12:29:01.025  INFO hp-HP-EliteDesk-800-G4-DM-35W-TAA --- [nio-8082-exec-1] c.r.u.UserServiceImplementation          : Finding user by ID: 16
2023-11-24 12:29:01.026  INFO hp-HP-EliteDesk-800-G4-DM-35W-TAA --- [nio-8082-exec-1] c.r.u.UserServiceImplementation          : Finding user by ID: 16
2023-11-24 12:29:01.028  INFO hp-HP-EliteDesk-800-G4-DM-35W-TAA --- [nio-8082-exec-1] c.r.u.UserServiceImplementation          : Finding user by ID: 16
2023-11-24 12:29:01.030  INFO hp-HP-EliteDesk-800-G4-DM-35W-TAA --- [nio-8082-exec-1] c.r.u.UserServiceImplementation          : Finding user by ID: 16
2023-11-24 12:29:01.034  INFO hp-HP-EliteDesk-800-G4-DM-35W-TAA --- [nio-8082-exec-1] c.r.u.UserServiceImplementation          : Finding user by ID: 16
2023-11-24 12:29:01.037  INFO hp-HP-EliteDesk-800-G4-DM-35W-TAA --- [nio-8082-exec-1] c.r.u.UserServiceImplementation          : Finding user by ID: 16
2023-11-24 12:29:01.039  INFO hp-HP-EliteDesk-800-G4-DM-35W-TAA --- [nio-8082-exec-1] c.r.u.UserServiceImplementation          : Finding user by ID: 16
2023-11-24 12:29:01.042  INFO hp-HP-EliteDesk-800-G4-DM-35W-TAA --- [nio-8082-exec-1] c.r.u.UserServiceImplementation          : Finding user by ID: 16
2023-11-24 12:29:01.044  INFO hp-HP-EliteDesk-800-G4-DM-35W-TAA --- [nio-8082-exec-1] c.r.u.UserServiceImplementation          : Finding user by ID: 16
2023-11-24 12:29:01.047  INFO hp-HP-EliteDesk-800-G4-DM-35W-TAA --- [nio-8082-exec-1] c.r.u.UserServiceImplementation          : Finding user by ID: 16
2023-11-24 12:29:01.050  INFO hp-HP-EliteDesk-800-G4-DM-35W-TAA --- [nio-8082-exec-1] c.r.u.UserServiceImplementation          : Finding user by ID: 16
2023-11-24 12:29:01.052  INFO hp-HP-EliteDesk-800-G4-DM-35W-TAA --- [nio-8082-exec-1] c.r.u.UserServiceImplementation          : Finding user by ID: 16
2023-11-24 12:29:01.054  INFO hp-HP-EliteDesk-800-G4-DM-35W-TAA --- [nio-8082-exec-1] c.r.u.UserServiceImplementation          : Finding user by ID: 16
2023-11-24 12:29:01.056  INFO hp-HP-EliteDesk-800-G4-DM-35W-TAA --- [nio-8082-exec-1] c.r.u.UserServiceImplementation          : Finding user by ID: 16
2023-11-24 12:29:01.058  INFO hp-HP-EliteDesk-800-G4-DM-35W-TAA --- [nio-8082-exec-1] c.r.u.UserServiceImplementation          : Finding user by ID: 16
2023-11-24 12:29:01.060  INFO hp-HP-EliteDesk-800-G4-DM-35W-TAA --- [nio-8082-exec-1] c.r.u.UserServiceImplementation          : Finding user by ID: 16
2023-11-24 12:29:01.063  INFO hp-HP-EliteDesk-800-G4-DM-35W-TAA --- [nio-8082-exec-1] c.r.u.UserServiceImplementation          : Finding user by ID: 16
2023-11-24 12:29:01.066  INFO hp-HP-EliteDesk-800-G4-DM-35W-TAA --- [nio-8082-exec-1] c.r.u.UserServiceImplementation          : Finding user by ID: 16
2023-11-24 12:29:01.068  INFO hp-HP-EliteDesk-800-G4-DM-35W-TAA --- [nio-8082-exec-1] c.r.u.UserServiceImplementation          : Finding user by ID: 16
2023-11-24 12:29:01.069  INFO hp-HP-EliteDesk-800-G4-DM-35W-TAA --- [nio-8082-exec-1] c.r.u.UserServiceImplementation          : Finding user by ID: 16
2023-11-24 12:29:01.071  INFO hp-HP-EliteDesk-800-G4-DM-35W-TAA --- [nio-8082-exec-1] c.r.u.UserServiceImplementation          : Finding user by ID: 16
2023-11-24 12:29:01.073  INFO hp-HP-EliteDesk-800-G4-DM-35W-TAA --- [nio-8082-exec-1] c.r.u.UserServiceImplementation          : Finding user by ID: 16
2023-11-24 12:29:01.075  INFO hp-HP-EliteDesk-800-G4-DM-35W-TAA --- [nio-8082-exec-1] c.r.u.UserServiceImplementation          : Finding user by ID: 16
2023-11-24 12:29:01.078  INFO hp-HP-EliteDesk-800-G4-DM-35W-TAA --- [nio-8082-exec-1] c.r.u.UserServiceImplementation          : Finding user by ID: 16
2023-11-24 12:29:01.081  INFO hp-HP-EliteDesk-800-G4-DM-35W-TAA --- [nio-8082-exec-1] c.r.u.UserServiceImplementation          : Finding user by ID: 16
2023-11-24 12:29:01.084  INFO hp-HP-EliteDesk-800-G4-DM-35W-TAA --- [nio-8082-exec-1] c.r.u.UserServiceImplementation          : Finding user by ID: 16
2023-11-24 12:29:01.085  INFO hp-HP-EliteDesk-800-G4-DM-35W-TAA --- [nio-8082-exec-1] c.r.u.UserServiceImplementation          : Finding user by ID: 16
2023-11-24 12:29:01.087  INFO hp-HP-EliteDesk-800-G4-DM-35W-TAA --- [nio-8082-exec-1] c.r.u.UserServiceImplementation          : Finding user by ID: 16
2023-11-24 12:29:01.089  INFO hp-HP-EliteDesk-800-G4-DM-35W-TAA --- [nio-8082-exec-1] c.r.u.UserServiceImplementation          : Finding user by ID: 16
2023-11-24 12:29:01.091  INFO hp-HP-EliteDesk-800-G4-DM-35W-TAA --- [nio-8082-exec-1] c.r.u.UserServiceImplementation          : Finding user by ID: 16
2023-11-24 12:29:01.094  INFO hp-HP-EliteDesk-800-G4-DM-35W-TAA --- [nio-8082-exec-1] c.r.u.UserServiceImplementation          : Finding user by ID: 16
2023-11-24 12:29:01.097  INFO hp-HP-EliteDesk-800-G4-DM-35W-TAA --- [nio-8082-exec-1] c.r.u.UserServiceImplementation          : Finding user by ID: 16
2023-11-24 12:29:01.100  INFO hp-HP-EliteDesk-800-G4-DM-35W-TAA --- [nio-8082-exec-1] c.r.u.UserServiceImplementation          : Finding user by ID: 16
2023-11-24 12:29:01.102  INFO hp-HP-EliteDesk-800-G4-DM-35W-TAA --- [nio-8082-exec-1] c.r.u.UserServiceImplementation          : Finding user by ID: 16
2023-11-24 12:29:01.103  INFO hp-HP-EliteDesk-800-G4-DM-35W-TAA --- [nio-8082-exec-1] c.r.u.UserServiceImplementation          : Finding user by ID: 16
2023-11-24 12:29:01.105  INFO hp-HP-EliteDesk-800-G4-DM-35W-TAA --- [nio-8082-exec-1] c.r.u.UserServiceImplementation          : Finding user by ID: 16
2023-11-24 12:29:01.107  INFO hp-HP-EliteDesk-800-G4-DM-35W-TAA --- [nio-8082-exec-1] c.r.u.UserServiceImplementation          : Finding user by ID: 16
2023-11-24 12:29:01.111  INFO hp-HP-EliteDesk-800-G4-DM-35W-TAA --- [nio-8082-exec-1] c.r.u.UserServiceImplementation          : Finding user by ID: 16
2023-11-24 12:29:01.113  INFO hp-HP-EliteDesk-800-G4-DM-35W-TAA --- [nio-8082-exec-1] c.r.u.UserServiceImplementation          : Finding user by ID: 16
2023-11-24 12:29:01.115  INFO hp-HP-EliteDesk-800-G4-DM-35W-TAA --- [nio-8082-exec-1] c.r.u.UserServiceImplementation          : Finding user by ID: 16
2023-11-24 12:29:01.118  INFO hp-HP-EliteDesk-800-G4-DM-35W-TAA --- [nio-8082-exec-1] c.r.u.UserServiceImplementation          : Finding user by ID: 16
2023-11-24 12:29:01.120  INFO hp-HP-EliteDesk-800-G4-DM-35W-TAA --- [nio-8082-exec-1] c.r.u.UserServiceImplementation          : Finding user by ID: 16
2023-11-24 12:29:01.122  INFO hp-HP-EliteDesk-800-G4-DM-35W-TAA --- [nio-8082-exec-1] c.r.u.UserServiceImplementation          : Finding user by ID: 16
2023-11-24 12:29:01.123  INFO hp-HP-EliteDesk-800-G4-DM-35W-TAA --- [nio-8082-exec-1] c.r.u.UserServiceImplementation          : Finding user by ID: 16
2023-11-24 12:29:01.125  INFO hp-HP-EliteDesk-800-G4-DM-35W-TAA --- [nio-8082-exec-1] c.r.u.UserServiceImplementation          : Finding user by ID: 16
2023-11-24 12:29:01.129  INFO hp-HP-EliteDesk-800-G4-DM-35W-TAA --- [nio-8082-exec-1] c.r.u.UserServiceImplementation          : Finding user by ID: 16
2023-11-24 12:29:01.133  INFO hp-HP-EliteDesk-800-G4-DM-35W-TAA --- [nio-8082-exec-1] c.r.u.UserServiceImplementation          : Finding user by ID: 16
2023-11-24 12:29:01.135  INFO hp-HP-EliteDesk-800-G4-DM-35W-TAA --- [nio-8082-exec-1] c.r.u.UserServiceImplementation          : Finding user by ID: 16
2023-11-24 12:29:01.136  INFO hp-HP-EliteDesk-800-G4-DM-35W-TAA --- [nio-8082-exec-1] c.r.u.UserServiceImplementation          : Finding user by ID: 16
2023-11-24 12:29:01.138  INFO hp-HP-EliteDesk-800-G4-DM-35W-TAA --- [nio-8082-exec-1] c.r.u.UserServiceImplementation          : Finding user by ID: 16
2023-11-24 12:29:16.594  INFO hp-HP-EliteDesk-800-G4-DM-35W-TAA --- [nio-8082-exec-7] r.r.ResumeTemplatesServiceImplementation : this is the getAllTemplates method
2023-11-24 12:29:16.594  INFO hp-HP-EliteDesk-800-G4-DM-35W-TAA --- [nio-8082-exec-7] c.r.u.UserServiceImplementation          : Finding user by ID: 16
2023-11-24 12:29:16.597  INFO hp-HP-EliteDesk-800-G4-DM-35W-TAA --- [nio-8082-exec-7] c.r.u.UserServiceImplementation          : Finding user by ID: 16
2023-11-24 12:29:16.599  INFO hp-HP-EliteDesk-800-G4-DM-35W-TAA --- [nio-8082-exec-7] c.r.u.UserServiceImplementation          : Finding user by ID: 16
2023-11-24 12:29:16.601  INFO hp-HP-EliteDesk-800-G4-DM-35W-TAA --- [nio-8082-exec-7] c.r.u.UserServiceImplementation          : Finding user by ID: 16
2023-11-24 12:29:16.603  INFO hp-HP-EliteDesk-800-G4-DM-35W-TAA --- [nio-8082-exec-7] c.r.u.UserServiceImplementation          : Finding user by ID: 16
2023-11-24 12:29:16.604  INFO hp-HP-EliteDesk-800-G4-DM-35W-TAA --- [nio-8082-exec-7] c.r.u.UserServiceImplementation          : Finding user by ID: 16
2023-11-24 12:29:16.605  INFO hp-HP-EliteDesk-800-G4-DM-35W-TAA --- [nio-8082-exec-7] c.r.u.UserServiceImplementation          : Finding user by ID: 16
2023-11-24 12:29:16.607  INFO hp-HP-EliteDesk-800-G4-DM-35W-TAA --- [nio-8082-exec-7] c.r.u.UserServiceImplementation          : Finding user by ID: 16
2023-11-24 12:29:16.608  INFO hp-HP-EliteDesk-800-G4-DM-35W-TAA --- [nio-8082-exec-7] c.r.u.UserServiceImplementation          : Finding user by ID: 2
2023-11-24 12:29:16.610  INFO hp-HP-EliteDesk-800-G4-DM-35W-TAA --- [nio-8082-exec-7] c.r.u.UserServiceImplementation          : Finding user by ID: 16
2023-11-24 12:29:16.612  INFO hp-HP-EliteDesk-800-G4-DM-35W-TAA --- [nio-8082-exec-7] c.r.u.UserServiceImplementation          : Finding user by ID: 16
2023-11-24 12:29:16.613  INFO hp-HP-EliteDesk-800-G4-DM-35W-TAA --- [nio-8082-exec-7] c.r.u.UserServiceImplementation          : Finding user by ID: 16
2023-11-24 12:29:16.615  INFO hp-HP-EliteDesk-800-G4-DM-35W-TAA --- [nio-8082-exec-7] c.r.u.UserServiceImplementation          : Finding user by ID: 16
2023-11-24 12:29:16.616  INFO hp-HP-EliteDesk-800-G4-DM-35W-TAA --- [nio-8082-exec-7] c.r.u.UserServiceImplementation          : Finding user by ID: 16
2023-11-24 12:29:16.618  INFO hp-HP-EliteDesk-800-G4-DM-35W-TAA --- [nio-8082-exec-7] c.r.u.UserServiceImplementation          : Finding user by ID: 16
2023-11-24 12:29:16.620  INFO hp-HP-EliteDesk-800-G4-DM-35W-TAA --- [nio-8082-exec-7] c.r.u.UserServiceImplementation          : Finding user by ID: 16
2023-11-24 12:29:16.622  INFO hp-HP-EliteDesk-800-G4-DM-35W-TAA --- [nio-8082-exec-7] c.r.u.UserServiceImplementation          : Finding user by ID: 16
2023-11-24 12:29:16.623  INFO hp-HP-EliteDesk-800-G4-DM-35W-TAA --- [nio-8082-exec-7] c.r.u.UserServiceImplementation          : Finding user by ID: 16
2023-11-24 12:29:16.625  INFO hp-HP-EliteDesk-800-G4-DM-35W-TAA --- [nio-8082-exec-7] c.r.u.UserServiceImplementation          : Finding user by ID: 16
2023-11-24 12:29:16.626  INFO hp-HP-EliteDesk-800-G4-DM-35W-TAA --- [nio-8082-exec-7] c.r.u.UserServiceImplementation          : Finding user by ID: 16
2023-11-24 12:29:16.628  INFO hp-HP-EliteDesk-800-G4-DM-35W-TAA --- [nio-8082-exec-7] c.r.u.UserServiceImplementation          : Finding user by ID: 16
2023-11-24 12:29:16.629  INFO hp-HP-EliteDesk-800-G4-DM-35W-TAA --- [nio-8082-exec-7] c.r.u.UserServiceImplementation          : Finding user by ID: 16
2023-11-24 12:29:16.632  INFO hp-HP-EliteDesk-800-G4-DM-35W-TAA --- [nio-8082-exec-7] c.r.u.UserServiceImplementation          : Finding user by ID: 16
2023-11-24 12:29:16.635  INFO hp-HP-EliteDesk-800-G4-DM-35W-TAA --- [nio-8082-exec-7] c.r.u.UserServiceImplementation          : Finding user by ID: 16
2023-11-24 12:29:16.636  INFO hp-HP-EliteDesk-800-G4-DM-35W-TAA --- [nio-8082-exec-7] c.r.u.UserServiceImplementation          : Finding user by ID: 16
2023-11-24 12:29:16.638  INFO hp-HP-EliteDesk-800-G4-DM-35W-TAA --- [nio-8082-exec-7] c.r.u.UserServiceImplementation          : Finding user by ID: 16
2023-11-24 12:29:16.640  INFO hp-HP-EliteDesk-800-G4-DM-35W-TAA --- [nio-8082-exec-7] c.r.u.UserServiceImplementation          : Finding user by ID: 16
2023-11-24 12:29:16.643  INFO hp-HP-EliteDesk-800-G4-DM-35W-TAA --- [nio-8082-exec-7] c.r.u.UserServiceImplementation          : Finding user by ID: 16
2023-11-24 12:29:16.645  INFO hp-HP-EliteDesk-800-G4-DM-35W-TAA --- [nio-8082-exec-7] c.r.u.UserServiceImplementation          : Finding user by ID: 16
2023-11-24 12:29:16.648  INFO hp-HP-EliteDesk-800-G4-DM-35W-TAA --- [nio-8082-exec-7] c.r.u.UserServiceImplementation          : Finding user by ID: 16
2023-11-24 12:29:16.649  INFO hp-HP-EliteDesk-800-G4-DM-35W-TAA --- [nio-8082-exec-7] c.r.u.UserServiceImplementation          : Finding user by ID: 16
2023-11-24 12:29:16.651  INFO hp-HP-EliteDesk-800-G4-DM-35W-TAA --- [nio-8082-exec-7] c.r.u.UserServiceImplementation          : Finding user by ID: 16
2023-11-24 12:29:16.652  INFO hp-HP-EliteDesk-800-G4-DM-35W-TAA --- [nio-8082-exec-7] c.r.u.UserServiceImplementation          : Finding user by ID: 16
2023-11-24 12:29:16.654  INFO hp-HP-EliteDesk-800-G4-DM-35W-TAA --- [nio-8082-exec-7] c.r.u.UserServiceImplementation          : Finding user by ID: 16
2023-11-24 12:29:16.656  INFO hp-HP-EliteDesk-800-G4-DM-35W-TAA --- [nio-8082-exec-7] c.r.u.UserServiceImplementation          : Finding user by ID: 16
2023-11-24 12:29:16.657  INFO hp-HP-EliteDesk-800-G4-DM-35W-TAA --- [nio-8082-exec-7] c.r.u.UserServiceImplementation          : Finding user by ID: 16
2023-11-24 12:29:16.659  INFO hp-HP-EliteDesk-800-G4-DM-35W-TAA --- [nio-8082-exec-7] c.r.u.UserServiceImplementation          : Finding user by ID: 16
2023-11-24 12:29:16.660  INFO hp-HP-EliteDesk-800-G4-DM-35W-TAA --- [nio-8082-exec-7] c.r.u.UserServiceImplementation          : Finding user by ID: 16
2023-11-24 12:29:16.661  INFO hp-HP-EliteDesk-800-G4-DM-35W-TAA --- [nio-8082-exec-7] c.r.u.UserServiceImplementation          : Finding user by ID: 16
2023-11-24 12:29:16.662  INFO hp-HP-EliteDesk-800-G4-DM-35W-TAA --- [nio-8082-exec-7] c.r.u.UserServiceImplementation          : Finding user by ID: 16
2023-11-24 12:29:16.663  INFO hp-HP-EliteDesk-800-G4-DM-35W-TAA --- [nio-8082-exec-7] c.r.u.UserServiceImplementation          : Finding user by ID: 16
2023-11-24 12:29:16.664  INFO hp-HP-EliteDesk-800-G4-DM-35W-TAA --- [nio-8082-exec-7] c.r.u.UserServiceImplementation          : Finding user by ID: 16
2023-11-24 12:29:16.665  INFO hp-HP-EliteDesk-800-G4-DM-35W-TAA --- [nio-8082-exec-7] c.r.u.UserServiceImplementation          : Finding user by ID: 16
2023-11-24 12:29:16.666  INFO hp-HP-EliteDesk-800-G4-DM-35W-TAA --- [nio-8082-exec-7] c.r.u.UserServiceImplementation          : Finding user by ID: 16
2023-11-24 12:29:16.667  INFO hp-HP-EliteDesk-800-G4-DM-35W-TAA --- [nio-8082-exec-7] c.r.u.UserServiceImplementation          : Finding user by ID: 16
2023-11-24 12:29:16.668  INFO hp-HP-EliteDesk-800-G4-DM-35W-TAA --- [nio-8082-exec-7] c.r.u.UserServiceImplementation          : Finding user by ID: 16
2023-11-24 12:29:16.669  INFO hp-HP-EliteDesk-800-G4-DM-35W-TAA --- [nio-8082-exec-7] c.r.u.UserServiceImplementation          : Finding user by ID: 16
2023-11-24 12:29:16.671  INFO hp-HP-EliteDesk-800-G4-DM-35W-TAA --- [nio-8082-exec-7] c.r.u.UserServiceImplementation          : Finding user by ID: 16
2023-11-24 12:29:16.672  INFO hp-HP-EliteDesk-800-G4-DM-35W-TAA --- [nio-8082-exec-7] c.r.u.UserServiceImplementation          : Finding user by ID: 16
2023-11-24 12:29:16.673  INFO hp-HP-EliteDesk-800-G4-DM-35W-TAA --- [nio-8082-exec-7] c.r.u.UserServiceImplementation          : Finding user by ID: 16
2023-11-24 12:29:16.674  INFO hp-HP-EliteDesk-800-G4-DM-35W-TAA --- [nio-8082-exec-7] c.r.u.UserServiceImplementation          : Finding user by ID: 16
2023-11-24 12:29:16.675  INFO hp-HP-EliteDesk-800-G4-DM-35W-TAA --- [nio-8082-exec-7] c.r.u.UserServiceImplementation          : Finding user by ID: 16
2023-11-24 12:29:16.676  INFO hp-HP-EliteDesk-800-G4-DM-35W-TAA --- [nio-8082-exec-7] c.r.u.UserServiceImplementation          : Finding user by ID: 16
2023-11-24 12:29:16.676  INFO hp-HP-EliteDesk-800-G4-DM-35W-TAA --- [nio-8082-exec-7] c.r.u.UserServiceImplementation          : Finding user by ID: 16
2023-11-24 12:29:16.677  INFO hp-HP-EliteDesk-800-G4-DM-35W-TAA --- [nio-8082-exec-7] c.r.u.UserServiceImplementation          : Finding user by ID: 16
2023-11-24 12:29:16.678  INFO hp-HP-EliteDesk-800-G4-DM-35W-TAA --- [nio-8082-exec-7] c.r.u.UserServiceImplementation          : Finding user by ID: 16
2023-11-24 12:29:16.679  INFO hp-HP-EliteDesk-800-G4-DM-35W-TAA --- [nio-8082-exec-7] c.r.u.UserServiceImplementation          : Finding user by ID: 16
2023-11-24 12:29:16.679  INFO hp-HP-EliteDesk-800-G4-DM-35W-TAA --- [nio-8082-exec-7] c.r.u.UserServiceImplementation          : Finding user by ID: 16
2023-11-24 12:29:16.680  INFO hp-HP-EliteDesk-800-G4-DM-35W-TAA --- [nio-8082-exec-7] c.r.u.UserServiceImplementation          : Finding user by ID: 16
2023-11-24 12:29:16.681  INFO hp-HP-EliteDesk-800-G4-DM-35W-TAA --- [nio-8082-exec-7] c.r.u.UserServiceImplementation          : Finding user by ID: 16
2023-11-24 12:29:16.682  INFO hp-HP-EliteDesk-800-G4-DM-35W-TAA --- [nio-8082-exec-7] c.r.u.UserServiceImplementation          : Finding user by ID: 16
2023-11-24 12:29:16.683  INFO hp-HP-EliteDesk-800-G4-DM-35W-TAA --- [nio-8082-exec-7] c.r.u.UserServiceImplementation          : Finding user by ID: 16
2023-11-24 12:29:16.683  INFO hp-HP-EliteDesk-800-G4-DM-35W-TAA --- [nio-8082-exec-7] c.r.u.UserServiceImplementation          : Finding user by ID: 16
2023-11-24 12:29:16.685  INFO hp-HP-EliteDesk-800-G4-DM-35W-TAA --- [nio-8082-exec-7] c.r.u.UserServiceImplementation          : Finding user by ID: 16
2023-11-24 12:29:16.686  INFO hp-HP-EliteDesk-800-G4-DM-35W-TAA --- [nio-8082-exec-7] c.r.u.UserServiceImplementation          : Finding user by ID: 16
2023-11-24 12:29:16.687  INFO hp-HP-EliteDesk-800-G4-DM-35W-TAA --- [nio-8082-exec-7] c.r.u.UserServiceImplementation          : Finding user by ID: 16
2023-11-24 12:29:16.688  INFO hp-HP-EliteDesk-800-G4-DM-35W-TAA --- [nio-8082-exec-7] c.r.u.UserServiceImplementation          : Finding user by ID: 16
2023-11-24 12:29:16.690  INFO hp-HP-EliteDesk-800-G4-DM-35W-TAA --- [nio-8082-exec-7] c.r.u.UserServiceImplementation          : Finding user by ID: 16
2023-11-24 12:29:16.692  INFO hp-HP-EliteDesk-800-G4-DM-35W-TAA --- [nio-8082-exec-7] c.r.u.UserServiceImplementation          : Finding user by ID: 16
2023-11-24 12:29:16.694  INFO hp-HP-EliteDesk-800-G4-DM-35W-TAA --- [nio-8082-exec-7] c.r.u.UserServiceImplementation          : Finding user by ID: 16
2023-11-24 12:29:16.697  INFO hp-HP-EliteDesk-800-G4-DM-35W-TAA --- [nio-8082-exec-7] c.r.u.UserServiceImplementation          : Finding user by ID: 16
2023-11-24 12:29:16.698  INFO hp-HP-EliteDesk-800-G4-DM-35W-TAA --- [nio-8082-exec-7] c.r.u.UserServiceImplementation          : Finding user by ID: 16
2023-11-24 12:29:16.700  INFO hp-HP-EliteDesk-800-G4-DM-35W-TAA --- [nio-8082-exec-7] c.r.u.UserServiceImplementation          : Finding user by ID: 16
2023-11-24 12:29:16.712  INFO hp-HP-EliteDesk-800-G4-DM-35W-TAA --- [nio-8082-exec-7] c.r.u.UserServiceImplementation          : Finding user by ID: 16
2023-11-24 12:29:16.716  INFO hp-HP-EliteDesk-800-G4-DM-35W-TAA --- [nio-8082-exec-7] c.r.u.UserServiceImplementation          : Finding user by ID: 16
2023-11-24 12:29:16.718  INFO hp-HP-EliteDesk-800-G4-DM-35W-TAA --- [nio-8082-exec-7] c.r.u.UserServiceImplementation          : Finding user by ID: 16
2023-11-24 12:29:16.719  INFO hp-HP-EliteDesk-800-G4-DM-35W-TAA --- [nio-8082-exec-7] c.r.u.UserServiceImplementation          : Finding user by ID: 16
2023-11-24 12:29:16.721  INFO hp-HP-EliteDesk-800-G4-DM-35W-TAA --- [nio-8082-exec-7] c.r.u.UserServiceImplementation          : Finding user by ID: 16
2023-11-24 12:29:16.722  INFO hp-HP-EliteDesk-800-G4-DM-35W-TAA --- [nio-8082-exec-7] c.r.u.UserServiceImplementation          : Finding user by ID: 16
2023-11-24 12:29:16.723  INFO hp-HP-EliteDesk-800-G4-DM-35W-TAA --- [nio-8082-exec-7] c.r.u.UserServiceImplementation          : Finding user by ID: 16
2023-11-24 12:29:16.725  INFO hp-HP-EliteDesk-800-G4-DM-35W-TAA --- [nio-8082-exec-7] c.r.u.UserServiceImplementation          : Finding user by ID: 16
2023-11-24 12:29:16.726  INFO hp-HP-EliteDesk-800-G4-DM-35W-TAA --- [nio-8082-exec-7] c.r.u.UserServiceImplementation          : Finding user by ID: 16
2023-11-24 12:29:16.728  INFO hp-HP-EliteDesk-800-G4-DM-35W-TAA --- [nio-8082-exec-7] c.r.u.UserServiceImplementation          : Finding user by ID: 16
2023-11-24 12:29:16.729  INFO hp-HP-EliteDesk-800-G4-DM-35W-TAA --- [nio-8082-exec-7] c.r.u.UserServiceImplementation          : Finding user by ID: 16
2023-11-24 12:29:16.730  INFO hp-HP-EliteDesk-800-G4-DM-35W-TAA --- [nio-8082-exec-7] c.r.u.UserServiceImplementation          : Finding user by ID: 16
2023-11-24 12:29:16.732  INFO hp-HP-EliteDesk-800-G4-DM-35W-TAA --- [nio-8082-exec-7] c.r.u.UserServiceImplementation          : Finding user by ID: 16
2023-11-24 12:29:16.733  INFO hp-HP-EliteDesk-800-G4-DM-35W-TAA --- [nio-8082-exec-7] c.r.u.UserServiceImplementation          : Finding user by ID: 16
2023-11-24 12:29:16.737  INFO hp-HP-EliteDesk-800-G4-DM-35W-TAA --- [nio-8082-exec-7] c.r.u.UserServiceImplementation          : Finding user by ID: 16
2023-11-24 12:29:16.739  INFO hp-HP-EliteDesk-800-G4-DM-35W-TAA --- [nio-8082-exec-7] c.r.u.UserServiceImplementation          : Finding user by ID: 16
2023-11-24 12:29:16.742  INFO hp-HP-EliteDesk-800-G4-DM-35W-TAA --- [nio-8082-exec-7] c.r.u.UserServiceImplementation          : Finding user by ID: 16
2023-11-24 12:29:16.744  INFO hp-HP-EliteDesk-800-G4-DM-35W-TAA --- [nio-8082-exec-7] c.r.u.UserServiceImplementation          : Finding user by ID: 16
2023-11-24 12:29:16.748  INFO hp-HP-EliteDesk-800-G4-DM-35W-TAA --- [nio-8082-exec-7] c.r.u.UserServiceImplementation          : Finding user by ID: 16
2023-11-24 12:29:16.750  INFO hp-HP-EliteDesk-800-G4-DM-35W-TAA --- [nio-8082-exec-7] c.r.u.UserServiceImplementation          : Finding user by ID: 16
2023-11-24 12:33:13.499  INFO hp-HP-EliteDesk-800-G4-DM-35W-TAA --- [nio-8082-exec-3] c.r.u.UserServiceImplementation          : Finding user by username: admin1@gmail.com
2023-11-24 12:33:47.082  INFO hp-HP-EliteDesk-800-G4-DM-35W-TAA --- [nio-8082-exec-7] c.r.u.UserServiceImplementation          : Finding user by username: admin1@gmail.com
2023-11-24 12:50:24.161  INFO hp-HP-EliteDesk-800-G4-DM-35W-TAA --- [nio-8082-exec-4] c.r.u.UserServiceImplementation          : Finding user by username: admin1@gmail.com
2023-11-24 12:52:22.351  INFO hp-HP-EliteDesk-800-G4-DM-35W-TAA --- [nio-8082-exec-1] c.r.u.UserServiceImplementation          : Finding user by username: admin1@gmail.com
2023-11-24 12:52:37.080  INFO hp-HP-EliteDesk-800-G4-DM-35W-TAA --- [nio-8082-exec-5] c.r.u.UserServiceImplementation          : Finding user by username: admin1@gmail.com
2023-11-24 13:00:36.168  INFO hp-HP-EliteDesk-800-G4-DM-35W-TAA --- [nio-8082-exec-6] c.r.u.UserServiceImplementation          : Finding user by username: admin1@gmail.com
2023-11-24 13:02:13.787  INFO hp-HP-EliteDesk-800-G4-DM-35W-TAA --- [nio-8082-exec-1] c.r.u.UserServiceImplementation          : Finding user by username: admin1@gmail.com
2023-11-24 13:02:59.634  INFO hp-HP-EliteDesk-800-G4-DM-35W-TAA --- [nio-8082-exec-5] c.r.u.UserServiceImplementation          : Finding user by username: admin1@gmail.com
2023-11-24 13:11:01.889  INFO hp-HP-EliteDesk-800-G4-DM-35W-TAA --- [nio-8082-exec-3] c.r.u.UserServiceImplementation          : Finding user by username: admin1@gmail.com
2023-11-24 13:11:01.975  INFO hp-HP-EliteDesk-800-G4-DM-35W-TAA --- [nio-8082-exec-4] c.r.u.UserServiceImplementation          : Finding user by username: admin1@gmail.com
2023-11-24 13:11:02.062  INFO hp-HP-EliteDesk-800-G4-DM-35W-TAA --- [nio-8082-exec-5] c.r.u.UserServiceImplementation          : Finding user by username: admin1@gmail.com
2023-11-24 13:11:02.179  INFO hp-HP-EliteDesk-800-G4-DM-35W-TAA --- [nio-8082-exec-6] c.r.u.UserServiceImplementation          : Finding user by username: admin1@gmail.com
2023-11-24 14:45:44.910  INFO hp-HP-EliteDesk-800-G4-DM-35W-TAA --- [nio-8082-exec-4] c.r.u.UserServiceImplementation          : Finding user by username: admin1@gmail.com
2023-11-24 14:48:23.630  INFO hp-HP-EliteDesk-800-G4-DM-35W-TAA --- [nio-8082-exec-9] c.r.u.UserServiceImplementation          : Finding user by username: admin1@gmail.com
2023-11-24 14:48:48.936  INFO hp-HP-EliteDesk-800-G4-DM-35W-TAA --- [nio-8082-exec-3] c.r.u.UserServiceImplementation          : Finding user by username: admin1@gmail.com
2023-11-24 14:54:09.681 ERROR hp-HP-EliteDesk-800-G4-DM-35W-TAA --- [nio-8082-exec-8] c.r.s.j.JwtUtils                         : JWT token is expired: JWT expired at 2023-11-24T05:37:39Z. Current time: 2023-11-24T09:24:09Z, a difference of 13590681 milliseconds.  Allowed clock skew: 0 milliseconds.
2023-11-24 14:54:09.683 ERROR hp-HP-EliteDesk-800-G4-DM-35W-TAA --- [nio-8082-exec-8] c.r.s.j.AuthEntryPointJwt                : Unauthorized error: Full authentication is required to access this resource
2023-11-24 14:59:44.888  INFO hp-HP-EliteDesk-800-G4-DM-35W-TAA --- [nio-8082-exec-1] c.r.u.UserServiceImplementation          : Users found for email {}
2023-11-24 14:59:44.921  INFO hp-HP-EliteDesk-800-G4-DM-35W-TAA --- [nio-8082-exec-3] c.r.u.UserServiceImplementation          : Finding user by username: admin1@gmail.com
2023-11-24 14:59:49.046  INFO hp-HP-EliteDesk-800-G4-DM-35W-TAA --- [nio-8082-exec-7] r.r.ResumeTemplatesServiceImplementation : this is the getAllTemplates method
2023-11-24 14:59:49.047  INFO hp-HP-EliteDesk-800-G4-DM-35W-TAA --- [nio-8082-exec-7] c.r.u.UserServiceImplementation          : Finding user by ID: 16
2023-11-24 14:59:49.051  INFO hp-HP-EliteDesk-800-G4-DM-35W-TAA --- [nio-8082-exec-7] c.r.u.UserServiceImplementation          : Finding user by ID: 16
2023-11-24 14:59:49.053  INFO hp-HP-EliteDesk-800-G4-DM-35W-TAA --- [nio-8082-exec-7] c.r.u.UserServiceImplementation          : Finding user by ID: 16
2023-11-24 14:59:49.055  INFO hp-HP-EliteDesk-800-G4-DM-35W-TAA --- [nio-8082-exec-7] c.r.u.UserServiceImplementation          : Finding user by ID: 16
2023-11-24 14:59:49.058  INFO hp-HP-EliteDesk-800-G4-DM-35W-TAA --- [nio-8082-exec-7] c.r.u.UserServiceImplementation          : Finding user by ID: 16
2023-11-24 14:59:49.061  INFO hp-HP-EliteDesk-800-G4-DM-35W-TAA --- [nio-8082-exec-7] c.r.u.UserServiceImplementation          : Finding user by ID: 16
2023-11-24 14:59:49.062  INFO hp-HP-EliteDesk-800-G4-DM-35W-TAA --- [nio-8082-exec-7] c.r.u.UserServiceImplementation          : Finding user by ID: 16
2023-11-24 14:59:49.064  INFO hp-HP-EliteDesk-800-G4-DM-35W-TAA --- [nio-8082-exec-7] c.r.u.UserServiceImplementation          : Finding user by ID: 16
2023-11-24 14:59:49.067  INFO hp-HP-EliteDesk-800-G4-DM-35W-TAA --- [nio-8082-exec-7] c.r.u.UserServiceImplementation          : Finding user by ID: 2
2023-11-24 14:59:49.075  INFO hp-HP-EliteDesk-800-G4-DM-35W-TAA --- [nio-8082-exec-7] c.r.u.UserServiceImplementation          : Finding user by ID: 16
2023-11-24 14:59:49.079  INFO hp-HP-EliteDesk-800-G4-DM-35W-TAA --- [nio-8082-exec-7] c.r.u.UserServiceImplementation          : Finding user by ID: 16
2023-11-24 14:59:49.084  INFO hp-HP-EliteDesk-800-G4-DM-35W-TAA --- [nio-8082-exec-7] c.r.u.UserServiceImplementation          : Finding user by ID: 16
2023-11-24 14:59:49.088  INFO hp-HP-EliteDesk-800-G4-DM-35W-TAA --- [nio-8082-exec-7] c.r.u.UserServiceImplementation          : Finding user by ID: 16
2023-11-24 14:59:49.096  INFO hp-HP-EliteDesk-800-G4-DM-35W-TAA --- [nio-8082-exec-7] c.r.u.UserServiceImplementation          : Finding user by ID: 16
2023-11-24 14:59:49.098  INFO hp-HP-EliteDesk-800-G4-DM-35W-TAA --- [nio-8082-exec-7] c.r.u.UserServiceImplementation          : Finding user by ID: 16
2023-11-24 14:59:49.101  INFO hp-HP-EliteDesk-800-G4-DM-35W-TAA --- [nio-8082-exec-7] c.r.u.UserServiceImplementation          : Finding user by ID: 16
2023-11-24 14:59:49.104  INFO hp-HP-EliteDesk-800-G4-DM-35W-TAA --- [nio-8082-exec-7] c.r.u.UserServiceImplementation          : Finding user by ID: 16
2023-11-24 14:59:49.108  INFO hp-HP-EliteDesk-800-G4-DM-35W-TAA --- [nio-8082-exec-7] c.r.u.UserServiceImplementation          : Finding user by ID: 16
2023-11-24 14:59:49.110  INFO hp-HP-EliteDesk-800-G4-DM-35W-TAA --- [nio-8082-exec-7] c.r.u.UserServiceImplementation          : Finding user by ID: 16
2023-11-24 14:59:49.113  INFO hp-HP-EliteDesk-800-G4-DM-35W-TAA --- [nio-8082-exec-7] c.r.u.UserServiceImplementation          : Finding user by ID: 16
2023-11-24 14:59:49.115  INFO hp-HP-EliteDesk-800-G4-DM-35W-TAA --- [nio-8082-exec-7] c.r.u.UserServiceImplementation          : Finding user by ID: 16
2023-11-24 14:59:49.118  INFO hp-HP-EliteDesk-800-G4-DM-35W-TAA --- [nio-8082-exec-7] c.r.u.UserServiceImplementation          : Finding user by ID: 16
2023-11-24 14:59:49.123  INFO hp-HP-EliteDesk-800-G4-DM-35W-TAA --- [nio-8082-exec-7] c.r.u.UserServiceImplementation          : Finding user by ID: 16
2023-11-24 14:59:49.128  INFO hp-HP-EliteDesk-800-G4-DM-35W-TAA --- [nio-8082-exec-7] c.r.u.UserServiceImplementation          : Finding user by ID: 16
2023-11-24 14:59:49.130  INFO hp-HP-EliteDesk-800-G4-DM-35W-TAA --- [nio-8082-exec-7] c.r.u.UserServiceImplementation          : Finding user by ID: 16
2023-11-24 14:59:49.132  INFO hp-HP-EliteDesk-800-G4-DM-35W-TAA --- [nio-8082-exec-7] c.r.u.UserServiceImplementation          : Finding user by ID: 16
2023-11-24 14:59:49.136  INFO hp-HP-EliteDesk-800-G4-DM-35W-TAA --- [nio-8082-exec-7] c.r.u.UserServiceImplementation          : Finding user by ID: 16
2023-11-24 14:59:49.138  INFO hp-HP-EliteDesk-800-G4-DM-35W-TAA --- [nio-8082-exec-7] c.r.u.UserServiceImplementation          : Finding user by ID: 16
2023-11-24 14:59:49.141  INFO hp-HP-EliteDesk-800-G4-DM-35W-TAA --- [nio-8082-exec-7] c.r.u.UserServiceImplementation          : Finding user by ID: 16
2023-11-24 14:59:49.144  INFO hp-HP-EliteDesk-800-G4-DM-35W-TAA --- [nio-8082-exec-7] c.r.u.UserServiceImplementation          : Finding user by ID: 16
2023-11-24 14:59:49.146  INFO hp-HP-EliteDesk-800-G4-DM-35W-TAA --- [nio-8082-exec-7] c.r.u.UserServiceImplementation          : Finding user by ID: 16
2023-11-24 14:59:49.148  INFO hp-HP-EliteDesk-800-G4-DM-35W-TAA --- [nio-8082-exec-7] c.r.u.UserServiceImplementation          : Finding user by ID: 16
2023-11-24 14:59:49.150  INFO hp-HP-EliteDesk-800-G4-DM-35W-TAA --- [nio-8082-exec-7] c.r.u.UserServiceImplementation          : Finding user by ID: 16
2023-11-24 14:59:49.154  INFO hp-HP-EliteDesk-800-G4-DM-35W-TAA --- [nio-8082-exec-7] c.r.u.UserServiceImplementation          : Finding user by ID: 16
2023-11-24 14:59:49.157  INFO hp-HP-EliteDesk-800-G4-DM-35W-TAA --- [nio-8082-exec-7] c.r.u.UserServiceImplementation          : Finding user by ID: 16
2023-11-24 14:59:49.160  INFO hp-HP-EliteDesk-800-G4-DM-35W-TAA --- [nio-8082-exec-7] c.r.u.UserServiceImplementation          : Finding user by ID: 16
2023-11-24 14:59:49.166  INFO hp-HP-EliteDesk-800-G4-DM-35W-TAA --- [nio-8082-exec-7] c.r.u.UserServiceImplementation          : Finding user by ID: 16
2023-11-24 14:59:49.171  INFO hp-HP-EliteDesk-800-G4-DM-35W-TAA --- [nio-8082-exec-7] c.r.u.UserServiceImplementation          : Finding user by ID: 16
2023-11-24 14:59:49.173  INFO hp-HP-EliteDesk-800-G4-DM-35W-TAA --- [nio-8082-exec-7] c.r.u.UserServiceImplementation          : Finding user by ID: 16
2023-11-24 14:59:49.175  INFO hp-HP-EliteDesk-800-G4-DM-35W-TAA --- [nio-8082-exec-7] c.r.u.UserServiceImplementation          : Finding user by ID: 16
2023-11-24 14:59:49.179  INFO hp-HP-EliteDesk-800-G4-DM-35W-TAA --- [nio-8082-exec-7] c.r.u.UserServiceImplementation          : Finding user by ID: 16
2023-11-24 14:59:49.187  INFO hp-HP-EliteDesk-800-G4-DM-35W-TAA --- [nio-8082-exec-7] c.r.u.UserServiceImplementation          : Finding user by ID: 16
2023-11-24 14:59:49.189  INFO hp-HP-EliteDesk-800-G4-DM-35W-TAA --- [nio-8082-exec-7] c.r.u.UserServiceImplementation          : Finding user by ID: 16
2023-11-24 14:59:49.191  INFO hp-HP-EliteDesk-800-G4-DM-35W-TAA --- [nio-8082-exec-7] c.r.u.UserServiceImplementation          : Finding user by ID: 16
2023-11-24 14:59:49.199  INFO hp-HP-EliteDesk-800-G4-DM-35W-TAA --- [nio-8082-exec-7] c.r.u.UserServiceImplementation          : Finding user by ID: 16
2023-11-24 14:59:49.201  INFO hp-HP-EliteDesk-800-G4-DM-35W-TAA --- [nio-8082-exec-7] c.r.u.UserServiceImplementation          : Finding user by ID: 16
2023-11-24 14:59:49.204  INFO hp-HP-EliteDesk-800-G4-DM-35W-TAA --- [nio-8082-exec-7] c.r.u.UserServiceImplementation          : Finding user by ID: 16
2023-11-24 14:59:49.207  INFO hp-HP-EliteDesk-800-G4-DM-35W-TAA --- [nio-8082-exec-7] c.r.u.UserServiceImplementation          : Finding user by ID: 16
2023-11-24 14:59:49.210  INFO hp-HP-EliteDesk-800-G4-DM-35W-TAA --- [nio-8082-exec-7] c.r.u.UserServiceImplementation          : Finding user by ID: 16
2023-11-24 14:59:49.212  INFO hp-HP-EliteDesk-800-G4-DM-35W-TAA --- [nio-8082-exec-7] c.r.u.UserServiceImplementation          : Finding user by ID: 16
2023-11-24 14:59:49.214  INFO hp-HP-EliteDesk-800-G4-DM-35W-TAA --- [nio-8082-exec-7] c.r.u.UserServiceImplementation          : Finding user by ID: 16
2023-11-24 14:59:49.216  INFO hp-HP-EliteDesk-800-G4-DM-35W-TAA --- [nio-8082-exec-7] c.r.u.UserServiceImplementation          : Finding user by ID: 16
2023-11-24 14:59:49.219  INFO hp-HP-EliteDesk-800-G4-DM-35W-TAA --- [nio-8082-exec-7] c.r.u.UserServiceImplementation          : Finding user by ID: 16
2023-11-24 14:59:49.222  INFO hp-HP-EliteDesk-800-G4-DM-35W-TAA --- [nio-8082-exec-7] c.r.u.UserServiceImplementation          : Finding user by ID: 16
2023-11-24 14:59:49.225  INFO hp-HP-EliteDesk-800-G4-DM-35W-TAA --- [nio-8082-exec-7] c.r.u.UserServiceImplementation          : Finding user by ID: 16
2023-11-24 14:59:49.227  INFO hp-HP-EliteDesk-800-G4-DM-35W-TAA --- [nio-8082-exec-7] c.r.u.UserServiceImplementation          : Finding user by ID: 16
2023-11-24 14:59:49.229  INFO hp-HP-EliteDesk-800-G4-DM-35W-TAA --- [nio-8082-exec-7] c.r.u.UserServiceImplementation          : Finding user by ID: 16
2023-11-24 14:59:49.232  INFO hp-HP-EliteDesk-800-G4-DM-35W-TAA --- [nio-8082-exec-7] c.r.u.UserServiceImplementation          : Finding user by ID: 16
2023-11-24 14:59:49.235  INFO hp-HP-EliteDesk-800-G4-DM-35W-TAA --- [nio-8082-exec-7] c.r.u.UserServiceImplementation          : Finding user by ID: 16
2023-11-24 14:59:49.238  INFO hp-HP-EliteDesk-800-G4-DM-35W-TAA --- [nio-8082-exec-7] c.r.u.UserServiceImplementation          : Finding user by ID: 16
2023-11-24 14:59:49.241  INFO hp-HP-EliteDesk-800-G4-DM-35W-TAA --- [nio-8082-exec-7] c.r.u.UserServiceImplementation          : Finding user by ID: 16
2023-11-24 14:59:49.244  INFO hp-HP-EliteDesk-800-G4-DM-35W-TAA --- [nio-8082-exec-7] c.r.u.UserServiceImplementation          : Finding user by ID: 16
2023-11-24 14:59:49.246  INFO hp-HP-EliteDesk-800-G4-DM-35W-TAA --- [nio-8082-exec-7] c.r.u.UserServiceImplementation          : Finding user by ID: 16
2023-11-24 14:59:49.248  INFO hp-HP-EliteDesk-800-G4-DM-35W-TAA --- [nio-8082-exec-7] c.r.u.UserServiceImplementation          : Finding user by ID: 16
2023-11-24 14:59:49.251  INFO hp-HP-EliteDesk-800-G4-DM-35W-TAA --- [nio-8082-exec-7] c.r.u.UserServiceImplementation          : Finding user by ID: 16
2023-11-24 14:59:49.253  INFO hp-HP-EliteDesk-800-G4-DM-35W-TAA --- [nio-8082-exec-7] c.r.u.UserServiceImplementation          : Finding user by ID: 16
2023-11-24 14:59:49.255  INFO hp-HP-EliteDesk-800-G4-DM-35W-TAA --- [nio-8082-exec-7] c.r.u.UserServiceImplementation          : Finding user by ID: 16
2023-11-24 14:59:49.258  INFO hp-HP-EliteDesk-800-G4-DM-35W-TAA --- [nio-8082-exec-7] c.r.u.UserServiceImplementation          : Finding user by ID: 16
2023-11-24 14:59:49.262  INFO hp-HP-EliteDesk-800-G4-DM-35W-TAA --- [nio-8082-exec-7] c.r.u.UserServiceImplementation          : Finding user by ID: 16
2023-11-24 14:59:49.264  INFO hp-HP-EliteDesk-800-G4-DM-35W-TAA --- [nio-8082-exec-7] c.r.u.UserServiceImplementation          : Finding user by ID: 16
2023-11-24 14:59:49.265  INFO hp-HP-EliteDesk-800-G4-DM-35W-TAA --- [nio-8082-exec-7] c.r.u.UserServiceImplementation          : Finding user by ID: 16
2023-11-24 14:59:49.268  INFO hp-HP-EliteDesk-800-G4-DM-35W-TAA --- [nio-8082-exec-7] c.r.u.UserServiceImplementation          : Finding user by ID: 16
2023-11-24 14:59:49.271  INFO hp-HP-EliteDesk-800-G4-DM-35W-TAA --- [nio-8082-exec-7] c.r.u.UserServiceImplementation          : Finding user by ID: 16
2023-11-24 14:59:49.273  INFO hp-HP-EliteDesk-800-G4-DM-35W-TAA --- [nio-8082-exec-7] c.r.u.UserServiceImplementation          : Finding user by ID: 16
2023-11-24 14:59:49.277  INFO hp-HP-EliteDesk-800-G4-DM-35W-TAA --- [nio-8082-exec-7] c.r.u.UserServiceImplementation          : Finding user by ID: 16
2023-11-24 14:59:49.279  INFO hp-HP-EliteDesk-800-G4-DM-35W-TAA --- [nio-8082-exec-7] c.r.u.UserServiceImplementation          : Finding user by ID: 16
2023-11-24 14:59:49.281  INFO hp-HP-EliteDesk-800-G4-DM-35W-TAA --- [nio-8082-exec-7] c.r.u.UserServiceImplementation          : Finding user by ID: 16
2023-11-24 14:59:49.283  INFO hp-HP-EliteDesk-800-G4-DM-35W-TAA --- [nio-8082-exec-7] c.r.u.UserServiceImplementation          : Finding user by ID: 16
2023-11-24 14:59:49.285  INFO hp-HP-EliteDesk-800-G4-DM-35W-TAA --- [nio-8082-exec-7] c.r.u.UserServiceImplementation          : Finding user by ID: 16
2023-11-24 14:59:49.287  INFO hp-HP-EliteDesk-800-G4-DM-35W-TAA --- [nio-8082-exec-7] c.r.u.UserServiceImplementation          : Finding user by ID: 16
2023-11-24 14:59:49.290  INFO hp-HP-EliteDesk-800-G4-DM-35W-TAA --- [nio-8082-exec-7] c.r.u.UserServiceImplementation          : Finding user by ID: 16
2023-11-24 14:59:49.291  INFO hp-HP-EliteDesk-800-G4-DM-35W-TAA --- [nio-8082-exec-7] c.r.u.UserServiceImplementation          : Finding user by ID: 16
2023-11-24 14:59:49.294  INFO hp-HP-EliteDesk-800-G4-DM-35W-TAA --- [nio-8082-exec-7] c.r.u.UserServiceImplementation          : Finding user by ID: 16
2023-11-24 14:59:49.297  INFO hp-HP-EliteDesk-800-G4-DM-35W-TAA --- [nio-8082-exec-7] c.r.u.UserServiceImplementation          : Finding user by ID: 16
2023-11-24 14:59:49.300  INFO hp-HP-EliteDesk-800-G4-DM-35W-TAA --- [nio-8082-exec-7] c.r.u.UserServiceImplementation          : Finding user by ID: 16
2023-11-24 14:59:49.302  INFO hp-HP-EliteDesk-800-G4-DM-35W-TAA --- [nio-8082-exec-7] c.r.u.UserServiceImplementation          : Finding user by ID: 16
2023-11-24 14:59:49.304  INFO hp-HP-EliteDesk-800-G4-DM-35W-TAA --- [nio-8082-exec-7] c.r.u.UserServiceImplementation          : Finding user by ID: 16
2023-11-24 14:59:49.306  INFO hp-HP-EliteDesk-800-G4-DM-35W-TAA --- [nio-8082-exec-7] c.r.u.UserServiceImplementation          : Finding user by ID: 16
2023-11-24 14:59:49.313  INFO hp-HP-EliteDesk-800-G4-DM-35W-TAA --- [nio-8082-exec-7] c.r.u.UserServiceImplementation          : Finding user by ID: 16
2023-11-24 14:59:49.316  INFO hp-HP-EliteDesk-800-G4-DM-35W-TAA --- [nio-8082-exec-7] c.r.u.UserServiceImplementation          : Finding user by ID: 16
2023-11-24 14:59:49.318  INFO hp-HP-EliteDesk-800-G4-DM-35W-TAA --- [nio-8082-exec-7] c.r.u.UserServiceImplementation          : Finding user by ID: 16
2023-11-24 14:59:49.320  INFO hp-HP-EliteDesk-800-G4-DM-35W-TAA --- [nio-8082-exec-7] c.r.u.UserServiceImplementation          : Finding user by ID: 16
2023-11-24 14:59:49.321  INFO hp-HP-EliteDesk-800-G4-DM-35W-TAA --- [nio-8082-exec-7] c.r.u.UserServiceImplementation          : Finding user by ID: 16
2023-11-24 15:06:10.870  INFO hp-HP-EliteDesk-800-G4-DM-35W-TAA --- [nio-8082-exec-4] c.r.u.UserServiceImplementation          : Finding user by username: admin1@gmail.com
2023-11-24 15:06:51.540  INFO hp-HP-EliteDesk-800-G4-DM-35W-TAA --- [io-8082-exec-10] c.r.u.UserServiceImplementation          : Finding user by username: admin1@gmail.com
2023-11-24 15:07:37.731  INFO hp-HP-EliteDesk-800-G4-DM-35W-TAA --- [nio-8082-exec-6] c.r.u.UserServiceImplementation          : Finding user by username: admin1@gmail.com
2023-11-24 15:09:30.122  INFO hp-HP-EliteDesk-800-G4-DM-35W-TAA --- [nio-8082-exec-1] c.r.u.UserServiceImplementation          : Finding user by username: admin1@gmail.com
2023-11-24 15:10:32.738  INFO hp-HP-EliteDesk-800-G4-DM-35W-TAA --- [nio-8082-exec-1] c.r.u.UserServiceImplementation          : Finding user by username: admin1@gmail.com
2023-11-24 15:12:04.743  INFO hp-HP-EliteDesk-800-G4-DM-35W-TAA --- [nio-8082-exec-6] c.r.u.UserServiceImplementation          : Finding user by username: admin1@gmail.com
2023-11-24 15:12:18.408  INFO hp-HP-EliteDesk-800-G4-DM-35W-TAA --- [io-8082-exec-10] c.r.u.UserServiceImplementation          : Finding user by username: admin1@gmail.com
2023-11-24 15:15:06.473  INFO hp-HP-EliteDesk-800-G4-DM-35W-TAA --- [nio-8082-exec-5] c.r.u.UserServiceImplementation          : Finding user by username: admin1@gmail.com
2023-11-24 15:16:08.517  INFO hp-HP-EliteDesk-800-G4-DM-35W-TAA --- [nio-8082-exec-2] c.r.u.UserServiceImplementation          : Finding user by username: admin1@gmail.com
2023-11-24 15:17:46.287  INFO hp-HP-EliteDesk-800-G4-DM-35W-TAA --- [nio-8082-exec-7] c.r.u.UserServiceImplementation          : Finding user by username: admin1@gmail.com
2023-11-24 15:18:46.571  INFO hp-HP-EliteDesk-800-G4-DM-35W-TAA --- [nio-8082-exec-1] c.r.u.UserServiceImplementation          : Finding user by username: admin1@gmail.com
2023-11-24 15:19:07.753  INFO hp-HP-EliteDesk-800-G4-DM-35W-TAA --- [nio-8082-exec-7] c.r.u.UserServiceImplementation          : Finding user by username: admin1@gmail.com
2023-11-24 15:49:59.682  INFO hp-HP-EliteDesk-800-G4-DM-35W-TAA --- [nio-8082-exec-2] c.r.u.UserServiceImplementation          : Finding user by username: admin1@gmail.com
2023-11-24 15:50:42.822  INFO hp-HP-EliteDesk-800-G4-DM-35W-TAA --- [nio-8082-exec-8] c.r.u.UserServiceImplementation          : Finding user by username: admin1@gmail.com
2023-11-24 15:51:16.433  INFO hp-HP-EliteDesk-800-G4-DM-35W-TAA --- [nio-8082-exec-2] c.r.u.UserServiceImplementation          : Finding user by username: admin1@gmail.com
2023-11-24 15:51:58.421  INFO hp-HP-EliteDesk-800-G4-DM-35W-TAA --- [nio-8082-exec-6] c.r.u.UserServiceImplementation          : Finding user by username: admin1@gmail.com
2023-11-24 15:52:49.342  INFO hp-HP-EliteDesk-800-G4-DM-35W-TAA --- [io-8082-exec-10] c.r.u.UserServiceImplementation          : Finding user by username: admin1@gmail.com
2023-11-24 15:53:29.489  INFO hp-HP-EliteDesk-800-G4-DM-35W-TAA --- [nio-8082-exec-6] c.r.u.UserServiceImplementation          : Finding user by username: admin1@gmail.com
2023-11-24 15:54:43.216  INFO hp-HP-EliteDesk-800-G4-DM-35W-TAA --- [nio-8082-exec-3] c.r.u.UserServiceImplementation          : Finding user by username: admin1@gmail.com
2023-11-24 15:55:22.496  INFO hp-HP-EliteDesk-800-G4-DM-35W-TAA --- [nio-8082-exec-9] c.r.u.UserServiceImplementation          : Finding user by username: admin1@gmail.com
2023-11-24 15:55:44.138  INFO hp-HP-EliteDesk-800-G4-DM-35W-TAA --- [nio-8082-exec-5] c.r.u.UserServiceImplementation          : Finding user by username: admin1@gmail.com
2023-11-24 15:55:56.779  INFO hp-HP-EliteDesk-800-G4-DM-35W-TAA --- [nio-8082-exec-9] c.r.u.UserServiceImplementation          : Finding user by username: admin1@gmail.com
2023-11-24 15:59:08.079  INFO hp-HP-EliteDesk-800-G4-DM-35W-TAA --- [nio-8082-exec-8] c.r.u.UserServiceImplementation          : Finding user by username: admin1@gmail.com
2023-11-24 16:00:08.410  INFO hp-HP-EliteDesk-800-G4-DM-35W-TAA --- [nio-8082-exec-4] c.r.u.UserServiceImplementation          : Finding user by username: admin1@gmail.com
2023-11-24 16:02:37.173  INFO hp-HP-EliteDesk-800-G4-DM-35W-TAA --- [nio-8082-exec-1] c.r.u.UserServiceImplementation          : Finding user by username: admin1@gmail.com
2023-11-24 16:04:38.810  INFO hp-HP-EliteDesk-800-G4-DM-35W-TAA --- [nio-8082-exec-6] c.r.u.UserServiceImplementation          : Finding user by username: admin1@gmail.com
2023-11-24 16:06:13.468  INFO hp-HP-EliteDesk-800-G4-DM-35W-TAA --- [nio-8082-exec-3] c.r.u.UserServiceImplementation          : Finding user by username: admin1@gmail.com
2023-11-24 16:06:33.731  INFO hp-HP-EliteDesk-800-G4-DM-35W-TAA --- [nio-8082-exec-7] c.r.u.UserServiceImplementation          : Finding user by username: admin1@gmail.com
2023-11-24 16:07:01.521  INFO hp-HP-EliteDesk-800-G4-DM-35W-TAA --- [nio-8082-exec-1] c.r.u.UserServiceImplementation          : Finding user by username: admin1@gmail.com
2023-11-24 16:25:53.272  INFO hp-HP-EliteDesk-800-G4-DM-35W-TAA --- [nio-8082-exec-6] c.r.u.UserServiceImplementation          : Finding user by username: admin1@gmail.com
2023-11-24 16:27:57.246  INFO hp-HP-EliteDesk-800-G4-DM-35W-TAA --- [nio-8082-exec-1] c.r.u.UserServiceImplementation          : Finding user by username: admin1@gmail.com
2023-11-24 16:30:50.019  INFO hp-HP-EliteDesk-800-G4-DM-35W-TAA --- [nio-8082-exec-6] c.r.u.UserServiceImplementation          : Finding user by username: admin1@gmail.com
2023-11-24 16:32:30.628  INFO hp-HP-EliteDesk-800-G4-DM-35W-TAA --- [nio-8082-exec-3] c.r.u.UserServiceImplementation          : Finding user by username: admin1@gmail.com
2023-11-24 16:33:19.462  INFO hp-HP-EliteDesk-800-G4-DM-35W-TAA --- [nio-8082-exec-7] c.r.u.UserServiceImplementation          : Finding user by username: admin1@gmail.com
2023-11-24 16:34:04.016  INFO hp-HP-EliteDesk-800-G4-DM-35W-TAA --- [nio-8082-exec-3] c.r.u.UserServiceImplementation          : Finding user by username: admin1@gmail.com
2023-11-24 16:35:42.773  INFO hp-HP-EliteDesk-800-G4-DM-35W-TAA --- [nio-8082-exec-8] c.r.u.UserServiceImplementation          : Finding user by username: admin1@gmail.com
2023-11-24 16:38:20.749  INFO hp-HP-EliteDesk-800-G4-DM-35W-TAA --- [nio-8082-exec-3] c.r.u.UserServiceImplementation          : Finding user by username: admin1@gmail.com
2023-11-24 16:40:04.339  INFO hp-HP-EliteDesk-800-G4-DM-35W-TAA --- [nio-8082-exec-8] c.r.u.UserServiceImplementation          : Finding user by username: admin1@gmail.com
2023-11-24 16:41:11.733  INFO hp-HP-EliteDesk-800-G4-DM-35W-TAA --- [nio-8082-exec-5] c.r.u.UserServiceImplementation          : Finding user by username: admin1@gmail.com
2023-11-24 16:42:06.652  INFO hp-HP-EliteDesk-800-G4-DM-35W-TAA --- [nio-8082-exec-1] c.r.u.UserServiceImplementation          : Finding user by username: admin1@gmail.com
2023-11-24 16:42:52.308  INFO hp-HP-EliteDesk-800-G4-DM-35W-TAA --- [nio-8082-exec-7] c.r.u.UserServiceImplementation          : Finding user by username: admin1@gmail.com
2023-11-24 16:43:37.657  INFO hp-HP-EliteDesk-800-G4-DM-35W-TAA --- [nio-8082-exec-1] c.r.u.UserServiceImplementation          : Finding user by username: admin1@gmail.com
2023-11-24 16:51:17.869  INFO hp-HP-EliteDesk-800-G4-DM-35W-TAA --- [nio-8082-exec-6] c.r.u.UserServiceImplementation          : Finding user by username: admin1@gmail.com
2023-11-24 16:51:40.027  INFO hp-HP-EliteDesk-800-G4-DM-35W-TAA --- [nio-8082-exec-2] c.r.u.UserServiceImplementation          : Finding user by username: admin1@gmail.com
2023-11-24 16:52:16.496  INFO hp-HP-EliteDesk-800-G4-DM-35W-TAA --- [nio-8082-exec-8] c.r.u.UserServiceImplementation          : Finding user by username: admin1@gmail.com
2023-11-24 16:54:06.013  INFO hp-HP-EliteDesk-800-G4-DM-35W-TAA --- [nio-8082-exec-6] c.r.u.UserServiceImplementation          : Finding user by username: admin1@gmail.com
2023-11-24 16:54:40.054  INFO hp-HP-EliteDesk-800-G4-DM-35W-TAA --- [io-8082-exec-10] c.r.u.UserServiceImplementation          : Finding user by username: admin1@gmail.com
2023-11-24 16:55:12.986  INFO hp-HP-EliteDesk-800-G4-DM-35W-TAA --- [nio-8082-exec-4] c.r.u.UserServiceImplementation          : Finding user by username: admin1@gmail.com
2023-11-24 16:55:37.338  INFO hp-HP-EliteDesk-800-G4-DM-35W-TAA --- [nio-8082-exec-8] c.r.u.UserServiceImplementation          : Finding user by username: admin1@gmail.com
2023-11-24 16:56:19.913  INFO hp-HP-EliteDesk-800-G4-DM-35W-TAA --- [nio-8082-exec-2] c.r.u.UserServiceImplementation          : Finding user by username: admin1@gmail.com
2023-11-24 16:57:47.465  INFO hp-HP-EliteDesk-800-G4-DM-35W-TAA --- [nio-8082-exec-8] c.r.u.UserServiceImplementation          : Finding user by username: admin1@gmail.com
2023-11-24 17:07:39.642  INFO hp-HP-EliteDesk-800-G4-DM-35W-TAA --- [nio-8082-exec-6] c.r.u.UserServiceImplementation          : Finding user by username: admin1@gmail.com
2023-11-24 17:11:33.261  INFO hp-HP-EliteDesk-800-G4-DM-35W-TAA --- [nio-8082-exec-1] c.r.u.UserServiceImplementation          : Finding user by username: admin1@gmail.com
2023-11-24 17:12:50.882  INFO hp-HP-EliteDesk-800-G4-DM-35W-TAA --- [io-8082-exec-10] c.r.u.UserServiceImplementation          : Finding user by username: admin1@gmail.com
2023-11-24 17:21:17.994  INFO hp-HP-EliteDesk-800-G4-DM-35W-TAA --- [io-8082-exec-10] c.r.u.UserServiceImplementation          : Finding user by username: admin1@gmail.com
2023-11-24 17:23:55.549  INFO hp-HP-EliteDesk-800-G4-DM-35W-TAA --- [nio-8082-exec-7] c.r.u.UserServiceImplementation          : Finding user by username: admin1@gmail.com
2023-11-24 17:25:18.796  INFO hp-HP-EliteDesk-800-G4-DM-35W-TAA --- [nio-8082-exec-4] c.r.u.UserServiceImplementation          : Finding user by username: admin1@gmail.com
2023-11-24 17:26:02.215  INFO hp-HP-EliteDesk-800-G4-DM-35W-TAA --- [io-8082-exec-10] c.r.u.UserServiceImplementation          : Finding user by username: admin1@gmail.com
2023-11-24 17:29:45.454  INFO hp-HP-EliteDesk-800-G4-DM-35W-TAA --- [nio-8082-exec-5] c.r.u.UserServiceImplementation          : Finding user by username: admin1@gmail.com
2023-11-24 17:29:56.289  INFO hp-HP-EliteDesk-800-G4-DM-35W-TAA --- [nio-8082-exec-9] c.r.u.UserServiceImplementation          : Finding user by username: admin1@gmail.com
2023-11-24 17:30:53.743  INFO hp-HP-EliteDesk-800-G4-DM-35W-TAA --- [nio-8082-exec-3] c.r.u.UserServiceImplementation          : Finding user by username: admin1@gmail.com
2023-11-24 17:31:04.009  INFO hp-HP-EliteDesk-800-G4-DM-35W-TAA --- [nio-8082-exec-7] r.r.ResumeTemplatesServiceImplementation : this is the getAllTemplates method
2023-11-24 17:31:04.010  INFO hp-HP-EliteDesk-800-G4-DM-35W-TAA --- [nio-8082-exec-7] c.r.u.UserServiceImplementation          : Finding user by ID: 16
2023-11-24 17:31:04.022  INFO hp-HP-EliteDesk-800-G4-DM-35W-TAA --- [nio-8082-exec-7] c.r.u.UserServiceImplementation          : Finding user by ID: 16
2023-11-24 17:31:04.026  INFO hp-HP-EliteDesk-800-G4-DM-35W-TAA --- [nio-8082-exec-7] c.r.u.UserServiceImplementation          : Finding user by ID: 16
2023-11-24 17:31:04.030  INFO hp-HP-EliteDesk-800-G4-DM-35W-TAA --- [nio-8082-exec-7] c.r.u.UserServiceImplementation          : Finding user by ID: 16
2023-11-24 17:31:04.035  INFO hp-HP-EliteDesk-800-G4-DM-35W-TAA --- [nio-8082-exec-7] c.r.u.UserServiceImplementation          : Finding user by ID: 16
2023-11-24 17:31:04.044  INFO hp-HP-EliteDesk-800-G4-DM-35W-TAA --- [nio-8082-exec-7] c.r.u.UserServiceImplementation          : Finding user by ID: 16
2023-11-24 17:31:04.047  INFO hp-HP-EliteDesk-800-G4-DM-35W-TAA --- [nio-8082-exec-7] c.r.u.UserServiceImplementation          : Finding user by ID: 16
2023-11-24 17:31:04.055  INFO hp-HP-EliteDesk-800-G4-DM-35W-TAA --- [nio-8082-exec-7] c.r.u.UserServiceImplementation          : Finding user by ID: 16
2023-11-24 17:31:04.058  INFO hp-HP-EliteDesk-800-G4-DM-35W-TAA --- [nio-8082-exec-7] c.r.u.UserServiceImplementation          : Finding user by ID: 2
2023-11-24 17:31:04.062  INFO hp-HP-EliteDesk-800-G4-DM-35W-TAA --- [nio-8082-exec-7] c.r.u.UserServiceImplementation          : Finding user by ID: 16
2023-11-24 17:31:04.067  INFO hp-HP-EliteDesk-800-G4-DM-35W-TAA --- [nio-8082-exec-7] c.r.u.UserServiceImplementation          : Finding user by ID: 16
2023-11-24 17:31:04.072  INFO hp-HP-EliteDesk-800-G4-DM-35W-TAA --- [nio-8082-exec-7] c.r.u.UserServiceImplementation          : Finding user by ID: 16
2023-11-24 17:31:04.075  INFO hp-HP-EliteDesk-800-G4-DM-35W-TAA --- [nio-8082-exec-7] c.r.u.UserServiceImplementation          : Finding user by ID: 16
2023-11-24 17:31:04.079  INFO hp-HP-EliteDesk-800-G4-DM-35W-TAA --- [nio-8082-exec-7] c.r.u.UserServiceImplementation          : Finding user by ID: 16
2023-11-24 17:31:04.081  INFO hp-HP-EliteDesk-800-G4-DM-35W-TAA --- [nio-8082-exec-7] c.r.u.UserServiceImplementation          : Finding user by ID: 16
2023-11-24 17:31:04.089  INFO hp-HP-EliteDesk-800-G4-DM-35W-TAA --- [nio-8082-exec-7] c.r.u.UserServiceImplementation          : Finding user by ID: 16
2023-11-24 17:31:04.092  INFO hp-HP-EliteDesk-800-G4-DM-35W-TAA --- [nio-8082-exec-7] c.r.u.UserServiceImplementation          : Finding user by ID: 16
2023-11-24 17:31:04.095  INFO hp-HP-EliteDesk-800-G4-DM-35W-TAA --- [nio-8082-exec-7] c.r.u.UserServiceImplementation          : Finding user by ID: 16
2023-11-24 17:31:04.097  INFO hp-HP-EliteDesk-800-G4-DM-35W-TAA --- [nio-8082-exec-7] c.r.u.UserServiceImplementation          : Finding user by ID: 16
2023-11-24 17:31:04.105  INFO hp-HP-EliteDesk-800-G4-DM-35W-TAA --- [nio-8082-exec-7] c.r.u.UserServiceImplementation          : Finding user by ID: 16
2023-11-24 17:31:04.108  INFO hp-HP-EliteDesk-800-G4-DM-35W-TAA --- [nio-8082-exec-7] c.r.u.UserServiceImplementation          : Finding user by ID: 16
2023-11-24 17:31:04.112  INFO hp-HP-EliteDesk-800-G4-DM-35W-TAA --- [nio-8082-exec-7] c.r.u.UserServiceImplementation          : Finding user by ID: 16
2023-11-24 17:31:04.114  INFO hp-HP-EliteDesk-800-G4-DM-35W-TAA --- [nio-8082-exec-7] c.r.u.UserServiceImplementation          : Finding user by ID: 16
2023-11-24 17:31:04.120  INFO hp-HP-EliteDesk-800-G4-DM-35W-TAA --- [nio-8082-exec-7] c.r.u.UserServiceImplementation          : Finding user by ID: 16
2023-11-24 17:31:04.125  INFO hp-HP-EliteDesk-800-G4-DM-35W-TAA --- [nio-8082-exec-7] c.r.u.UserServiceImplementation          : Finding user by ID: 16
2023-11-24 17:31:04.127  INFO hp-HP-EliteDesk-800-G4-DM-35W-TAA --- [nio-8082-exec-7] c.r.u.UserServiceImplementation          : Finding user by ID: 16
2023-11-24 17:31:04.129  INFO hp-HP-EliteDesk-800-G4-DM-35W-TAA --- [nio-8082-exec-7] c.r.u.UserServiceImplementation          : Finding user by ID: 16
2023-11-24 17:31:04.132  INFO hp-HP-EliteDesk-800-G4-DM-35W-TAA --- [nio-8082-exec-7] c.r.u.UserServiceImplementation          : Finding user by ID: 16
2023-11-24 17:31:04.135  INFO hp-HP-EliteDesk-800-G4-DM-35W-TAA --- [nio-8082-exec-7] c.r.u.UserServiceImplementation          : Finding user by ID: 16
2023-11-24 17:31:04.138  INFO hp-HP-EliteDesk-800-G4-DM-35W-TAA --- [nio-8082-exec-7] c.r.u.UserServiceImplementation          : Finding user by ID: 16
2023-11-24 17:31:04.143  INFO hp-HP-EliteDesk-800-G4-DM-35W-TAA --- [nio-8082-exec-7] c.r.u.UserServiceImplementation          : Finding user by ID: 16
2023-11-24 17:31:04.145  INFO hp-HP-EliteDesk-800-G4-DM-35W-TAA --- [nio-8082-exec-7] c.r.u.UserServiceImplementation          : Finding user by ID: 16
2023-11-24 17:31:04.148  INFO hp-HP-EliteDesk-800-G4-DM-35W-TAA --- [nio-8082-exec-7] c.r.u.UserServiceImplementation          : Finding user by ID: 16
2023-11-24 17:31:04.152  INFO hp-HP-EliteDesk-800-G4-DM-35W-TAA --- [nio-8082-exec-7] c.r.u.UserServiceImplementation          : Finding user by ID: 16
2023-11-24 17:31:04.155  INFO hp-HP-EliteDesk-800-G4-DM-35W-TAA --- [nio-8082-exec-7] c.r.u.UserServiceImplementation          : Finding user by ID: 16
2023-11-24 17:31:04.158  INFO hp-HP-EliteDesk-800-G4-DM-35W-TAA --- [nio-8082-exec-7] c.r.u.UserServiceImplementation          : Finding user by ID: 16
2023-11-24 17:31:04.160  INFO hp-HP-EliteDesk-800-G4-DM-35W-TAA --- [nio-8082-exec-7] c.r.u.UserServiceImplementation          : Finding user by ID: 16
2023-11-24 17:31:04.162  INFO hp-HP-EliteDesk-800-G4-DM-35W-TAA --- [nio-8082-exec-7] c.r.u.UserServiceImplementation          : Finding user by ID: 16
2023-11-24 17:31:04.165  INFO hp-HP-EliteDesk-800-G4-DM-35W-TAA --- [nio-8082-exec-7] c.r.u.UserServiceImplementation          : Finding user by ID: 16
2023-11-24 17:31:04.172  INFO hp-HP-EliteDesk-800-G4-DM-35W-TAA --- [nio-8082-exec-7] c.r.u.UserServiceImplementation          : Finding user by ID: 16
2023-11-24 17:31:04.174  INFO hp-HP-EliteDesk-800-G4-DM-35W-TAA --- [nio-8082-exec-7] c.r.u.UserServiceImplementation          : Finding user by ID: 16
2023-11-24 17:31:04.176  INFO hp-HP-EliteDesk-800-G4-DM-35W-TAA --- [nio-8082-exec-7] c.r.u.UserServiceImplementation          : Finding user by ID: 16
2023-11-24 17:31:04.178  INFO hp-HP-EliteDesk-800-G4-DM-35W-TAA --- [nio-8082-exec-7] c.r.u.UserServiceImplementation          : Finding user by ID: 16
2023-11-24 17:31:04.180  INFO hp-HP-EliteDesk-800-G4-DM-35W-TAA --- [nio-8082-exec-7] c.r.u.UserServiceImplementation          : Finding user by ID: 16
2023-11-24 17:31:04.183  INFO hp-HP-EliteDesk-800-G4-DM-35W-TAA --- [nio-8082-exec-7] c.r.u.UserServiceImplementation          : Finding user by ID: 16
2023-11-24 17:31:04.186  INFO hp-HP-EliteDesk-800-G4-DM-35W-TAA --- [nio-8082-exec-7] c.r.u.UserServiceImplementation          : Finding user by ID: 16
2023-11-24 17:31:04.190  INFO hp-HP-EliteDesk-800-G4-DM-35W-TAA --- [nio-8082-exec-7] c.r.u.UserServiceImplementation          : Finding user by ID: 16
2023-11-24 17:31:04.194  INFO hp-HP-EliteDesk-800-G4-DM-35W-TAA --- [nio-8082-exec-7] c.r.u.UserServiceImplementation          : Finding user by ID: 16
2023-11-24 17:31:04.197  INFO hp-HP-EliteDesk-800-G4-DM-35W-TAA --- [nio-8082-exec-7] c.r.u.UserServiceImplementation          : Finding user by ID: 16
2023-11-24 17:31:04.200  INFO hp-HP-EliteDesk-800-G4-DM-35W-TAA --- [nio-8082-exec-7] c.r.u.UserServiceImplementation          : Finding user by ID: 16
2023-11-24 17:31:04.204  INFO hp-HP-EliteDesk-800-G4-DM-35W-TAA --- [nio-8082-exec-7] c.r.u.UserServiceImplementation          : Finding user by ID: 16
2023-11-24 17:31:04.208  INFO hp-HP-EliteDesk-800-G4-DM-35W-TAA --- [nio-8082-exec-7] c.r.u.UserServiceImplementation          : Finding user by ID: 16
2023-11-24 17:31:04.211  INFO hp-HP-EliteDesk-800-G4-DM-35W-TAA --- [nio-8082-exec-7] c.r.u.UserServiceImplementation          : Finding user by ID: 16
2023-11-24 17:31:04.214  INFO hp-HP-EliteDesk-800-G4-DM-35W-TAA --- [nio-8082-exec-7] c.r.u.UserServiceImplementation          : Finding user by ID: 16
2023-11-24 17:31:04.219  INFO hp-HP-EliteDesk-800-G4-DM-35W-TAA --- [nio-8082-exec-7] c.r.u.UserServiceImplementation          : Finding user by ID: 16
2023-11-24 17:31:04.221  INFO hp-HP-EliteDesk-800-G4-DM-35W-TAA --- [nio-8082-exec-7] c.r.u.UserServiceImplementation          : Finding user by ID: 16
2023-11-24 17:31:04.225  INFO hp-HP-EliteDesk-800-G4-DM-35W-TAA --- [nio-8082-exec-7] c.r.u.UserServiceImplementation          : Finding user by ID: 16
2023-11-24 17:31:04.228  INFO hp-HP-EliteDesk-800-G4-DM-35W-TAA --- [nio-8082-exec-7] c.r.u.UserServiceImplementation          : Finding user by ID: 16
2023-11-24 17:31:04.230  INFO hp-HP-EliteDesk-800-G4-DM-35W-TAA --- [nio-8082-exec-7] c.r.u.UserServiceImplementation          : Finding user by ID: 16
2023-11-24 17:31:04.236  INFO hp-HP-EliteDesk-800-G4-DM-35W-TAA --- [nio-8082-exec-7] c.r.u.UserServiceImplementation          : Finding user by ID: 16
2023-11-24 17:31:04.239  INFO hp-HP-EliteDesk-800-G4-DM-35W-TAA --- [nio-8082-exec-7] c.r.u.UserServiceImplementation          : Finding user by ID: 16
2023-11-24 17:31:04.242  INFO hp-HP-EliteDesk-800-G4-DM-35W-TAA --- [nio-8082-exec-7] c.r.u.UserServiceImplementation          : Finding user by ID: 16
2023-11-24 17:31:04.247  INFO hp-HP-EliteDesk-800-G4-DM-35W-TAA --- [nio-8082-exec-7] c.r.u.UserServiceImplementation          : Finding user by ID: 16
2023-11-24 17:31:04.253  INFO hp-HP-EliteDesk-800-G4-DM-35W-TAA --- [nio-8082-exec-7] c.r.u.UserServiceImplementation          : Finding user by ID: 16
2023-11-24 17:31:04.256  INFO hp-HP-EliteDesk-800-G4-DM-35W-TAA --- [nio-8082-exec-7] c.r.u.UserServiceImplementation          : Finding user by ID: 16
2023-11-24 17:31:04.258  INFO hp-HP-EliteDesk-800-G4-DM-35W-TAA --- [nio-8082-exec-7] c.r.u.UserServiceImplementation          : Finding user by ID: 16
2023-11-24 17:31:04.260  INFO hp-HP-EliteDesk-800-G4-DM-35W-TAA --- [nio-8082-exec-7] c.r.u.UserServiceImplementation          : Finding user by ID: 16
2023-11-24 17:31:04.262  INFO hp-HP-EliteDesk-800-G4-DM-35W-TAA --- [nio-8082-exec-7] c.r.u.UserServiceImplementation          : Finding user by ID: 16
2023-11-24 17:31:04.265  INFO hp-HP-EliteDesk-800-G4-DM-35W-TAA --- [nio-8082-exec-7] c.r.u.UserServiceImplementation          : Finding user by ID: 16
2023-11-24 17:31:04.271  INFO hp-HP-EliteDesk-800-G4-DM-35W-TAA --- [nio-8082-exec-7] c.r.u.UserServiceImplementation          : Finding user by ID: 16
2023-11-24 17:31:04.275  INFO hp-HP-EliteDesk-800-G4-DM-35W-TAA --- [nio-8082-exec-7] c.r.u.UserServiceImplementation          : Finding user by ID: 16
2023-11-24 17:31:04.278  INFO hp-HP-EliteDesk-800-G4-DM-35W-TAA --- [nio-8082-exec-7] c.r.u.UserServiceImplementation          : Finding user by ID: 16
2023-11-24 17:31:04.280  INFO hp-HP-EliteDesk-800-G4-DM-35W-TAA --- [nio-8082-exec-7] c.r.u.UserServiceImplementation          : Finding user by ID: 16
2023-11-24 17:31:04.283  INFO hp-HP-EliteDesk-800-G4-DM-35W-TAA --- [nio-8082-exec-7] c.r.u.UserServiceImplementation          : Finding user by ID: 16
2023-11-24 17:31:04.287  INFO hp-HP-EliteDesk-800-G4-DM-35W-TAA --- [nio-8082-exec-7] c.r.u.UserServiceImplementation          : Finding user by ID: 16
2023-11-24 17:31:04.290  INFO hp-HP-EliteDesk-800-G4-DM-35W-TAA --- [nio-8082-exec-7] c.r.u.UserServiceImplementation          : Finding user by ID: 16
2023-11-24 17:31:04.294  INFO hp-HP-EliteDesk-800-G4-DM-35W-TAA --- [nio-8082-exec-7] c.r.u.UserServiceImplementation          : Finding user by ID: 16
2023-11-24 17:31:04.297  INFO hp-HP-EliteDesk-800-G4-DM-35W-TAA --- [nio-8082-exec-7] c.r.u.UserServiceImplementation          : Finding user by ID: 16
2023-11-24 17:31:04.299  INFO hp-HP-EliteDesk-800-G4-DM-35W-TAA --- [nio-8082-exec-7] c.r.u.UserServiceImplementation          : Finding user by ID: 16
2023-11-24 17:31:04.302  INFO hp-HP-EliteDesk-800-G4-DM-35W-TAA --- [nio-8082-exec-7] c.r.u.UserServiceImplementation          : Finding user by ID: 16
2023-11-24 17:31:04.306  INFO hp-HP-EliteDesk-800-G4-DM-35W-TAA --- [nio-8082-exec-7] c.r.u.UserServiceImplementation          : Finding user by ID: 16
2023-11-24 17:31:04.308  INFO hp-HP-EliteDesk-800-G4-DM-35W-TAA --- [nio-8082-exec-7] c.r.u.UserServiceImplementation          : Finding user by ID: 16
2023-11-24 17:31:04.309  INFO hp-HP-EliteDesk-800-G4-DM-35W-TAA --- [nio-8082-exec-7] c.r.u.UserServiceImplementation          : Finding user by ID: 16
2023-11-24 17:31:04.311  INFO hp-HP-EliteDesk-800-G4-DM-35W-TAA --- [nio-8082-exec-7] c.r.u.UserServiceImplementation          : Finding user by ID: 16
2023-11-24 17:31:04.314  INFO hp-HP-EliteDesk-800-G4-DM-35W-TAA --- [nio-8082-exec-7] c.r.u.UserServiceImplementation          : Finding user by ID: 16
2023-11-24 17:31:04.324  INFO hp-HP-EliteDesk-800-G4-DM-35W-TAA --- [nio-8082-exec-7] c.r.u.UserServiceImplementation          : Finding user by ID: 16
2023-11-24 17:31:04.327  INFO hp-HP-EliteDesk-800-G4-DM-35W-TAA --- [nio-8082-exec-7] c.r.u.UserServiceImplementation          : Finding user by ID: 16
2023-11-24 17:31:04.330  INFO hp-HP-EliteDesk-800-G4-DM-35W-TAA --- [nio-8082-exec-7] c.r.u.UserServiceImplementation          : Finding user by ID: 16
2023-11-24 17:31:04.333  INFO hp-HP-EliteDesk-800-G4-DM-35W-TAA --- [nio-8082-exec-7] c.r.u.UserServiceImplementation          : Finding user by ID: 16
2023-11-24 17:31:04.336  INFO hp-HP-EliteDesk-800-G4-DM-35W-TAA --- [nio-8082-exec-7] c.r.u.UserServiceImplementation          : Finding user by ID: 16
2023-11-24 17:31:04.340  INFO hp-HP-EliteDesk-800-G4-DM-35W-TAA --- [nio-8082-exec-7] c.r.u.UserServiceImplementation          : Finding user by ID: 16
2023-11-24 17:31:04.342  INFO hp-HP-EliteDesk-800-G4-DM-35W-TAA --- [nio-8082-exec-7] c.r.u.UserServiceImplementation          : Finding user by ID: 16
2023-11-24 17:31:04.344  INFO hp-HP-EliteDesk-800-G4-DM-35W-TAA --- [nio-8082-exec-7] c.r.u.UserServiceImplementation          : Finding user by ID: 16
2023-11-24 17:31:24.300  INFO hp-HP-EliteDesk-800-G4-DM-35W-TAA --- [nio-8082-exec-1] c.r.u.UserServiceImplementation          : Finding user by username: admin1@gmail.com
2023-11-24 17:32:16.639  INFO hp-HP-EliteDesk-800-G4-DM-35W-TAA --- [nio-8082-exec-5] c.r.u.UserServiceImplementation          : Finding user by username: admin1@gmail.com
2023-11-24 17:32:20.576  INFO hp-HP-EliteDesk-800-G4-DM-35W-TAA --- [nio-8082-exec-8] c.r.u.UserServiceImplementation          : Finding user by username: admin1@gmail.com
2023-11-24 17:32:28.505  INFO hp-HP-EliteDesk-800-G4-DM-35W-TAA --- [nio-8082-exec-1] c.r.u.UserServiceImplementation          : Finding user by username: admin1@gmail.com
2023-11-24 17:39:05.118  INFO hp-HP-EliteDesk-800-G4-DM-35W-TAA --- [nio-8082-exec-4] c.r.u.UserServiceImplementation          : Finding user by username: admin1@gmail.com
2023-11-24 17:40:49.110  INFO hp-HP-EliteDesk-800-G4-DM-35W-TAA --- [nio-8082-exec-2] c.r.u.UserServiceImplementation          : Finding user by username: admin1@gmail.com
2023-11-24 17:49:06.120  INFO hp-HP-EliteDesk-800-G4-DM-35W-TAA --- [nio-8082-exec-8] c.r.u.UserServiceImplementation          : Finding user by username: admin1@gmail.com
2023-11-24 17:51:43.931  INFO hp-HP-EliteDesk-800-G4-DM-35W-TAA --- [nio-8082-exec-3] c.r.u.UserServiceImplementation          : Finding user by username: admin1@gmail.com
2023-11-24 17:52:31.456  INFO hp-HP-EliteDesk-800-G4-DM-35W-TAA --- [nio-8082-exec-7] c.r.u.UserServiceImplementation          : Finding user by username: admin1@gmail.com
2023-11-24 17:58:44.682  INFO hp-HP-EliteDesk-800-G4-DM-35W-TAA --- [nio-8082-exec-8] c.r.u.UserServiceImplementation          : Finding user by username: admin1@gmail.com
2023-11-24 17:58:49.577  INFO hp-HP-EliteDesk-800-G4-DM-35W-TAA --- [nio-8082-exec-1] c.r.u.UserServiceImplementation          : Finding user by username: admin1@gmail.com
2023-11-24 18:02:35.564  INFO hp-HP-EliteDesk-800-G4-DM-35W-TAA --- [nio-8082-exec-7] c.r.u.UserServiceImplementation          : Finding user by username: admin1@gmail.com
2023-11-24 18:05:24.561  INFO hp-HP-EliteDesk-800-G4-DM-35W-TAA --- [nio-8082-exec-4] c.r.u.UserServiceImplementation          : Finding user by username: admin1@gmail.com
